7.2791 	INFO 	Loaded monitor calibration from ['2026_03_03 13:24']
7.2919 	WARNING 	User requested fullscreen with size [1024  768], but screen is actually [1920, 1080]. Using actual size
7.6867 	INFO 	Using renderer 'Intel(R) Iris(R) Xe Graphics' for graphics
7.6867 	INFO 	OpenGL version supported by driver is 4..
7.7353 	EXP 	Created window1 = Window(allowGUI=False, allowStencil=False, autoLog=True, backendConf=UNKNOWN, backgroundFit=<method-wrapper '__getattribute__' of attributeSetter object at 0x000002B9E6126D10>, backgroundImage=<method-wrapper '__getattribute__' of attributeSetter object at 0x000002B9E6126CB0>, bitsMode=UNKNOWN, blendMode='avg', bpc=(8, 8, 8), color=array([0, 0, 0]), colorSpace='rgb', depthBits=8, fullscr=True, gamma=None, gammaErrorPolicy='raise', infoMsg=UNKNOWN, lms=UNKNOWN, monitor=<psychopy.monitors.calibTools.Monitor object at 0x000002B9DE8B5A20>, multiSample=False, name='window1', numSamples=2, pos=[np.float64(0.0), np.float64(0.0)], screen=0, size=array([1920, 1080]), stencilBits=0, stereo=False, title='PsychoPy', units='height', useFBO=True, useRetina=False, viewOri=0.0, viewPos=None, viewScale=None, waitBlanking=True, winType='pyglet')
7.7354 	EXP 	window1: backgroundImage = ''
7.7354 	EXP 	window1: backgroundFit = 'none'
8.1660 	EXP 	window1: Attempting to measure frame rate of screen (0) ...
8.1660 	EXP 	window1: recordFrameIntervals = False
8.2349 	EXP 	window1: recordFrameIntervals = True
8.9295 	EXP 	window1: recordFrameIntervals = False
8.9296 	EXP 	Screen (0) actual frame rate measured at 143.77Hz
9.1426 	INFO 	keyboard.Keyboard is using ptb backend.
9.1426 	EXP 	experiment: status = STARTED
9.2435 	EXP 	Created WelcomeText = TextStim(__class__=<class 'psychopy.visual.text.TextStim'>, alignHoriz=method-wrapper(...), alignText='center', alignVert=method-wrapper(...), anchorHoriz='center', anchorVert='center', antialias=True, autoDraw=False, autoLog=True, bold=False, color=array([1., 1., 1.]), colorSpace='rgb', contrast=1.0, depth=0.0, draggable=False, flipHoriz=False, flipVert=False, font='Arial', fontFiles=[], height=np.float64(0.05), italic=False, languageStyle='LTR', name='WelcomeText', opacity=1, ori=0.0, pos=array([0., 0.]), rgb=UNKNOWN, text=str(...), units='height', win=Window(...), wrapWidth=1)
0.0112 	EXP 	WelcomeText: autoDraw = True
1.6985 	DATA 	Mouse: Left button down, pos=(1017,352)
1.8016 	DATA 	Mouse:  Left button up, pos=(982,378)
2.3569 	DATA 	Mouse: Left button down, pos=(607,1048)
2.4608 	DATA 	Mouse:  Left button up, pos=(607,1049)
2.6134 	DATA 	Mouse: Left button down, pos=(607,1049)
2.6762 	DATA 	Mouse:  Left button up, pos=(607,1049)
2.8982 	DATA 	Mouse: Left button down, pos=(993,1)
3.1714 	DATA 	Mouse:  Left button up, pos=(402,1)
3.3570 	DATA 	Mouse: Left button down, pos=(335,455)
3.4359 	DATA 	Mouse:  Left button up, pos=(328,814)
3.5167 	DATA 	Mouse: Left button down, pos=(280,1080)
3.5999 	DATA 	Mouse:  Left button up, pos=(255,1080)
3.6556 	DATA 	Mouse: Left button down, pos=(248,1080)
3.7408 	DATA 	Mouse:  Left button up, pos=(236,1080)
3.8173 	DATA 	Keypress: escape
3.8969 	EXP 	Device response: <KeyPress from None: t=3.8151350999833085, value=escape, duration=None>
3.9470 	EXP 	Device response: <KeyPress from None: t=3.8151350999833085, value=escape, duration=0.1297521999804303>
3.9471 	EXP 	experiment: status = STOPPED
3.9528 	EXP 	WelcomeText: autoDraw = False
3.9529 	EXP 	experiment: status = STOPPED
3.9551 	INFO 	saved data to 'C:\\Users\\Jackson\\Desktop\\Research Project Experiment\\data\\168760_experiment_2026-03-06_13h08.49.999.csv'
3.9556 	INFO 	saved data to C:\Users\Jackson\Desktop\Research Project Experiment\data\168760_experiment_2026-03-06_13h08.49.999.psydat
4.3798 	WARNING 	Stopping key buffers but this could be dangerous ifother keyboards rely on the same.
