4.5177 	INFO 	Loaded monitor calibration from ['2026_03_03 13:24']
4.5247 	WARNING 	User requested fullscreen with size [1024  768], but screen is actually [1920, 1080]. Using actual size
6.0475 	INFO 	Using renderer 'Intel(R) Iris(R) Xe Graphics' for graphics
6.0476 	INFO 	OpenGL version supported by driver is 4..
6.1044 	EXP 	Created window1 = Window(allowGUI=False, allowStencil=False, autoLog=True, backendConf=UNKNOWN, backgroundFit=<method-wrapper '__getattribute__' of attributeSetter object at 0x00000259FD0FD8A0>, backgroundImage=<method-wrapper '__getattribute__' of attributeSetter object at 0x00000259FD0FD900>, bitsMode=UNKNOWN, blendMode='avg', bpc=(8, 8, 8), color=array([0, 0, 0]), colorSpace='rgb', depthBits=8, fullscr=True, gamma=None, gammaErrorPolicy='raise', infoMsg=UNKNOWN, lms=UNKNOWN, monitor=<psychopy.monitors.calibTools.Monitor object at 0x00000259FB336230>, multiSample=False, name='window1', numSamples=2, pos=[np.float64(0.0), np.float64(0.0)], screen=0, size=array([1920, 1080]), stencilBits=0, stereo=False, title='PsychoPy', units='height', useFBO=True, useRetina=False, viewOri=0.0, viewPos=None, viewScale=None, waitBlanking=True, winType='pyglet')
6.1044 	EXP 	window1: backgroundImage = ''
6.1044 	EXP 	window1: backgroundFit = 'none'
6.3601 	EXP 	window1: Attempting to measure frame rate of screen (0) ...
6.3601 	EXP 	window1: recordFrameIntervals = False
6.4468 	EXP 	window1: recordFrameIntervals = True
7.1417 	EXP 	window1: recordFrameIntervals = False
7.1418 	EXP 	Screen (0) actual frame rate measured at 143.71Hz
7.3347 	INFO 	keyboard.Keyboard is using ptb backend.
7.3347 	EXP 	experiment: status = STARTED
7.3984 	EXP 	Created WelcomeText = TextStim(__class__=<class 'psychopy.visual.text.TextStim'>, alignHoriz=method-wrapper(...), alignText='center', alignVert=method-wrapper(...), anchorHoriz='center', anchorVert='center', antialias=True, autoDraw=False, autoLog=True, bold=False, color=array([1., 1., 1.]), colorSpace='rgb', contrast=1.0, depth=0.0, draggable=False, flipHoriz=False, flipVert=False, font='Arial', fontFiles=[], height=np.float64(0.05), italic=False, languageStyle='LTR', name='WelcomeText', opacity=1, ori=0.0, pos=array([0., 0.]), rgb=UNKNOWN, text=str(...), units='height', win=Window(...), wrapWidth=1)
7.4426 	EXP 	Created ConditionSelectionText = TextStim(__class__=<class 'psychopy.visual.text.TextStim'>, alignHoriz=method-wrapper(...), alignText='center', alignVert=method-wrapper(...), anchorHoriz='center', anchorVert='center', antialias=True, autoDraw=False, autoLog=True, bold=False, color=array([1., 1., 1.]), colorSpace='rgb', contrast=1.0, depth=0.0, draggable=False, flipHoriz=False, flipVert=False, font='Arial', fontFiles=[], height=np.float64(0.05), italic=False, languageStyle='LTR', name='ConditionSelectionText', opacity=1, ori=0.0, pos=array([0., 0.]), rgb=UNKNOWN, text=str(...), units='height', win=Window(...), wrapWidth=1)
7.4620 	EXP 	Created VideoInstructionsText = TextStim(__class__=<class 'psychopy.visual.text.TextStim'>, alignHoriz=method-wrapper(...), alignText='center', alignVert=method-wrapper(...), anchorHoriz='center', anchorVert='center', antialias=True, autoDraw=False, autoLog=True, bold=False, color=array([1., 1., 1.]), colorSpace='rgb', contrast=1.0, depth=0.0, draggable=False, flipHoriz=False, flipVert=False, font='Arial', fontFiles=[], height=np.float64(0.05), italic=False, languageStyle='LTR', name='VideoInstructionsText', opacity=1, ori=0.0, pos=array([0. , 0.2]), rgb=UNKNOWN, text='', units='height', win=Window(...), wrapWidth=1)
7.4797 	EXP 	Created ScreenshotLeft = ImageStim(__class__=<class 'psychopy.visual.image.ImageStim'>, anchor=('center', 'center'), autoLog=True, color=array([1., 1., 1.]), colorSpace='rgb', contrast=1.0, depth=0.0, draggable=False, flipHoriz=np.False_, flipVert=np.False_, image='default.png', interpolate=True, mask=None, maskParams=None, name='ScreenshotLeft', opacity=1, ori=0.0, pos=array([-0.3,  0. ]), size=array([0.5, 0.5]), texRes=128.0, units='height', win=Window(...))
7.4821 	EXP 	Created ScreenshotRight = ImageStim(__class__=<class 'psychopy.visual.image.ImageStim'>, anchor=('center', 'center'), autoLog=True, color=array([1., 1., 1.]), colorSpace='rgb', contrast=1.0, depth=-1.0, draggable=False, flipHoriz=np.False_, flipVert=np.False_, image='default.png', interpolate=True, mask=None, maskParams=None, name='ScreenshotRight', opacity=1, ori=0.0, pos=array([0.3, 0. ]), size=array([0.5, 0.5]), texRes=128.0, units='height', win=Window(...))
7.4862 	EXP 	Created WordListInstructionsText = TextStim(__class__=<class 'psychopy.visual.text.TextStim'>, alignHoriz=method-wrapper(...), alignText='center', alignVert=method-wrapper(...), anchorHoriz='center', anchorVert='center', antialias=True, autoDraw=False, autoLog=True, bold=False, color=array([1., 1., 1.]), colorSpace='rgb', contrast=1.0, depth=0.0, draggable=False, flipHoriz=False, flipVert=False, font='Arial', fontFiles=[], height=np.float64(0.05), italic=False, languageStyle='LTR', name='WordListInstructionsText', opacity=1, ori=0.0, pos=array([0., 0.]), rgb=UNKNOWN, text=str(...), units='height', win=Window(...), wrapWidth=1)
7.4935 	EXP 	Created WordListStudyText = TextStim(__class__=<class 'psychopy.visual.text.TextStim'>, alignHoriz=method-wrapper(...), alignText='center', alignVert=method-wrapper(...), anchorHoriz='center', anchorVert='center', antialias=True, autoDraw=False, autoLog=True, bold=False, color=array([1., 1., 1.]), colorSpace='rgb', contrast=1.0, depth=0.0, draggable=False, flipHoriz=False, flipVert=False, font='Arial', fontFiles=[], height=0.05, italic=False, languageStyle='LTR', name='WordListStudyText', opacity=1, ori=0.0, pos=array([0., 0.]), rgb=UNKNOWN, text='', units='height', win=Window(...), wrapWidth=1)
7.4941 	EXP 	Created WordListDistractionText = TextStim(__class__=<class 'psychopy.visual.text.TextStim'>, alignHoriz=method-wrapper(...), alignText='center', alignVert=method-wrapper(...), anchorHoriz='center', anchorVert='center', antialias=True, autoDraw=False, autoLog=True, bold=False, color=array([1., 1., 1.]), colorSpace='rgb', contrast=1.0, depth=0.0, draggable=False, flipHoriz=False, flipVert=False, font='Arial', fontFiles=[], height=np.float64(0.05), italic=False, languageStyle='LTR', name='WordListDistractionText', opacity=1, ori=0.0, pos=array([0., 0.]), rgb=UNKNOWN, text='', units='height', win=Window(...), wrapWidth=1)
0.0014 	EXP 	WordListDistractionText: height = np.float64(0.05)
0.0014 	EXP 	WordListDistractionText: height = np.float64(0.05)
0.0014 	EXP 	WordListDistractionText: height = np.float64(0.05)
0.0014 	EXP 	WordListDistractionText: text = 'Count backwards by 3 from 893 out loud'
0.0050 	EXP 	WelcomeText: autoDraw = True
1.1158 	DATA 	Mouse: Left button down, pos=(746,342)
1.2018 	DATA 	Mouse:  Left button up, pos=(746,343)
1.6095 	DATA 	Mouse: Left button down, pos=(826,1)
1.7145 	DATA 	Mouse:  Left button up, pos=(835,1)
1.9144 	DATA 	Mouse: Left button down, pos=(949,1)
1.9836 	DATA 	Mouse:  Left button up, pos=(949,3)
2.2620 	DATA 	Mouse: Left button down, pos=(769,109)
2.2682 	EXP 	WelcomeText: autoDraw = False
2.2682 	EXP 	ConditionSelectionText: autoDraw = True
2.3268 	DATA 	Mouse:  Left button up, pos=(756,89)
2.4020 	DATA 	Mouse: Left button down, pos=(772,38)
2.5058 	DATA 	Mouse:  Left button up, pos=(804,11)
3.7709 	DATA 	Mouse: Left button down, pos=(0,1)
3.9012 	DATA 	Mouse:  Left button up, pos=(0,1)
4.1576 	DATA 	Mouse: Left button down, pos=(0,14)
4.2355 	DATA 	Mouse:  Left button up, pos=(0,64)
4.3878 	DATA 	Mouse: Left button down, pos=(0,155)
4.4709 	DATA 	Mouse:  Left button up, pos=(0,156)
4.5751 	DATA 	Mouse: Left button down, pos=(0,119)
4.6591 	DATA 	Mouse:  Left button up, pos=(0,114)
4.7347 	DATA 	Mouse: Left button down, pos=(54,68)
4.8279 	DATA 	Mouse:  Left button up, pos=(127,42)
4.9156 	DATA 	Mouse: Left button down, pos=(231,2)
4.9870 	DATA 	Mouse:  Left button up, pos=(284,1)
5.0675 	DATA 	Mouse: Left button down, pos=(336,1)
5.1517 	DATA 	Mouse:  Left button up, pos=(384,9)
5.2218 	DATA 	Mouse: Left button down, pos=(411,16)
5.3046 	DATA 	Mouse:  Left button up, pos=(431,57)
5.6370 	DATA 	Mouse: Left button down, pos=(425,1080)
5.7419 	DATA 	Mouse:  Left button up, pos=(370,1080)
6.1511 	DATA 	Mouse: Left button down, pos=(65,157)
6.2422 	DATA 	Mouse:  Left button up, pos=(85,1)
6.3334 	DATA 	Mouse: Left button down, pos=(17,1)
6.3971 	DATA 	Mouse:  Left button up, pos=(0,1)
8.8889 	DATA 	Mouse: Left button down, pos=(1914,479)
8.9715 	DATA 	Mouse:  Left button up, pos=(1919,484)
9.0892 	DATA 	Mouse: Left button down, pos=(1919,486)
9.1520 	DATA 	Mouse:  Left button up, pos=(1919,521)
9.2348 	DATA 	Mouse: Left button down, pos=(1919,569)
9.3061 	DATA 	Mouse:  Left button up, pos=(1919,607)
9.3666 	DATA 	Mouse: Left button down, pos=(1919,642)
9.4501 	DATA 	Mouse:  Left button up, pos=(1919,683)
9.4986 	DATA 	Mouse: Left button down, pos=(1919,701)
9.5977 	DATA 	Mouse:  Left button up, pos=(1919,738)
9.6537 	DATA 	Mouse: Left button down, pos=(1919,761)
9.7578 	DATA 	Mouse:  Left button up, pos=(1919,810)
9.7975 	DATA 	Mouse: Left button down, pos=(1919,833)
9.8774 	DATA 	Mouse:  Left button up, pos=(1919,858)
9.9314 	DATA 	Mouse: Left button down, pos=(1917,859)
10.0196 	DATA 	Mouse:  Left button up, pos=(1780,775)
10.0680 	DATA 	Mouse: Left button down, pos=(1664,686)
10.1395 	DATA 	Mouse:  Left button up, pos=(1561,572)
10.2142 	DATA 	Mouse: Left button down, pos=(1530,515)
10.3011 	DATA 	Mouse:  Left button up, pos=(1555,460)
10.3474 	DATA 	Mouse: Left button down, pos=(1645,394)
10.4368 	DATA 	Mouse:  Left button up, pos=(1830,346)
10.4849 	DATA 	Mouse: Left button down, pos=(1879,361)
10.5481 	DATA 	Mouse:  Left button up, pos=(1919,396)
10.6308 	DATA 	Mouse: Left button down, pos=(1919,440)
10.6755 	DATA 	Mouse:  Left button up, pos=(1914,473)
10.7417 	DATA 	Mouse: Left button down, pos=(1836,530)
10.7986 	DATA 	Mouse:  Left button up, pos=(1839,533)
10.8608 	DATA 	Mouse: Left button down, pos=(1919,531)
10.9251 	DATA 	Mouse:  Left button up, pos=(1910,526)
11.0825 	DATA 	Mouse: Left button down, pos=(1380,491)
11.1384 	DATA 	Mouse:  Left button up, pos=(1350,499)
11.2001 	DATA 	Mouse: Left button down, pos=(1303,514)
11.3216 	DATA 	Mouse:  Left button up, pos=(1252,522)
11.7493 	DATA 	Keypress: 1
11.7525 	EXP 	Device response: <KeyPress from None: t=11.746664299978875, value=1, duration=None>
11.8460 	EXP 	Device response: <KeyPress from None: t=11.746664299978875, value=1, duration=0.09500850003678352>
12.0850 	DATA 	Mouse: Left button down, pos=(1008,567)
12.1741 	DATA 	Mouse:  Left button up, pos=(933,564)
12.2916 	DATA 	Keypress: escape
12.2975 	EXP 	Device response: <KeyPress from None: t=12.290847899974324, value=escape, duration=None>
12.4298 	EXP 	Device response: <KeyPress from None: t=12.290847899974324, value=escape, duration=0.13469129998702556>
12.4298 	EXP 	experiment: status = STOPPED
12.4358 	EXP 	ConditionSelectionText: autoDraw = False
12.4359 	EXP 	experiment: status = STOPPED
12.4391 	INFO 	saved data to 'C:\\Users\\Jackson\\Desktop\\Research Project Experiment\\data\\477842_experiment_2026-03-07_12h52.12.051.csv'
12.4395 	INFO 	saved data to C:\Users\Jackson\Desktop\Research Project Experiment\data\477842_experiment_2026-03-07_12h52.12.051.psydat
13.9470 	WARNING 	Stopping key buffers but this could be dangerous ifother keyboards rely on the same.
