4.5384 	DEBUG 	Fullscreen settings ignored as running in pilot mode.
4.5389 	INFO 	Loaded monitor calibration from ['2026_03_03 13:24']
4.7062 	INFO 	Using renderer 'Intel(R) Iris(R) Xe Graphics' for graphics
4.7063 	INFO 	OpenGL version supported by driver is 4..
4.7310 	EXP 	Created window1 = Window(allowGUI=False, allowStencil=False, autoLog=True, backendConf=UNKNOWN, backgroundFit=<method-wrapper '__getattribute__' of attributeSetter object at 0x0000023A3974B9D0>, backgroundImage=<method-wrapper '__getattribute__' of attributeSetter object at 0x0000023A3974BA30>, bitsMode=UNKNOWN, blendMode='avg', bpc=(8, 8, 8), color=array([0, 0, 0]), colorSpace='rgb', depthBits=8, fullscr=False, gamma=None, gammaErrorPolicy='raise', infoMsg=UNKNOWN, lms=UNKNOWN, monitor=<psychopy.monitors.calibTools.Monitor object at 0x0000023A39CE13C0>, multiSample=False, name='window1', numSamples=2, pos=[np.float64(560.0), np.float64(240.0)], screen=0, size=array([800, 600]), stencilBits=0, stereo=False, title='PsychoPy', units='height', useFBO=True, useRetina=False, viewOri=0.0, viewPos=None, viewScale=None, waitBlanking=True, winType='pyglet')
4.7310 	EXP 	window1: backgroundImage = ''
4.7310 	EXP 	window1: backgroundFit = 'none'
4.7451 	DEBUG 	TextBox2 loaded 1 chars with 0 blanks and 1 valid
4.7540 	DEBUG 	TextBox2 loaded 1 chars with 0 blanks and 1 valid
4.7629 	DEBUG 	TextBox2 loaded 1 chars with 0 blanks and 1 valid
4.7719 	DEBUG 	TextBox2 loaded 1 chars with 0 blanks and 1 valid
4.7810 	DEBUG 	TextBox2 loaded 1 chars with 0 blanks and 1 valid
4.7903 	DEBUG 	TextBox2 loaded 1 chars with 0 blanks and 1 valid
4.7995 	DEBUG 	TextBox2 loaded 1 chars with 0 blanks and 1 valid
4.8089 	DEBUG 	TextBox2 loaded 1 chars with 0 blanks and 1 valid
4.8178 	DEBUG 	TextBox2 loaded 1 chars with 0 blanks and 1 valid
4.8266 	DEBUG 	TextBox2 loaded 1 chars with 0 blanks and 1 valid
4.8356 	DEBUG 	TextBox2 loaded 1 chars with 0 blanks and 1 valid
4.8446 	DEBUG 	TextBox2 loaded 1 chars with 0 blanks and 1 valid
4.8538 	DEBUG 	TextBox2 loaded 1 chars with 0 blanks and 1 valid
4.8628 	DEBUG 	TextBox2 loaded 1 chars with 0 blanks and 1 valid
4.8716 	DEBUG 	TextBox2 loaded 1 chars with 0 blanks and 1 valid
4.8810 	DEBUG 	TextBox2 loaded 1 chars with 0 blanks and 1 valid
4.8901 	DEBUG 	TextBox2 loaded 1 chars with 0 blanks and 1 valid
4.8994 	DEBUG 	TextBox2 loaded 1 chars with 0 blanks and 1 valid
4.9081 	DEBUG 	TextBox2 loaded 1 chars with 0 blanks and 1 valid
4.9170 	DEBUG 	TextBox2 loaded 1 chars with 0 blanks and 1 valid
4.9257 	DEBUG 	TextBox2 loaded 1 chars with 0 blanks and 1 valid
4.9260 	DEBUG 	Uploading Texture Font fontname to graphics card
4.9297 	DEBUG 	Upload of Texture Font fontname complete
4.9430 	DEBUG 	TextBox2 loaded 1 chars with 0 blanks and 1 valid
4.9519 	DEBUG 	TextBox2 loaded 1 chars with 0 blanks and 1 valid
4.9614 	DEBUG 	TextBox2 loaded 1 chars with 0 blanks and 1 valid
4.9616 	DEBUG 	Uploading Texture Font fontname to graphics card
4.9650 	DEBUG 	Upload of Texture Font fontname complete
4.9663 	EXP 	window1: Attempting to measure frame rate of screen (0) ...
4.9663 	EXP 	window1: recordFrameIntervals = False
5.0413 	EXP 	window1: recordFrameIntervals = True
5.7363 	EXP 	window1: recordFrameIntervals = False
5.7363 	EXP 	Screen (0) actual frame rate measured at 143.62Hz
5.7492 	DEBUG 	TextBox2 loaded 1 chars with 0 blanks and 1 valid
5.7581 	DEBUG 	TextBox2 loaded 1 chars with 0 blanks and 1 valid
5.7671 	DEBUG 	TextBox2 loaded 1 chars with 0 blanks and 1 valid
5.7763 	DEBUG 	TextBox2 loaded 1 chars with 0 blanks and 1 valid
5.7855 	DEBUG 	TextBox2 loaded 1 chars with 0 blanks and 1 valid
5.7947 	DEBUG 	TextBox2 loaded 1 chars with 0 blanks and 1 valid
5.8036 	DEBUG 	TextBox2 loaded 1 chars with 0 blanks and 1 valid
5.8129 	DEBUG 	TextBox2 loaded 1 chars with 0 blanks and 1 valid
5.8222 	DEBUG 	TextBox2 loaded 1 chars with 0 blanks and 1 valid
5.8326 	DEBUG 	TextBox2 loaded 1 chars with 0 blanks and 1 valid
5.8329 	DEBUG 	Uploading Texture Font fontname to graphics card
5.8333 	DEBUG 	Upload of Texture Font fontname complete
6.0233 	INFO 	keyboard.Keyboard is using ptb backend.
6.0233 	EXP 	experiment: status = STARTED
6.0783 	EXP 	Created WelcomeText = TextStim(__class__=<class 'psychopy.visual.text.TextStim'>, alignHoriz=method-wrapper(...), alignText='center', alignVert=method-wrapper(...), anchorHoriz='center', anchorVert='center', antialias=True, autoDraw=False, autoLog=True, bold=False, color=array([1., 1., 1.]), colorSpace='rgb', contrast=1.0, depth=0.0, draggable=False, flipHoriz=False, flipVert=False, font='Arial', fontFiles=[], height=np.float64(0.05), italic=False, languageStyle='LTR', name='WelcomeText', opacity=1, ori=0.0, pos=array([0., 0.]), rgb=UNKNOWN, text=str(...), units='height', win=Window(...), wrapWidth=1)
6.0818 	DEBUG 	TextBox2 loaded 1 chars with 0 blanks and 1 valid
6.0825 	DEBUG 	TextBox2 loaded 1 chars with 0 blanks and 1 valid
6.0830 	DEBUG 	TextBox2 loaded 1 chars with 0 blanks and 1 valid
6.0836 	DEBUG 	TextBox2 loaded 1 chars with 0 blanks and 1 valid
6.0842 	DEBUG 	TextBox2 loaded 1 chars with 0 blanks and 1 valid
6.0844 	DEBUG 	TextBox2 loaded 1 chars with 0 blanks and 1 valid
6.0846 	DEBUG 	TextBox2 loaded 1 chars with 0 blanks and 1 valid
6.0850 	DEBUG 	TextBox2 loaded 1 chars with 0 blanks and 1 valid
6.0855 	DEBUG 	TextBox2 loaded 1 chars with 0 blanks and 1 valid
6.0860 	DEBUG 	TextBox2 loaded 1 chars with 0 blanks and 1 valid
6.0865 	DEBUG 	TextBox2 loaded 1 chars with 0 blanks and 1 valid
6.0869 	DEBUG 	TextBox2 loaded 1 chars with 0 blanks and 1 valid
6.0871 	DEBUG 	Uploading Texture Font fontname to graphics card
6.0878 	DEBUG 	Upload of Texture Font fontname complete
6.0917 	DEBUG 	TextBox2 loaded 1 chars with 0 blanks and 1 valid
6.0926 	DEBUG 	TextBox2 loaded 1 chars with 0 blanks and 1 valid
6.0933 	DEBUG 	TextBox2 loaded 1 chars with 0 blanks and 1 valid
6.0940 	DEBUG 	TextBox2 loaded 1 chars with 0 blanks and 1 valid
6.0944 	DEBUG 	TextBox2 loaded 1 chars with 0 blanks and 1 valid
6.0947 	DEBUG 	TextBox2 loaded 1 chars with 0 blanks and 1 valid
6.0948 	DEBUG 	Uploading Texture Font fontname to graphics card
6.0955 	DEBUG 	Upload of Texture Font fontname complete
6.1030 	EXP 	Created ConditionSelectionText = TextStim(__class__=<class 'psychopy.visual.text.TextStim'>, alignHoriz=method-wrapper(...), alignText='center', alignVert=method-wrapper(...), anchorHoriz='center', anchorVert='center', antialias=True, autoDraw=False, autoLog=True, bold=False, color=array([1., 1., 1.]), colorSpace='rgb', contrast=1.0, depth=0.0, draggable=False, flipHoriz=False, flipVert=False, font='Arial', fontFiles=[], height=np.float64(0.05), italic=False, languageStyle='LTR', name='ConditionSelectionText', opacity=1, ori=0.0, pos=array([0., 0.]), rgb=UNKNOWN, text=str(...), units='height', win=Window(...), wrapWidth=1)
6.1063 	DEBUG 	TextBox2 loaded 1 chars with 0 blanks and 1 valid
6.1065 	DEBUG 	Uploading Texture Font fontname to graphics card
6.1070 	DEBUG 	Upload of Texture Font fontname complete
6.1114 	DEBUG 	TextBox2 loaded 1 chars with 0 blanks and 1 valid
6.1117 	DEBUG 	Uploading Texture Font fontname to graphics card
6.1122 	DEBUG 	Upload of Texture Font fontname complete
6.1157 	DEBUG 	TextBox2 loaded 1 chars with 0 blanks and 1 valid
6.1158 	DEBUG 	Uploading Texture Font fontname to graphics card
6.1169 	DEBUG 	Upload of Texture Font fontname complete
6.1211 	EXP 	Created VideoInstructionsText = TextStim(__class__=<class 'psychopy.visual.text.TextStim'>, alignHoriz=method-wrapper(...), alignText='center', alignVert=method-wrapper(...), anchorHoriz='center', anchorVert='center', antialias=True, autoDraw=False, autoLog=True, bold=False, color=array([1., 1., 1.]), colorSpace='rgb', contrast=1.0, depth=0.0, draggable=False, flipHoriz=False, flipVert=False, font='Arial', fontFiles=[], height=np.float64(0.05), italic=False, languageStyle='LTR', name='VideoInstructionsText', opacity=1, ori=0.0, pos=array([0. , 0.2]), rgb=UNKNOWN, text='', units='height', win=Window(...), wrapWidth=1)
6.1394 	EXP 	Created ScreenshotLeft = ImageStim(__class__=<class 'psychopy.visual.image.ImageStim'>, anchor=('center', 'center'), autoLog=True, color=array([1., 1., 1.]), colorSpace='rgb', contrast=1.0, depth=0.0, draggable=False, flipHoriz=np.False_, flipVert=np.False_, image='default.png', interpolate=True, mask=None, maskParams=None, name='ScreenshotLeft', opacity=1, ori=0.0, pos=array([-0.2,  0. ]), size=array([0.5, 0.5]), texRes=128.0, units='height', win=Window(...))
6.1415 	EXP 	Created ScreenshotRight = ImageStim(__class__=<class 'psychopy.visual.image.ImageStim'>, anchor=('center', 'center'), autoLog=True, color=array([1., 1., 1.]), colorSpace='rgb', contrast=1.0, depth=-1.0, draggable=False, flipHoriz=np.False_, flipVert=np.False_, image='default.png', interpolate=True, mask=None, maskParams=None, name='ScreenshotRight', opacity=1, ori=0.0, pos=array([0.3, 0. ]), size=array([0.5, 0.5]), texRes=128.0, units='height', win=Window(...))
6.1450 	EXP 	Created WordListInstructionsText = TextStim(__class__=<class 'psychopy.visual.text.TextStim'>, alignHoriz=method-wrapper(...), alignText='center', alignVert=method-wrapper(...), anchorHoriz='center', anchorVert='center', antialias=True, autoDraw=False, autoLog=True, bold=False, color=array([1., 1., 1.]), colorSpace='rgb', contrast=1.0, depth=0.0, draggable=False, flipHoriz=False, flipVert=False, font='Arial', fontFiles=[], height=np.float64(0.05), italic=False, languageStyle='LTR', name='WordListInstructionsText', opacity=1, ori=0.0, pos=array([0., 0.]), rgb=UNKNOWN, text=str(...), units='height', win=Window(...), wrapWidth=1)
6.1515 	EXP 	Created WordListStudyText = TextStim(__class__=<class 'psychopy.visual.text.TextStim'>, alignHoriz=method-wrapper(...), alignText='center', alignVert=method-wrapper(...), anchorHoriz='center', anchorVert='center', antialias=True, autoDraw=False, autoLog=True, bold=False, color=array([1., 1., 1.]), colorSpace='rgb', contrast=1.0, depth=0.0, draggable=False, flipHoriz=False, flipVert=False, font='Arial', fontFiles=[], height=0.05, italic=False, languageStyle='LTR', name='WordListStudyText', opacity=1, ori=0.0, pos=array([0., 0.]), rgb=UNKNOWN, text='', units='height', win=Window(...), wrapWidth=1)
6.1526 	EXP 	Created WordListDistractionText = TextStim(__class__=<class 'psychopy.visual.text.TextStim'>, alignHoriz=method-wrapper(...), alignText='center', alignVert=method-wrapper(...), anchorHoriz='center', anchorVert='center', antialias=True, autoDraw=False, autoLog=True, bold=False, color=array([1., 1., 1.]), colorSpace='rgb', contrast=1.0, depth=0.0, draggable=False, flipHoriz=False, flipVert=False, font='Arial', fontFiles=[], height=np.float64(0.05), italic=False, languageStyle='LTR', name='WordListDistractionText', opacity=1, ori=0.0, pos=array([0., 0.]), rgb=UNKNOWN, text='', units='height', win=Window(...), wrapWidth=1)
0.0035 	EXP 	WordListDistractionText: height = np.float64(0.05)
0.0035 	EXP 	WordListDistractionText: height = np.float64(0.05)
0.0035 	EXP 	WordListDistractionText: height = np.float64(0.05)
0.0035 	EXP 	WordListDistractionText: text = 'Count backwards by 3 from 282 out loud'
0.0107 	EXP 	WelcomeText: autoDraw = True
0.5476 	DATA 	Mouse: Left button down, pos=(441,124)
0.5593 	EXP 	WelcomeText: autoDraw = False
0.5593 	EXP 	ConditionSelectionText: autoDraw = True
0.6382 	DATA 	Mouse:  Left button up, pos=(442,121)
1.1254 	DATA 	Mouse: Left button down, pos=(254,121)
1.1387 	EXP 	New trial (rep=0, index=0): <Trial 0 (0 in rep 0) data={'thisN': 0, 'thisTrialN': 0, 'thisRepN': 0}>
1.1424 	EXP 	VideoInstructionsText: height = np.float64(0.05)
1.1424 	EXP 	VideoInstructionsText: height = np.float64(0.05)
1.1424 	EXP 	VideoInstructionsText: height = np.float64(0.05)
1.1424 	EXP 	VideoInstructionsText: text = 'Please take out your phone and go the Instagram account @[Account Name]\n Please watch every video in order from top to bottom with the volume on. You must finish each video before scrolling to the next and only watch each video once.\n Click continue when you are finished!'
1.1424 	EXP 	ConditionSelectionText: autoDraw = False
1.1424 	EXP 	VideoInstructionsText: autoDraw = True
1.2005 	DATA 	Mouse:  Left button up, pos=(254,121)
1.5264 	DATA 	Mouse: Left button down, pos=(328,134)
1.5297 	DEBUG 	Read csv file with pandas: screenshotspreadsheet.csv
1.5303 	DEBUG 	Clearing unnamed columns from screenshotspreadsheet.csv
1.5305 	EXP 	Imported screenshotspreadsheet.csv as conditions, 2 conditions, 2 params
1.5306 	EXP 	New trial (rep=0, index=0): <Trial 0 (0 in rep 0) data={'Condition1New': 'new1.png', 'Condition1Old': 'old1.png', 'thisN': 0, 'thisTrialN': 0, 'thisRepN': 0}>
1.5308 	WARNING 	Requested image 'Screenshots/new1.png' not found but similar filename 'Screenshots/new1.jpg' exists. This will be used instead but changing the filename is advised.
1.5340 	WARNING 	Requested image 'Screenshots/old1.png' not found but similar filename 'Screenshots/old1.jpg' exists. This will be used instead but changing the filename is advised.
1.5459 	EXP 	VideoInstructionsText: autoDraw = False
1.5459 	EXP 	ScreenshotLeft: image = 'Screenshots/new1.png'
1.5459 	EXP 	ScreenshotRight: image = 'Screenshots/old1.png'
1.5459 	EXP 	ScreenshotLeft: autoDraw = True
1.5459 	EXP 	ScreenshotRight: autoDraw = True
1.6100 	DATA 	Mouse:  Left button up, pos=(328,134)
4.6042 	DATA 	Mouse: Left button down, pos=(361,192)
4.6048 	EXP 	New trial (rep=0, index=1): <Trial 1 (1 in rep 0) data={'Condition1New': 'new2.png', 'Condition1Old': 'old2.png', 'thisN': 1, 'thisTrialN': 1, 'thisRepN': 0}>
4.6050 	WARNING 	Requested image 'Screenshots/new2.png' not found but similar filename 'Screenshots/new2.jpg' exists. This will be used instead but changing the filename is advised.
4.6068 	WARNING 	Requested image 'Screenshots/old2.png' not found but similar filename 'Screenshots/old2.jpg' exists. This will be used instead but changing the filename is advised.
4.6156 	EXP 	ScreenshotLeft: autoDraw = False
4.6156 	EXP 	ScreenshotRight: autoDraw = False
4.6156 	EXP 	ScreenshotLeft: image = 'Screenshots/new2.png'
4.6156 	EXP 	ScreenshotRight: image = 'Screenshots/old2.png'
4.6156 	EXP 	ScreenshotLeft: autoDraw = True
4.6156 	EXP 	ScreenshotRight: autoDraw = True
4.6886 	DATA 	Mouse:  Left button up, pos=(361,192)
5.1175 	DATA 	Mouse: Left button down, pos=(359,214)
5.1291 	EXP 	ScreenshotLeft: autoDraw = False
5.1291 	EXP 	ScreenshotRight: autoDraw = False
5.1291 	EXP 	WordListInstructionsText: autoDraw = True
5.2294 	DATA 	Mouse:  Left button up, pos=(359,214)
5.6169 	DATA 	Mouse: Left button down, pos=(370,146)
5.6192 	DEBUG 	Read csv file with pandas: wordlistspreadsheets.csv
5.6196 	DEBUG 	Clearing unnamed columns from wordlistspreadsheets.csv
5.6198 	EXP 	Imported wordlistspreadsheets.csv as conditions, 5 conditions, 2 params
5.6200 	EXP 	New trial (rep=0, index=0): <Trial 0 (0 in rep 0) data={'FirstList': 'apple', 'SecondList': 'banana', 'thisN': 0, 'thisTrialN': 0, 'thisRepN': 0}>
5.6291 	EXP 	WordListInstructionsText: autoDraw = False
5.6291 	EXP 	WordListStudyText: height = np.float64(0.05)
5.6291 	EXP 	WordListStudyText: height = np.float64(0.05)
5.6291 	EXP 	WordListStudyText: height = np.float64(0.05)
5.6291 	EXP 	WordListStudyText: text = 'apple'
5.6291 	EXP 	WordListStudyText: autoDraw = True
5.7157 	DATA 	Mouse:  Left button up, pos=(370,146)
6.0691 	DATA 	Mouse: Left button down, pos=(294,163)
6.1602 	DATA 	Mouse:  Left button up, pos=(294,163)
6.6275 	EXP 	New trial (rep=0, index=1): <Trial 1 (1 in rep 0) data={'FirstList': 'muffin', 'SecondList': 'cupcake', 'thisN': 1, 'thisTrialN': 1, 'thisRepN': 0}>
6.6371 	EXP 	WordListStudyText: autoDraw = False
6.6371 	EXP 	WordListStudyText: height = np.float64(0.05)
6.6371 	EXP 	WordListStudyText: height = np.float64(0.05)
6.6371 	EXP 	WordListStudyText: height = np.float64(0.05)
6.6371 	EXP 	WordListStudyText: text = 'muffin'
6.6371 	EXP 	WordListStudyText: autoDraw = True
7.6322 	EXP 	New trial (rep=0, index=2): <Trial 2 (2 in rep 0) data={'FirstList': 'orange', 'SecondList': 'tangerine', 'thisN': 2, 'thisTrialN': 2, 'thisRepN': 0}>
7.6368 	EXP 	WordListStudyText: autoDraw = False
7.6368 	EXP 	WordListStudyText: height = np.float64(0.05)
7.6368 	EXP 	WordListStudyText: height = np.float64(0.05)
7.6368 	EXP 	WordListStudyText: height = np.float64(0.05)
7.6368 	EXP 	WordListStudyText: text = 'orange'
7.6368 	EXP 	WordListStudyText: autoDraw = True
8.6243 	EXP 	New trial (rep=0, index=3): <Trial 3 (3 in rep 0) data={'FirstList': 'cat', 'SecondList': 'dog', 'thisN': 3, 'thisTrialN': 3, 'thisRepN': 0}>
8.6297 	EXP 	WordListStudyText: autoDraw = False
8.6297 	EXP 	WordListStudyText: height = np.float64(0.05)
8.6297 	EXP 	WordListStudyText: height = np.float64(0.05)
8.6297 	EXP 	WordListStudyText: height = np.float64(0.05)
8.6297 	EXP 	WordListStudyText: text = 'cat'
8.6297 	EXP 	WordListStudyText: autoDraw = True
8.7567 	EXP 	Device response: <KeyPress from None: t=8.756299400003627, value=lctrl, duration=None>
8.7572 	DATA 	Keypress: lctrl
8.8115 	EXP 	Device response: <KeyPress from None: t=8.810791600029916, value=c, duration=None>
8.8120 	DATA 	Keypress: c
8.8818 	EXP 	Device response: <KeyPress from None: t=8.756299400003627, value=lctrl, duration=0.12469329999294132>
8.9017 	EXP 	Device response: <KeyPress from None: t=8.810791600029916, value=c, duration=0.09012489998713136>
9.6173 	EXP 	New trial (rep=0, index=4): <Trial 4 (4 in rep 0) data={'FirstList': 'pizza', 'SecondList': 'beer', 'thisN': 4, 'thisTrialN': 4, 'thisRepN': 0}>
9.6227 	EXP 	WordListStudyText: autoDraw = False
9.6227 	EXP 	WordListStudyText: autoDraw = False
9.6227 	EXP 	WordListStudyText: height = np.float64(0.05)
9.6227 	EXP 	WordListStudyText: height = np.float64(0.05)
9.6227 	EXP 	WordListStudyText: height = np.float64(0.05)
9.6227 	EXP 	WordListStudyText: text = 'pizza'
9.6227 	EXP 	WordListStudyText: autoDraw = True
10.6311 	EXP 	WordListStudyText: autoDraw = False
10.6311 	EXP 	WordListDistractionText: autoDraw = True
11.6226 	EXP 	WordListDistractionText: autoDraw = False
11.6239 	EXP 	experiment: status = STOPPED
11.6285 	INFO 	saved data to 'C:\\Users\\Jackson\\Desktop\\Research Project Experiment\\data\\pilot_experiment_2026-03-07_12h46.11.844.csv'
11.6296 	INFO 	saved data to C:\Users\Jackson\Desktop\Research Project Experiment\data\pilot_experiment_2026-03-07_12h46.11.844.psydat
11.8532 	DEBUG 	Saving data for experiment ExperimentHandler
11.8566 	WARNING 	Stopping key buffers but this could be dangerous ifother keyboards rely on the same.
