7.7099 	DEBUG 	Fullscreen settings ignored as running in pilot mode.
7.7106 	INFO 	Loaded monitor calibration from ['2026_03_03 13:24']
8.0054 	INFO 	Using renderer 'Intel(R) Iris(R) Xe Graphics' for graphics
8.0054 	INFO 	OpenGL version supported by driver is 4..
8.0510 	EXP 	Created window1 = Window(allowGUI=False, allowStencil=False, autoLog=True, backendConf=UNKNOWN, backgroundFit=<method-wrapper '__getattribute__' of attributeSetter object at 0x000001A663135AE0>, backgroundImage=<method-wrapper '__getattribute__' of attributeSetter object at 0x000001A663134DC0>, bitsMode=UNKNOWN, blendMode='avg', bpc=(8, 8, 8), color=array([0, 0, 0]), colorSpace='rgb', depthBits=8, fullscr=False, gamma=None, gammaErrorPolicy='raise', infoMsg=UNKNOWN, lms=UNKNOWN, monitor=<psychopy.monitors.calibTools.Monitor object at 0x000001A662E495D0>, multiSample=False, name='window1', numSamples=2, pos=[np.float64(560.0), np.float64(240.0)], screen=0, size=array([800, 600]), stencilBits=0, stereo=False, title='PsychoPy', units='height', useFBO=True, useRetina=False, viewOri=0.0, viewPos=None, viewScale=None, waitBlanking=True, winType='pyglet')
8.0511 	EXP 	window1: backgroundImage = ''
8.0511 	EXP 	window1: backgroundFit = 'none'
8.0742 	DEBUG 	TextBox2 loaded 1 chars with 0 blanks and 1 valid
8.0902 	DEBUG 	TextBox2 loaded 1 chars with 0 blanks and 1 valid
8.1066 	DEBUG 	TextBox2 loaded 1 chars with 0 blanks and 1 valid
8.1231 	DEBUG 	TextBox2 loaded 1 chars with 0 blanks and 1 valid
8.1396 	DEBUG 	TextBox2 loaded 1 chars with 0 blanks and 1 valid
8.1554 	DEBUG 	TextBox2 loaded 1 chars with 0 blanks and 1 valid
8.1714 	DEBUG 	TextBox2 loaded 1 chars with 0 blanks and 1 valid
8.1878 	DEBUG 	TextBox2 loaded 1 chars with 0 blanks and 1 valid
8.2038 	DEBUG 	TextBox2 loaded 1 chars with 0 blanks and 1 valid
8.2197 	DEBUG 	TextBox2 loaded 1 chars with 0 blanks and 1 valid
8.2359 	DEBUG 	TextBox2 loaded 1 chars with 0 blanks and 1 valid
8.2522 	DEBUG 	TextBox2 loaded 1 chars with 0 blanks and 1 valid
8.2684 	DEBUG 	TextBox2 loaded 1 chars with 0 blanks and 1 valid
8.2844 	DEBUG 	TextBox2 loaded 1 chars with 0 blanks and 1 valid
8.3005 	DEBUG 	TextBox2 loaded 1 chars with 0 blanks and 1 valid
8.3167 	DEBUG 	TextBox2 loaded 1 chars with 0 blanks and 1 valid
8.3326 	DEBUG 	TextBox2 loaded 1 chars with 0 blanks and 1 valid
8.3486 	DEBUG 	TextBox2 loaded 1 chars with 0 blanks and 1 valid
8.3640 	DEBUG 	TextBox2 loaded 1 chars with 0 blanks and 1 valid
8.3802 	DEBUG 	TextBox2 loaded 1 chars with 0 blanks and 1 valid
8.3963 	DEBUG 	TextBox2 loaded 1 chars with 0 blanks and 1 valid
8.3969 	DEBUG 	Uploading Texture Font fontname to graphics card
8.4037 	DEBUG 	Upload of Texture Font fontname complete
8.4257 	DEBUG 	TextBox2 loaded 1 chars with 0 blanks and 1 valid
8.4419 	DEBUG 	TextBox2 loaded 1 chars with 0 blanks and 1 valid
8.4583 	DEBUG 	TextBox2 loaded 1 chars with 0 blanks and 1 valid
8.4588 	DEBUG 	Uploading Texture Font fontname to graphics card
8.4631 	DEBUG 	Upload of Texture Font fontname complete
8.4653 	EXP 	window1: Attempting to measure frame rate of screen (0) ...
8.4653 	EXP 	window1: recordFrameIntervals = False
8.5529 	EXP 	window1: recordFrameIntervals = True
9.2477 	EXP 	window1: recordFrameIntervals = False
9.2477 	EXP 	Screen (0) actual frame rate measured at 144.17Hz
9.2667 	DEBUG 	TextBox2 loaded 1 chars with 0 blanks and 1 valid
9.2827 	DEBUG 	TextBox2 loaded 1 chars with 0 blanks and 1 valid
9.2991 	DEBUG 	TextBox2 loaded 1 chars with 0 blanks and 1 valid
9.3158 	DEBUG 	TextBox2 loaded 1 chars with 0 blanks and 1 valid
9.3325 	DEBUG 	TextBox2 loaded 1 chars with 0 blanks and 1 valid
9.3488 	DEBUG 	TextBox2 loaded 1 chars with 0 blanks and 1 valid
9.3648 	DEBUG 	TextBox2 loaded 1 chars with 0 blanks and 1 valid
9.3813 	DEBUG 	TextBox2 loaded 1 chars with 0 blanks and 1 valid
9.3978 	DEBUG 	TextBox2 loaded 1 chars with 0 blanks and 1 valid
9.4139 	DEBUG 	TextBox2 loaded 1 chars with 0 blanks and 1 valid
9.4143 	DEBUG 	Uploading Texture Font fontname to graphics card
9.4149 	DEBUG 	Upload of Texture Font fontname complete
9.6342 	INFO 	keyboard.Keyboard is using ptb backend.
9.6342 	EXP 	experiment: status = STARTED
9.7285 	EXP 	Created WelcomeText = TextStim(__class__=<class 'psychopy.visual.text.TextStim'>, alignHoriz=method-wrapper(...), alignText='center', alignVert=method-wrapper(...), anchorHoriz='center', anchorVert='center', antialias=True, autoDraw=False, autoLog=True, bold=False, color=array([1., 1., 1.]), colorSpace='rgb', contrast=1.0, depth=0.0, draggable=False, flipHoriz=False, flipVert=False, font='Arial', fontFiles=[], height=np.float64(0.05), italic=False, languageStyle='LTR', name='WelcomeText', opacity=1, ori=0.0, pos=array([0., 0.]), rgb=UNKNOWN, text=str(...), units='height', win=Window(...), wrapWidth=1)
9.7345 	DEBUG 	TextBox2 loaded 1 chars with 0 blanks and 1 valid
9.7354 	DEBUG 	TextBox2 loaded 1 chars with 0 blanks and 1 valid
9.7362 	DEBUG 	TextBox2 loaded 1 chars with 0 blanks and 1 valid
9.7370 	DEBUG 	TextBox2 loaded 1 chars with 0 blanks and 1 valid
9.7382 	DEBUG 	TextBox2 loaded 1 chars with 0 blanks and 1 valid
9.7387 	DEBUG 	TextBox2 loaded 1 chars with 0 blanks and 1 valid
9.7392 	DEBUG 	TextBox2 loaded 1 chars with 0 blanks and 1 valid
9.7399 	DEBUG 	TextBox2 loaded 1 chars with 0 blanks and 1 valid
9.7408 	DEBUG 	TextBox2 loaded 1 chars with 0 blanks and 1 valid
9.7417 	DEBUG 	TextBox2 loaded 1 chars with 0 blanks and 1 valid
9.7426 	DEBUG 	TextBox2 loaded 1 chars with 0 blanks and 1 valid
9.7434 	DEBUG 	TextBox2 loaded 1 chars with 0 blanks and 1 valid
9.7437 	DEBUG 	Uploading Texture Font fontname to graphics card
9.7450 	DEBUG 	Upload of Texture Font fontname complete
9.7514 	DEBUG 	TextBox2 loaded 1 chars with 0 blanks and 1 valid
9.7525 	DEBUG 	TextBox2 loaded 1 chars with 0 blanks and 1 valid
9.7536 	DEBUG 	TextBox2 loaded 1 chars with 0 blanks and 1 valid
9.7548 	DEBUG 	TextBox2 loaded 1 chars with 0 blanks and 1 valid
9.7556 	DEBUG 	TextBox2 loaded 1 chars with 0 blanks and 1 valid
9.7561 	DEBUG 	TextBox2 loaded 1 chars with 0 blanks and 1 valid
9.7564 	DEBUG 	Uploading Texture Font fontname to graphics card
9.7571 	DEBUG 	Upload of Texture Font fontname complete
9.7712 	EXP 	Created ConditionSelectionText = TextStim(__class__=<class 'psychopy.visual.text.TextStim'>, alignHoriz=method-wrapper(...), alignText='center', alignVert=method-wrapper(...), anchorHoriz='center', anchorVert='center', antialias=True, autoDraw=False, autoLog=True, bold=False, color=array([1., 1., 1.]), colorSpace='rgb', contrast=1.0, depth=0.0, draggable=False, flipHoriz=False, flipVert=False, font='Arial', fontFiles=[], height=np.float64(0.05), italic=False, languageStyle='LTR', name='ConditionSelectionText', opacity=1, ori=0.0, pos=array([0., 0.]), rgb=UNKNOWN, text=str(...), units='height', win=Window(...), wrapWidth=1)
9.7762 	DEBUG 	TextBox2 loaded 1 chars with 0 blanks and 1 valid
9.7765 	DEBUG 	Uploading Texture Font fontname to graphics card
9.7770 	DEBUG 	Upload of Texture Font fontname complete
9.7829 	DEBUG 	TextBox2 loaded 1 chars with 0 blanks and 1 valid
9.7833 	DEBUG 	Uploading Texture Font fontname to graphics card
9.7839 	DEBUG 	Upload of Texture Font fontname complete
9.7906 	DEBUG 	TextBox2 loaded 1 chars with 0 blanks and 1 valid
9.7909 	DEBUG 	Uploading Texture Font fontname to graphics card
9.7965 	DEBUG 	Upload of Texture Font fontname complete
9.8049 	EXP 	Created InstructionText = TextStim(__class__=<class 'psychopy.visual.text.TextStim'>, alignHoriz=method-wrapper(...), alignText='center', alignVert=method-wrapper(...), anchorHoriz='center', anchorVert='center', antialias=True, autoDraw=False, autoLog=True, bold=False, color=array([1., 1., 1.]), colorSpace='rgb', contrast=1.0, depth=0.0, draggable=False, flipHoriz=False, flipVert=False, font='Arial', fontFiles=[], height=np.float64(0.05), italic=False, languageStyle='LTR', name='InstructionText', opacity=1, ori=0.0, pos=array([0., 0.]), rgb=UNKNOWN, text='', units='height', win=Window(...), wrapWidth=1)
0.0198 	EXP 	WelcomeText: autoDraw = True
1.0851 	DATA 	Mouse: Left button down, pos=(412,142)
1.0965 	EXP 	WelcomeText: autoDraw = False
1.0965 	EXP 	ConditionSelectionText: autoDraw = True
1.1733 	DATA 	Mouse:  Left button up, pos=(412,142)
1.8782 	DATA 	Mouse: Left button down, pos=(236,124)
1.9161 	EXP 	InstructionText: height = np.float64(0.05)
1.9161 	EXP 	InstructionText: height = np.float64(0.05)
1.9161 	EXP 	InstructionText: height = np.float64(0.05)
1.9161 	EXP 	InstructionText: text = 'Please take out your phone and go the Instagram account @[Account Name]\n Please watch every video in order from top to bottom with the volume on. You must finish each video before scrolling to the next and only watch each video once.\n Click continue when you are finished!'
1.9161 	EXP 	ConditionSelectionText: autoDraw = False
1.9161 	EXP 	InstructionText: autoDraw = True
1.9601 	DATA 	Mouse:  Left button up, pos=(236,124)
13.4761 	DATA 	Mouse: Left button down, pos=(387,130)
13.4844 	EXP 	InstructionText: autoDraw = False
13.4864 	EXP 	experiment: status = STOPPED
13.4900 	INFO 	saved data to 'C:\\Users\\Jackson\\Desktop\\Research Project Experiment\\data\\pilot_experiment_2026-03-06_13h58.47.525.csv'
13.4907 	INFO 	saved data to C:\Users\Jackson\Desktop\Research Project Experiment\data\pilot_experiment_2026-03-06_13h58.47.525.psydat
13.7962 	DEBUG 	Saving data for experiment ExperimentHandler
13.7998 	WARNING 	Stopping key buffers but this could be dangerous ifother keyboards rely on the same.
