10.2336 	DEBUG 	Fullscreen settings ignored as running in pilot mode.
10.2343 	INFO 	Loaded monitor calibration from ['2026_03_03 13:24']
11.4582 	INFO 	Using renderer 'Intel(R) Iris(R) Xe Graphics' for graphics
11.4582 	INFO 	OpenGL version supported by driver is 4..
11.5223 	EXP 	Created window1 = Window(allowGUI=False, allowStencil=False, autoLog=True, backendConf=UNKNOWN, backgroundFit=<method-wrapper '__getattribute__' of attributeSetter object at 0x0000028E8609CE50>, backgroundImage=<method-wrapper '__getattribute__' of attributeSetter object at 0x0000028E8609CDF0>, bitsMode=UNKNOWN, blendMode='avg', bpc=(8, 8, 8), color=array([0, 0, 0]), colorSpace='rgb', depthBits=8, fullscr=False, gamma=None, gammaErrorPolicy='raise', infoMsg=UNKNOWN, lms=UNKNOWN, monitor=<psychopy.monitors.calibTools.Monitor object at 0x0000028E85CA1A50>, multiSample=False, name='window1', numSamples=2, pos=[np.float64(560.0), np.float64(240.0)], screen=0, size=array([800, 600]), stencilBits=0, stereo=False, title='PsychoPy', units='height', useFBO=True, useRetina=False, viewOri=0.0, viewPos=None, viewScale=None, waitBlanking=True, winType='pyglet')
11.5223 	EXP 	window1: backgroundImage = ''
11.5224 	EXP 	window1: backgroundFit = 'none'
11.5603 	DEBUG 	TextBox2 loaded 1 chars with 0 blanks and 1 valid
11.5764 	DEBUG 	TextBox2 loaded 1 chars with 0 blanks and 1 valid
11.5932 	DEBUG 	TextBox2 loaded 1 chars with 0 blanks and 1 valid
11.6103 	DEBUG 	TextBox2 loaded 1 chars with 0 blanks and 1 valid
11.6277 	DEBUG 	TextBox2 loaded 1 chars with 0 blanks and 1 valid
11.6442 	DEBUG 	TextBox2 loaded 1 chars with 0 blanks and 1 valid
11.6604 	DEBUG 	TextBox2 loaded 1 chars with 0 blanks and 1 valid
11.6762 	DEBUG 	TextBox2 loaded 1 chars with 0 blanks and 1 valid
11.6912 	DEBUG 	TextBox2 loaded 1 chars with 0 blanks and 1 valid
11.7060 	DEBUG 	TextBox2 loaded 1 chars with 0 blanks and 1 valid
11.7208 	DEBUG 	TextBox2 loaded 1 chars with 0 blanks and 1 valid
11.7365 	DEBUG 	TextBox2 loaded 1 chars with 0 blanks and 1 valid
11.7521 	DEBUG 	TextBox2 loaded 1 chars with 0 blanks and 1 valid
11.7682 	DEBUG 	TextBox2 loaded 1 chars with 0 blanks and 1 valid
11.7846 	DEBUG 	TextBox2 loaded 1 chars with 0 blanks and 1 valid
11.8008 	DEBUG 	TextBox2 loaded 1 chars with 0 blanks and 1 valid
11.8171 	DEBUG 	TextBox2 loaded 1 chars with 0 blanks and 1 valid
11.8333 	DEBUG 	TextBox2 loaded 1 chars with 0 blanks and 1 valid
11.8490 	DEBUG 	TextBox2 loaded 1 chars with 0 blanks and 1 valid
11.8650 	DEBUG 	TextBox2 loaded 1 chars with 0 blanks and 1 valid
11.8800 	DEBUG 	TextBox2 loaded 1 chars with 0 blanks and 1 valid
11.8805 	DEBUG 	Uploading Texture Font fontname to graphics card
11.9072 	DEBUG 	Upload of Texture Font fontname complete
11.9276 	DEBUG 	TextBox2 loaded 1 chars with 0 blanks and 1 valid
11.9426 	DEBUG 	TextBox2 loaded 1 chars with 0 blanks and 1 valid
11.9584 	DEBUG 	TextBox2 loaded 1 chars with 0 blanks and 1 valid
11.9588 	DEBUG 	Uploading Texture Font fontname to graphics card
11.9655 	DEBUG 	Upload of Texture Font fontname complete
11.9676 	EXP 	window1: Attempting to measure frame rate of screen (0) ...
11.9677 	EXP 	window1: recordFrameIntervals = False
12.0545 	EXP 	window1: recordFrameIntervals = True
12.7694 	EXP 	window1: recordFrameIntervals = False
12.7694 	EXP 	Screen (0) actual frame rate measured at 144.25Hz
12.7883 	DEBUG 	TextBox2 loaded 1 chars with 0 blanks and 1 valid
12.8047 	DEBUG 	TextBox2 loaded 1 chars with 0 blanks and 1 valid
12.8211 	DEBUG 	TextBox2 loaded 1 chars with 0 blanks and 1 valid
12.8376 	DEBUG 	TextBox2 loaded 1 chars with 0 blanks and 1 valid
12.8532 	DEBUG 	TextBox2 loaded 1 chars with 0 blanks and 1 valid
12.8694 	DEBUG 	TextBox2 loaded 1 chars with 0 blanks and 1 valid
12.8845 	DEBUG 	TextBox2 loaded 1 chars with 0 blanks and 1 valid
12.9006 	DEBUG 	TextBox2 loaded 1 chars with 0 blanks and 1 valid
12.9166 	DEBUG 	TextBox2 loaded 1 chars with 0 blanks and 1 valid
12.9330 	DEBUG 	TextBox2 loaded 1 chars with 0 blanks and 1 valid
12.9335 	DEBUG 	Uploading Texture Font fontname to graphics card
12.9342 	DEBUG 	Upload of Texture Font fontname complete
13.1705 	INFO 	keyboard.Keyboard is using ptb backend.
13.1706 	EXP 	experiment: status = STARTED
13.4829 	EXP 	Created WelcomeText = TextStim(__class__=<class 'psychopy.visual.text.TextStim'>, alignHoriz=method-wrapper(...), alignText='center', alignVert=method-wrapper(...), anchorHoriz='center', anchorVert='center', antialias=True, autoDraw=False, autoLog=True, bold=False, color=array([1., 1., 1.]), colorSpace='rgb', contrast=1.0, depth=0.0, draggable=False, flipHoriz=False, flipVert=False, font='Arial', fontFiles=[], height=np.float64(0.05), italic=False, languageStyle='LTR', name='WelcomeText', opacity=1, ori=0.0, pos=array([0., 0.]), rgb=UNKNOWN, text=str(...), units='height', win=Window(...), wrapWidth=1)
13.4890 	DEBUG 	TextBox2 loaded 1 chars with 0 blanks and 1 valid
13.4899 	DEBUG 	TextBox2 loaded 1 chars with 0 blanks and 1 valid
13.4907 	DEBUG 	TextBox2 loaded 1 chars with 0 blanks and 1 valid
13.4915 	DEBUG 	TextBox2 loaded 1 chars with 0 blanks and 1 valid
13.4926 	DEBUG 	TextBox2 loaded 1 chars with 0 blanks and 1 valid
13.4930 	DEBUG 	TextBox2 loaded 1 chars with 0 blanks and 1 valid
13.4934 	DEBUG 	TextBox2 loaded 1 chars with 0 blanks and 1 valid
13.4946 	DEBUG 	TextBox2 loaded 1 chars with 0 blanks and 1 valid
13.4958 	DEBUG 	TextBox2 loaded 1 chars with 0 blanks and 1 valid
13.4970 	DEBUG 	TextBox2 loaded 1 chars with 0 blanks and 1 valid
13.4979 	DEBUG 	TextBox2 loaded 1 chars with 0 blanks and 1 valid
13.4988 	DEBUG 	TextBox2 loaded 1 chars with 0 blanks and 1 valid
13.4998 	DEBUG 	TextBox2 loaded 1 chars with 0 blanks and 1 valid
13.5007 	DEBUG 	TextBox2 loaded 1 chars with 0 blanks and 1 valid
13.5016 	DEBUG 	TextBox2 loaded 1 chars with 0 blanks and 1 valid
13.5019 	DEBUG 	Uploading Texture Font fontname to graphics card
13.5032 	DEBUG 	Upload of Texture Font fontname complete
13.5106 	DEBUG 	TextBox2 loaded 1 chars with 0 blanks and 1 valid
13.5118 	DEBUG 	TextBox2 loaded 1 chars with 0 blanks and 1 valid
13.5131 	DEBUG 	TextBox2 loaded 1 chars with 0 blanks and 1 valid
13.5144 	DEBUG 	TextBox2 loaded 1 chars with 0 blanks and 1 valid
13.5152 	DEBUG 	TextBox2 loaded 1 chars with 0 blanks and 1 valid
13.5157 	DEBUG 	TextBox2 loaded 1 chars with 0 blanks and 1 valid
13.5160 	DEBUG 	Uploading Texture Font fontname to graphics card
13.5168 	DEBUG 	Upload of Texture Font fontname complete
0.0286 	EXP 	WelcomeText: autoDraw = True
17.1089 	DATA 	Mouse: Left button down, pos=(543,395)
17.1206 	EXP 	WelcomeText: autoDraw = False
17.1225 	EXP 	experiment: status = STOPPED
17.1256 	INFO 	saved data to 'C:\\Users\\Jackson\\Desktop\\Research Project Experiment\\data\\pilot_experiment_2026-03-06_13h07.26.021.csv'
17.1264 	INFO 	saved data to C:\Users\Jackson\Desktop\Research Project Experiment\data\pilot_experiment_2026-03-06_13h07.26.021.psydat
17.5544 	DEBUG 	Saving data for experiment ExperimentHandler
17.5597 	WARNING 	Stopping key buffers but this could be dangerous ifother keyboards rely on the same.
