4.3691 	DEBUG 	Fullscreen settings ignored as running in pilot mode.
4.3696 	INFO 	Loaded monitor calibration from ['2026_03_03 13:24']
4.5458 	INFO 	Using renderer 'Intel(R) Iris(R) Xe Graphics' for graphics
4.5458 	INFO 	OpenGL version supported by driver is 4..
4.5740 	EXP 	Created window1 = Window(allowGUI=True, allowStencil=False, autoLog=True, backendConf=UNKNOWN, backgroundFit=<method-wrapper '__getattribute__' of attributeSetter object at 0x0000023C15C6C5E0>, backgroundImage=<method-wrapper '__getattribute__' of attributeSetter object at 0x0000023C15C6C640>, bitsMode=UNKNOWN, blendMode='avg', bpc=(8, 8, 8), color=array([0, 0, 0]), colorSpace='rgb', depthBits=8, fullscr=False, gamma=None, gammaErrorPolicy='raise', infoMsg=UNKNOWN, lms=UNKNOWN, monitor=<psychopy.monitors.calibTools.Monitor object at 0x0000023C117D1780>, multiSample=False, name='window1', numSamples=2, pos=[np.float64(560.0), np.float64(240.0)], screen=0, size=array([800, 600]), stencilBits=0, stereo=False, title='PsychoPy', units='height', useFBO=True, useRetina=False, viewOri=0.0, viewPos=None, viewScale=None, waitBlanking=True, winType='pyglet')
4.5740 	EXP 	window1: backgroundImage = ''
4.5740 	EXP 	window1: backgroundFit = 'none'
4.5883 	DEBUG 	TextBox2 loaded 1 chars with 0 blanks and 1 valid
4.5973 	DEBUG 	TextBox2 loaded 1 chars with 0 blanks and 1 valid
4.6065 	DEBUG 	TextBox2 loaded 1 chars with 0 blanks and 1 valid
4.6162 	DEBUG 	TextBox2 loaded 1 chars with 0 blanks and 1 valid
4.6256 	DEBUG 	TextBox2 loaded 1 chars with 0 blanks and 1 valid
4.6347 	DEBUG 	TextBox2 loaded 1 chars with 0 blanks and 1 valid
4.6442 	DEBUG 	TextBox2 loaded 1 chars with 0 blanks and 1 valid
4.6535 	DEBUG 	TextBox2 loaded 1 chars with 0 blanks and 1 valid
4.6625 	DEBUG 	TextBox2 loaded 1 chars with 0 blanks and 1 valid
4.6716 	DEBUG 	TextBox2 loaded 1 chars with 0 blanks and 1 valid
4.6810 	DEBUG 	TextBox2 loaded 1 chars with 0 blanks and 1 valid
4.6901 	DEBUG 	TextBox2 loaded 1 chars with 0 blanks and 1 valid
4.6992 	DEBUG 	TextBox2 loaded 1 chars with 0 blanks and 1 valid
4.7087 	DEBUG 	TextBox2 loaded 1 chars with 0 blanks and 1 valid
4.7188 	DEBUG 	TextBox2 loaded 1 chars with 0 blanks and 1 valid
4.7276 	DEBUG 	TextBox2 loaded 1 chars with 0 blanks and 1 valid
4.7367 	DEBUG 	TextBox2 loaded 1 chars with 0 blanks and 1 valid
4.7456 	DEBUG 	TextBox2 loaded 1 chars with 0 blanks and 1 valid
4.7550 	DEBUG 	TextBox2 loaded 1 chars with 0 blanks and 1 valid
4.7646 	DEBUG 	TextBox2 loaded 1 chars with 0 blanks and 1 valid
4.7746 	DEBUG 	TextBox2 loaded 1 chars with 0 blanks and 1 valid
4.7748 	DEBUG 	Uploading Texture Font fontname to graphics card
4.7788 	DEBUG 	Upload of Texture Font fontname complete
4.7919 	DEBUG 	TextBox2 loaded 1 chars with 0 blanks and 1 valid
4.8013 	DEBUG 	TextBox2 loaded 1 chars with 0 blanks and 1 valid
4.8109 	DEBUG 	TextBox2 loaded 1 chars with 0 blanks and 1 valid
4.8111 	DEBUG 	Uploading Texture Font fontname to graphics card
4.8134 	DEBUG 	Upload of Texture Font fontname complete
4.8148 	EXP 	window1: Attempting to measure frame rate of screen (0) ...
4.8148 	EXP 	window1: recordFrameIntervals = False
4.8933 	EXP 	window1: recordFrameIntervals = True
5.5882 	EXP 	window1: recordFrameIntervals = False
5.5882 	EXP 	Screen (0) actual frame rate measured at 145.12Hz
5.6022 	DEBUG 	TextBox2 loaded 1 chars with 0 blanks and 1 valid
5.6111 	DEBUG 	TextBox2 loaded 1 chars with 0 blanks and 1 valid
5.6202 	DEBUG 	TextBox2 loaded 1 chars with 0 blanks and 1 valid
5.6297 	DEBUG 	TextBox2 loaded 1 chars with 0 blanks and 1 valid
5.6388 	DEBUG 	TextBox2 loaded 1 chars with 0 blanks and 1 valid
5.6478 	DEBUG 	TextBox2 loaded 1 chars with 0 blanks and 1 valid
5.6568 	DEBUG 	TextBox2 loaded 1 chars with 0 blanks and 1 valid
5.6659 	DEBUG 	TextBox2 loaded 1 chars with 0 blanks and 1 valid
5.6754 	DEBUG 	TextBox2 loaded 1 chars with 0 blanks and 1 valid
5.6848 	DEBUG 	TextBox2 loaded 1 chars with 0 blanks and 1 valid
5.6851 	DEBUG 	Uploading Texture Font fontname to graphics card
5.6855 	DEBUG 	Upload of Texture Font fontname complete
5.8684 	INFO 	keyboard.Keyboard is using ptb backend.
5.8685 	EXP 	experiment: status = STARTED
5.9273 	EXP 	Created WelcomeText = TextStim(__class__=<class 'psychopy.visual.text.TextStim'>, alignHoriz=method-wrapper(...), alignText='center', alignVert=method-wrapper(...), anchorHoriz='center', anchorVert='center', antialias=True, autoDraw=False, autoLog=True, bold=False, color=array([1., 1., 1.]), colorSpace='rgb', contrast=1.0, depth=0.0, draggable=False, flipHoriz=False, flipVert=False, font='Arial', fontFiles=[], height=np.float64(0.05), italic=False, languageStyle='LTR', name='WelcomeText', opacity=1, ori=0.0, pos=array([0., 0.]), rgb=UNKNOWN, text=str(...), units='height', win=Window(...), wrapWidth=1)
5.9349 	EXP 	Created ConditionSelectionText = TextStim(__class__=<class 'psychopy.visual.text.TextStim'>, alignHoriz=method-wrapper(...), alignText='center', alignVert=method-wrapper(...), anchorHoriz='center', anchorVert='center', antialias=True, autoDraw=False, autoLog=True, bold=False, color=array([1., 1., 1.]), colorSpace='rgb', contrast=1.0, depth=0.0, draggable=False, flipHoriz=False, flipVert=False, font='Arial', fontFiles=[], height=np.float64(0.05), italic=False, languageStyle='LTR', name='ConditionSelectionText', opacity=1, ori=0.0, pos=array([0., 0.]), rgb=UNKNOWN, text=str(...), units='height', win=Window(...), wrapWidth=1)
5.9356 	EXP 	Created VideoInstructionsText = TextStim(__class__=<class 'psychopy.visual.text.TextStim'>, alignHoriz=method-wrapper(...), alignText='center', alignVert=method-wrapper(...), anchorHoriz='center', anchorVert='center', antialias=True, autoDraw=False, autoLog=True, bold=False, color=array([1., 1., 1.]), colorSpace='rgb', contrast=1.0, depth=0.0, draggable=False, flipHoriz=False, flipVert=False, font='Arial', fontFiles=[], height=np.float64(0.05), italic=False, languageStyle='LTR', name='VideoInstructionsText', opacity=1, ori=0.0, pos=array([0., 0.]), rgb=UNKNOWN, text='', units='height', win=Window(...), wrapWidth=1)
5.9406 	EXP 	Created ScreenshotInstructionsText = TextStim(__class__=<class 'psychopy.visual.text.TextStim'>, alignHoriz=method-wrapper(...), alignText='center', alignVert=method-wrapper(...), anchorHoriz='center', anchorVert='center', antialias=True, autoDraw=False, autoLog=True, bold=False, color=array([1., 1., 1.]), colorSpace='rgb', contrast=1.0, depth=0.0, draggable=False, flipHoriz=False, flipVert=False, font='Arial', fontFiles=[], height=np.float64(0.05), italic=False, languageStyle='LTR', name='ScreenshotInstructionsText', opacity=1, ori=0.0, pos=array([0., 0.]), rgb=UNKNOWN, text=str(...), units='height', win=Window(...), wrapWidth=1)
5.9521 	EXP 	Created ScreenshotLeft = ImageStim(__class__=<class 'psychopy.visual.image.ImageStim'>, anchor=('center', 'center'), autoLog=True, color=array([1., 1., 1.]), colorSpace='rgb', contrast=1.0, depth=0.0, draggable=False, flipHoriz=np.False_, flipVert=np.False_, image='default.png', interpolate=True, mask=None, maskParams=None, name='ScreenshotLeft', opacity=1, ori=0.0, pos=array([-0.3,  0. ]), size=array([0.5, 0.5]), texRes=128.0, units='height', win=Window(...))
5.9543 	EXP 	Created ScreenshotRight = ImageStim(__class__=<class 'psychopy.visual.image.ImageStim'>, anchor=('center', 'center'), autoLog=True, color=array([1., 1., 1.]), colorSpace='rgb', contrast=1.0, depth=-1.0, draggable=False, flipHoriz=np.False_, flipVert=np.False_, image='default.png', interpolate=True, mask=None, maskParams=None, name='ScreenshotRight', opacity=1, ori=0.0, pos=array([0.3, 0. ]), size=array([0.5, 0.5]), texRes=128.0, units='height', win=Window(...))
5.9568 	EXP 	Created WordListInstructionsText = TextStim(__class__=<class 'psychopy.visual.text.TextStim'>, alignHoriz=method-wrapper(...), alignText='center', alignVert=method-wrapper(...), anchorHoriz='center', anchorVert='center', antialias=True, autoDraw=False, autoLog=True, bold=False, color=array([1., 1., 1.]), colorSpace='rgb', contrast=1.0, depth=0.0, draggable=False, flipHoriz=False, flipVert=False, font='Arial', fontFiles=[], height=np.float64(0.05), italic=False, languageStyle='LTR', name='WordListInstructionsText', opacity=1, ori=0.0, pos=array([0., 0.]), rgb=UNKNOWN, text=str(...), units='height', win=Window(...), wrapWidth=1)
5.9572 	EXP 	Created WordListStudyText = TextStim(__class__=<class 'psychopy.visual.text.TextStim'>, alignHoriz=method-wrapper(...), alignText='center', alignVert=method-wrapper(...), anchorHoriz='center', anchorVert='center', antialias=True, autoDraw=False, autoLog=True, bold=False, color=array([1., 1., 1.]), colorSpace='rgb', contrast=1.0, depth=0.0, draggable=False, flipHoriz=False, flipVert=False, font='Arial', fontFiles=[], height=0.05, italic=False, languageStyle='LTR', name='WordListStudyText', opacity=1, ori=0.0, pos=array([0., 0.]), rgb=UNKNOWN, text='', units='height', win=Window(...), wrapWidth=1)
5.9578 	EXP 	Created WordListDistractionText = TextStim(__class__=<class 'psychopy.visual.text.TextStim'>, alignHoriz=method-wrapper(...), alignText='center', alignVert=method-wrapper(...), anchorHoriz='center', anchorVert='center', antialias=True, autoDraw=False, autoLog=True, bold=False, color=array([1., 1., 1.]), colorSpace='rgb', contrast=1.0, depth=0.0, draggable=False, flipHoriz=False, flipVert=False, font='Arial', fontFiles=[], height=np.float64(0.05), italic=False, languageStyle='LTR', name='WordListDistractionText', opacity=1, ori=0.0, pos=array([0., 0.]), rgb=UNKNOWN, text='', units='height', win=Window(...), wrapWidth=1)
5.9614 	INFO 	Importing items...
5.9646 	DEBUG 	Read csv file with pandas: wordlistform.csv
5.9672 	DEBUG 	Clearing unnamed columns from wordlistform.csv
5.9684 	EXP 	Imported wordlistform.csv as conditions, 5 conditions, 13 params
5.9685 	INFO 	Using default values for the following headers: ['index', 'itemColor', 'itemWidth', 'ticks', 'tickLabels', 'font', 'responseWidth', 'responseColor', 'markerColor', 'layout', 'index', 'itemColor', 'itemWidth', 'ticks', 'tickLabels', 'font', 'responseWidth', 'responseColor', 'markerColor', 'layout', 'index', 'itemColor', 'itemWidth', 'ticks', 'tickLabels', 'font', 'responseWidth', 'responseColor', 'markerColor', 'layout', 'index', 'itemColor', 'itemWidth', 'ticks', 'tickLabels', 'font', 'responseWidth', 'responseColor', 'markerColor', 'layout', 'index', 'itemColor', 'itemWidth', 'ticks', 'tickLabels', 'font', 'responseWidth', 'responseColor', 'markerColor', 'layout']
5.9691 	INFO 	Setting layout of Form: WordListTestForm.
5.9691 	EXP 	Question text: 1
5.9805 	DEBUG 	TextBox2 loaded 1 chars with 0 blanks and 1 valid
5.9806 	DEBUG 	Uploading Texture Font fontname to graphics card
5.9814 	DEBUG 	Upload of Texture Font fontname complete
5.9932 	DEBUG 	TextBox2 loaded 1 chars with 0 blanks and 1 valid
6.0022 	DEBUG 	TextBox2 loaded 1 chars with 0 blanks and 1 valid
6.0112 	DEBUG 	TextBox2 loaded 1 chars with 0 blanks and 1 valid
6.0202 	DEBUG 	TextBox2 loaded 1 chars with 0 blanks and 1 valid
6.0292 	DEBUG 	TextBox2 loaded 1 chars with 0 blanks and 1 valid
6.0382 	DEBUG 	TextBox2 loaded 1 chars with 0 blanks and 1 valid
6.0470 	DEBUG 	TextBox2 loaded 1 chars with 0 blanks and 1 valid
6.0557 	DEBUG 	TextBox2 loaded 1 chars with 0 blanks and 1 valid
6.0647 	DEBUG 	TextBox2 loaded 1 chars with 0 blanks and 1 valid
6.0649 	DEBUG 	Uploading Texture Font fontname to graphics card
6.0654 	DEBUG 	Upload of Texture Font fontname complete
6.0663 	INFO 	Adding response to Form type: choice, layout: horiz, options: ['apple']
6.1479 	DEBUG 	Saving data for experiment ExperimentHandler
6.1485 	INFO 	saved data to C:\Users\Jackson\Documents\GitHub\ResearchExperiment\data\pilot_experiment_2026-03-07_15h53.18.681.psydat
6.1489 	INFO 	saved data to 'C:\\Users\\Jackson\\Documents\\GitHub\\ResearchExperiment\\data\\pilot_experiment_2026-03-07_15h53.18.681.csv'
6.1519 	WARNING 	Stopping key buffers but this could be dangerous ifother keyboards rely on the same.
