4.6720 	DEBUG 	Fullscreen settings ignored as running in pilot mode.
4.6728 	INFO 	Loaded monitor calibration from ['2026_03_03 13:24']
4.8485 	INFO 	Using renderer 'Intel(R) Iris(R) Xe Graphics' for graphics
4.8485 	INFO 	OpenGL version supported by driver is 4..
4.8777 	EXP 	Created window1 = Window(allowGUI=True, allowStencil=False, autoLog=True, backendConf=UNKNOWN, backgroundFit=<method-wrapper '__getattribute__' of attributeSetter object at 0x000001DE2D247F40>, backgroundImage=<method-wrapper '__getattribute__' of attributeSetter object at 0x000001DE2D247EE0>, bitsMode=UNKNOWN, blendMode='avg', bpc=(8, 8, 8), color=array([0, 0, 0]), colorSpace='rgb', depthBits=8, fullscr=False, gamma=None, gammaErrorPolicy='raise', infoMsg=UNKNOWN, lms=UNKNOWN, monitor=<psychopy.monitors.calibTools.Monitor object at 0x000001DE2D347B50>, multiSample=False, name='window1', numSamples=2, pos=[np.float64(560.0), np.float64(240.0)], screen=0, size=array([800, 600]), stencilBits=0, stereo=False, title='PsychoPy', units='height', useFBO=True, useRetina=False, viewOri=0.0, viewPos=None, viewScale=None, waitBlanking=True, winType='pyglet')
4.8777 	EXP 	window1: backgroundImage = ''
4.8777 	EXP 	window1: backgroundFit = 'none'
4.8921 	DEBUG 	TextBox2 loaded 1 chars with 0 blanks and 1 valid
4.9014 	DEBUG 	TextBox2 loaded 1 chars with 0 blanks and 1 valid
4.9104 	DEBUG 	TextBox2 loaded 1 chars with 0 blanks and 1 valid
4.9198 	DEBUG 	TextBox2 loaded 1 chars with 0 blanks and 1 valid
4.9293 	DEBUG 	TextBox2 loaded 1 chars with 0 blanks and 1 valid
4.9384 	DEBUG 	TextBox2 loaded 1 chars with 0 blanks and 1 valid
4.9476 	DEBUG 	TextBox2 loaded 1 chars with 0 blanks and 1 valid
4.9570 	DEBUG 	TextBox2 loaded 1 chars with 0 blanks and 1 valid
4.9663 	DEBUG 	TextBox2 loaded 1 chars with 0 blanks and 1 valid
4.9754 	DEBUG 	TextBox2 loaded 1 chars with 0 blanks and 1 valid
4.9846 	DEBUG 	TextBox2 loaded 1 chars with 0 blanks and 1 valid
4.9938 	DEBUG 	TextBox2 loaded 1 chars with 0 blanks and 1 valid
5.0028 	DEBUG 	TextBox2 loaded 1 chars with 0 blanks and 1 valid
5.0116 	DEBUG 	TextBox2 loaded 1 chars with 0 blanks and 1 valid
5.0206 	DEBUG 	TextBox2 loaded 1 chars with 0 blanks and 1 valid
5.0297 	DEBUG 	TextBox2 loaded 1 chars with 0 blanks and 1 valid
5.0387 	DEBUG 	TextBox2 loaded 1 chars with 0 blanks and 1 valid
5.0474 	DEBUG 	TextBox2 loaded 1 chars with 0 blanks and 1 valid
5.0564 	DEBUG 	TextBox2 loaded 1 chars with 0 blanks and 1 valid
5.0658 	DEBUG 	TextBox2 loaded 1 chars with 0 blanks and 1 valid
5.0746 	DEBUG 	TextBox2 loaded 1 chars with 0 blanks and 1 valid
5.0749 	DEBUG 	Uploading Texture Font fontname to graphics card
5.0792 	DEBUG 	Upload of Texture Font fontname complete
5.0920 	DEBUG 	TextBox2 loaded 1 chars with 0 blanks and 1 valid
5.1009 	DEBUG 	TextBox2 loaded 1 chars with 0 blanks and 1 valid
5.1100 	DEBUG 	TextBox2 loaded 1 chars with 0 blanks and 1 valid
5.1102 	DEBUG 	Uploading Texture Font fontname to graphics card
5.1127 	DEBUG 	Upload of Texture Font fontname complete
5.1141 	EXP 	window1: Attempting to measure frame rate of screen (0) ...
5.1141 	EXP 	window1: recordFrameIntervals = False
5.1840 	EXP 	window1: recordFrameIntervals = True
5.8794 	EXP 	window1: recordFrameIntervals = False
5.8794 	EXP 	Screen (0) actual frame rate measured at 143.32Hz
5.8921 	DEBUG 	TextBox2 loaded 1 chars with 0 blanks and 1 valid
5.9008 	DEBUG 	TextBox2 loaded 1 chars with 0 blanks and 1 valid
5.9097 	DEBUG 	TextBox2 loaded 1 chars with 0 blanks and 1 valid
5.9218 	DEBUG 	TextBox2 loaded 1 chars with 0 blanks and 1 valid
5.9308 	DEBUG 	TextBox2 loaded 1 chars with 0 blanks and 1 valid
5.9397 	DEBUG 	TextBox2 loaded 1 chars with 0 blanks and 1 valid
5.9483 	DEBUG 	TextBox2 loaded 1 chars with 0 blanks and 1 valid
5.9572 	DEBUG 	TextBox2 loaded 1 chars with 0 blanks and 1 valid
5.9660 	DEBUG 	TextBox2 loaded 1 chars with 0 blanks and 1 valid
5.9749 	DEBUG 	TextBox2 loaded 1 chars with 0 blanks and 1 valid
5.9751 	DEBUG 	Uploading Texture Font fontname to graphics card
5.9755 	DEBUG 	Upload of Texture Font fontname complete
6.1606 	INFO 	keyboard.Keyboard is using ptb backend.
6.1607 	EXP 	experiment: status = STARTED
6.2171 	EXP 	Created WelcomeText = TextStim(__class__=<class 'psychopy.visual.text.TextStim'>, alignHoriz=method-wrapper(...), alignText='center', alignVert=method-wrapper(...), anchorHoriz='center', anchorVert='center', antialias=True, autoDraw=False, autoLog=True, bold=False, color=array([1., 1., 1.]), colorSpace='rgb', contrast=1.0, depth=0.0, draggable=False, flipHoriz=False, flipVert=False, font='Arial', fontFiles=[], height=np.float64(0.05), italic=False, languageStyle='LTR', name='WelcomeText', opacity=1, ori=0.0, pos=array([0., 0.]), rgb=UNKNOWN, text=str(...), units='height', win=Window(...), wrapWidth=1)
6.2218 	EXP 	Created ConditionSelectionText = TextStim(__class__=<class 'psychopy.visual.text.TextStim'>, alignHoriz=method-wrapper(...), alignText='center', alignVert=method-wrapper(...), anchorHoriz='center', anchorVert='center', antialias=True, autoDraw=False, autoLog=True, bold=False, color=array([1., 1., 1.]), colorSpace='rgb', contrast=1.0, depth=0.0, draggable=False, flipHoriz=False, flipVert=False, font='Arial', fontFiles=[], height=np.float64(0.05), italic=False, languageStyle='LTR', name='ConditionSelectionText', opacity=1, ori=0.0, pos=array([0., 0.]), rgb=UNKNOWN, text=str(...), units='height', win=Window(...), wrapWidth=1)
6.2250 	DEBUG 	TextBox2 loaded 1 chars with 0 blanks and 1 valid
6.2251 	DEBUG 	Uploading Texture Font fontname to graphics card
6.2259 	DEBUG 	Upload of Texture Font fontname complete
6.2294 	DEBUG 	TextBox2 loaded 1 chars with 0 blanks and 1 valid
6.2300 	DEBUG 	TextBox2 loaded 1 chars with 0 blanks and 1 valid
6.2307 	DEBUG 	TextBox2 loaded 1 chars with 0 blanks and 1 valid
6.2313 	DEBUG 	TextBox2 loaded 1 chars with 0 blanks and 1 valid
6.2316 	DEBUG 	TextBox2 loaded 1 chars with 0 blanks and 1 valid
6.2318 	DEBUG 	TextBox2 loaded 1 chars with 0 blanks and 1 valid
6.2325 	DEBUG 	TextBox2 loaded 1 chars with 0 blanks and 1 valid
6.2327 	DEBUG 	TextBox2 loaded 1 chars with 0 blanks and 1 valid
6.2332 	DEBUG 	TextBox2 loaded 1 chars with 0 blanks and 1 valid
6.2335 	DEBUG 	TextBox2 loaded 1 chars with 0 blanks and 1 valid
6.2337 	DEBUG 	Uploading Texture Font fontname to graphics card
6.2341 	DEBUG 	Upload of Texture Font fontname complete
6.2374 	DEBUG 	TextBox2 loaded 1 chars with 0 blanks and 1 valid
6.2375 	DEBUG 	Uploading Texture Font fontname to graphics card
6.2386 	DEBUG 	Upload of Texture Font fontname complete
6.2427 	EXP 	Created VideoInstructionsText = TextStim(__class__=<class 'psychopy.visual.text.TextStim'>, alignHoriz=method-wrapper(...), alignText='center', alignVert=method-wrapper(...), anchorHoriz='center', anchorVert='center', antialias=True, autoDraw=False, autoLog=True, bold=False, color=array([1., 1., 1.]), colorSpace='rgb', contrast=1.0, depth=0.0, draggable=False, flipHoriz=False, flipVert=False, font='Arial', fontFiles=[], height=np.float64(0.05), italic=False, languageStyle='LTR', name='VideoInstructionsText', opacity=1, ori=0.0, pos=array([0. , 0.2]), rgb=UNKNOWN, text='', units='height', win=Window(...), wrapWidth=1)
6.2474 	EXP 	Created ScreenshotInstructionsText = TextStim(__class__=<class 'psychopy.visual.text.TextStim'>, alignHoriz=method-wrapper(...), alignText='center', alignVert=method-wrapper(...), anchorHoriz='center', anchorVert='center', antialias=True, autoDraw=False, autoLog=True, bold=False, color=array([1., 1., 1.]), colorSpace='rgb', contrast=1.0, depth=0.0, draggable=False, flipHoriz=False, flipVert=False, font='Arial', fontFiles=[], height=np.float64(0.05), italic=False, languageStyle='LTR', name='ScreenshotInstructionsText', opacity=1, ori=0.0, pos=array([0., 0.]), rgb=UNKNOWN, text=str(...), units='height', win=Window(...), wrapWidth=1)
6.2586 	EXP 	Created ScreenshotLeft = ImageStim(__class__=<class 'psychopy.visual.image.ImageStim'>, anchor=('center', 'center'), autoLog=True, color=array([1., 1., 1.]), colorSpace='rgb', contrast=1.0, depth=0.0, draggable=False, flipHoriz=np.False_, flipVert=np.False_, image='default.png', interpolate=True, mask=None, maskParams=None, name='ScreenshotLeft', opacity=1, ori=0.0, pos=array([-0.3,  0. ]), size=array([0.5, 0.5]), texRes=128.0, units='height', win=Window(...))
6.2607 	EXP 	Created ScreenshotRight = ImageStim(__class__=<class 'psychopy.visual.image.ImageStim'>, anchor=('center', 'center'), autoLog=True, color=array([1., 1., 1.]), colorSpace='rgb', contrast=1.0, depth=-1.0, draggable=False, flipHoriz=np.False_, flipVert=np.False_, image='default.png', interpolate=True, mask=None, maskParams=None, name='ScreenshotRight', opacity=1, ori=0.0, pos=array([0.3, 0. ]), size=array([0.5, 0.5]), texRes=128.0, units='height', win=Window(...))
6.2627 	EXP 	Created WordListInstructionsText = TextStim(__class__=<class 'psychopy.visual.text.TextStim'>, alignHoriz=method-wrapper(...), alignText='center', alignVert=method-wrapper(...), anchorHoriz='center', anchorVert='center', antialias=True, autoDraw=False, autoLog=True, bold=False, color=array([1., 1., 1.]), colorSpace='rgb', contrast=1.0, depth=0.0, draggable=False, flipHoriz=False, flipVert=False, font='Arial', fontFiles=[], height=np.float64(0.05), italic=False, languageStyle='LTR', name='WordListInstructionsText', opacity=1, ori=0.0, pos=array([0., 0.]), rgb=UNKNOWN, text=str(...), units='height', win=Window(...), wrapWidth=1)
6.2631 	EXP 	Created WordListStudyText = TextStim(__class__=<class 'psychopy.visual.text.TextStim'>, alignHoriz=method-wrapper(...), alignText='center', alignVert=method-wrapper(...), anchorHoriz='center', anchorVert='center', antialias=True, autoDraw=False, autoLog=True, bold=False, color=array([1., 1., 1.]), colorSpace='rgb', contrast=1.0, depth=0.0, draggable=False, flipHoriz=False, flipVert=False, font='Arial', fontFiles=[], height=0.05, italic=False, languageStyle='LTR', name='WordListStudyText', opacity=1, ori=0.0, pos=array([0., 0.]), rgb=UNKNOWN, text='', units='height', win=Window(...), wrapWidth=1)
6.2637 	EXP 	Created WordListDistractionText = TextStim(__class__=<class 'psychopy.visual.text.TextStim'>, alignHoriz=method-wrapper(...), alignText='center', alignVert=method-wrapper(...), anchorHoriz='center', anchorVert='center', antialias=True, autoDraw=False, autoLog=True, bold=False, color=array([1., 1., 1.]), colorSpace='rgb', contrast=1.0, depth=0.0, draggable=False, flipHoriz=False, flipVert=False, font='Arial', fontFiles=[], height=np.float64(0.05), italic=False, languageStyle='LTR', name='WordListDistractionText', opacity=1, ori=0.0, pos=array([0., 0.]), rgb=UNKNOWN, text='', units='height', win=Window(...), wrapWidth=1)
0.0073 	EXP 	WordListDistractionText: height = np.float64(0.05)
0.0073 	EXP 	WordListDistractionText: height = np.float64(0.05)
0.0073 	EXP 	WordListDistractionText: height = np.float64(0.05)
0.0073 	EXP 	WordListDistractionText: text = 'Count backwards by 3 from 219 out loud'
0.0148 	INFO 	Keyboard events cleared
0.0148 	EXP 	WelcomeText: autoDraw = True
1.7368 	EXP 	Device response: <KeyPress from None: t=1.7301244999980554, value=space, duration=None>
1.7377 	DATA 	Keypress: space
1.7439 	INFO 	Keyboard events cleared
1.7439 	EXP 	WelcomeText: autoDraw = False
1.7439 	EXP 	ConditionSelectionText: autoDraw = True
1.8149 	EXP 	Device response: <KeyPress from None: t=1.7301244999980554, value=space, duration=0.07831350003834814>
3.4195 	DATA 	Keypress: a
3.4197 	EXP 	Device response: <KeyPress from None: t=3.416685299947858, value=a, duration=None>
3.4200 	EXP 	New trial (rep=0, index=0): <Trial 0 (0 in rep 0) data={'thisN': 0, 'thisTrialN': 0, 'thisRepN': 0}>
3.4626 	DEBUG 	Saving data for experiment ExperimentHandler
3.4632 	INFO 	saved data to C:\Users\Jackson\Documents\GitHub\ResearchExperiment\data\pilot_experiment_2026-03-07_13h36.04.388.psydat
3.4637 	INFO 	saved data to 'C:\\Users\\Jackson\\Documents\\GitHub\\ResearchExperiment\\data\\pilot_experiment_2026-03-07_13h36.04.388.csv'
3.4667 	WARNING 	Stopping key buffers but this could be dangerous ifother keyboards rely on the same.
