4.3183 	DEBUG 	Fullscreen settings ignored as running in pilot mode.
4.3188 	INFO 	Loaded monitor calibration from ['2026_03_03 13:24']
4.4974 	INFO 	Using renderer 'Intel(R) Iris(R) Xe Graphics' for graphics
4.4974 	INFO 	OpenGL version supported by driver is 4..
4.5227 	EXP 	Created window1 = Window(allowGUI=True, allowStencil=False, autoLog=True, backendConf=UNKNOWN, backgroundFit=<method-wrapper '__getattribute__' of attributeSetter object at 0x000001E7FFA02C80>, backgroundImage=<method-wrapper '__getattribute__' of attributeSetter object at 0x000001E7FFA02C20>, bitsMode=UNKNOWN, blendMode='avg', bpc=(8, 8, 8), color=array([0, 0, 0]), colorSpace='rgb', depthBits=8, fullscr=False, gamma=None, gammaErrorPolicy='raise', infoMsg=UNKNOWN, lms=UNKNOWN, monitor=<psychopy.monitors.calibTools.Monitor object at 0x000001E781390A00>, multiSample=False, name='window1', numSamples=2, pos=[np.float64(560.0), np.float64(240.0)], screen=0, size=array([800, 600]), stencilBits=0, stereo=False, title='PsychoPy', units='height', useFBO=True, useRetina=False, viewOri=0.0, viewPos=None, viewScale=None, waitBlanking=True, winType='pyglet')
4.5227 	EXP 	window1: backgroundImage = ''
4.5227 	EXP 	window1: backgroundFit = 'none'
4.5366 	DEBUG 	TextBox2 loaded 1 chars with 0 blanks and 1 valid
4.5457 	DEBUG 	TextBox2 loaded 1 chars with 0 blanks and 1 valid
4.5546 	DEBUG 	TextBox2 loaded 1 chars with 0 blanks and 1 valid
4.5637 	DEBUG 	TextBox2 loaded 1 chars with 0 blanks and 1 valid
4.5727 	DEBUG 	TextBox2 loaded 1 chars with 0 blanks and 1 valid
4.5814 	DEBUG 	TextBox2 loaded 1 chars with 0 blanks and 1 valid
4.5905 	DEBUG 	TextBox2 loaded 1 chars with 0 blanks and 1 valid
4.5995 	DEBUG 	TextBox2 loaded 1 chars with 0 blanks and 1 valid
4.6081 	DEBUG 	TextBox2 loaded 1 chars with 0 blanks and 1 valid
4.6167 	DEBUG 	TextBox2 loaded 1 chars with 0 blanks and 1 valid
4.6258 	DEBUG 	TextBox2 loaded 1 chars with 0 blanks and 1 valid
4.6346 	DEBUG 	TextBox2 loaded 1 chars with 0 blanks and 1 valid
4.6434 	DEBUG 	TextBox2 loaded 1 chars with 0 blanks and 1 valid
4.6522 	DEBUG 	TextBox2 loaded 1 chars with 0 blanks and 1 valid
4.6609 	DEBUG 	TextBox2 loaded 1 chars with 0 blanks and 1 valid
4.6698 	DEBUG 	TextBox2 loaded 1 chars with 0 blanks and 1 valid
4.6788 	DEBUG 	TextBox2 loaded 1 chars with 0 blanks and 1 valid
4.6874 	DEBUG 	TextBox2 loaded 1 chars with 0 blanks and 1 valid
4.6960 	DEBUG 	TextBox2 loaded 1 chars with 0 blanks and 1 valid
4.7050 	DEBUG 	TextBox2 loaded 1 chars with 0 blanks and 1 valid
4.7136 	DEBUG 	TextBox2 loaded 1 chars with 0 blanks and 1 valid
4.7139 	DEBUG 	Uploading Texture Font fontname to graphics card
4.7206 	DEBUG 	Upload of Texture Font fontname complete
4.7331 	DEBUG 	TextBox2 loaded 1 chars with 0 blanks and 1 valid
4.7419 	DEBUG 	TextBox2 loaded 1 chars with 0 blanks and 1 valid
4.7511 	DEBUG 	TextBox2 loaded 1 chars with 0 blanks and 1 valid
4.7513 	DEBUG 	Uploading Texture Font fontname to graphics card
4.7581 	DEBUG 	Upload of Texture Font fontname complete
4.7619 	EXP 	window1: Attempting to measure frame rate of screen (0) ...
4.7619 	EXP 	window1: recordFrameIntervals = False
4.8399 	EXP 	window1: recordFrameIntervals = True
5.5348 	EXP 	window1: recordFrameIntervals = False
5.5348 	EXP 	Screen (0) actual frame rate measured at 144.39Hz
5.5666 	DEBUG 	TextBox2 loaded 1 chars with 0 blanks and 1 valid
5.5755 	DEBUG 	TextBox2 loaded 1 chars with 0 blanks and 1 valid
5.5843 	DEBUG 	TextBox2 loaded 1 chars with 0 blanks and 1 valid
5.5933 	DEBUG 	TextBox2 loaded 1 chars with 0 blanks and 1 valid
5.6022 	DEBUG 	TextBox2 loaded 1 chars with 0 blanks and 1 valid
5.6113 	DEBUG 	TextBox2 loaded 1 chars with 0 blanks and 1 valid
5.6199 	DEBUG 	TextBox2 loaded 1 chars with 0 blanks and 1 valid
5.6288 	DEBUG 	TextBox2 loaded 1 chars with 0 blanks and 1 valid
5.6378 	DEBUG 	TextBox2 loaded 1 chars with 0 blanks and 1 valid
5.6468 	DEBUG 	TextBox2 loaded 1 chars with 0 blanks and 1 valid
5.6470 	DEBUG 	Uploading Texture Font fontname to graphics card
5.6474 	DEBUG 	Upload of Texture Font fontname complete
5.8426 	INFO 	keyboard.Keyboard is using ptb backend.
5.8426 	EXP 	experiment: status = STARTED
5.8989 	EXP 	Created WelcomeText = TextStim(__class__=<class 'psychopy.visual.text.TextStim'>, alignHoriz=method-wrapper(...), alignText='center', alignVert=method-wrapper(...), anchorHoriz='center', anchorVert='center', antialias=True, autoDraw=False, autoLog=True, bold=False, color=array([1., 1., 1.]), colorSpace='rgb', contrast=1.0, depth=0.0, draggable=False, flipHoriz=False, flipVert=False, font='Arial', fontFiles=[], height=np.float64(0.05), italic=False, languageStyle='LTR', name='WelcomeText', opacity=1, ori=0.0, pos=array([0., 0.]), rgb=UNKNOWN, text=str(...), units='height', win=Window(...), wrapWidth=1)
5.9039 	EXP 	Created ConditionSelectionText = TextStim(__class__=<class 'psychopy.visual.text.TextStim'>, alignHoriz=method-wrapper(...), alignText='center', alignVert=method-wrapper(...), anchorHoriz='center', anchorVert='center', antialias=True, autoDraw=False, autoLog=True, bold=False, color=array([1., 1., 1.]), colorSpace='rgb', contrast=1.0, depth=0.0, draggable=False, flipHoriz=False, flipVert=False, font='Arial', fontFiles=[], height=np.float64(0.05), italic=False, languageStyle='LTR', name='ConditionSelectionText', opacity=1, ori=0.0, pos=array([0., 0.]), rgb=UNKNOWN, text=str(...), units='height', win=Window(...), wrapWidth=1)
5.9072 	DEBUG 	TextBox2 loaded 1 chars with 0 blanks and 1 valid
5.9073 	DEBUG 	Uploading Texture Font fontname to graphics card
5.9084 	DEBUG 	Upload of Texture Font fontname complete
5.9120 	DEBUG 	TextBox2 loaded 1 chars with 0 blanks and 1 valid
5.9126 	DEBUG 	TextBox2 loaded 1 chars with 0 blanks and 1 valid
5.9133 	DEBUG 	TextBox2 loaded 1 chars with 0 blanks and 1 valid
5.9137 	DEBUG 	TextBox2 loaded 1 chars with 0 blanks and 1 valid
5.9139 	DEBUG 	TextBox2 loaded 1 chars with 0 blanks and 1 valid
5.9141 	DEBUG 	TextBox2 loaded 1 chars with 0 blanks and 1 valid
5.9151 	DEBUG 	TextBox2 loaded 1 chars with 0 blanks and 1 valid
5.9154 	DEBUG 	TextBox2 loaded 1 chars with 0 blanks and 1 valid
5.9159 	DEBUG 	TextBox2 loaded 1 chars with 0 blanks and 1 valid
5.9161 	DEBUG 	TextBox2 loaded 1 chars with 0 blanks and 1 valid
5.9163 	DEBUG 	Uploading Texture Font fontname to graphics card
5.9168 	DEBUG 	Upload of Texture Font fontname complete
5.9202 	DEBUG 	TextBox2 loaded 1 chars with 0 blanks and 1 valid
5.9204 	DEBUG 	Uploading Texture Font fontname to graphics card
5.9244 	DEBUG 	Upload of Texture Font fontname complete
5.9297 	EXP 	Created VideoInstructionsText = TextStim(__class__=<class 'psychopy.visual.text.TextStim'>, alignHoriz=method-wrapper(...), alignText='center', alignVert=method-wrapper(...), anchorHoriz='center', anchorVert='center', antialias=True, autoDraw=False, autoLog=True, bold=False, color=array([1., 1., 1.]), colorSpace='rgb', contrast=1.0, depth=0.0, draggable=False, flipHoriz=False, flipVert=False, font='Arial', fontFiles=[], height=np.float64(0.05), italic=False, languageStyle='LTR', name='VideoInstructionsText', opacity=1, ori=0.0, pos=array([0. , 0.2]), rgb=UNKNOWN, text='', units='height', win=Window(...), wrapWidth=1)
5.9346 	EXP 	Created ScreenshotInstructionsText = TextStim(__class__=<class 'psychopy.visual.text.TextStim'>, alignHoriz=method-wrapper(...), alignText='center', alignVert=method-wrapper(...), anchorHoriz='center', anchorVert='center', antialias=True, autoDraw=False, autoLog=True, bold=False, color=array([1., 1., 1.]), colorSpace='rgb', contrast=1.0, depth=0.0, draggable=False, flipHoriz=False, flipVert=False, font='Arial', fontFiles=[], height=np.float64(0.05), italic=False, languageStyle='LTR', name='ScreenshotInstructionsText', opacity=1, ori=0.0, pos=array([0., 0.]), rgb=UNKNOWN, text=str(...), units='height', win=Window(...), wrapWidth=1)
5.9464 	EXP 	Created ScreenshotLeft = ImageStim(__class__=<class 'psychopy.visual.image.ImageStim'>, anchor=('center', 'center'), autoLog=True, color=array([1., 1., 1.]), colorSpace='rgb', contrast=1.0, depth=0.0, draggable=False, flipHoriz=np.False_, flipVert=np.False_, image='default.png', interpolate=True, mask=None, maskParams=None, name='ScreenshotLeft', opacity=1, ori=0.0, pos=array([-0.3,  0. ]), size=array([0.5, 0.5]), texRes=128.0, units='height', win=Window(...))
5.9490 	EXP 	Created ScreenshotRight = ImageStim(__class__=<class 'psychopy.visual.image.ImageStim'>, anchor=('center', 'center'), autoLog=True, color=array([1., 1., 1.]), colorSpace='rgb', contrast=1.0, depth=-1.0, draggable=False, flipHoriz=np.False_, flipVert=np.False_, image='default.png', interpolate=True, mask=None, maskParams=None, name='ScreenshotRight', opacity=1, ori=0.0, pos=array([0.3, 0. ]), size=array([0.5, 0.5]), texRes=128.0, units='height', win=Window(...))
5.9512 	EXP 	Created WordListInstructionsText = TextStim(__class__=<class 'psychopy.visual.text.TextStim'>, alignHoriz=method-wrapper(...), alignText='center', alignVert=method-wrapper(...), anchorHoriz='center', anchorVert='center', antialias=True, autoDraw=False, autoLog=True, bold=False, color=array([1., 1., 1.]), colorSpace='rgb', contrast=1.0, depth=0.0, draggable=False, flipHoriz=False, flipVert=False, font='Arial', fontFiles=[], height=np.float64(0.05), italic=False, languageStyle='LTR', name='WordListInstructionsText', opacity=1, ori=0.0, pos=array([0., 0.]), rgb=UNKNOWN, text=str(...), units='height', win=Window(...), wrapWidth=1)
5.9517 	EXP 	Created WordListStudyText = TextStim(__class__=<class 'psychopy.visual.text.TextStim'>, alignHoriz=method-wrapper(...), alignText='center', alignVert=method-wrapper(...), anchorHoriz='center', anchorVert='center', antialias=True, autoDraw=False, autoLog=True, bold=False, color=array([1., 1., 1.]), colorSpace='rgb', contrast=1.0, depth=0.0, draggable=False, flipHoriz=False, flipVert=False, font='Arial', fontFiles=[], height=0.05, italic=False, languageStyle='LTR', name='WordListStudyText', opacity=1, ori=0.0, pos=array([0., 0.]), rgb=UNKNOWN, text='', units='height', win=Window(...), wrapWidth=1)
5.9523 	EXP 	Created WordListDistractionText = TextStim(__class__=<class 'psychopy.visual.text.TextStim'>, alignHoriz=method-wrapper(...), alignText='center', alignVert=method-wrapper(...), anchorHoriz='center', anchorVert='center', antialias=True, autoDraw=False, autoLog=True, bold=False, color=array([1., 1., 1.]), colorSpace='rgb', contrast=1.0, depth=0.0, draggable=False, flipHoriz=False, flipVert=False, font='Arial', fontFiles=[], height=np.float64(0.05), italic=False, languageStyle='LTR', name='WordListDistractionText', opacity=1, ori=0.0, pos=array([0., 0.]), rgb=UNKNOWN, text='', units='height', win=Window(...), wrapWidth=1)
0.0032 	EXP 	WordListDistractionText: height = np.float64(0.05)
0.0032 	EXP 	WordListDistractionText: height = np.float64(0.05)
0.0032 	EXP 	WordListDistractionText: height = np.float64(0.05)
0.0032 	EXP 	WordListDistractionText: text = 'Count backwards by 3 from 882 out loud'
0.0105 	INFO 	Keyboard events cleared
0.0105 	EXP 	WelcomeText: autoDraw = True
1.1065 	EXP 	Device response: <KeyPress from None: t=1.0972561000380665, value=space, duration=None>
1.1072 	DATA 	Keypress: space
1.1144 	INFO 	Keyboard events cleared
1.1143 	EXP 	WelcomeText: autoDraw = False
1.1143 	EXP 	ConditionSelectionText: autoDraw = True
1.1651 	EXP 	Device response: <KeyPress from None: t=1.0972561000380665, value=space, duration=0.06449319992680103>
1.8588 	DATA 	Keypress: a
1.8591 	EXP 	Device response: <KeyPress from None: t=1.855696100043133, value=a, duration=None>
1.8960 	DEBUG 	Saving data for experiment ExperimentHandler
1.8966 	INFO 	saved data to C:\Users\Jackson\Documents\GitHub\ResearchExperiment\data\pilot_experiment_2026-03-07_13h38.48.848.psydat
1.8970 	INFO 	saved data to 'C:\\Users\\Jackson\\Documents\\GitHub\\ResearchExperiment\\data\\pilot_experiment_2026-03-07_13h38.48.848.csv'
1.9017 	WARNING 	Stopping key buffers but this could be dangerous ifother keyboards rely on the same.
