4.1752 	DEBUG 	Fullscreen settings ignored as running in pilot mode.
4.1757 	INFO 	Loaded monitor calibration from ['2026_03_03 13:24']
4.3523 	INFO 	Using renderer 'Intel(R) Iris(R) Xe Graphics' for graphics
4.3523 	INFO 	OpenGL version supported by driver is 4..
4.3810 	EXP 	Created window1 = Window(allowGUI=True, allowStencil=False, autoLog=True, backendConf=UNKNOWN, backgroundFit=<method-wrapper '__getattribute__' of attributeSetter object at 0x0000020333247D00>, backgroundImage=<method-wrapper '__getattribute__' of attributeSetter object at 0x0000020333247CA0>, bitsMode=UNKNOWN, blendMode='avg', bpc=(8, 8, 8), color=array([0, 0, 0]), colorSpace='rgb', depthBits=8, fullscr=False, gamma=None, gammaErrorPolicy='raise', infoMsg=UNKNOWN, lms=UNKNOWN, monitor=<psychopy.monitors.calibTools.Monitor object at 0x00000203291C0610>, multiSample=False, name='window1', numSamples=2, pos=[np.float64(560.0), np.float64(240.0)], screen=0, size=array([800, 600]), stencilBits=0, stereo=False, title='PsychoPy', units='height', useFBO=True, useRetina=False, viewOri=0.0, viewPos=None, viewScale=None, waitBlanking=True, winType='pyglet')
4.3810 	EXP 	window1: backgroundImage = ''
4.3810 	EXP 	window1: backgroundFit = 'none'
4.3954 	DEBUG 	TextBox2 loaded 1 chars with 0 blanks and 1 valid
4.4045 	DEBUG 	TextBox2 loaded 1 chars with 0 blanks and 1 valid
4.4137 	DEBUG 	TextBox2 loaded 1 chars with 0 blanks and 1 valid
4.4238 	DEBUG 	TextBox2 loaded 1 chars with 0 blanks and 1 valid
4.4337 	DEBUG 	TextBox2 loaded 1 chars with 0 blanks and 1 valid
4.4429 	DEBUG 	TextBox2 loaded 1 chars with 0 blanks and 1 valid
4.4521 	DEBUG 	TextBox2 loaded 1 chars with 0 blanks and 1 valid
4.4616 	DEBUG 	TextBox2 loaded 1 chars with 0 blanks and 1 valid
4.4708 	DEBUG 	TextBox2 loaded 1 chars with 0 blanks and 1 valid
4.4800 	DEBUG 	TextBox2 loaded 1 chars with 0 blanks and 1 valid
4.4891 	DEBUG 	TextBox2 loaded 1 chars with 0 blanks and 1 valid
4.4982 	DEBUG 	TextBox2 loaded 1 chars with 0 blanks and 1 valid
4.5076 	DEBUG 	TextBox2 loaded 1 chars with 0 blanks and 1 valid
4.5169 	DEBUG 	TextBox2 loaded 1 chars with 0 blanks and 1 valid
4.5263 	DEBUG 	TextBox2 loaded 1 chars with 0 blanks and 1 valid
4.5356 	DEBUG 	TextBox2 loaded 1 chars with 0 blanks and 1 valid
4.5444 	DEBUG 	TextBox2 loaded 1 chars with 0 blanks and 1 valid
4.5536 	DEBUG 	TextBox2 loaded 1 chars with 0 blanks and 1 valid
4.5629 	DEBUG 	TextBox2 loaded 1 chars with 0 blanks and 1 valid
4.5725 	DEBUG 	TextBox2 loaded 1 chars with 0 blanks and 1 valid
4.5818 	DEBUG 	TextBox2 loaded 1 chars with 0 blanks and 1 valid
4.5821 	DEBUG 	Uploading Texture Font fontname to graphics card
4.5861 	DEBUG 	Upload of Texture Font fontname complete
4.5995 	DEBUG 	TextBox2 loaded 1 chars with 0 blanks and 1 valid
4.6093 	DEBUG 	TextBox2 loaded 1 chars with 0 blanks and 1 valid
4.6191 	DEBUG 	TextBox2 loaded 1 chars with 0 blanks and 1 valid
4.6193 	DEBUG 	Uploading Texture Font fontname to graphics card
4.6219 	DEBUG 	Upload of Texture Font fontname complete
4.6233 	EXP 	window1: Attempting to measure frame rate of screen (0) ...
4.6233 	EXP 	window1: recordFrameIntervals = False
4.6998 	EXP 	window1: recordFrameIntervals = True
5.3949 	EXP 	window1: recordFrameIntervals = False
5.3949 	EXP 	Screen (0) actual frame rate measured at 143.89Hz
5.4091 	DEBUG 	TextBox2 loaded 1 chars with 0 blanks and 1 valid
5.4182 	DEBUG 	TextBox2 loaded 1 chars with 0 blanks and 1 valid
5.4276 	DEBUG 	TextBox2 loaded 1 chars with 0 blanks and 1 valid
5.4370 	DEBUG 	TextBox2 loaded 1 chars with 0 blanks and 1 valid
5.4466 	DEBUG 	TextBox2 loaded 1 chars with 0 blanks and 1 valid
5.4562 	DEBUG 	TextBox2 loaded 1 chars with 0 blanks and 1 valid
5.4655 	DEBUG 	TextBox2 loaded 1 chars with 0 blanks and 1 valid
5.4750 	DEBUG 	TextBox2 loaded 1 chars with 0 blanks and 1 valid
5.4845 	DEBUG 	TextBox2 loaded 1 chars with 0 blanks and 1 valid
5.4938 	DEBUG 	TextBox2 loaded 1 chars with 0 blanks and 1 valid
5.4941 	DEBUG 	Uploading Texture Font fontname to graphics card
5.4945 	DEBUG 	Upload of Texture Font fontname complete
5.6682 	INFO 	keyboard.Keyboard is using ptb backend.
5.6682 	EXP 	experiment: status = STARTED
5.7249 	EXP 	Created WelcomeText = TextStim(__class__=<class 'psychopy.visual.text.TextStim'>, alignHoriz=method-wrapper(...), alignText='center', alignVert=method-wrapper(...), anchorHoriz='center', anchorVert='center', antialias=True, autoDraw=False, autoLog=True, bold=False, color=array([1., 1., 1.]), colorSpace='rgb', contrast=1.0, depth=0.0, draggable=False, flipHoriz=False, flipVert=False, font='Arial', fontFiles=[], height=np.float64(0.05), italic=False, languageStyle='LTR', name='WelcomeText', opacity=1, ori=0.0, pos=array([0., 0.]), rgb=UNKNOWN, text=str(...), units='height', win=Window(...), wrapWidth=1)
5.7308 	EXP 	Created ConditionSelectionText = TextStim(__class__=<class 'psychopy.visual.text.TextStim'>, alignHoriz=method-wrapper(...), alignText='center', alignVert=method-wrapper(...), anchorHoriz='center', anchorVert='center', antialias=True, autoDraw=False, autoLog=True, bold=False, color=array([1., 1., 1.]), colorSpace='rgb', contrast=1.0, depth=0.0, draggable=False, flipHoriz=False, flipVert=False, font='Arial', fontFiles=[], height=np.float64(0.05), italic=False, languageStyle='LTR', name='ConditionSelectionText', opacity=1, ori=0.0, pos=array([0., 0.]), rgb=UNKNOWN, text=str(...), units='height', win=Window(...), wrapWidth=1)
5.7315 	EXP 	Created VideoInstructionsText = TextStim(__class__=<class 'psychopy.visual.text.TextStim'>, alignHoriz=method-wrapper(...), alignText='center', alignVert=method-wrapper(...), anchorHoriz='center', anchorVert='center', antialias=True, autoDraw=False, autoLog=True, bold=False, color=array([1., 1., 1.]), colorSpace='rgb', contrast=1.0, depth=0.0, draggable=False, flipHoriz=False, flipVert=False, font='Arial', fontFiles=[], height=np.float64(0.05), italic=False, languageStyle='LTR', name='VideoInstructionsText', opacity=1, ori=0.0, pos=array([0., 0.]), rgb=UNKNOWN, text='', units='height', win=Window(...), wrapWidth=1)
5.7360 	EXP 	Created ScreenshotInstructionsText = TextStim(__class__=<class 'psychopy.visual.text.TextStim'>, alignHoriz=method-wrapper(...), alignText='center', alignVert=method-wrapper(...), anchorHoriz='center', anchorVert='center', antialias=True, autoDraw=False, autoLog=True, bold=False, color=array([1., 1., 1.]), colorSpace='rgb', contrast=1.0, depth=0.0, draggable=False, flipHoriz=False, flipVert=False, font='Arial', fontFiles=[], height=np.float64(0.05), italic=False, languageStyle='LTR', name='ScreenshotInstructionsText', opacity=1, ori=0.0, pos=array([0., 0.]), rgb=UNKNOWN, text=str(...), units='height', win=Window(...), wrapWidth=1)
5.7472 	EXP 	Created ScreenshotLeft = ImageStim(__class__=<class 'psychopy.visual.image.ImageStim'>, anchor=('center', 'center'), autoLog=True, color=array([1., 1., 1.]), colorSpace='rgb', contrast=1.0, depth=0.0, draggable=False, flipHoriz=np.False_, flipVert=np.False_, image='default.png', interpolate=True, mask=None, maskParams=None, name='ScreenshotLeft', opacity=1, ori=0.0, pos=array([-0.3,  0. ]), size=array([0.5, 0.5]), texRes=128.0, units='height', win=Window(...))
5.7493 	EXP 	Created ScreenshotRight = ImageStim(__class__=<class 'psychopy.visual.image.ImageStim'>, anchor=('center', 'center'), autoLog=True, color=array([1., 1., 1.]), colorSpace='rgb', contrast=1.0, depth=-1.0, draggable=False, flipHoriz=np.False_, flipVert=np.False_, image='default.png', interpolate=True, mask=None, maskParams=None, name='ScreenshotRight', opacity=1, ori=0.0, pos=array([0.3, 0. ]), size=array([0.5, 0.5]), texRes=128.0, units='height', win=Window(...))
5.7519 	EXP 	Created WordListInstructionsText = TextStim(__class__=<class 'psychopy.visual.text.TextStim'>, alignHoriz=method-wrapper(...), alignText='center', alignVert=method-wrapper(...), anchorHoriz='center', anchorVert='center', antialias=True, autoDraw=False, autoLog=True, bold=False, color=array([1., 1., 1.]), colorSpace='rgb', contrast=1.0, depth=0.0, draggable=False, flipHoriz=False, flipVert=False, font='Arial', fontFiles=[], height=np.float64(0.05), italic=False, languageStyle='LTR', name='WordListInstructionsText', opacity=1, ori=0.0, pos=array([0., 0.]), rgb=UNKNOWN, text=str(...), units='height', win=Window(...), wrapWidth=1)
5.7523 	EXP 	Created WordListStudyText = TextStim(__class__=<class 'psychopy.visual.text.TextStim'>, alignHoriz=method-wrapper(...), alignText='center', alignVert=method-wrapper(...), anchorHoriz='center', anchorVert='center', antialias=True, autoDraw=False, autoLog=True, bold=False, color=array([1., 1., 1.]), colorSpace='rgb', contrast=1.0, depth=0.0, draggable=False, flipHoriz=False, flipVert=False, font='Arial', fontFiles=[], height=0.05, italic=False, languageStyle='LTR', name='WordListStudyText', opacity=1, ori=0.0, pos=array([0., 0.]), rgb=UNKNOWN, text='', units='height', win=Window(...), wrapWidth=1)
5.7530 	EXP 	Created WordListDistractionText = TextStim(__class__=<class 'psychopy.visual.text.TextStim'>, alignHoriz=method-wrapper(...), alignText='center', alignVert=method-wrapper(...), anchorHoriz='center', anchorVert='center', antialias=True, autoDraw=False, autoLog=True, bold=False, color=array([1., 1., 1.]), colorSpace='rgb', contrast=1.0, depth=0.0, draggable=False, flipHoriz=False, flipVert=False, font='Arial', fontFiles=[], height=np.float64(0.05), italic=False, languageStyle='LTR', name='WordListDistractionText', opacity=1, ori=0.0, pos=array([0., 0.]), rgb=UNKNOWN, text='', units='height', win=Window(...), wrapWidth=1)
5.7556 	INFO 	Importing items...
5.7599 	DEBUG 	Read csv file with pandas: wordlistform.csv
5.7606 	DEBUG 	Clearing unnamed columns from wordlistform.csv
5.7610 	EXP 	Imported wordlistform.csv as conditions, 5 conditions, 6 params
5.7610 	INFO 	Using default values for the following headers: ['index', 'itemColor', 'ticks', 'tickLabels', 'font', 'responseColor', 'markerColor', 'index', 'itemColor', 'ticks', 'tickLabels', 'font', 'responseColor', 'markerColor', 'index', 'itemColor', 'ticks', 'tickLabels', 'font', 'responseColor', 'markerColor', 'index', 'itemColor', 'ticks', 'tickLabels', 'font', 'responseColor', 'markerColor', 'index', 'itemColor', 'type', 'options', 'ticks', 'tickLabels', 'font', 'responseWidth', 'responseColor', 'markerColor', 'layout']
5.7955 	DEBUG 	Saving data for experiment ExperimentHandler
5.7960 	INFO 	saved data to C:\Users\Jackson\Documents\GitHub\ResearchExperiment\data\pilot_experiment_2026-03-07_15h49.46.206.psydat
5.7963 	INFO 	saved data to 'C:\\Users\\Jackson\\Documents\\GitHub\\ResearchExperiment\\data\\pilot_experiment_2026-03-07_15h49.46.206.csv'
5.8006 	WARNING 	Stopping key buffers but this could be dangerous ifother keyboards rely on the same.
