8.3568 	DEBUG 	Fullscreen settings ignored as running in pilot mode.
8.3575 	INFO 	Loaded monitor calibration from ['2026_03_03 13:24']
8.6414 	INFO 	Using renderer 'Intel(R) Iris(R) Xe Graphics' for graphics
8.6415 	INFO 	OpenGL version supported by driver is 4..
8.6902 	EXP 	Created window1 = Window(allowGUI=False, allowStencil=False, autoLog=True, backendConf=UNKNOWN, backgroundFit=<method-wrapper '__getattribute__' of attributeSetter object at 0x00000246B6621600>, backgroundImage=<method-wrapper '__getattribute__' of attributeSetter object at 0x00000246B6620B20>, bitsMode=UNKNOWN, blendMode='avg', bpc=(8, 8, 8), color=array([0, 0, 0]), colorSpace='rgb', depthBits=8, fullscr=False, gamma=None, gammaErrorPolicy='raise', infoMsg=UNKNOWN, lms=UNKNOWN, monitor=<psychopy.monitors.calibTools.Monitor object at 0x00000246B6969DE0>, multiSample=False, name='window1', numSamples=2, pos=[np.float64(560.0), np.float64(240.0)], screen=0, size=array([800, 600]), stencilBits=0, stereo=False, title='PsychoPy', units='height', useFBO=True, useRetina=False, viewOri=0.0, viewPos=None, viewScale=None, waitBlanking=True, winType='pyglet')
8.6903 	EXP 	window1: backgroundImage = ''
8.6903 	EXP 	window1: backgroundFit = 'none'
8.7145 	DEBUG 	TextBox2 loaded 1 chars with 0 blanks and 1 valid
8.7309 	DEBUG 	TextBox2 loaded 1 chars with 0 blanks and 1 valid
8.7474 	DEBUG 	TextBox2 loaded 1 chars with 0 blanks and 1 valid
8.7642 	DEBUG 	TextBox2 loaded 1 chars with 0 blanks and 1 valid
8.7809 	DEBUG 	TextBox2 loaded 1 chars with 0 blanks and 1 valid
8.7972 	DEBUG 	TextBox2 loaded 1 chars with 0 blanks and 1 valid
8.8137 	DEBUG 	TextBox2 loaded 1 chars with 0 blanks and 1 valid
8.8303 	DEBUG 	TextBox2 loaded 1 chars with 0 blanks and 1 valid
8.8460 	DEBUG 	TextBox2 loaded 1 chars with 0 blanks and 1 valid
8.8619 	DEBUG 	TextBox2 loaded 1 chars with 0 blanks and 1 valid
8.8780 	DEBUG 	TextBox2 loaded 1 chars with 0 blanks and 1 valid
8.8942 	DEBUG 	TextBox2 loaded 1 chars with 0 blanks and 1 valid
8.9103 	DEBUG 	TextBox2 loaded 1 chars with 0 blanks and 1 valid
8.9263 	DEBUG 	TextBox2 loaded 1 chars with 0 blanks and 1 valid
8.9424 	DEBUG 	TextBox2 loaded 1 chars with 0 blanks and 1 valid
8.9584 	DEBUG 	TextBox2 loaded 1 chars with 0 blanks and 1 valid
8.9745 	DEBUG 	TextBox2 loaded 1 chars with 0 blanks and 1 valid
8.9902 	DEBUG 	TextBox2 loaded 1 chars with 0 blanks and 1 valid
9.0059 	DEBUG 	TextBox2 loaded 1 chars with 0 blanks and 1 valid
9.0222 	DEBUG 	TextBox2 loaded 1 chars with 0 blanks and 1 valid
9.0380 	DEBUG 	TextBox2 loaded 1 chars with 0 blanks and 1 valid
9.0385 	DEBUG 	Uploading Texture Font fontname to graphics card
9.0458 	DEBUG 	Upload of Texture Font fontname complete
9.0686 	DEBUG 	TextBox2 loaded 1 chars with 0 blanks and 1 valid
9.0847 	DEBUG 	TextBox2 loaded 1 chars with 0 blanks and 1 valid
9.1009 	DEBUG 	TextBox2 loaded 1 chars with 0 blanks and 1 valid
9.1014 	DEBUG 	Uploading Texture Font fontname to graphics card
9.1070 	DEBUG 	Upload of Texture Font fontname complete
9.1092 	EXP 	window1: Attempting to measure frame rate of screen (0) ...
9.1092 	EXP 	window1: recordFrameIntervals = False
9.1914 	EXP 	window1: recordFrameIntervals = True
9.9487 	EXP 	window1: recordFrameIntervals = False
9.9487 	EXP 	Screen (0) actual frame rate measured at 142.65Hz
9.9702 	DEBUG 	TextBox2 loaded 1 chars with 0 blanks and 1 valid
9.9871 	DEBUG 	TextBox2 loaded 1 chars with 0 blanks and 1 valid
10.0041 	DEBUG 	TextBox2 loaded 1 chars with 0 blanks and 1 valid
10.0217 	DEBUG 	TextBox2 loaded 1 chars with 0 blanks and 1 valid
10.0390 	DEBUG 	TextBox2 loaded 1 chars with 0 blanks and 1 valid
10.0560 	DEBUG 	TextBox2 loaded 1 chars with 0 blanks and 1 valid
10.0719 	DEBUG 	TextBox2 loaded 1 chars with 0 blanks and 1 valid
10.0873 	DEBUG 	TextBox2 loaded 1 chars with 0 blanks and 1 valid
10.1029 	DEBUG 	TextBox2 loaded 1 chars with 0 blanks and 1 valid
10.1188 	DEBUG 	TextBox2 loaded 1 chars with 0 blanks and 1 valid
10.1193 	DEBUG 	Uploading Texture Font fontname to graphics card
10.1199 	DEBUG 	Upload of Texture Font fontname complete
10.3408 	INFO 	keyboard.Keyboard is using ptb backend.
10.3409 	EXP 	experiment: status = STARTED
10.4347 	EXP 	Created WelcomeText = TextStim(__class__=<class 'psychopy.visual.text.TextStim'>, alignHoriz=method-wrapper(...), alignText='center', alignVert=method-wrapper(...), anchorHoriz='center', anchorVert='center', antialias=True, autoDraw=False, autoLog=True, bold=False, color=array([1., 1., 1.]), colorSpace='rgb', contrast=1.0, depth=0.0, draggable=False, flipHoriz=False, flipVert=False, font='Arial', fontFiles=[], height=np.float64(0.05), italic=False, languageStyle='LTR', name='WelcomeText', opacity=1, ori=0.0, pos=array([0., 0.]), rgb=UNKNOWN, text=str(...), units='height', win=Window(...), wrapWidth=1)
10.4406 	DEBUG 	TextBox2 loaded 1 chars with 0 blanks and 1 valid
10.4415 	DEBUG 	TextBox2 loaded 1 chars with 0 blanks and 1 valid
10.4423 	DEBUG 	TextBox2 loaded 1 chars with 0 blanks and 1 valid
10.4431 	DEBUG 	TextBox2 loaded 1 chars with 0 blanks and 1 valid
10.4442 	DEBUG 	TextBox2 loaded 1 chars with 0 blanks and 1 valid
10.4445 	DEBUG 	TextBox2 loaded 1 chars with 0 blanks and 1 valid
10.4449 	DEBUG 	TextBox2 loaded 1 chars with 0 blanks and 1 valid
10.4456 	DEBUG 	TextBox2 loaded 1 chars with 0 blanks and 1 valid
10.4464 	DEBUG 	TextBox2 loaded 1 chars with 0 blanks and 1 valid
10.4473 	DEBUG 	TextBox2 loaded 1 chars with 0 blanks and 1 valid
10.4481 	DEBUG 	TextBox2 loaded 1 chars with 0 blanks and 1 valid
10.4489 	DEBUG 	TextBox2 loaded 1 chars with 0 blanks and 1 valid
10.4492 	DEBUG 	Uploading Texture Font fontname to graphics card
10.4505 	DEBUG 	Upload of Texture Font fontname complete
10.4570 	DEBUG 	TextBox2 loaded 1 chars with 0 blanks and 1 valid
10.4581 	DEBUG 	TextBox2 loaded 1 chars with 0 blanks and 1 valid
10.4592 	DEBUG 	TextBox2 loaded 1 chars with 0 blanks and 1 valid
10.4605 	DEBUG 	TextBox2 loaded 1 chars with 0 blanks and 1 valid
10.4614 	DEBUG 	TextBox2 loaded 1 chars with 0 blanks and 1 valid
10.4619 	DEBUG 	TextBox2 loaded 1 chars with 0 blanks and 1 valid
10.4622 	DEBUG 	Uploading Texture Font fontname to graphics card
10.4630 	DEBUG 	Upload of Texture Font fontname complete
10.4775 	EXP 	Created ConditionSelectionText = TextStim(__class__=<class 'psychopy.visual.text.TextStim'>, alignHoriz=method-wrapper(...), alignText='center', alignVert=method-wrapper(...), anchorHoriz='center', anchorVert='center', antialias=True, autoDraw=False, autoLog=True, bold=False, color=array([1., 1., 1.]), colorSpace='rgb', contrast=1.0, depth=0.0, draggable=False, flipHoriz=False, flipVert=False, font='Arial', fontFiles=[], height=np.float64(0.05), italic=False, languageStyle='LTR', name='ConditionSelectionText', opacity=1, ori=0.0, pos=array([0., 0.]), rgb=UNKNOWN, text=str(...), units='height', win=Window(...), wrapWidth=1)
10.4828 	DEBUG 	TextBox2 loaded 1 chars with 0 blanks and 1 valid
10.4831 	DEBUG 	Uploading Texture Font fontname to graphics card
10.4836 	DEBUG 	Upload of Texture Font fontname complete
10.4954 	DEBUG 	TextBox2 loaded 1 chars with 0 blanks and 1 valid
10.4957 	DEBUG 	Uploading Texture Font fontname to graphics card
10.4972 	DEBUG 	Upload of Texture Font fontname complete
0.0207 	EXP 	WelcomeText: autoDraw = True
3.9753 	DATA 	Mouse: Left button down, pos=(447,42)
3.9866 	EXP 	WelcomeText: autoDraw = False
3.9866 	EXP 	ConditionSelectionText: autoDraw = True
4.0315 	DATA 	Mouse:  Left button up, pos=(447,42)
23.5257 	DATA 	Mouse: Left button down, pos=(230,120)
23.5345 	EXP 	ConditionSelectionText: autoDraw = False
23.5368 	EXP 	experiment: status = STOPPED
23.5401 	INFO 	saved data to 'C:\\Users\\Jackson\\Desktop\\Research Project Experiment\\data\\pilot_experiment_2026-03-06_13h38.40.550.csv'
23.5408 	INFO 	saved data to C:\Users\Jackson\Desktop\Research Project Experiment\data\pilot_experiment_2026-03-06_13h38.40.550.psydat
23.8997 	DEBUG 	Saving data for experiment ExperimentHandler
23.9030 	WARNING 	Stopping key buffers but this could be dangerous ifother keyboards rely on the same.
