4.4474 	DEBUG 	Fullscreen settings ignored as running in pilot mode.
4.4480 	INFO 	Loaded monitor calibration from ['2026_03_03 13:24']
4.6201 	INFO 	Using renderer 'Intel(R) Iris(R) Xe Graphics' for graphics
4.6201 	INFO 	OpenGL version supported by driver is 4..
4.6464 	EXP 	Created window1 = Window(allowGUI=False, allowStencil=False, autoLog=True, backendConf=UNKNOWN, backgroundFit=<method-wrapper '__getattribute__' of attributeSetter object at 0x000001BAA05E8F10>, backgroundImage=<method-wrapper '__getattribute__' of attributeSetter object at 0x000001BAA05E8E80>, bitsMode=UNKNOWN, blendMode='avg', bpc=(8, 8, 8), color=array([0, 0, 0]), colorSpace='rgb', depthBits=8, fullscr=False, gamma=None, gammaErrorPolicy='raise', infoMsg=UNKNOWN, lms=UNKNOWN, monitor=<psychopy.monitors.calibTools.Monitor object at 0x000001BAA02BEB30>, multiSample=False, name='window1', numSamples=2, pos=[np.float64(560.0), np.float64(240.0)], screen=0, size=array([800, 600]), stencilBits=0, stereo=False, title='PsychoPy', units='height', useFBO=True, useRetina=False, viewOri=0.0, viewPos=None, viewScale=None, waitBlanking=True, winType='pyglet')
4.6465 	EXP 	window1: backgroundImage = ''
4.6465 	EXP 	window1: backgroundFit = 'none'
4.6609 	DEBUG 	TextBox2 loaded 1 chars with 0 blanks and 1 valid
4.6699 	DEBUG 	TextBox2 loaded 1 chars with 0 blanks and 1 valid
4.6788 	DEBUG 	TextBox2 loaded 1 chars with 0 blanks and 1 valid
4.6878 	DEBUG 	TextBox2 loaded 1 chars with 0 blanks and 1 valid
4.6969 	DEBUG 	TextBox2 loaded 1 chars with 0 blanks and 1 valid
4.7059 	DEBUG 	TextBox2 loaded 1 chars with 0 blanks and 1 valid
4.7149 	DEBUG 	TextBox2 loaded 1 chars with 0 blanks and 1 valid
4.7240 	DEBUG 	TextBox2 loaded 1 chars with 0 blanks and 1 valid
4.7327 	DEBUG 	TextBox2 loaded 1 chars with 0 blanks and 1 valid
4.7413 	DEBUG 	TextBox2 loaded 1 chars with 0 blanks and 1 valid
4.7501 	DEBUG 	TextBox2 loaded 1 chars with 0 blanks and 1 valid
4.7591 	DEBUG 	TextBox2 loaded 1 chars with 0 blanks and 1 valid
4.7680 	DEBUG 	TextBox2 loaded 1 chars with 0 blanks and 1 valid
4.7768 	DEBUG 	TextBox2 loaded 1 chars with 0 blanks and 1 valid
4.7855 	DEBUG 	TextBox2 loaded 1 chars with 0 blanks and 1 valid
4.7948 	DEBUG 	TextBox2 loaded 1 chars with 0 blanks and 1 valid
4.8040 	DEBUG 	TextBox2 loaded 1 chars with 0 blanks and 1 valid
4.8128 	DEBUG 	TextBox2 loaded 1 chars with 0 blanks and 1 valid
4.8217 	DEBUG 	TextBox2 loaded 1 chars with 0 blanks and 1 valid
4.8311 	DEBUG 	TextBox2 loaded 1 chars with 0 blanks and 1 valid
4.8400 	DEBUG 	TextBox2 loaded 1 chars with 0 blanks and 1 valid
4.8403 	DEBUG 	Uploading Texture Font fontname to graphics card
4.8445 	DEBUG 	Upload of Texture Font fontname complete
4.8579 	DEBUG 	TextBox2 loaded 1 chars with 0 blanks and 1 valid
4.8670 	DEBUG 	TextBox2 loaded 1 chars with 0 blanks and 1 valid
4.8760 	DEBUG 	TextBox2 loaded 1 chars with 0 blanks and 1 valid
4.8763 	DEBUG 	Uploading Texture Font fontname to graphics card
4.8785 	DEBUG 	Upload of Texture Font fontname complete
4.8799 	EXP 	window1: Attempting to measure frame rate of screen (0) ...
4.8799 	EXP 	window1: recordFrameIntervals = False
4.9533 	EXP 	window1: recordFrameIntervals = True
5.6487 	EXP 	window1: recordFrameIntervals = False
5.6487 	EXP 	Screen (0) actual frame rate measured at 142.81Hz
5.6613 	DEBUG 	TextBox2 loaded 1 chars with 0 blanks and 1 valid
5.6703 	DEBUG 	TextBox2 loaded 1 chars with 0 blanks and 1 valid
5.6794 	DEBUG 	TextBox2 loaded 1 chars with 0 blanks and 1 valid
5.6889 	DEBUG 	TextBox2 loaded 1 chars with 0 blanks and 1 valid
5.6984 	DEBUG 	TextBox2 loaded 1 chars with 0 blanks and 1 valid
5.7076 	DEBUG 	TextBox2 loaded 1 chars with 0 blanks and 1 valid
5.7164 	DEBUG 	TextBox2 loaded 1 chars with 0 blanks and 1 valid
5.7254 	DEBUG 	TextBox2 loaded 1 chars with 0 blanks and 1 valid
5.7346 	DEBUG 	TextBox2 loaded 1 chars with 0 blanks and 1 valid
5.7439 	DEBUG 	TextBox2 loaded 1 chars with 0 blanks and 1 valid
5.7441 	DEBUG 	Uploading Texture Font fontname to graphics card
5.7446 	DEBUG 	Upload of Texture Font fontname complete
5.9307 	INFO 	keyboard.Keyboard is using ptb backend.
5.9308 	EXP 	experiment: status = STARTED
5.9878 	EXP 	Created WelcomeText = TextStim(__class__=<class 'psychopy.visual.text.TextStim'>, alignHoriz=method-wrapper(...), alignText='center', alignVert=method-wrapper(...), anchorHoriz='center', anchorVert='center', antialias=True, autoDraw=False, autoLog=True, bold=False, color=array([1., 1., 1.]), colorSpace='rgb', contrast=1.0, depth=0.0, draggable=False, flipHoriz=False, flipVert=False, font='Arial', fontFiles=[], height=np.float64(0.05), italic=False, languageStyle='LTR', name='WelcomeText', opacity=1, ori=0.0, pos=array([0., 0.]), rgb=UNKNOWN, text=str(...), units='height', win=Window(...), wrapWidth=1)
5.9913 	DEBUG 	TextBox2 loaded 1 chars with 0 blanks and 1 valid
5.9919 	DEBUG 	TextBox2 loaded 1 chars with 0 blanks and 1 valid
5.9923 	DEBUG 	TextBox2 loaded 1 chars with 0 blanks and 1 valid
5.9929 	DEBUG 	TextBox2 loaded 1 chars with 0 blanks and 1 valid
5.9935 	DEBUG 	TextBox2 loaded 1 chars with 0 blanks and 1 valid
5.9937 	DEBUG 	TextBox2 loaded 1 chars with 0 blanks and 1 valid
5.9940 	DEBUG 	TextBox2 loaded 1 chars with 0 blanks and 1 valid
5.9944 	DEBUG 	TextBox2 loaded 1 chars with 0 blanks and 1 valid
5.9949 	DEBUG 	TextBox2 loaded 1 chars with 0 blanks and 1 valid
5.9954 	DEBUG 	TextBox2 loaded 1 chars with 0 blanks and 1 valid
5.9959 	DEBUG 	TextBox2 loaded 1 chars with 0 blanks and 1 valid
5.9966 	DEBUG 	TextBox2 loaded 1 chars with 0 blanks and 1 valid
5.9968 	DEBUG 	Uploading Texture Font fontname to graphics card
5.9975 	DEBUG 	Upload of Texture Font fontname complete
6.0011 	DEBUG 	TextBox2 loaded 1 chars with 0 blanks and 1 valid
6.0017 	DEBUG 	TextBox2 loaded 1 chars with 0 blanks and 1 valid
6.0023 	DEBUG 	TextBox2 loaded 1 chars with 0 blanks and 1 valid
6.0030 	DEBUG 	TextBox2 loaded 1 chars with 0 blanks and 1 valid
6.0034 	DEBUG 	TextBox2 loaded 1 chars with 0 blanks and 1 valid
6.0036 	DEBUG 	TextBox2 loaded 1 chars with 0 blanks and 1 valid
6.0038 	DEBUG 	Uploading Texture Font fontname to graphics card
6.0042 	DEBUG 	Upload of Texture Font fontname complete
6.0117 	EXP 	Created ConditionSelectionText = TextStim(__class__=<class 'psychopy.visual.text.TextStim'>, alignHoriz=method-wrapper(...), alignText='center', alignVert=method-wrapper(...), anchorHoriz='center', anchorVert='center', antialias=True, autoDraw=False, autoLog=True, bold=False, color=array([1., 1., 1.]), colorSpace='rgb', contrast=1.0, depth=0.0, draggable=False, flipHoriz=False, flipVert=False, font='Arial', fontFiles=[], height=np.float64(0.05), italic=False, languageStyle='LTR', name='ConditionSelectionText', opacity=1, ori=0.0, pos=array([0., 0.]), rgb=UNKNOWN, text=str(...), units='height', win=Window(...), wrapWidth=1)
6.0148 	DEBUG 	TextBox2 loaded 1 chars with 0 blanks and 1 valid
6.0149 	DEBUG 	Uploading Texture Font fontname to graphics card
6.0153 	DEBUG 	Upload of Texture Font fontname complete
6.0186 	DEBUG 	TextBox2 loaded 1 chars with 0 blanks and 1 valid
6.0188 	DEBUG 	Uploading Texture Font fontname to graphics card
6.0193 	DEBUG 	Upload of Texture Font fontname complete
6.0228 	DEBUG 	TextBox2 loaded 1 chars with 0 blanks and 1 valid
6.0229 	DEBUG 	Uploading Texture Font fontname to graphics card
6.0237 	DEBUG 	Upload of Texture Font fontname complete
6.0284 	EXP 	Created VideoInstructionsText = TextStim(__class__=<class 'psychopy.visual.text.TextStim'>, alignHoriz=method-wrapper(...), alignText='center', alignVert=method-wrapper(...), anchorHoriz='center', anchorVert='center', antialias=True, autoDraw=False, autoLog=True, bold=False, color=array([1., 1., 1.]), colorSpace='rgb', contrast=1.0, depth=0.0, draggable=False, flipHoriz=False, flipVert=False, font='Arial', fontFiles=[], height=np.float64(0.05), italic=False, languageStyle='LTR', name='VideoInstructionsText', opacity=1, ori=0.0, pos=array([0. , 0.2]), rgb=UNKNOWN, text='', units='height', win=Window(...), wrapWidth=1)
6.0447 	EXP 	Created ScreenshotLeft = ImageStim(__class__=<class 'psychopy.visual.image.ImageStim'>, anchor=('center', 'center'), autoLog=True, color=array([1., 1., 1.]), colorSpace='rgb', contrast=1.0, depth=0.0, draggable=False, flipHoriz=np.False_, flipVert=np.False_, image='Screenshots/new1.jpg', interpolate=True, mask=None, maskParams=None, name='ScreenshotLeft', opacity=1, ori=0.0, pos=array([0.2, 0. ]), size=array([0.5, 0.5]), texRes=128.0, units='height', win=Window(...))
6.0468 	EXP 	Created ScreenshotRight = ImageStim(__class__=<class 'psychopy.visual.image.ImageStim'>, anchor=('center', 'center'), autoLog=True, color=array([1., 1., 1.]), colorSpace='rgb', contrast=1.0, depth=-1.0, draggable=False, flipHoriz=np.False_, flipVert=np.False_, image='Screenshots/old1.jpg', interpolate=True, mask=None, maskParams=None, name='ScreenshotRight', opacity=1, ori=0.0, pos=array([0.3, 0. ]), size=array([0.5, 0.5]), texRes=128.0, units='height', win=Window(...))
6.0498 	EXP 	Created WordListInstructionsText = TextStim(__class__=<class 'psychopy.visual.text.TextStim'>, alignHoriz=method-wrapper(...), alignText='center', alignVert=method-wrapper(...), anchorHoriz='center', anchorVert='center', antialias=True, autoDraw=False, autoLog=True, bold=False, color=array([1., 1., 1.]), colorSpace='rgb', contrast=1.0, depth=0.0, draggable=False, flipHoriz=False, flipVert=False, font='Arial', fontFiles=[], height=np.float64(0.05), italic=False, languageStyle='LTR', name='WordListInstructionsText', opacity=1, ori=0.0, pos=array([0., 0.]), rgb=UNKNOWN, text=str(...), units='height', win=Window(...), wrapWidth=1)
6.0562 	EXP 	Created WordListStudyText = TextStim(__class__=<class 'psychopy.visual.text.TextStim'>, alignHoriz=method-wrapper(...), alignText='center', alignVert=method-wrapper(...), anchorHoriz='center', anchorVert='center', antialias=True, autoDraw=False, autoLog=True, bold=False, color=array([1., 1., 1.]), colorSpace='rgb', contrast=1.0, depth=0.0, draggable=False, flipHoriz=False, flipVert=False, font='Arial', fontFiles=[], height=0.05, italic=False, languageStyle='LTR', name='WordListStudyText', opacity=1, ori=0.0, pos=array([0., 0.]), rgb=UNKNOWN, text='', units='height', win=Window(...), wrapWidth=1)
6.0573 	EXP 	Created WordListDistractionText = TextStim(__class__=<class 'psychopy.visual.text.TextStim'>, alignHoriz=method-wrapper(...), alignText='center', alignVert=method-wrapper(...), anchorHoriz='center', anchorVert='center', antialias=True, autoDraw=False, autoLog=True, bold=False, color=array([1., 1., 1.]), colorSpace='rgb', contrast=1.0, depth=0.0, draggable=False, flipHoriz=False, flipVert=False, font='Arial', fontFiles=[], height=np.float64(0.05), italic=False, languageStyle='LTR', name='WordListDistractionText', opacity=1, ori=0.0, pos=array([0., 0.]), rgb=UNKNOWN, text='', units='height', win=Window(...), wrapWidth=1)
0.0107 	EXP 	WelcomeText: autoDraw = True
1.2151 	DATA 	Mouse: Left button down, pos=(354,160)
1.2265 	EXP 	WelcomeText: autoDraw = False
1.2265 	EXP 	ConditionSelectionText: autoDraw = True
1.3044 	DATA 	Mouse:  Left button up, pos=(355,160)
1.6655 	DATA 	Mouse: Left button down, pos=(277,154)
1.6736 	EXP 	New trial (rep=0, index=0): <Trial 0 (0 in rep 0) data={'thisN': 0, 'thisTrialN': 0, 'thisRepN': 0}>
1.6842 	EXP 	VideoInstructionsText: height = np.float64(0.05)
1.6842 	EXP 	VideoInstructionsText: height = np.float64(0.05)
1.6842 	EXP 	VideoInstructionsText: height = np.float64(0.05)
1.6842 	EXP 	VideoInstructionsText: text = 'Please take out your phone and go the Instagram account @[Account Name]\n Please watch every video in order from top to bottom with the volume on. You must finish each video before scrolling to the next and only watch each video once.\n Click continue when you are finished!'
1.6842 	EXP 	ConditionSelectionText: autoDraw = False
1.6842 	EXP 	VideoInstructionsText: autoDraw = True
1.7712 	DATA 	Mouse:  Left button up, pos=(274,154)
2.1451 	DATA 	Mouse: Left button down, pos=(324,146)
2.1490 	DEBUG 	Read csv file with pandas: screenshotspreadsheet.csv
2.1496 	DEBUG 	Clearing unnamed columns from screenshotspreadsheet.csv
2.1498 	EXP 	Imported screenshotspreadsheet.csv as conditions, 2 conditions, 2 params
2.1499 	EXP 	New trial (rep=0, index=0): <Trial 0 (0 in rep 0) data={'Condition1New': 'new2.png', 'Condition1Old': 'old2.png', 'thisN': 0, 'thisTrialN': 0, 'thisRepN': 0}>
2.1569 	EXP 	VideoInstructionsText: autoDraw = False
2.1569 	EXP 	ScreenshotLeft: autoDraw = True
2.1569 	EXP 	ScreenshotRight: autoDraw = True
2.2217 	DATA 	Mouse:  Left button up, pos=(324,146)
2.7638 	DATA 	Mouse: Left button down, pos=(479,227)
2.7645 	EXP 	New trial (rep=0, index=1): <Trial 1 (1 in rep 0) data={'Condition1New': 'new1.png', 'Condition1Old': 'old1.png', 'thisN': 1, 'thisTrialN': 1, 'thisRepN': 0}>
2.7682 	EXP 	ScreenshotLeft: autoDraw = False
2.7682 	EXP 	ScreenshotRight: autoDraw = False
2.7682 	EXP 	ScreenshotLeft: autoDraw = True
2.7682 	EXP 	ScreenshotRight: autoDraw = True
2.8397 	DATA 	Mouse:  Left button up, pos=(479,227)
2.9788 	DATA 	Mouse: Left button down, pos=(487,235)
2.9792 	EXP 	New trial (rep=1, index=0): <Trial 2 (0 in rep 1) data={'Condition1New': 'new2.png', 'Condition1Old': 'old2.png', 'thisN': 2, 'thisTrialN': 0, 'thisRepN': 1}>
2.9840 	EXP 	ScreenshotLeft: autoDraw = False
2.9840 	EXP 	ScreenshotRight: autoDraw = False
2.9840 	EXP 	ScreenshotLeft: autoDraw = True
2.9840 	EXP 	ScreenshotRight: autoDraw = True
3.0620 	DATA 	Mouse:  Left button up, pos=(487,235)
3.1447 	DATA 	Mouse: Left button down, pos=(487,235)
3.1450 	EXP 	New trial (rep=1, index=1): <Trial 3 (1 in rep 1) data={'Condition1New': 'new1.png', 'Condition1Old': 'old1.png', 'thisN': 3, 'thisTrialN': 1, 'thisRepN': 1}>
3.1503 	EXP 	ScreenshotLeft: autoDraw = False
3.1503 	EXP 	ScreenshotRight: autoDraw = False
3.1503 	EXP 	ScreenshotLeft: autoDraw = True
3.1503 	EXP 	ScreenshotRight: autoDraw = True
3.2356 	DATA 	Mouse:  Left button up, pos=(487,235)
3.3188 	DATA 	Mouse: Left button down, pos=(487,235)
3.3310 	EXP 	ScreenshotLeft: autoDraw = False
3.3310 	EXP 	ScreenshotRight: autoDraw = False
3.3310 	EXP 	WordListInstructionsText: autoDraw = True
3.4023 	DATA 	Mouse:  Left button up, pos=(487,235)
4.2628 	DATA 	Mouse: Left button down, pos=(388,151)
4.2651 	DEBUG 	Read csv file with pandas: wordlistspreadsheets.csv
4.2655 	DEBUG 	Clearing unnamed columns from wordlistspreadsheets.csv
4.2657 	EXP 	Imported wordlistspreadsheets.csv as conditions, 5 conditions, 2 params
4.2659 	EXP 	New trial (rep=0, index=0): <Trial 0 (0 in rep 0) data={'FirstList': 'apple', 'SecondList': 'banana', 'thisN': 0, 'thisTrialN': 0, 'thisRepN': 0}>
4.2750 	EXP 	WordListInstructionsText: autoDraw = False
4.2750 	EXP 	WordListStudyText: height = np.float64(0.05)
4.2750 	EXP 	WordListStudyText: height = np.float64(0.05)
4.2750 	EXP 	WordListStudyText: height = np.float64(0.05)
4.2750 	EXP 	WordListStudyText: text = 'apple'
4.2750 	EXP 	WordListStudyText: autoDraw = True
4.3276 	DATA 	Mouse:  Left button up, pos=(388,151)
5.2632 	EXP 	New trial (rep=0, index=1): <Trial 1 (1 in rep 0) data={'FirstList': 'muffin', 'SecondList': 'cupcake', 'thisN': 1, 'thisTrialN': 1, 'thisRepN': 0}>
5.2683 	EXP 	WordListStudyText: autoDraw = False
5.2683 	EXP 	WordListStudyText: autoDraw = False
5.2683 	EXP 	WordListStudyText: height = np.float64(0.05)
5.2683 	EXP 	WordListStudyText: height = np.float64(0.05)
5.2683 	EXP 	WordListStudyText: height = np.float64(0.05)
5.2683 	EXP 	WordListStudyText: text = 'muffin'
5.2683 	EXP 	WordListStudyText: autoDraw = True
6.2568 	EXP 	New trial (rep=0, index=2): <Trial 2 (2 in rep 0) data={'FirstList': 'orange', 'SecondList': 'tangerine', 'thisN': 2, 'thisTrialN': 2, 'thisRepN': 0}>
6.2614 	EXP 	WordListStudyText: autoDraw = False
6.2614 	EXP 	WordListStudyText: autoDraw = False
6.2614 	EXP 	WordListStudyText: height = np.float64(0.05)
6.2614 	EXP 	WordListStudyText: height = np.float64(0.05)
6.2614 	EXP 	WordListStudyText: height = np.float64(0.05)
6.2614 	EXP 	WordListStudyText: text = 'orange'
6.2614 	EXP 	WordListStudyText: autoDraw = True
7.2491 	EXP 	New trial (rep=0, index=3): <Trial 3 (3 in rep 0) data={'FirstList': 'cat', 'SecondList': 'dog', 'thisN': 3, 'thisTrialN': 3, 'thisRepN': 0}>
7.2547 	EXP 	WordListStudyText: autoDraw = False
7.2547 	EXP 	WordListStudyText: autoDraw = False
7.2547 	EXP 	WordListStudyText: height = np.float64(0.05)
7.2547 	EXP 	WordListStudyText: height = np.float64(0.05)
7.2547 	EXP 	WordListStudyText: height = np.float64(0.05)
7.2547 	EXP 	WordListStudyText: text = 'cat'
7.2547 	EXP 	WordListStudyText: autoDraw = True
8.2427 	EXP 	New trial (rep=0, index=4): <Trial 4 (4 in rep 0) data={'FirstList': 'pizza', 'SecondList': 'beer', 'thisN': 4, 'thisTrialN': 4, 'thisRepN': 0}>
8.2480 	EXP 	WordListStudyText: autoDraw = False
8.2480 	EXP 	WordListStudyText: autoDraw = False
8.2480 	EXP 	WordListStudyText: height = np.float64(0.05)
8.2480 	EXP 	WordListStudyText: height = np.float64(0.05)
8.2480 	EXP 	WordListStudyText: height = np.float64(0.05)
8.2480 	EXP 	WordListStudyText: text = 'pizza'
8.2556 	EXP 	WordListStudyText: autoDraw = True
9.2484 	EXP 	WordListStudyText: autoDraw = False
9.2484 	EXP 	WordListStudyText: autoDraw = False
9.2556 	EXP 	WordListDistractionText: autoDraw = True
10.2481 	EXP 	WordListDistractionText: autoDraw = False
10.2481 	EXP 	WordListDistractionText: autoDraw = False
10.2495 	EXP 	experiment: status = STOPPED
10.2540 	INFO 	saved data to 'C:\\Users\\Jackson\\Desktop\\Research Project Experiment\\data\\pilot_experiment_2026-03-07_12h34.12.549.csv'
10.2546 	INFO 	saved data to C:\Users\Jackson\Desktop\Research Project Experiment\data\pilot_experiment_2026-03-07_12h34.12.549.psydat
10.4815 	DEBUG 	Saving data for experiment ExperimentHandler
10.4842 	WARNING 	Stopping key buffers but this could be dangerous ifother keyboards rely on the same.
