4.2793 	DEBUG 	Fullscreen settings ignored as running in pilot mode.
4.2799 	INFO 	Loaded monitor calibration from ['2026_03_03 13:24']
4.4571 	INFO 	Using renderer 'Intel(R) Iris(R) Xe Graphics' for graphics
4.4571 	INFO 	OpenGL version supported by driver is 4..
4.4862 	EXP 	Created window1 = Window(allowGUI=True, allowStencil=False, autoLog=True, backendConf=UNKNOWN, backgroundFit=<method-wrapper '__getattribute__' of attributeSetter object at 0x0000024E92B2FFD0>, backgroundImage=<method-wrapper '__getattribute__' of attributeSetter object at 0x0000024E92B2FF70>, bitsMode=UNKNOWN, blendMode='avg', bpc=(8, 8, 8), color=array([0, 0, 0]), colorSpace='rgb', depthBits=8, fullscr=False, gamma=None, gammaErrorPolicy='raise', infoMsg=UNKNOWN, lms=UNKNOWN, monitor=<psychopy.monitors.calibTools.Monitor object at 0x0000024E895979A0>, multiSample=False, name='window1', numSamples=2, pos=[np.float64(560.0), np.float64(240.0)], screen=0, size=array([800, 600]), stencilBits=0, stereo=False, title='PsychoPy', units='height', useFBO=True, useRetina=False, viewOri=0.0, viewPos=None, viewScale=None, waitBlanking=True, winType='pyglet')
4.4862 	EXP 	window1: backgroundImage = ''
4.4862 	EXP 	window1: backgroundFit = 'none'
4.5007 	DEBUG 	TextBox2 loaded 1 chars with 0 blanks and 1 valid
4.5101 	DEBUG 	TextBox2 loaded 1 chars with 0 blanks and 1 valid
4.5195 	DEBUG 	TextBox2 loaded 1 chars with 0 blanks and 1 valid
4.5293 	DEBUG 	TextBox2 loaded 1 chars with 0 blanks and 1 valid
4.5388 	DEBUG 	TextBox2 loaded 1 chars with 0 blanks and 1 valid
4.5481 	DEBUG 	TextBox2 loaded 1 chars with 0 blanks and 1 valid
4.5577 	DEBUG 	TextBox2 loaded 1 chars with 0 blanks and 1 valid
4.5671 	DEBUG 	TextBox2 loaded 1 chars with 0 blanks and 1 valid
4.5763 	DEBUG 	TextBox2 loaded 1 chars with 0 blanks and 1 valid
4.5854 	DEBUG 	TextBox2 loaded 1 chars with 0 blanks and 1 valid
4.5946 	DEBUG 	TextBox2 loaded 1 chars with 0 blanks and 1 valid
4.6047 	DEBUG 	TextBox2 loaded 1 chars with 0 blanks and 1 valid
4.6143 	DEBUG 	TextBox2 loaded 1 chars with 0 blanks and 1 valid
4.6235 	DEBUG 	TextBox2 loaded 1 chars with 0 blanks and 1 valid
4.6336 	DEBUG 	TextBox2 loaded 1 chars with 0 blanks and 1 valid
4.6428 	DEBUG 	TextBox2 loaded 1 chars with 0 blanks and 1 valid
4.6516 	DEBUG 	TextBox2 loaded 1 chars with 0 blanks and 1 valid
4.6605 	DEBUG 	TextBox2 loaded 1 chars with 0 blanks and 1 valid
4.6695 	DEBUG 	TextBox2 loaded 1 chars with 0 blanks and 1 valid
4.6789 	DEBUG 	TextBox2 loaded 1 chars with 0 blanks and 1 valid
4.6884 	DEBUG 	TextBox2 loaded 1 chars with 0 blanks and 1 valid
4.6887 	DEBUG 	Uploading Texture Font fontname to graphics card
4.6926 	DEBUG 	Upload of Texture Font fontname complete
4.7059 	DEBUG 	TextBox2 loaded 1 chars with 0 blanks and 1 valid
4.7158 	DEBUG 	TextBox2 loaded 1 chars with 0 blanks and 1 valid
4.7255 	DEBUG 	TextBox2 loaded 1 chars with 0 blanks and 1 valid
4.7257 	DEBUG 	Uploading Texture Font fontname to graphics card
4.7280 	DEBUG 	Upload of Texture Font fontname complete
4.7297 	EXP 	window1: Attempting to measure frame rate of screen (0) ...
4.7297 	EXP 	window1: recordFrameIntervals = False
4.8068 	EXP 	window1: recordFrameIntervals = True
5.5020 	EXP 	window1: recordFrameIntervals = False
5.5021 	EXP 	Screen (0) actual frame rate measured at 142.96Hz
5.5154 	DEBUG 	TextBox2 loaded 1 chars with 0 blanks and 1 valid
5.5245 	DEBUG 	TextBox2 loaded 1 chars with 0 blanks and 1 valid
5.5336 	DEBUG 	TextBox2 loaded 1 chars with 0 blanks and 1 valid
5.5429 	DEBUG 	TextBox2 loaded 1 chars with 0 blanks and 1 valid
5.5521 	DEBUG 	TextBox2 loaded 1 chars with 0 blanks and 1 valid
5.5616 	DEBUG 	TextBox2 loaded 1 chars with 0 blanks and 1 valid
5.5706 	DEBUG 	TextBox2 loaded 1 chars with 0 blanks and 1 valid
5.5797 	DEBUG 	TextBox2 loaded 1 chars with 0 blanks and 1 valid
5.5894 	DEBUG 	TextBox2 loaded 1 chars with 0 blanks and 1 valid
5.5988 	DEBUG 	TextBox2 loaded 1 chars with 0 blanks and 1 valid
5.5991 	DEBUG 	Uploading Texture Font fontname to graphics card
5.5995 	DEBUG 	Upload of Texture Font fontname complete
5.7894 	INFO 	keyboard.Keyboard is using ptb backend.
5.7894 	EXP 	experiment: status = STARTED
5.8474 	EXP 	Created WelcomeText = TextStim(__class__=<class 'psychopy.visual.text.TextStim'>, alignHoriz=method-wrapper(...), alignText='center', alignVert=method-wrapper(...), anchorHoriz='center', anchorVert='center', antialias=True, autoDraw=False, autoLog=True, bold=False, color=array([1., 1., 1.]), colorSpace='rgb', contrast=1.0, depth=0.0, draggable=False, flipHoriz=False, flipVert=False, font='Arial', fontFiles=[], height=np.float64(0.05), italic=False, languageStyle='LTR', name='WelcomeText', opacity=1, ori=0.0, pos=array([0., 0.]), rgb=UNKNOWN, text=str(...), units='height', win=Window(...), wrapWidth=1)
5.8530 	EXP 	Created ConditionSelectionText = TextStim(__class__=<class 'psychopy.visual.text.TextStim'>, alignHoriz=method-wrapper(...), alignText='center', alignVert=method-wrapper(...), anchorHoriz='center', anchorVert='center', antialias=True, autoDraw=False, autoLog=True, bold=False, color=array([1., 1., 1.]), colorSpace='rgb', contrast=1.0, depth=0.0, draggable=False, flipHoriz=False, flipVert=False, font='Arial', fontFiles=[], height=np.float64(0.05), italic=False, languageStyle='LTR', name='ConditionSelectionText', opacity=1, ori=0.0, pos=array([0., 0.]), rgb=UNKNOWN, text=str(...), units='height', win=Window(...), wrapWidth=1)
5.8539 	EXP 	Created VideoInstructionsText = TextStim(__class__=<class 'psychopy.visual.text.TextStim'>, alignHoriz=method-wrapper(...), alignText='center', alignVert=method-wrapper(...), anchorHoriz='center', anchorVert='center', antialias=True, autoDraw=False, autoLog=True, bold=False, color=array([1., 1., 1.]), colorSpace='rgb', contrast=1.0, depth=0.0, draggable=False, flipHoriz=False, flipVert=False, font='Arial', fontFiles=[], height=np.float64(0.05), italic=False, languageStyle='LTR', name='VideoInstructionsText', opacity=1, ori=0.0, pos=array([0., 0.]), rgb=UNKNOWN, text='', units='height', win=Window(...), wrapWidth=1)
5.8583 	EXP 	Created ScreenshotInstructionsText = TextStim(__class__=<class 'psychopy.visual.text.TextStim'>, alignHoriz=method-wrapper(...), alignText='center', alignVert=method-wrapper(...), anchorHoriz='center', anchorVert='center', antialias=True, autoDraw=False, autoLog=True, bold=False, color=array([1., 1., 1.]), colorSpace='rgb', contrast=1.0, depth=0.0, draggable=False, flipHoriz=False, flipVert=False, font='Arial', fontFiles=[], height=np.float64(0.05), italic=False, languageStyle='LTR', name='ScreenshotInstructionsText', opacity=1, ori=0.0, pos=array([0., 0.]), rgb=UNKNOWN, text=str(...), units='height', win=Window(...), wrapWidth=1)
5.8700 	EXP 	Created ScreenshotLeft = ImageStim(__class__=<class 'psychopy.visual.image.ImageStim'>, anchor=('center', 'center'), autoLog=True, color=array([1., 1., 1.]), colorSpace='rgb', contrast=1.0, depth=0.0, draggable=False, flipHoriz=np.False_, flipVert=np.False_, image='default.png', interpolate=True, mask=None, maskParams=None, name='ScreenshotLeft', opacity=1, ori=0.0, pos=array([-0.3,  0. ]), size=array([0.5, 0.5]), texRes=128.0, units='height', win=Window(...))
5.8731 	EXP 	Created ScreenshotRight = ImageStim(__class__=<class 'psychopy.visual.image.ImageStim'>, anchor=('center', 'center'), autoLog=True, color=array([1., 1., 1.]), colorSpace='rgb', contrast=1.0, depth=-1.0, draggable=False, flipHoriz=np.False_, flipVert=np.False_, image='default.png', interpolate=True, mask=None, maskParams=None, name='ScreenshotRight', opacity=1, ori=0.0, pos=array([0.3, 0. ]), size=array([0.5, 0.5]), texRes=128.0, units='height', win=Window(...))
5.8758 	EXP 	Created WordListInstructionsText = TextStim(__class__=<class 'psychopy.visual.text.TextStim'>, alignHoriz=method-wrapper(...), alignText='center', alignVert=method-wrapper(...), anchorHoriz='center', anchorVert='center', antialias=True, autoDraw=False, autoLog=True, bold=False, color=array([1., 1., 1.]), colorSpace='rgb', contrast=1.0, depth=0.0, draggable=False, flipHoriz=False, flipVert=False, font='Arial', fontFiles=[], height=np.float64(0.05), italic=False, languageStyle='LTR', name='WordListInstructionsText', opacity=1, ori=0.0, pos=array([0., 0.]), rgb=UNKNOWN, text=str(...), units='height', win=Window(...), wrapWidth=1)
5.8763 	EXP 	Created WordListStudyText = TextStim(__class__=<class 'psychopy.visual.text.TextStim'>, alignHoriz=method-wrapper(...), alignText='center', alignVert=method-wrapper(...), anchorHoriz='center', anchorVert='center', antialias=True, autoDraw=False, autoLog=True, bold=False, color=array([1., 1., 1.]), colorSpace='rgb', contrast=1.0, depth=0.0, draggable=False, flipHoriz=False, flipVert=False, font='Arial', fontFiles=[], height=0.05, italic=False, languageStyle='LTR', name='WordListStudyText', opacity=1, ori=0.0, pos=array([0., 0.]), rgb=UNKNOWN, text='', units='height', win=Window(...), wrapWidth=1)
5.8768 	EXP 	Created WordListDistractionText = TextStim(__class__=<class 'psychopy.visual.text.TextStim'>, alignHoriz=method-wrapper(...), alignText='center', alignVert=method-wrapper(...), anchorHoriz='center', anchorVert='center', antialias=True, autoDraw=False, autoLog=True, bold=False, color=array([1., 1., 1.]), colorSpace='rgb', contrast=1.0, depth=0.0, draggable=False, flipHoriz=False, flipVert=False, font='Arial', fontFiles=[], height=np.float64(0.05), italic=False, languageStyle='LTR', name='WordListDistractionText', opacity=1, ori=0.0, pos=array([0., 0.]), rgb=UNKNOWN, text='', units='height', win=Window(...), wrapWidth=1)
5.8796 	INFO 	Importing items...
5.8837 	DEBUG 	Read csv file with pandas: wordlistform.csv
5.8845 	DEBUG 	Clearing unnamed columns from wordlistform.csv
5.8849 	EXP 	Imported wordlistform.csv as conditions, 5 conditions, 6 params
5.8850 	INFO 	Using default values for the following headers: ['index', 'itemColor', 'ticks', 'tickLabels', 'font', 'responseColor', 'markerColor', 'index', 'itemColor', 'ticks', 'tickLabels', 'font', 'responseColor', 'markerColor', 'index', 'itemColor', 'ticks', 'tickLabels', 'font', 'responseColor', 'markerColor', 'index', 'itemColor', 'ticks', 'tickLabels', 'font', 'responseColor', 'markerColor', 'index', 'itemColor', 'type', 'options', 'ticks', 'tickLabels', 'font', 'responseWidth', 'responseColor', 'markerColor', 'layout']
5.9162 	DEBUG 	Saving data for experiment ExperimentHandler
5.9168 	INFO 	saved data to C:\Users\Jackson\Documents\GitHub\ResearchExperiment\data\pilot_experiment_2026-03-07_15h48.09.442.psydat
5.9171 	INFO 	saved data to 'C:\\Users\\Jackson\\Documents\\GitHub\\ResearchExperiment\\data\\pilot_experiment_2026-03-07_15h48.09.442.csv'
5.9215 	WARNING 	Stopping key buffers but this could be dangerous ifother keyboards rely on the same.
