4.2998 	DEBUG 	Fullscreen settings ignored as running in pilot mode.
4.3003 	INFO 	Loaded monitor calibration from ['2026_03_03 13:24']
4.4856 	INFO 	Using renderer 'Intel(R) Iris(R) Xe Graphics' for graphics
4.4856 	INFO 	OpenGL version supported by driver is 4..
4.5166 	EXP 	Created window1 = Window(allowGUI=True, allowStencil=False, autoLog=True, backendConf=UNKNOWN, backgroundFit=<method-wrapper '__getattribute__' of attributeSetter object at 0x000001B1C555A080>, backgroundImage=<method-wrapper '__getattribute__' of attributeSetter object at 0x000001B1C555A0E0>, bitsMode=UNKNOWN, blendMode='avg', bpc=(8, 8, 8), color=array([0, 0, 0]), colorSpace='rgb', depthBits=8, fullscr=False, gamma=None, gammaErrorPolicy='raise', infoMsg=UNKNOWN, lms=UNKNOWN, monitor=<psychopy.monitors.calibTools.Monitor object at 0x000001B1C39DDC00>, multiSample=False, name='window1', numSamples=2, pos=[np.float64(560.0), np.float64(240.0)], screen=0, size=array([800, 600]), stencilBits=0, stereo=False, title='PsychoPy', units='height', useFBO=True, useRetina=False, viewOri=0.0, viewPos=None, viewScale=None, waitBlanking=True, winType='pyglet')
4.5166 	EXP 	window1: backgroundImage = ''
4.5166 	EXP 	window1: backgroundFit = 'none'
4.5313 	DEBUG 	TextBox2 loaded 1 chars with 0 blanks and 1 valid
4.5404 	DEBUG 	TextBox2 loaded 1 chars with 0 blanks and 1 valid
4.5497 	DEBUG 	TextBox2 loaded 1 chars with 0 blanks and 1 valid
4.5593 	DEBUG 	TextBox2 loaded 1 chars with 0 blanks and 1 valid
4.5690 	DEBUG 	TextBox2 loaded 1 chars with 0 blanks and 1 valid
4.5781 	DEBUG 	TextBox2 loaded 1 chars with 0 blanks and 1 valid
4.5876 	DEBUG 	TextBox2 loaded 1 chars with 0 blanks and 1 valid
4.5974 	DEBUG 	TextBox2 loaded 1 chars with 0 blanks and 1 valid
4.6067 	DEBUG 	TextBox2 loaded 1 chars with 0 blanks and 1 valid
4.6154 	DEBUG 	TextBox2 loaded 1 chars with 0 blanks and 1 valid
4.6250 	DEBUG 	TextBox2 loaded 1 chars with 0 blanks and 1 valid
4.6342 	DEBUG 	TextBox2 loaded 1 chars with 0 blanks and 1 valid
4.6434 	DEBUG 	TextBox2 loaded 1 chars with 0 blanks and 1 valid
4.6530 	DEBUG 	TextBox2 loaded 1 chars with 0 blanks and 1 valid
4.6624 	DEBUG 	TextBox2 loaded 1 chars with 0 blanks and 1 valid
4.6720 	DEBUG 	TextBox2 loaded 1 chars with 0 blanks and 1 valid
4.6812 	DEBUG 	TextBox2 loaded 1 chars with 0 blanks and 1 valid
4.6907 	DEBUG 	TextBox2 loaded 1 chars with 0 blanks and 1 valid
4.6998 	DEBUG 	TextBox2 loaded 1 chars with 0 blanks and 1 valid
4.7094 	DEBUG 	TextBox2 loaded 1 chars with 0 blanks and 1 valid
4.7183 	DEBUG 	TextBox2 loaded 1 chars with 0 blanks and 1 valid
4.7186 	DEBUG 	Uploading Texture Font fontname to graphics card
4.7258 	DEBUG 	Upload of Texture Font fontname complete
4.7398 	DEBUG 	TextBox2 loaded 1 chars with 0 blanks and 1 valid
4.7491 	DEBUG 	TextBox2 loaded 1 chars with 0 blanks and 1 valid
4.7587 	DEBUG 	TextBox2 loaded 1 chars with 0 blanks and 1 valid
4.7589 	DEBUG 	Uploading Texture Font fontname to graphics card
4.7635 	DEBUG 	Upload of Texture Font fontname complete
4.7664 	EXP 	window1: Attempting to measure frame rate of screen (0) ...
4.7664 	EXP 	window1: recordFrameIntervals = False
4.8435 	EXP 	window1: recordFrameIntervals = True
5.4116 	WARNING 	t of last frame was 26.28ms (=1/38)
5.5595 	EXP 	window1: recordFrameIntervals = False
5.5596 	EXP 	Screen (0) actual frame rate measured at 143.10Hz
5.5728 	DEBUG 	TextBox2 loaded 1 chars with 0 blanks and 1 valid
5.5819 	DEBUG 	TextBox2 loaded 1 chars with 0 blanks and 1 valid
5.5909 	DEBUG 	TextBox2 loaded 1 chars with 0 blanks and 1 valid
5.6007 	DEBUG 	TextBox2 loaded 1 chars with 0 blanks and 1 valid
5.6101 	DEBUG 	TextBox2 loaded 1 chars with 0 blanks and 1 valid
5.6193 	DEBUG 	TextBox2 loaded 1 chars with 0 blanks and 1 valid
5.6282 	DEBUG 	TextBox2 loaded 1 chars with 0 blanks and 1 valid
5.6376 	DEBUG 	TextBox2 loaded 1 chars with 0 blanks and 1 valid
5.6473 	DEBUG 	TextBox2 loaded 1 chars with 0 blanks and 1 valid
5.6568 	DEBUG 	TextBox2 loaded 1 chars with 0 blanks and 1 valid
5.6571 	DEBUG 	Uploading Texture Font fontname to graphics card
5.6575 	DEBUG 	Upload of Texture Font fontname complete
5.8454 	INFO 	keyboard.Keyboard is using ptb backend.
5.8455 	EXP 	experiment: status = STARTED
5.9052 	EXP 	Created WelcomeText = TextStim(__class__=<class 'psychopy.visual.text.TextStim'>, alignHoriz=method-wrapper(...), alignText='center', alignVert=method-wrapper(...), anchorHoriz='center', anchorVert='center', antialias=True, autoDraw=False, autoLog=True, bold=False, color=array([1., 1., 1.]), colorSpace='rgb', contrast=1.0, depth=0.0, draggable=False, flipHoriz=False, flipVert=False, font='Arial', fontFiles=[], height=np.float64(0.05), italic=False, languageStyle='LTR', name='WelcomeText', opacity=1, ori=0.0, pos=array([0., 0.]), rgb=UNKNOWN, text=str(...), units='height', win=Window(...), wrapWidth=1)
5.9115 	EXP 	Created ConditionSelectionText = TextStim(__class__=<class 'psychopy.visual.text.TextStim'>, alignHoriz=method-wrapper(...), alignText='center', alignVert=method-wrapper(...), anchorHoriz='center', anchorVert='center', antialias=True, autoDraw=False, autoLog=True, bold=False, color=array([1., 1., 1.]), colorSpace='rgb', contrast=1.0, depth=0.0, draggable=False, flipHoriz=False, flipVert=False, font='Arial', fontFiles=[], height=np.float64(0.05), italic=False, languageStyle='LTR', name='ConditionSelectionText', opacity=1, ori=0.0, pos=array([0., 0.]), rgb=UNKNOWN, text=str(...), units='height', win=Window(...), wrapWidth=1)
5.9122 	EXP 	Created VideoInstructionsText = TextStim(__class__=<class 'psychopy.visual.text.TextStim'>, alignHoriz=method-wrapper(...), alignText='center', alignVert=method-wrapper(...), anchorHoriz='center', anchorVert='center', antialias=True, autoDraw=False, autoLog=True, bold=False, color=array([1., 1., 1.]), colorSpace='rgb', contrast=1.0, depth=0.0, draggable=False, flipHoriz=False, flipVert=False, font='Arial', fontFiles=[], height=np.float64(0.05), italic=False, languageStyle='LTR', name='VideoInstructionsText', opacity=1, ori=0.0, pos=array([0., 0.]), rgb=UNKNOWN, text='', units='height', win=Window(...), wrapWidth=1)
5.9170 	EXP 	Created ScreenshotInstructionsText = TextStim(__class__=<class 'psychopy.visual.text.TextStim'>, alignHoriz=method-wrapper(...), alignText='center', alignVert=method-wrapper(...), anchorHoriz='center', anchorVert='center', antialias=True, autoDraw=False, autoLog=True, bold=False, color=array([1., 1., 1.]), colorSpace='rgb', contrast=1.0, depth=0.0, draggable=False, flipHoriz=False, flipVert=False, font='Arial', fontFiles=[], height=np.float64(0.05), italic=False, languageStyle='LTR', name='ScreenshotInstructionsText', opacity=1, ori=0.0, pos=array([0., 0.]), rgb=UNKNOWN, text=str(...), units='height', win=Window(...), wrapWidth=1)
5.9292 	EXP 	Created ScreenshotLeft = ImageStim(__class__=<class 'psychopy.visual.image.ImageStim'>, anchor=('center', 'center'), autoLog=True, color=array([1., 1., 1.]), colorSpace='rgb', contrast=1.0, depth=0.0, draggable=False, flipHoriz=np.False_, flipVert=np.False_, image='default.png', interpolate=True, mask=None, maskParams=None, name='ScreenshotLeft', opacity=1, ori=0.0, pos=array([-0.3,  0. ]), size=array([0.5, 0.5]), texRes=128.0, units='height', win=Window(...))
5.9315 	EXP 	Created ScreenshotRight = ImageStim(__class__=<class 'psychopy.visual.image.ImageStim'>, anchor=('center', 'center'), autoLog=True, color=array([1., 1., 1.]), colorSpace='rgb', contrast=1.0, depth=-1.0, draggable=False, flipHoriz=np.False_, flipVert=np.False_, image='default.png', interpolate=True, mask=None, maskParams=None, name='ScreenshotRight', opacity=1, ori=0.0, pos=array([0.3, 0. ]), size=array([0.5, 0.5]), texRes=128.0, units='height', win=Window(...))
5.9347 	EXP 	Created WordListInstructionsText = TextStim(__class__=<class 'psychopy.visual.text.TextStim'>, alignHoriz=method-wrapper(...), alignText='center', alignVert=method-wrapper(...), anchorHoriz='center', anchorVert='center', antialias=True, autoDraw=False, autoLog=True, bold=False, color=array([1., 1., 1.]), colorSpace='rgb', contrast=1.0, depth=0.0, draggable=False, flipHoriz=False, flipVert=False, font='Arial', fontFiles=[], height=np.float64(0.05), italic=False, languageStyle='LTR', name='WordListInstructionsText', opacity=1, ori=0.0, pos=array([0., 0.]), rgb=UNKNOWN, text=str(...), units='height', win=Window(...), wrapWidth=1)
5.9352 	EXP 	Created WordListStudyText = TextStim(__class__=<class 'psychopy.visual.text.TextStim'>, alignHoriz=method-wrapper(...), alignText='center', alignVert=method-wrapper(...), anchorHoriz='center', anchorVert='center', antialias=True, autoDraw=False, autoLog=True, bold=False, color=array([1., 1., 1.]), colorSpace='rgb', contrast=1.0, depth=0.0, draggable=False, flipHoriz=False, flipVert=False, font='Arial', fontFiles=[], height=0.05, italic=False, languageStyle='LTR', name='WordListStudyText', opacity=1, ori=0.0, pos=array([0., 0.]), rgb=UNKNOWN, text='', units='height', win=Window(...), wrapWidth=1)
5.9358 	EXP 	Created WordListDistractionText = TextStim(__class__=<class 'psychopy.visual.text.TextStim'>, alignHoriz=method-wrapper(...), alignText='center', alignVert=method-wrapper(...), anchorHoriz='center', anchorVert='center', antialias=True, autoDraw=False, autoLog=True, bold=False, color=array([1., 1., 1.]), colorSpace='rgb', contrast=1.0, depth=0.0, draggable=False, flipHoriz=False, flipVert=False, font='Arial', fontFiles=[], height=np.float64(0.05), italic=False, languageStyle='LTR', name='WordListDistractionText', opacity=1, ori=0.0, pos=array([0., 0.]), rgb=UNKNOWN, text='', units='height', win=Window(...), wrapWidth=1)
5.9385 	INFO 	Importing items...
5.9412 	DEBUG 	Read csv file with pandas: wordlistform.csv
5.9418 	DEBUG 	Clearing unnamed columns from wordlistform.csv
5.9420 	EXP 	Imported wordlistform.csv as conditions, 5 conditions, 1 params
5.9642 	DEBUG 	Saving data for experiment ExperimentHandler
5.9649 	INFO 	saved data to C:\Users\Jackson\Documents\GitHub\ResearchExperiment\data\pilot_experiment_2026-03-07_13h57.06.557.psydat
5.9654 	INFO 	saved data to 'C:\\Users\\Jackson\\Documents\\GitHub\\ResearchExperiment\\data\\pilot_experiment_2026-03-07_13h57.06.557.csv'
5.9694 	WARNING 	Stopping key buffers but this could be dangerous ifother keyboards rely on the same.
