8.5608 	DEBUG 	Fullscreen settings ignored as running in pilot mode.
8.5616 	INFO 	Loaded monitor calibration from ['2026_03_03 13:24']
8.8371 	INFO 	Using renderer 'Intel(R) Iris(R) Xe Graphics' for graphics
8.8371 	INFO 	OpenGL version supported by driver is 4..
8.8796 	EXP 	Created window1 = Window(allowGUI=False, allowStencil=False, autoLog=True, backendConf=UNKNOWN, backgroundFit=<method-wrapper '__getattribute__' of attributeSetter object at 0x00000154734EC550>, backgroundImage=<method-wrapper '__getattribute__' of attributeSetter object at 0x00000154734EC5B0>, bitsMode=UNKNOWN, blendMode='avg', bpc=(8, 8, 8), color=array([0, 0, 0]), colorSpace='rgb', depthBits=8, fullscr=False, gamma=None, gammaErrorPolicy='raise', infoMsg=UNKNOWN, lms=UNKNOWN, monitor=<psychopy.monitors.calibTools.Monitor object at 0x0000015468E225C0>, multiSample=False, name='window1', numSamples=2, pos=[np.float64(560.0), np.float64(240.0)], screen=0, size=array([800, 600]), stencilBits=0, stereo=False, title='PsychoPy', units='height', useFBO=True, useRetina=False, viewOri=0.0, viewPos=None, viewScale=None, waitBlanking=True, winType='pyglet')
8.8797 	EXP 	window1: backgroundImage = ''
8.8797 	EXP 	window1: backgroundFit = 'none'
8.9023 	DEBUG 	TextBox2 loaded 1 chars with 0 blanks and 1 valid
8.9174 	DEBUG 	TextBox2 loaded 1 chars with 0 blanks and 1 valid
8.9332 	DEBUG 	TextBox2 loaded 1 chars with 0 blanks and 1 valid
8.9494 	DEBUG 	TextBox2 loaded 1 chars with 0 blanks and 1 valid
8.9659 	DEBUG 	TextBox2 loaded 1 chars with 0 blanks and 1 valid
8.9818 	DEBUG 	TextBox2 loaded 1 chars with 0 blanks and 1 valid
8.9977 	DEBUG 	TextBox2 loaded 1 chars with 0 blanks and 1 valid
9.0137 	DEBUG 	TextBox2 loaded 1 chars with 0 blanks and 1 valid
9.0295 	DEBUG 	TextBox2 loaded 1 chars with 0 blanks and 1 valid
9.0451 	DEBUG 	TextBox2 loaded 1 chars with 0 blanks and 1 valid
9.0614 	DEBUG 	TextBox2 loaded 1 chars with 0 blanks and 1 valid
9.0774 	DEBUG 	TextBox2 loaded 1 chars with 0 blanks and 1 valid
9.0936 	DEBUG 	TextBox2 loaded 1 chars with 0 blanks and 1 valid
9.1098 	DEBUG 	TextBox2 loaded 1 chars with 0 blanks and 1 valid
9.1256 	DEBUG 	TextBox2 loaded 1 chars with 0 blanks and 1 valid
9.1420 	DEBUG 	TextBox2 loaded 1 chars with 0 blanks and 1 valid
9.1581 	DEBUG 	TextBox2 loaded 1 chars with 0 blanks and 1 valid
9.1736 	DEBUG 	TextBox2 loaded 1 chars with 0 blanks and 1 valid
9.1892 	DEBUG 	TextBox2 loaded 1 chars with 0 blanks and 1 valid
9.2053 	DEBUG 	TextBox2 loaded 1 chars with 0 blanks and 1 valid
9.2209 	DEBUG 	TextBox2 loaded 1 chars with 0 blanks and 1 valid
9.2215 	DEBUG 	Uploading Texture Font fontname to graphics card
9.2276 	DEBUG 	Upload of Texture Font fontname complete
9.2497 	DEBUG 	TextBox2 loaded 1 chars with 0 blanks and 1 valid
9.2659 	DEBUG 	TextBox2 loaded 1 chars with 0 blanks and 1 valid
9.2815 	DEBUG 	TextBox2 loaded 1 chars with 0 blanks and 1 valid
9.2819 	DEBUG 	Uploading Texture Font fontname to graphics card
9.2860 	DEBUG 	Upload of Texture Font fontname complete
9.2883 	EXP 	window1: Attempting to measure frame rate of screen (0) ...
9.2883 	EXP 	window1: recordFrameIntervals = False
9.3764 	EXP 	window1: recordFrameIntervals = True
10.1330 	EXP 	window1: recordFrameIntervals = False
10.1331 	EXP 	Screen (0) actual frame rate measured at 143.68Hz
10.1524 	DEBUG 	TextBox2 loaded 1 chars with 0 blanks and 1 valid
10.1681 	DEBUG 	TextBox2 loaded 1 chars with 0 blanks and 1 valid
10.1843 	DEBUG 	TextBox2 loaded 1 chars with 0 blanks and 1 valid
10.2007 	DEBUG 	TextBox2 loaded 1 chars with 0 blanks and 1 valid
10.2452 	DEBUG 	TextBox2 loaded 1 chars with 0 blanks and 1 valid
10.2595 	DEBUG 	TextBox2 loaded 1 chars with 0 blanks and 1 valid
10.2749 	DEBUG 	TextBox2 loaded 1 chars with 0 blanks and 1 valid
10.2909 	DEBUG 	TextBox2 loaded 1 chars with 0 blanks and 1 valid
10.3071 	DEBUG 	TextBox2 loaded 1 chars with 0 blanks and 1 valid
10.3238 	DEBUG 	TextBox2 loaded 1 chars with 0 blanks and 1 valid
10.3243 	DEBUG 	Uploading Texture Font fontname to graphics card
10.3249 	DEBUG 	Upload of Texture Font fontname complete
10.5466 	INFO 	keyboard.Keyboard is using ptb backend.
10.5467 	EXP 	experiment: status = STARTED
10.6424 	EXP 	Created WelcomeText = TextStim(__class__=<class 'psychopy.visual.text.TextStim'>, alignHoriz=method-wrapper(...), alignText='center', alignVert=method-wrapper(...), anchorHoriz='center', anchorVert='center', antialias=True, autoDraw=False, autoLog=True, bold=False, color=array([1., 1., 1.]), colorSpace='rgb', contrast=1.0, depth=0.0, draggable=False, flipHoriz=False, flipVert=False, font='Arial', fontFiles=[], height=np.float64(0.05), italic=False, languageStyle='LTR', name='WelcomeText', opacity=1, ori=0.0, pos=array([0., 0.]), rgb=UNKNOWN, text=str(...), units='height', win=Window(...), wrapWidth=1)
10.6488 	DEBUG 	TextBox2 loaded 1 chars with 0 blanks and 1 valid
10.6498 	DEBUG 	TextBox2 loaded 1 chars with 0 blanks and 1 valid
10.6506 	DEBUG 	TextBox2 loaded 1 chars with 0 blanks and 1 valid
10.6515 	DEBUG 	TextBox2 loaded 1 chars with 0 blanks and 1 valid
10.6526 	DEBUG 	TextBox2 loaded 1 chars with 0 blanks and 1 valid
10.6530 	DEBUG 	TextBox2 loaded 1 chars with 0 blanks and 1 valid
10.6534 	DEBUG 	TextBox2 loaded 1 chars with 0 blanks and 1 valid
10.6547 	DEBUG 	TextBox2 loaded 1 chars with 0 blanks and 1 valid
10.6558 	DEBUG 	TextBox2 loaded 1 chars with 0 blanks and 1 valid
10.6570 	DEBUG 	TextBox2 loaded 1 chars with 0 blanks and 1 valid
10.6579 	DEBUG 	TextBox2 loaded 1 chars with 0 blanks and 1 valid
10.6588 	DEBUG 	TextBox2 loaded 1 chars with 0 blanks and 1 valid
10.6597 	DEBUG 	TextBox2 loaded 1 chars with 0 blanks and 1 valid
10.6606 	DEBUG 	TextBox2 loaded 1 chars with 0 blanks and 1 valid
10.6615 	DEBUG 	TextBox2 loaded 1 chars with 0 blanks and 1 valid
10.6618 	DEBUG 	Uploading Texture Font fontname to graphics card
10.6631 	DEBUG 	Upload of Texture Font fontname complete
10.6703 	DEBUG 	TextBox2 loaded 1 chars with 0 blanks and 1 valid
10.6716 	DEBUG 	TextBox2 loaded 1 chars with 0 blanks and 1 valid
10.6729 	DEBUG 	TextBox2 loaded 1 chars with 0 blanks and 1 valid
10.6743 	DEBUG 	TextBox2 loaded 1 chars with 0 blanks and 1 valid
10.6751 	DEBUG 	TextBox2 loaded 1 chars with 0 blanks and 1 valid
10.6756 	DEBUG 	TextBox2 loaded 1 chars with 0 blanks and 1 valid
10.6759 	DEBUG 	Uploading Texture Font fontname to graphics card
10.6767 	DEBUG 	Upload of Texture Font fontname complete
0.0224 	EXP 	WelcomeText: autoDraw = True
8.3586 	DATA 	Mouse: Left button down, pos=(444,36)
8.3695 	EXP 	WelcomeText: autoDraw = False
8.3719 	EXP 	experiment: status = STOPPED
8.3750 	INFO 	saved data to 'C:\\Users\\Jackson\\Desktop\\Research Project Experiment\\data\\pilot_experiment_2026-03-06_13h09.35.081.csv'
8.3757 	INFO 	saved data to C:\Users\Jackson\Desktop\Research Project Experiment\data\pilot_experiment_2026-03-06_13h09.35.081.psydat
8.6679 	DEBUG 	Saving data for experiment ExperimentHandler
8.6730 	WARNING 	Stopping key buffers but this could be dangerous ifother keyboards rely on the same.
