4.3448 	DEBUG 	Fullscreen settings ignored as running in pilot mode.
4.3457 	INFO 	Loaded monitor calibration from ['2026_03_03 13:24']
4.5214 	INFO 	Using renderer 'Intel(R) Iris(R) Xe Graphics' for graphics
4.5214 	INFO 	OpenGL version supported by driver is 4..
4.5486 	EXP 	Created window1 = Window(allowGUI=True, allowStencil=False, autoLog=True, backendConf=UNKNOWN, backgroundFit=<method-wrapper '__getattribute__' of attributeSetter object at 0x00000137C96E0490>, backgroundImage=<method-wrapper '__getattribute__' of attributeSetter object at 0x00000137C96E0430>, bitsMode=UNKNOWN, blendMode='avg', bpc=(8, 8, 8), color=array([0, 0, 0]), colorSpace='rgb', depthBits=8, fullscr=False, gamma=None, gammaErrorPolicy='raise', infoMsg=UNKNOWN, lms=UNKNOWN, monitor=<psychopy.monitors.calibTools.Monitor object at 0x00000137BF46A4D0>, multiSample=False, name='window1', numSamples=2, pos=[np.float64(560.0), np.float64(240.0)], screen=0, size=array([800, 600]), stencilBits=0, stereo=False, title='PsychoPy', units='height', useFBO=True, useRetina=False, viewOri=0.0, viewPos=None, viewScale=None, waitBlanking=True, winType='pyglet')
4.5487 	EXP 	window1: backgroundImage = ''
4.5487 	EXP 	window1: backgroundFit = 'none'
4.5629 	DEBUG 	TextBox2 loaded 1 chars with 0 blanks and 1 valid
4.5721 	DEBUG 	TextBox2 loaded 1 chars with 0 blanks and 1 valid
4.5812 	DEBUG 	TextBox2 loaded 1 chars with 0 blanks and 1 valid
4.5905 	DEBUG 	TextBox2 loaded 1 chars with 0 blanks and 1 valid
4.5998 	DEBUG 	TextBox2 loaded 1 chars with 0 blanks and 1 valid
4.6088 	DEBUG 	TextBox2 loaded 1 chars with 0 blanks and 1 valid
4.6181 	DEBUG 	TextBox2 loaded 1 chars with 0 blanks and 1 valid
4.6274 	DEBUG 	TextBox2 loaded 1 chars with 0 blanks and 1 valid
4.6363 	DEBUG 	TextBox2 loaded 1 chars with 0 blanks and 1 valid
4.6456 	DEBUG 	TextBox2 loaded 1 chars with 0 blanks and 1 valid
4.6548 	DEBUG 	TextBox2 loaded 1 chars with 0 blanks and 1 valid
4.6639 	DEBUG 	TextBox2 loaded 1 chars with 0 blanks and 1 valid
4.6728 	DEBUG 	TextBox2 loaded 1 chars with 0 blanks and 1 valid
4.6819 	DEBUG 	TextBox2 loaded 1 chars with 0 blanks and 1 valid
4.6908 	DEBUG 	TextBox2 loaded 1 chars with 0 blanks and 1 valid
4.7013 	DEBUG 	TextBox2 loaded 1 chars with 0 blanks and 1 valid
4.7105 	DEBUG 	TextBox2 loaded 1 chars with 0 blanks and 1 valid
4.7193 	DEBUG 	TextBox2 loaded 1 chars with 0 blanks and 1 valid
4.7281 	DEBUG 	TextBox2 loaded 1 chars with 0 blanks and 1 valid
4.7372 	DEBUG 	TextBox2 loaded 1 chars with 0 blanks and 1 valid
4.7463 	DEBUG 	TextBox2 loaded 1 chars with 0 blanks and 1 valid
4.7465 	DEBUG 	Uploading Texture Font fontname to graphics card
4.7502 	DEBUG 	Upload of Texture Font fontname complete
4.7635 	DEBUG 	TextBox2 loaded 1 chars with 0 blanks and 1 valid
4.7727 	DEBUG 	TextBox2 loaded 1 chars with 0 blanks and 1 valid
4.7818 	DEBUG 	TextBox2 loaded 1 chars with 0 blanks and 1 valid
4.7820 	DEBUG 	Uploading Texture Font fontname to graphics card
4.7843 	DEBUG 	Upload of Texture Font fontname complete
4.7857 	EXP 	window1: Attempting to measure frame rate of screen (0) ...
4.7857 	EXP 	window1: recordFrameIntervals = False
4.8608 	EXP 	window1: recordFrameIntervals = True
6.6253 	WARNING 	t of last frame was 1187.78ms (=1/0)
6.7440 	EXP 	window1: recordFrameIntervals = False
6.7441 	EXP 	Screen (0) actual frame rate measured at 142.66Hz
6.7591 	DEBUG 	TextBox2 loaded 1 chars with 0 blanks and 1 valid
6.7681 	DEBUG 	TextBox2 loaded 1 chars with 0 blanks and 1 valid
6.7773 	DEBUG 	TextBox2 loaded 1 chars with 0 blanks and 1 valid
6.7864 	DEBUG 	TextBox2 loaded 1 chars with 0 blanks and 1 valid
6.7956 	DEBUG 	TextBox2 loaded 1 chars with 0 blanks and 1 valid
6.8047 	DEBUG 	TextBox2 loaded 1 chars with 0 blanks and 1 valid
6.8134 	DEBUG 	TextBox2 loaded 1 chars with 0 blanks and 1 valid
6.8224 	DEBUG 	TextBox2 loaded 1 chars with 0 blanks and 1 valid
6.8315 	DEBUG 	TextBox2 loaded 1 chars with 0 blanks and 1 valid
6.8405 	DEBUG 	TextBox2 loaded 1 chars with 0 blanks and 1 valid
6.8408 	DEBUG 	Uploading Texture Font fontname to graphics card
6.8412 	DEBUG 	Upload of Texture Font fontname complete
7.0268 	INFO 	keyboard.Keyboard is using ptb backend.
7.0269 	EXP 	experiment: status = STARTED
7.0855 	EXP 	Created WelcomeText = TextStim(__class__=<class 'psychopy.visual.text.TextStim'>, alignHoriz=method-wrapper(...), alignText='center', alignVert=method-wrapper(...), anchorHoriz='center', anchorVert='center', antialias=True, autoDraw=False, autoLog=True, bold=False, color=array([1., 1., 1.]), colorSpace='rgb', contrast=1.0, depth=0.0, draggable=False, flipHoriz=False, flipVert=False, font='Arial', fontFiles=[], height=np.float64(0.05), italic=False, languageStyle='LTR', name='WelcomeText', opacity=1, ori=0.0, pos=array([0., 0.]), rgb=UNKNOWN, text=str(...), units='height', win=Window(...), wrapWidth=1)
7.0917 	EXP 	Created ConditionSelectionText = TextStim(__class__=<class 'psychopy.visual.text.TextStim'>, alignHoriz=method-wrapper(...), alignText='center', alignVert=method-wrapper(...), anchorHoriz='center', anchorVert='center', antialias=True, autoDraw=False, autoLog=True, bold=False, color=array([1., 1., 1.]), colorSpace='rgb', contrast=1.0, depth=0.0, draggable=False, flipHoriz=False, flipVert=False, font='Arial', fontFiles=[], height=np.float64(0.05), italic=False, languageStyle='LTR', name='ConditionSelectionText', opacity=1, ori=0.0, pos=array([0., 0.]), rgb=UNKNOWN, text=str(...), units='height', win=Window(...), wrapWidth=1)
7.0924 	EXP 	Created VideoInstructionsText = TextStim(__class__=<class 'psychopy.visual.text.TextStim'>, alignHoriz=method-wrapper(...), alignText='center', alignVert=method-wrapper(...), anchorHoriz='center', anchorVert='center', antialias=True, autoDraw=False, autoLog=True, bold=False, color=array([1., 1., 1.]), colorSpace='rgb', contrast=1.0, depth=0.0, draggable=False, flipHoriz=False, flipVert=False, font='Arial', fontFiles=[], height=np.float64(0.05), italic=False, languageStyle='LTR', name='VideoInstructionsText', opacity=1, ori=0.0, pos=array([0., 0.]), rgb=UNKNOWN, text='', units='height', win=Window(...), wrapWidth=1)
7.0970 	EXP 	Created ScreenshotInstructionsText = TextStim(__class__=<class 'psychopy.visual.text.TextStim'>, alignHoriz=method-wrapper(...), alignText='center', alignVert=method-wrapper(...), anchorHoriz='center', anchorVert='center', antialias=True, autoDraw=False, autoLog=True, bold=False, color=array([1., 1., 1.]), colorSpace='rgb', contrast=1.0, depth=0.0, draggable=False, flipHoriz=False, flipVert=False, font='Arial', fontFiles=[], height=np.float64(0.05), italic=False, languageStyle='LTR', name='ScreenshotInstructionsText', opacity=1, ori=0.0, pos=array([0., 0.]), rgb=UNKNOWN, text=str(...), units='height', win=Window(...), wrapWidth=1)
7.1086 	EXP 	Created ScreenshotLeft = ImageStim(__class__=<class 'psychopy.visual.image.ImageStim'>, anchor=('center', 'center'), autoLog=True, color=array([1., 1., 1.]), colorSpace='rgb', contrast=1.0, depth=0.0, draggable=False, flipHoriz=np.False_, flipVert=np.False_, image='default.png', interpolate=True, mask=None, maskParams=None, name='ScreenshotLeft', opacity=1, ori=0.0, pos=array([-0.3,  0. ]), size=array([0.5, 0.5]), texRes=128.0, units='height', win=Window(...))
7.1109 	EXP 	Created ScreenshotRight = ImageStim(__class__=<class 'psychopy.visual.image.ImageStim'>, anchor=('center', 'center'), autoLog=True, color=array([1., 1., 1.]), colorSpace='rgb', contrast=1.0, depth=-1.0, draggable=False, flipHoriz=np.False_, flipVert=np.False_, image='default.png', interpolate=True, mask=None, maskParams=None, name='ScreenshotRight', opacity=1, ori=0.0, pos=array([0.3, 0. ]), size=array([0.5, 0.5]), texRes=128.0, units='height', win=Window(...))
7.1135 	EXP 	Created WordListInstructionsText = TextStim(__class__=<class 'psychopy.visual.text.TextStim'>, alignHoriz=method-wrapper(...), alignText='center', alignVert=method-wrapper(...), anchorHoriz='center', anchorVert='center', antialias=True, autoDraw=False, autoLog=True, bold=False, color=array([1., 1., 1.]), colorSpace='rgb', contrast=1.0, depth=0.0, draggable=False, flipHoriz=False, flipVert=False, font='Arial', fontFiles=[], height=np.float64(0.05), italic=False, languageStyle='LTR', name='WordListInstructionsText', opacity=1, ori=0.0, pos=array([0., 0.]), rgb=UNKNOWN, text=str(...), units='height', win=Window(...), wrapWidth=1)
7.1140 	EXP 	Created WordListStudyText = TextStim(__class__=<class 'psychopy.visual.text.TextStim'>, alignHoriz=method-wrapper(...), alignText='center', alignVert=method-wrapper(...), anchorHoriz='center', anchorVert='center', antialias=True, autoDraw=False, autoLog=True, bold=False, color=array([1., 1., 1.]), colorSpace='rgb', contrast=1.0, depth=0.0, draggable=False, flipHoriz=False, flipVert=False, font='Arial', fontFiles=[], height=0.05, italic=False, languageStyle='LTR', name='WordListStudyText', opacity=1, ori=0.0, pos=array([0., 0.]), rgb=UNKNOWN, text='', units='height', win=Window(...), wrapWidth=1)
7.1146 	EXP 	Created WordListDistractionText = TextStim(__class__=<class 'psychopy.visual.text.TextStim'>, alignHoriz=method-wrapper(...), alignText='center', alignVert=method-wrapper(...), anchorHoriz='center', anchorVert='center', antialias=True, autoDraw=False, autoLog=True, bold=False, color=array([1., 1., 1.]), colorSpace='rgb', contrast=1.0, depth=0.0, draggable=False, flipHoriz=False, flipVert=False, font='Arial', fontFiles=[], height=np.float64(0.05), italic=False, languageStyle='LTR', name='WordListDistractionText', opacity=1, ori=0.0, pos=array([0., 0.]), rgb=UNKNOWN, text='', units='height', win=Window(...), wrapWidth=1)
7.1173 	INFO 	Importing items...
7.1274 	DEBUG 	Read csv file with pandas: wordlistform.csv
7.1285 	DEBUG 	Clearing unnamed columns from wordlistform.csv
7.1289 	EXP 	Imported wordlistform.csv as conditions, 5 conditions, 6 params
7.1289 	WARNING 	Form WordListTestForm included field no longer used questionText. Replacing with new name 'itemText'
7.1289 	WARNING 	questionWidth is a deprecated heading for Forms. Use itemWidth instead
7.1290 	WARNING 	questionWidth is a deprecated heading for Forms. Use itemWidth instead
7.1290 	WARNING 	questionWidth is a deprecated heading for Forms. Use itemWidth instead
7.1290 	WARNING 	questionWidth is a deprecated heading for Forms. Use itemWidth instead
7.1290 	WARNING 	questionWidth is a deprecated heading for Forms. Use itemWidth instead
7.1290 	INFO 	Using default values for the following headers: ['index', 'itemColor', 'ticks', 'tickLabels', 'font', 'responseColor', 'markerColor', 'index', 'itemColor', 'ticks', 'tickLabels', 'font', 'responseColor', 'markerColor', 'index', 'itemColor', 'ticks', 'tickLabels', 'font', 'responseColor', 'markerColor', 'index', 'itemColor', 'ticks', 'tickLabels', 'font', 'responseColor', 'markerColor', 'index', 'itemColor', 'type', 'options', 'ticks', 'tickLabels', 'font', 'responseWidth', 'responseColor', 'markerColor', 'layout']
7.1626 	DEBUG 	Saving data for experiment ExperimentHandler
7.1632 	INFO 	saved data to C:\Users\Jackson\Documents\GitHub\ResearchExperiment\data\pilot_experiment_2026-03-07_15h47.21.748.psydat
7.1636 	INFO 	saved data to 'C:\\Users\\Jackson\\Documents\\GitHub\\ResearchExperiment\\data\\pilot_experiment_2026-03-07_15h47.21.748.csv'
7.1684 	WARNING 	Stopping key buffers but this could be dangerous ifother keyboards rely on the same.
