4.2789 	DEBUG 	Fullscreen settings ignored as running in pilot mode.
4.2795 	INFO 	Loaded monitor calibration from ['2026_03_03 13:24']
4.4525 	INFO 	Using renderer 'Intel(R) Iris(R) Xe Graphics' for graphics
4.4525 	INFO 	OpenGL version supported by driver is 4..
4.4774 	EXP 	Created window1 = Window(allowGUI=False, allowStencil=False, autoLog=True, backendConf=UNKNOWN, backgroundFit=<method-wrapper '__getattribute__' of attributeSetter object at 0x000001F87A76EC20>, backgroundImage=<method-wrapper '__getattribute__' of attributeSetter object at 0x000001F87A76EBC0>, bitsMode=UNKNOWN, blendMode='avg', bpc=(8, 8, 8), color=array([0, 0, 0]), colorSpace='rgb', depthBits=8, fullscr=False, gamma=None, gammaErrorPolicy='raise', infoMsg=UNKNOWN, lms=UNKNOWN, monitor=<psychopy.monitors.calibTools.Monitor object at 0x000001F871EE0F10>, multiSample=False, name='window1', numSamples=2, pos=[np.float64(560.0), np.float64(240.0)], screen=0, size=array([800, 600]), stencilBits=0, stereo=False, title='PsychoPy', units='height', useFBO=True, useRetina=False, viewOri=0.0, viewPos=None, viewScale=None, waitBlanking=True, winType='pyglet')
4.4774 	EXP 	window1: backgroundImage = ''
4.4774 	EXP 	window1: backgroundFit = 'none'
4.4913 	DEBUG 	TextBox2 loaded 1 chars with 0 blanks and 1 valid
4.5002 	DEBUG 	TextBox2 loaded 1 chars with 0 blanks and 1 valid
4.5091 	DEBUG 	TextBox2 loaded 1 chars with 0 blanks and 1 valid
4.5185 	DEBUG 	TextBox2 loaded 1 chars with 0 blanks and 1 valid
4.5277 	DEBUG 	TextBox2 loaded 1 chars with 0 blanks and 1 valid
4.5363 	DEBUG 	TextBox2 loaded 1 chars with 0 blanks and 1 valid
4.5453 	DEBUG 	TextBox2 loaded 1 chars with 0 blanks and 1 valid
4.5543 	DEBUG 	TextBox2 loaded 1 chars with 0 blanks and 1 valid
4.5630 	DEBUG 	TextBox2 loaded 1 chars with 0 blanks and 1 valid
4.5723 	DEBUG 	TextBox2 loaded 1 chars with 0 blanks and 1 valid
4.5823 	DEBUG 	TextBox2 loaded 1 chars with 0 blanks and 1 valid
4.5911 	DEBUG 	TextBox2 loaded 1 chars with 0 blanks and 1 valid
4.5999 	DEBUG 	TextBox2 loaded 1 chars with 0 blanks and 1 valid
4.6087 	DEBUG 	TextBox2 loaded 1 chars with 0 blanks and 1 valid
4.6175 	DEBUG 	TextBox2 loaded 1 chars with 0 blanks and 1 valid
4.6266 	DEBUG 	TextBox2 loaded 1 chars with 0 blanks and 1 valid
4.6355 	DEBUG 	TextBox2 loaded 1 chars with 0 blanks and 1 valid
4.6445 	DEBUG 	TextBox2 loaded 1 chars with 0 blanks and 1 valid
4.6535 	DEBUG 	TextBox2 loaded 1 chars with 0 blanks and 1 valid
4.6627 	DEBUG 	TextBox2 loaded 1 chars with 0 blanks and 1 valid
4.6713 	DEBUG 	TextBox2 loaded 1 chars with 0 blanks and 1 valid
4.6716 	DEBUG 	Uploading Texture Font fontname to graphics card
4.6752 	DEBUG 	Upload of Texture Font fontname complete
4.6879 	DEBUG 	TextBox2 loaded 1 chars with 0 blanks and 1 valid
4.6970 	DEBUG 	TextBox2 loaded 1 chars with 0 blanks and 1 valid
4.7063 	DEBUG 	TextBox2 loaded 1 chars with 0 blanks and 1 valid
4.7065 	DEBUG 	Uploading Texture Font fontname to graphics card
4.7091 	DEBUG 	Upload of Texture Font fontname complete
4.7105 	EXP 	window1: Attempting to measure frame rate of screen (0) ...
4.7105 	EXP 	window1: recordFrameIntervals = False
4.7836 	EXP 	window1: recordFrameIntervals = True
5.4787 	EXP 	window1: recordFrameIntervals = False
5.4787 	EXP 	Screen (0) actual frame rate measured at 142.40Hz
5.4928 	DEBUG 	TextBox2 loaded 1 chars with 0 blanks and 1 valid
5.5018 	DEBUG 	TextBox2 loaded 1 chars with 0 blanks and 1 valid
5.5108 	DEBUG 	TextBox2 loaded 1 chars with 0 blanks and 1 valid
5.5199 	DEBUG 	TextBox2 loaded 1 chars with 0 blanks and 1 valid
5.5291 	DEBUG 	TextBox2 loaded 1 chars with 0 blanks and 1 valid
5.5382 	DEBUG 	TextBox2 loaded 1 chars with 0 blanks and 1 valid
5.5471 	DEBUG 	TextBox2 loaded 1 chars with 0 blanks and 1 valid
5.5562 	DEBUG 	TextBox2 loaded 1 chars with 0 blanks and 1 valid
5.5654 	DEBUG 	TextBox2 loaded 1 chars with 0 blanks and 1 valid
5.5749 	DEBUG 	TextBox2 loaded 1 chars with 0 blanks and 1 valid
5.5751 	DEBUG 	Uploading Texture Font fontname to graphics card
5.5755 	DEBUG 	Upload of Texture Font fontname complete
5.7621 	INFO 	keyboard.Keyboard is using ptb backend.
5.7621 	EXP 	experiment: status = STARTED
5.8292 	EXP 	Created WelcomeText = TextStim(__class__=<class 'psychopy.visual.text.TextStim'>, alignHoriz=method-wrapper(...), alignText='center', alignVert=method-wrapper(...), anchorHoriz='center', anchorVert='center', antialias=True, autoDraw=False, autoLog=True, bold=False, color=array([1., 1., 1.]), colorSpace='rgb', contrast=1.0, depth=0.0, draggable=False, flipHoriz=False, flipVert=False, font='Arial', fontFiles=[], height=np.float64(0.05), italic=False, languageStyle='LTR', name='WelcomeText', opacity=1, ori=0.0, pos=array([0., 0.]), rgb=UNKNOWN, text=str(...), units='height', win=Window(...), wrapWidth=1)
5.8328 	DEBUG 	TextBox2 loaded 1 chars with 0 blanks and 1 valid
5.8333 	DEBUG 	TextBox2 loaded 1 chars with 0 blanks and 1 valid
5.8337 	DEBUG 	TextBox2 loaded 1 chars with 0 blanks and 1 valid
5.8342 	DEBUG 	TextBox2 loaded 1 chars with 0 blanks and 1 valid
5.8349 	DEBUG 	TextBox2 loaded 1 chars with 0 blanks and 1 valid
5.8350 	DEBUG 	TextBox2 loaded 1 chars with 0 blanks and 1 valid
5.8352 	DEBUG 	TextBox2 loaded 1 chars with 0 blanks and 1 valid
5.8357 	DEBUG 	TextBox2 loaded 1 chars with 0 blanks and 1 valid
5.8361 	DEBUG 	TextBox2 loaded 1 chars with 0 blanks and 1 valid
5.8366 	DEBUG 	TextBox2 loaded 1 chars with 0 blanks and 1 valid
5.8372 	DEBUG 	TextBox2 loaded 1 chars with 0 blanks and 1 valid
5.8377 	DEBUG 	TextBox2 loaded 1 chars with 0 blanks and 1 valid
5.8379 	DEBUG 	Uploading Texture Font fontname to graphics card
5.8387 	DEBUG 	Upload of Texture Font fontname complete
5.8423 	DEBUG 	TextBox2 loaded 1 chars with 0 blanks and 1 valid
5.8429 	DEBUG 	TextBox2 loaded 1 chars with 0 blanks and 1 valid
5.8436 	DEBUG 	TextBox2 loaded 1 chars with 0 blanks and 1 valid
5.8443 	DEBUG 	TextBox2 loaded 1 chars with 0 blanks and 1 valid
5.8448 	DEBUG 	TextBox2 loaded 1 chars with 0 blanks and 1 valid
5.8450 	DEBUG 	TextBox2 loaded 1 chars with 0 blanks and 1 valid
5.8452 	DEBUG 	Uploading Texture Font fontname to graphics card
5.8456 	DEBUG 	Upload of Texture Font fontname complete
5.8528 	EXP 	Created ConditionSelectionText = TextStim(__class__=<class 'psychopy.visual.text.TextStim'>, alignHoriz=method-wrapper(...), alignText='center', alignVert=method-wrapper(...), anchorHoriz='center', anchorVert='center', antialias=True, autoDraw=False, autoLog=True, bold=False, color=array([1., 1., 1.]), colorSpace='rgb', contrast=1.0, depth=0.0, draggable=False, flipHoriz=False, flipVert=False, font='Arial', fontFiles=[], height=np.float64(0.05), italic=False, languageStyle='LTR', name='ConditionSelectionText', opacity=1, ori=0.0, pos=array([0., 0.]), rgb=UNKNOWN, text=str(...), units='height', win=Window(...), wrapWidth=1)
5.8557 	DEBUG 	TextBox2 loaded 1 chars with 0 blanks and 1 valid
5.8559 	DEBUG 	Uploading Texture Font fontname to graphics card
5.8562 	DEBUG 	Upload of Texture Font fontname complete
5.8595 	DEBUG 	TextBox2 loaded 1 chars with 0 blanks and 1 valid
5.8597 	DEBUG 	Uploading Texture Font fontname to graphics card
5.8601 	DEBUG 	Upload of Texture Font fontname complete
5.8635 	DEBUG 	TextBox2 loaded 1 chars with 0 blanks and 1 valid
5.8636 	DEBUG 	Uploading Texture Font fontname to graphics card
5.8644 	DEBUG 	Upload of Texture Font fontname complete
5.8686 	EXP 	Created VideoInstructionsText = TextStim(__class__=<class 'psychopy.visual.text.TextStim'>, alignHoriz=method-wrapper(...), alignText='center', alignVert=method-wrapper(...), anchorHoriz='center', anchorVert='center', antialias=True, autoDraw=False, autoLog=True, bold=False, color=array([1., 1., 1.]), colorSpace='rgb', contrast=1.0, depth=0.0, draggable=False, flipHoriz=False, flipVert=False, font='Arial', fontFiles=[], height=np.float64(0.05), italic=False, languageStyle='LTR', name='VideoInstructionsText', opacity=1, ori=0.0, pos=array([0. , 0.2]), rgb=UNKNOWN, text='', units='height', win=Window(...), wrapWidth=1)
5.8849 	EXP 	Created ScreenshotLeft = ImageStim(__class__=<class 'psychopy.visual.image.ImageStim'>, anchor=('center', 'center'), autoLog=True, color=array([1., 1., 1.]), colorSpace='rgb', contrast=1.0, depth=0.0, draggable=False, flipHoriz=np.False_, flipVert=np.False_, image='Screenshots/new1.jpg', interpolate=True, mask=None, maskParams=None, name='ScreenshotLeft', opacity=1, ori=0.0, pos=array([0.2, 0. ]), size=array([0.5, 0.5]), texRes=128.0, units='height', win=Window(...))
5.8870 	EXP 	Created ScreenshotRight = ImageStim(__class__=<class 'psychopy.visual.image.ImageStim'>, anchor=('center', 'center'), autoLog=True, color=array([1., 1., 1.]), colorSpace='rgb', contrast=1.0, depth=-1.0, draggable=False, flipHoriz=np.False_, flipVert=np.False_, image='Screenshots/old1.jpg', interpolate=True, mask=None, maskParams=None, name='ScreenshotRight', opacity=1, ori=0.0, pos=array([0.3, 0. ]), size=array([0.5, 0.5]), texRes=128.0, units='height', win=Window(...))
5.8900 	EXP 	Created WordListInstructionsText = TextStim(__class__=<class 'psychopy.visual.text.TextStim'>, alignHoriz=method-wrapper(...), alignText='center', alignVert=method-wrapper(...), anchorHoriz='center', anchorVert='center', antialias=True, autoDraw=False, autoLog=True, bold=False, color=array([1., 1., 1.]), colorSpace='rgb', contrast=1.0, depth=0.0, draggable=False, flipHoriz=False, flipVert=False, font='Arial', fontFiles=[], height=np.float64(0.05), italic=False, languageStyle='LTR', name='WordListInstructionsText', opacity=1, ori=0.0, pos=array([0., 0.]), rgb=UNKNOWN, text=str(...), units='height', win=Window(...), wrapWidth=1)
5.8964 	EXP 	Created WordListStudyText = TextStim(__class__=<class 'psychopy.visual.text.TextStim'>, alignHoriz=method-wrapper(...), alignText='center', alignVert=method-wrapper(...), anchorHoriz='center', anchorVert='center', antialias=True, autoDraw=False, autoLog=True, bold=False, color=array([1., 1., 1.]), colorSpace='rgb', contrast=1.0, depth=0.0, draggable=False, flipHoriz=False, flipVert=False, font='Arial', fontFiles=[], height=0.05, italic=False, languageStyle='LTR', name='WordListStudyText', opacity=1, ori=0.0, pos=array([0., 0.]), rgb=UNKNOWN, text='', units='height', win=Window(...), wrapWidth=1)
5.8970 	EXP 	Created WordListDistractionText = TextStim(__class__=<class 'psychopy.visual.text.TextStim'>, alignHoriz=method-wrapper(...), alignText='center', alignVert=method-wrapper(...), anchorHoriz='center', anchorVert='center', antialias=True, autoDraw=False, autoLog=True, bold=False, color=array([1., 1., 1.]), colorSpace='rgb', contrast=1.0, depth=0.0, draggable=False, flipHoriz=False, flipVert=False, font='Arial', fontFiles=[], height=np.float64(0.05), italic=False, languageStyle='LTR', name='WordListDistractionText', opacity=1, ori=0.0, pos=array([0., 0.]), rgb=UNKNOWN, text='', units='height', win=Window(...), wrapWidth=1)
0.0114 	EXP 	WelcomeText: autoDraw = True
0.6451 	DATA 	Mouse: Left button down, pos=(422,146)
0.6571 	EXP 	WelcomeText: autoDraw = False
0.6571 	EXP 	ConditionSelectionText: autoDraw = True
0.7074 	DATA 	Mouse:  Left button up, pos=(422,146)
1.3542 	DATA 	Mouse: Left button down, pos=(234,124)
1.3680 	EXP 	New trial (rep=0, index=0): <Trial 0 (0 in rep 0) data={'thisN': 0, 'thisTrialN': 0, 'thisRepN': 0}>
1.3725 	EXP 	VideoInstructionsText: height = np.float64(0.05)
1.3725 	EXP 	VideoInstructionsText: height = np.float64(0.05)
1.3725 	EXP 	VideoInstructionsText: height = np.float64(0.05)
1.3725 	EXP 	VideoInstructionsText: text = 'Please take out your phone and go the Instagram account @[Account Name]\n Please watch every video in order from top to bottom with the volume on. You must finish each video before scrolling to the next and only watch each video once.\n Click continue when you are finished!'
1.3725 	EXP 	ConditionSelectionText: autoDraw = False
1.3725 	EXP 	VideoInstructionsText: autoDraw = True
1.4113 	DATA 	Mouse:  Left button up, pos=(234,124)
1.8344 	DATA 	Mouse: Left button down, pos=(357,128)
1.8427 	DEBUG 	Read csv file with pandas: screenshotspreadsheet.csv
1.8437 	DEBUG 	Clearing unnamed columns from screenshotspreadsheet.csv
1.8440 	EXP 	Imported screenshotspreadsheet.csv as conditions, 2 conditions, 2 params
1.8442 	EXP 	New trial (rep=0, index=0): <Trial 0 (0 in rep 0) data={'Condition1New': 'new2.png', 'Condition1Old': 'old2.png', 'thisN': 0, 'thisTrialN': 0, 'thisRepN': 0}>
1.8521 	EXP 	VideoInstructionsText: autoDraw = False
1.8521 	EXP 	ScreenshotLeft: autoDraw = True
1.8521 	EXP 	ScreenshotRight: autoDraw = True
1.9173 	DATA 	Mouse:  Left button up, pos=(357,128)
2.3268 	DATA 	Mouse: Left button down, pos=(509,272)
2.3273 	EXP 	New trial (rep=0, index=1): <Trial 1 (1 in rep 0) data={'Condition1New': 'new1.png', 'Condition1Old': 'old1.png', 'thisN': 1, 'thisTrialN': 1, 'thisRepN': 0}>
2.3319 	EXP 	ScreenshotLeft: autoDraw = False
2.3319 	EXP 	ScreenshotRight: autoDraw = False
2.3319 	EXP 	ScreenshotLeft: autoDraw = True
2.3319 	EXP 	ScreenshotRight: autoDraw = True
2.4098 	DATA 	Mouse:  Left button up, pos=(509,272)
2.6946 	DATA 	Mouse: Left button down, pos=(582,285)
2.6950 	EXP 	New trial (rep=1, index=0): <Trial 2 (0 in rep 1) data={'Condition1New': 'new1.png', 'Condition1Old': 'old1.png', 'thisN': 2, 'thisTrialN': 0, 'thisRepN': 1}>
2.6994 	EXP 	ScreenshotLeft: autoDraw = False
2.6994 	EXP 	ScreenshotRight: autoDraw = False
2.6994 	EXP 	ScreenshotLeft: autoDraw = True
2.6994 	EXP 	ScreenshotRight: autoDraw = True
2.7930 	DATA 	Mouse:  Left button up, pos=(575,285)
2.9581 	DATA 	Mouse: Left button down, pos=(575,285)
2.9585 	EXP 	New trial (rep=1, index=1): <Trial 3 (1 in rep 1) data={'Condition1New': 'new2.png', 'Condition1Old': 'old2.png', 'thisN': 3, 'thisTrialN': 1, 'thisRepN': 1}>
2.9635 	EXP 	ScreenshotLeft: autoDraw = False
2.9635 	EXP 	ScreenshotRight: autoDraw = False
2.9635 	EXP 	ScreenshotLeft: autoDraw = True
2.9635 	EXP 	ScreenshotRight: autoDraw = True
3.0421 	DATA 	Mouse:  Left button up, pos=(575,285)
3.2011 	DATA 	Mouse: Left button down, pos=(575,285)
3.2128 	EXP 	ScreenshotLeft: autoDraw = False
3.2128 	EXP 	ScreenshotRight: autoDraw = False
3.2128 	EXP 	WordListInstructionsText: autoDraw = True
3.2856 	DATA 	Mouse:  Left button up, pos=(575,285)
4.4865 	DATA 	Mouse: Left button down, pos=(467,130)
4.4887 	DEBUG 	Read csv file with pandas: wordlistspreadsheets.csv
4.4893 	DEBUG 	Clearing unnamed columns from wordlistspreadsheets.csv
4.4895 	EXP 	Imported wordlistspreadsheets.csv as conditions, 5 conditions, 2 params
4.4897 	EXP 	New trial (rep=0, index=0): <Trial 0 (0 in rep 0) data={'FirstList': 'apple', 'SecondList': 'banana', 'thisN': 0, 'thisTrialN': 0, 'thisRepN': 0}>
4.4979 	EXP 	WordListInstructionsText: autoDraw = False
4.4979 	EXP 	WordListStudyText: height = np.float64(0.05)
4.4979 	EXP 	WordListStudyText: height = np.float64(0.05)
4.4979 	EXP 	WordListStudyText: height = np.float64(0.05)
4.4979 	EXP 	WordListStudyText: text = 'apple'
4.4979 	EXP 	WordListStudyText: autoDraw = True
4.5765 	DATA 	Mouse:  Left button up, pos=(467,130)
5.4861 	EXP 	New trial (rep=0, index=1): <Trial 1 (1 in rep 0) data={'FirstList': 'muffin', 'SecondList': 'cupcake', 'thisN': 1, 'thisTrialN': 1, 'thisRepN': 0}>
5.4916 	EXP 	WordListStudyText: autoDraw = False
5.4916 	EXP 	WordListStudyText: autoDraw = False
5.4916 	EXP 	WordListStudyText: height = np.float64(0.05)
5.4916 	EXP 	WordListStudyText: height = np.float64(0.05)
5.4916 	EXP 	WordListStudyText: height = np.float64(0.05)
5.4916 	EXP 	WordListStudyText: text = 'muffin'
5.4916 	EXP 	WordListStudyText: autoDraw = True
6.4792 	EXP 	New trial (rep=0, index=2): <Trial 2 (2 in rep 0) data={'FirstList': 'orange', 'SecondList': 'tangerine', 'thisN': 2, 'thisTrialN': 2, 'thisRepN': 0}>
6.4844 	EXP 	WordListStudyText: autoDraw = False
6.4844 	EXP 	WordListStudyText: autoDraw = False
6.4844 	EXP 	WordListStudyText: height = np.float64(0.05)
6.4844 	EXP 	WordListStudyText: height = np.float64(0.05)
6.4844 	EXP 	WordListStudyText: height = np.float64(0.05)
6.4844 	EXP 	WordListStudyText: text = 'orange'
6.4844 	EXP 	WordListStudyText: autoDraw = True
7.4731 	EXP 	New trial (rep=0, index=3): <Trial 3 (3 in rep 0) data={'FirstList': 'cat', 'SecondList': 'dog', 'thisN': 3, 'thisTrialN': 3, 'thisRepN': 0}>
7.4781 	EXP 	WordListStudyText: autoDraw = False
7.4781 	EXP 	WordListStudyText: autoDraw = False
7.4781 	EXP 	WordListStudyText: height = np.float64(0.05)
7.4781 	EXP 	WordListStudyText: height = np.float64(0.05)
7.4781 	EXP 	WordListStudyText: height = np.float64(0.05)
7.4781 	EXP 	WordListStudyText: text = 'cat'
7.4781 	EXP 	WordListStudyText: autoDraw = True
8.4656 	EXP 	New trial (rep=0, index=4): <Trial 4 (4 in rep 0) data={'FirstList': 'pizza', 'SecondList': 'beer', 'thisN': 4, 'thisTrialN': 4, 'thisRepN': 0}>
8.4705 	EXP 	WordListStudyText: autoDraw = False
8.4705 	EXP 	WordListStudyText: autoDraw = False
8.4705 	EXP 	WordListStudyText: height = np.float64(0.05)
8.4705 	EXP 	WordListStudyText: height = np.float64(0.05)
8.4705 	EXP 	WordListStudyText: height = np.float64(0.05)
8.4705 	EXP 	WordListStudyText: text = 'pizza'
8.4776 	EXP 	WordListStudyText: autoDraw = True
9.4960 	DEBUG 	Saving data for experiment ExperimentHandler
9.4972 	INFO 	saved data to C:\Users\Jackson\Desktop\Research Project Experiment\data\pilot_experiment_2026-03-07_12h31.48.528.psydat
9.4993 	INFO 	saved data to 'C:\\Users\\Jackson\\Desktop\\Research Project Experiment\\data\\pilot_experiment_2026-03-07_12h31.48.528.csv'
9.5020 	WARNING 	Stopping key buffers but this could be dangerous ifother keyboards rely on the same.
