12.0252 	DEBUG 	Fullscreen settings ignored as running in pilot mode.
12.0261 	INFO 	Loaded monitor calibration from ['2026_03_03 13:24']
12.2041 	INFO 	Using renderer 'Intel(R) Iris(R) Xe Graphics' for graphics
12.2041 	INFO 	OpenGL version supported by driver is 4..
12.2283 	EXP 	Created window1 = Window(allowGUI=False, allowStencil=False, autoLog=True, backendConf=UNKNOWN, backgroundFit=<method-wrapper '__getattribute__' of attributeSetter object at 0x00000185682186D0>, backgroundImage=<method-wrapper '__getattribute__' of attributeSetter object at 0x000001856821AFE0>, bitsMode=UNKNOWN, blendMode='avg', bpc=(8, 8, 8), color=array([0, 0, 0]), colorSpace='rgb', depthBits=8, fullscr=False, gamma=None, gammaErrorPolicy='raise', infoMsg=UNKNOWN, lms=UNKNOWN, monitor=<psychopy.monitors.calibTools.Monitor object at 0x00000185717842B0>, multiSample=False, name='window1', numSamples=2, pos=[np.float64(560.0), np.float64(240.0)], screen=0, size=array([800, 600]), stencilBits=0, stereo=False, title='PsychoPy', units='height', useFBO=True, useRetina=False, viewOri=0.0, viewPos=None, viewScale=None, waitBlanking=True, winType='pyglet')
12.2284 	EXP 	window1: backgroundImage = ''
12.2284 	EXP 	window1: backgroundFit = 'none'
12.2428 	DEBUG 	TextBox2 loaded 1 chars with 0 blanks and 1 valid
12.2518 	DEBUG 	TextBox2 loaded 1 chars with 0 blanks and 1 valid
12.2607 	DEBUG 	TextBox2 loaded 1 chars with 0 blanks and 1 valid
12.2701 	DEBUG 	TextBox2 loaded 1 chars with 0 blanks and 1 valid
12.2794 	DEBUG 	TextBox2 loaded 1 chars with 0 blanks and 1 valid
12.2882 	DEBUG 	TextBox2 loaded 1 chars with 0 blanks and 1 valid
12.2973 	DEBUG 	TextBox2 loaded 1 chars with 0 blanks and 1 valid
12.3065 	DEBUG 	TextBox2 loaded 1 chars with 0 blanks and 1 valid
12.3152 	DEBUG 	TextBox2 loaded 1 chars with 0 blanks and 1 valid
12.3240 	DEBUG 	TextBox2 loaded 1 chars with 0 blanks and 1 valid
12.3332 	DEBUG 	TextBox2 loaded 1 chars with 0 blanks and 1 valid
12.3424 	DEBUG 	TextBox2 loaded 1 chars with 0 blanks and 1 valid
12.3517 	DEBUG 	TextBox2 loaded 1 chars with 0 blanks and 1 valid
12.3616 	DEBUG 	TextBox2 loaded 1 chars with 0 blanks and 1 valid
12.3706 	DEBUG 	TextBox2 loaded 1 chars with 0 blanks and 1 valid
12.3801 	DEBUG 	TextBox2 loaded 1 chars with 0 blanks and 1 valid
12.3894 	DEBUG 	TextBox2 loaded 1 chars with 0 blanks and 1 valid
12.3983 	DEBUG 	TextBox2 loaded 1 chars with 0 blanks and 1 valid
12.4070 	DEBUG 	TextBox2 loaded 1 chars with 0 blanks and 1 valid
12.4164 	DEBUG 	TextBox2 loaded 1 chars with 0 blanks and 1 valid
12.4254 	DEBUG 	TextBox2 loaded 1 chars with 0 blanks and 1 valid
12.4257 	DEBUG 	Uploading Texture Font fontname to graphics card
12.4293 	DEBUG 	Upload of Texture Font fontname complete
12.4426 	DEBUG 	TextBox2 loaded 1 chars with 0 blanks and 1 valid
12.4522 	DEBUG 	TextBox2 loaded 1 chars with 0 blanks and 1 valid
12.4618 	DEBUG 	TextBox2 loaded 1 chars with 0 blanks and 1 valid
12.4620 	DEBUG 	Uploading Texture Font fontname to graphics card
12.4652 	DEBUG 	Upload of Texture Font fontname complete
12.4668 	EXP 	window1: Attempting to measure frame rate of screen (0) ...
12.4668 	EXP 	window1: recordFrameIntervals = False
12.5361 	EXP 	window1: recordFrameIntervals = True
13.2312 	EXP 	window1: recordFrameIntervals = False
13.2313 	EXP 	Screen (0) actual frame rate measured at 143.68Hz
13.2455 	DEBUG 	TextBox2 loaded 1 chars with 0 blanks and 1 valid
13.2544 	DEBUG 	TextBox2 loaded 1 chars with 0 blanks and 1 valid
13.2632 	DEBUG 	TextBox2 loaded 1 chars with 0 blanks and 1 valid
13.2727 	DEBUG 	TextBox2 loaded 1 chars with 0 blanks and 1 valid
13.2820 	DEBUG 	TextBox2 loaded 1 chars with 0 blanks and 1 valid
13.2912 	DEBUG 	TextBox2 loaded 1 chars with 0 blanks and 1 valid
13.3005 	DEBUG 	TextBox2 loaded 1 chars with 0 blanks and 1 valid
13.3096 	DEBUG 	TextBox2 loaded 1 chars with 0 blanks and 1 valid
13.3190 	DEBUG 	TextBox2 loaded 1 chars with 0 blanks and 1 valid
13.3288 	DEBUG 	TextBox2 loaded 1 chars with 0 blanks and 1 valid
13.3290 	DEBUG 	Uploading Texture Font fontname to graphics card
13.3295 	DEBUG 	Upload of Texture Font fontname complete
13.5178 	INFO 	keyboard.Keyboard is using ptb backend.
13.5178 	EXP 	experiment: status = STARTED
13.5745 	EXP 	Created WelcomeText = TextStim(__class__=<class 'psychopy.visual.text.TextStim'>, alignHoriz=method-wrapper(...), alignText='center', alignVert=method-wrapper(...), anchorHoriz='center', anchorVert='center', antialias=True, autoDraw=False, autoLog=True, bold=False, color=array([1., 1., 1.]), colorSpace='rgb', contrast=1.0, depth=0.0, draggable=False, flipHoriz=False, flipVert=False, font='Arial', fontFiles=[], height=np.float64(0.05), italic=False, languageStyle='LTR', name='WelcomeText', opacity=1, ori=0.0, pos=array([0., 0.]), rgb=UNKNOWN, text=str(...), units='height', win=Window(...), wrapWidth=1)
13.5779 	DEBUG 	TextBox2 loaded 1 chars with 0 blanks and 1 valid
13.5784 	DEBUG 	TextBox2 loaded 1 chars with 0 blanks and 1 valid
13.5788 	DEBUG 	TextBox2 loaded 1 chars with 0 blanks and 1 valid
13.5793 	DEBUG 	TextBox2 loaded 1 chars with 0 blanks and 1 valid
13.5799 	DEBUG 	TextBox2 loaded 1 chars with 0 blanks and 1 valid
13.5801 	DEBUG 	TextBox2 loaded 1 chars with 0 blanks and 1 valid
13.5803 	DEBUG 	TextBox2 loaded 1 chars with 0 blanks and 1 valid
13.5807 	DEBUG 	TextBox2 loaded 1 chars with 0 blanks and 1 valid
13.5812 	DEBUG 	TextBox2 loaded 1 chars with 0 blanks and 1 valid
13.5817 	DEBUG 	TextBox2 loaded 1 chars with 0 blanks and 1 valid
13.5822 	DEBUG 	TextBox2 loaded 1 chars with 0 blanks and 1 valid
13.5827 	DEBUG 	TextBox2 loaded 1 chars with 0 blanks and 1 valid
13.5828 	DEBUG 	Uploading Texture Font fontname to graphics card
13.5836 	DEBUG 	Upload of Texture Font fontname complete
13.5872 	DEBUG 	TextBox2 loaded 1 chars with 0 blanks and 1 valid
13.5878 	DEBUG 	TextBox2 loaded 1 chars with 0 blanks and 1 valid
13.5884 	DEBUG 	TextBox2 loaded 1 chars with 0 blanks and 1 valid
13.5891 	DEBUG 	TextBox2 loaded 1 chars with 0 blanks and 1 valid
13.5895 	DEBUG 	TextBox2 loaded 1 chars with 0 blanks and 1 valid
13.5898 	DEBUG 	TextBox2 loaded 1 chars with 0 blanks and 1 valid
13.5899 	DEBUG 	Uploading Texture Font fontname to graphics card
13.5904 	DEBUG 	Upload of Texture Font fontname complete
13.5982 	EXP 	Created ConditionSelectionText = TextStim(__class__=<class 'psychopy.visual.text.TextStim'>, alignHoriz=method-wrapper(...), alignText='center', alignVert=method-wrapper(...), anchorHoriz='center', anchorVert='center', antialias=True, autoDraw=False, autoLog=True, bold=False, color=array([1., 1., 1.]), colorSpace='rgb', contrast=1.0, depth=0.0, draggable=False, flipHoriz=False, flipVert=False, font='Arial', fontFiles=[], height=np.float64(0.05), italic=False, languageStyle='LTR', name='ConditionSelectionText', opacity=1, ori=0.0, pos=array([0., 0.]), rgb=UNKNOWN, text=str(...), units='height', win=Window(...), wrapWidth=1)
13.6012 	DEBUG 	TextBox2 loaded 1 chars with 0 blanks and 1 valid
13.6014 	DEBUG 	Uploading Texture Font fontname to graphics card
13.6019 	DEBUG 	Upload of Texture Font fontname complete
13.6055 	DEBUG 	TextBox2 loaded 1 chars with 0 blanks and 1 valid
13.6057 	DEBUG 	Uploading Texture Font fontname to graphics card
13.6062 	DEBUG 	Upload of Texture Font fontname complete
13.6097 	DEBUG 	TextBox2 loaded 1 chars with 0 blanks and 1 valid
13.6099 	DEBUG 	Uploading Texture Font fontname to graphics card
13.6107 	DEBUG 	Upload of Texture Font fontname complete
13.6153 	EXP 	Created VideoInstructionsText = TextStim(__class__=<class 'psychopy.visual.text.TextStim'>, alignHoriz=method-wrapper(...), alignText='center', alignVert=method-wrapper(...), anchorHoriz='center', anchorVert='center', antialias=True, autoDraw=False, autoLog=True, bold=False, color=array([1., 1., 1.]), colorSpace='rgb', contrast=1.0, depth=0.0, draggable=False, flipHoriz=False, flipVert=False, font='Arial', fontFiles=[], height=np.float64(0.05), italic=False, languageStyle='LTR', name='VideoInstructionsText', opacity=1, ori=0.0, pos=array([0. , 0.2]), rgb=UNKNOWN, text='', units='height', win=Window(...), wrapWidth=1)
13.6325 	EXP 	Created ScreenshotLeft = ImageStim(__class__=<class 'psychopy.visual.image.ImageStim'>, anchor=('center', 'center'), autoLog=True, color=array([1., 1., 1.]), colorSpace='rgb', contrast=1.0, depth=0.0, draggable=False, flipHoriz=np.False_, flipVert=np.False_, image='Screenshots/new1.jpg', interpolate=True, mask=None, maskParams=None, name='ScreenshotLeft', opacity=1, ori=0.0, pos=array([0.2, 0. ]), size=array([0.5, 0.5]), texRes=128.0, units='height', win=Window(...))
13.6345 	EXP 	Created ScreenshotRight = ImageStim(__class__=<class 'psychopy.visual.image.ImageStim'>, anchor=('center', 'center'), autoLog=True, color=array([1., 1., 1.]), colorSpace='rgb', contrast=1.0, depth=-1.0, draggable=False, flipHoriz=np.False_, flipVert=np.False_, image='Screenshots/old1.jpg', interpolate=True, mask=None, maskParams=None, name='ScreenshotRight', opacity=1, ori=0.0, pos=array([0.3, 0. ]), size=array([0.5, 0.5]), texRes=128.0, units='height', win=Window(...))
13.6377 	EXP 	Created WordListInstructionsText = TextStim(__class__=<class 'psychopy.visual.text.TextStim'>, alignHoriz=method-wrapper(...), alignText='center', alignVert=method-wrapper(...), anchorHoriz='center', anchorVert='center', antialias=True, autoDraw=False, autoLog=True, bold=False, color=array([1., 1., 1.]), colorSpace='rgb', contrast=1.0, depth=0.0, draggable=False, flipHoriz=False, flipVert=False, font='Arial', fontFiles=[], height=np.float64(0.05), italic=False, languageStyle='LTR', name='WordListInstructionsText', opacity=1, ori=0.0, pos=array([0., 0.]), rgb=UNKNOWN, text=str(...), units='height', win=Window(...), wrapWidth=1)
13.6443 	EXP 	Created WordListStudyText = TextStim(__class__=<class 'psychopy.visual.text.TextStim'>, alignHoriz=method-wrapper(...), alignText='center', alignVert=method-wrapper(...), anchorHoriz='center', anchorVert='center', antialias=True, autoDraw=False, autoLog=True, bold=False, color=array([1., 1., 1.]), colorSpace='rgb', contrast=1.0, depth=0.0, draggable=False, flipHoriz=False, flipVert=False, font='Arial', fontFiles=[], height=0.05, italic=False, languageStyle='LTR', name='WordListStudyText', opacity=1, ori=0.0, pos=array([0., 0.]), rgb=UNKNOWN, text='', units='height', win=Window(...), wrapWidth=1)
0.0107 	EXP 	WelcomeText: autoDraw = True
0.8105 	DATA 	Mouse: Left button down, pos=(387,120)
0.8224 	EXP 	WelcomeText: autoDraw = False
0.8224 	EXP 	ConditionSelectionText: autoDraw = True
0.9032 	DATA 	Mouse:  Left button up, pos=(387,120)
1.3877 	DATA 	Mouse: Left button down, pos=(250,130)
1.3959 	EXP 	New trial (rep=0, index=0): <Trial 0 (0 in rep 0) data={'thisN': 0, 'thisTrialN': 0, 'thisRepN': 0}>
1.4061 	EXP 	VideoInstructionsText: height = np.float64(0.05)
1.4061 	EXP 	VideoInstructionsText: height = np.float64(0.05)
1.4061 	EXP 	VideoInstructionsText: height = np.float64(0.05)
1.4061 	EXP 	VideoInstructionsText: text = 'Please take out your phone and go the Instagram account @[Account Name]\n Please watch every video in order from top to bottom with the volume on. You must finish each video before scrolling to the next and only watch each video once.\n Click continue when you are finished!'
1.4061 	EXP 	ConditionSelectionText: autoDraw = False
1.4061 	EXP 	VideoInstructionsText: autoDraw = True
1.4640 	DATA 	Mouse:  Left button up, pos=(250,130)
2.3870 	DATA 	Mouse: Left button down, pos=(374,125)
2.3902 	DEBUG 	Read csv file with pandas: screenshotspreadsheet.csv
2.3908 	DEBUG 	Clearing unnamed columns from screenshotspreadsheet.csv
2.3910 	EXP 	Imported screenshotspreadsheet.csv as conditions, 2 conditions, 2 params
2.3912 	EXP 	New trial (rep=0, index=0): <Trial 0 (0 in rep 0) data={'Condition1New': 'new1.png', 'Condition1Old': 'old1.png', 'thisN': 0, 'thisTrialN': 0, 'thisRepN': 0}>
2.3997 	EXP 	VideoInstructionsText: autoDraw = False
2.3997 	EXP 	ScreenshotLeft: autoDraw = True
2.3997 	EXP 	ScreenshotRight: autoDraw = True
2.4649 	DATA 	Mouse:  Left button up, pos=(374,125)
3.4437 	DATA 	Mouse: Left button down, pos=(513,242)
3.4444 	EXP 	New trial (rep=0, index=1): <Trial 1 (1 in rep 0) data={'Condition1New': 'new2.png', 'Condition1Old': 'old2.png', 'thisN': 1, 'thisTrialN': 1, 'thisRepN': 0}>
3.4484 	EXP 	ScreenshotLeft: autoDraw = False
3.4484 	EXP 	ScreenshotRight: autoDraw = False
3.4484 	EXP 	ScreenshotLeft: autoDraw = True
3.4484 	EXP 	ScreenshotRight: autoDraw = True
3.5475 	DATA 	Mouse:  Left button up, pos=(513,242)
3.7979 	DATA 	Mouse: Left button down, pos=(640,288)
3.7984 	EXP 	New trial (rep=1, index=0): <Trial 2 (0 in rep 1) data={'Condition1New': 'new1.png', 'Condition1Old': 'old1.png', 'thisN': 2, 'thisTrialN': 0, 'thisRepN': 1}>
3.8025 	EXP 	ScreenshotLeft: autoDraw = False
3.8025 	EXP 	ScreenshotRight: autoDraw = False
3.8025 	EXP 	ScreenshotLeft: autoDraw = True
3.8025 	EXP 	ScreenshotRight: autoDraw = True
3.8678 	DATA 	Mouse:  Left button up, pos=(640,288)
3.9712 	DATA 	Mouse: Left button down, pos=(640,288)
3.9717 	EXP 	New trial (rep=1, index=1): <Trial 3 (1 in rep 1) data={'Condition1New': 'new2.png', 'Condition1Old': 'old2.png', 'thisN': 3, 'thisTrialN': 1, 'thisRepN': 1}>
3.9761 	EXP 	ScreenshotLeft: autoDraw = False
3.9761 	EXP 	ScreenshotRight: autoDraw = False
3.9761 	EXP 	ScreenshotLeft: autoDraw = True
3.9761 	EXP 	ScreenshotRight: autoDraw = True
4.0206 	DATA 	Mouse:  Left button up, pos=(661,288)
4.1174 	DATA 	Mouse: Left button down, pos=(710,272)
4.1287 	EXP 	ScreenshotLeft: autoDraw = False
4.1287 	EXP 	ScreenshotRight: autoDraw = False
4.1287 	EXP 	WordListInstructionsText: autoDraw = True
4.1653 	DATA 	Mouse:  Left button up, pos=(710,272)
4.2348 	DATA 	Mouse: Left button down, pos=(712,272)
4.2831 	DATA 	Mouse:  Left button up, pos=(693,304)
7.1590 	DATA 	Mouse: Left button down, pos=(433,127)
7.1669 	DEBUG 	Read csv file with pandas: wordlistspreadsheets.csv
7.1673 	DEBUG 	Clearing unnamed columns from wordlistspreadsheets.csv
7.1675 	EXP 	Imported wordlistspreadsheets.csv as conditions, 5 conditions, 2 params
7.1676 	EXP 	New trial (rep=0, index=0): <Trial 0 (0 in rep 0) data={'FirstList': 'apple', 'SecondList': 'banana', 'thisN': 0, 'thisTrialN': 0, 'thisRepN': 0}>
7.2024 	DEBUG 	Saving data for experiment ExperimentHandler
7.2033 	INFO 	saved data to C:\Users\Jackson\Desktop\Research Project Experiment\data\pilot_experiment_2026-03-07_12h26.43.709.psydat
7.2045 	INFO 	saved data to 'C:\\Users\\Jackson\\Desktop\\Research Project Experiment\\data\\pilot_experiment_2026-03-07_12h26.43.709.csv'
7.2128 	WARNING 	Stopping key buffers but this could be dangerous ifother keyboards rely on the same.
