4.3660 	DEBUG 	Fullscreen settings ignored as running in pilot mode.
4.3666 	INFO 	Loaded monitor calibration from ['2026_03_03 13:24']
4.5423 	INFO 	Using renderer 'Intel(R) Iris(R) Xe Graphics' for graphics
4.5423 	INFO 	OpenGL version supported by driver is 4..
4.5704 	EXP 	Created window1 = Window(allowGUI=True, allowStencil=False, autoLog=True, backendConf=UNKNOWN, backgroundFit=<method-wrapper '__getattribute__' of attributeSetter object at 0x0000026722585DB0>, backgroundImage=<method-wrapper '__getattribute__' of attributeSetter object at 0x00000267225878B0>, bitsMode=UNKNOWN, blendMode='avg', bpc=(8, 8, 8), color=array([0, 0, 0]), colorSpace='rgb', depthBits=8, fullscr=False, gamma=None, gammaErrorPolicy='raise', infoMsg=UNKNOWN, lms=UNKNOWN, monitor=<psychopy.monitors.calibTools.Monitor object at 0x00000267191CE2F0>, multiSample=False, name='window1', numSamples=2, pos=[np.float64(560.0), np.float64(240.0)], screen=0, size=array([800, 600]), stencilBits=0, stereo=False, title='PsychoPy', units='height', useFBO=True, useRetina=False, viewOri=0.0, viewPos=None, viewScale=None, waitBlanking=True, winType='pyglet')
4.5704 	EXP 	window1: backgroundImage = ''
4.5704 	EXP 	window1: backgroundFit = 'none'
4.5852 	DEBUG 	TextBox2 loaded 1 chars with 0 blanks and 1 valid
4.5946 	DEBUG 	TextBox2 loaded 1 chars with 0 blanks and 1 valid
4.6040 	DEBUG 	TextBox2 loaded 1 chars with 0 blanks and 1 valid
4.6132 	DEBUG 	TextBox2 loaded 1 chars with 0 blanks and 1 valid
4.6228 	DEBUG 	TextBox2 loaded 1 chars with 0 blanks and 1 valid
4.6319 	DEBUG 	TextBox2 loaded 1 chars with 0 blanks and 1 valid
4.6412 	DEBUG 	TextBox2 loaded 1 chars with 0 blanks and 1 valid
4.6506 	DEBUG 	TextBox2 loaded 1 chars with 0 blanks and 1 valid
4.6600 	DEBUG 	TextBox2 loaded 1 chars with 0 blanks and 1 valid
4.6694 	DEBUG 	TextBox2 loaded 1 chars with 0 blanks and 1 valid
4.6787 	DEBUG 	TextBox2 loaded 1 chars with 0 blanks and 1 valid
4.6884 	DEBUG 	TextBox2 loaded 1 chars with 0 blanks and 1 valid
4.6981 	DEBUG 	TextBox2 loaded 1 chars with 0 blanks and 1 valid
4.7073 	DEBUG 	TextBox2 loaded 1 chars with 0 blanks and 1 valid
4.7168 	DEBUG 	TextBox2 loaded 1 chars with 0 blanks and 1 valid
4.7258 	DEBUG 	TextBox2 loaded 1 chars with 0 blanks and 1 valid
4.7349 	DEBUG 	TextBox2 loaded 1 chars with 0 blanks and 1 valid
4.7444 	DEBUG 	TextBox2 loaded 1 chars with 0 blanks and 1 valid
4.7533 	DEBUG 	TextBox2 loaded 1 chars with 0 blanks and 1 valid
4.7629 	DEBUG 	TextBox2 loaded 1 chars with 0 blanks and 1 valid
4.7719 	DEBUG 	TextBox2 loaded 1 chars with 0 blanks and 1 valid
4.7723 	DEBUG 	Uploading Texture Font fontname to graphics card
4.7760 	DEBUG 	Upload of Texture Font fontname complete
4.7888 	DEBUG 	TextBox2 loaded 1 chars with 0 blanks and 1 valid
4.7983 	DEBUG 	TextBox2 loaded 1 chars with 0 blanks and 1 valid
4.8080 	DEBUG 	TextBox2 loaded 1 chars with 0 blanks and 1 valid
4.8082 	DEBUG 	Uploading Texture Font fontname to graphics card
4.8105 	DEBUG 	Upload of Texture Font fontname complete
4.8121 	EXP 	window1: Attempting to measure frame rate of screen (0) ...
4.8121 	EXP 	window1: recordFrameIntervals = False
4.8862 	EXP 	window1: recordFrameIntervals = True
5.5811 	EXP 	window1: recordFrameIntervals = False
5.5811 	EXP 	Screen (0) actual frame rate measured at 143.80Hz
5.5945 	DEBUG 	TextBox2 loaded 1 chars with 0 blanks and 1 valid
5.6034 	DEBUG 	TextBox2 loaded 1 chars with 0 blanks and 1 valid
5.6124 	DEBUG 	TextBox2 loaded 1 chars with 0 blanks and 1 valid
5.6217 	DEBUG 	TextBox2 loaded 1 chars with 0 blanks and 1 valid
5.6308 	DEBUG 	TextBox2 loaded 1 chars with 0 blanks and 1 valid
5.6398 	DEBUG 	TextBox2 loaded 1 chars with 0 blanks and 1 valid
5.6492 	DEBUG 	TextBox2 loaded 1 chars with 0 blanks and 1 valid
5.6585 	DEBUG 	TextBox2 loaded 1 chars with 0 blanks and 1 valid
5.6680 	DEBUG 	TextBox2 loaded 1 chars with 0 blanks and 1 valid
5.6777 	DEBUG 	TextBox2 loaded 1 chars with 0 blanks and 1 valid
5.6780 	DEBUG 	Uploading Texture Font fontname to graphics card
5.6784 	DEBUG 	Upload of Texture Font fontname complete
5.8672 	INFO 	keyboard.Keyboard is using ptb backend.
5.8672 	EXP 	experiment: status = STARTED
5.9254 	EXP 	Created WelcomeText = TextStim(__class__=<class 'psychopy.visual.text.TextStim'>, alignHoriz=method-wrapper(...), alignText='center', alignVert=method-wrapper(...), anchorHoriz='center', anchorVert='center', antialias=True, autoDraw=False, autoLog=True, bold=False, color=array([1., 1., 1.]), colorSpace='rgb', contrast=1.0, depth=0.0, draggable=False, flipHoriz=False, flipVert=False, font='Arial', fontFiles=[], height=np.float64(0.05), italic=False, languageStyle='LTR', name='WelcomeText', opacity=1, ori=0.0, pos=array([0., 0.]), rgb=UNKNOWN, text=str(...), units='height', win=Window(...), wrapWidth=1)
5.9314 	EXP 	Created ConditionSelectionText = TextStim(__class__=<class 'psychopy.visual.text.TextStim'>, alignHoriz=method-wrapper(...), alignText='center', alignVert=method-wrapper(...), anchorHoriz='center', anchorVert='center', antialias=True, autoDraw=False, autoLog=True, bold=False, color=array([1., 1., 1.]), colorSpace='rgb', contrast=1.0, depth=0.0, draggable=False, flipHoriz=False, flipVert=False, font='Arial', fontFiles=[], height=np.float64(0.05), italic=False, languageStyle='LTR', name='ConditionSelectionText', opacity=1, ori=0.0, pos=array([0., 0.]), rgb=UNKNOWN, text=str(...), units='height', win=Window(...), wrapWidth=1)
5.9321 	EXP 	Created VideoInstructionsText = TextStim(__class__=<class 'psychopy.visual.text.TextStim'>, alignHoriz=method-wrapper(...), alignText='center', alignVert=method-wrapper(...), anchorHoriz='center', anchorVert='center', antialias=True, autoDraw=False, autoLog=True, bold=False, color=array([1., 1., 1.]), colorSpace='rgb', contrast=1.0, depth=0.0, draggable=False, flipHoriz=False, flipVert=False, font='Arial', fontFiles=[], height=np.float64(0.05), italic=False, languageStyle='LTR', name='VideoInstructionsText', opacity=1, ori=0.0, pos=array([0., 0.]), rgb=UNKNOWN, text='', units='height', win=Window(...), wrapWidth=1)
5.9367 	EXP 	Created ScreenshotInstructionsText = TextStim(__class__=<class 'psychopy.visual.text.TextStim'>, alignHoriz=method-wrapper(...), alignText='center', alignVert=method-wrapper(...), anchorHoriz='center', anchorVert='center', antialias=True, autoDraw=False, autoLog=True, bold=False, color=array([1., 1., 1.]), colorSpace='rgb', contrast=1.0, depth=0.0, draggable=False, flipHoriz=False, flipVert=False, font='Arial', fontFiles=[], height=np.float64(0.05), italic=False, languageStyle='LTR', name='ScreenshotInstructionsText', opacity=1, ori=0.0, pos=array([0., 0.]), rgb=UNKNOWN, text=str(...), units='height', win=Window(...), wrapWidth=1)
5.9484 	EXP 	Created ScreenshotLeft = ImageStim(__class__=<class 'psychopy.visual.image.ImageStim'>, anchor=('center', 'center'), autoLog=True, color=array([1., 1., 1.]), colorSpace='rgb', contrast=1.0, depth=0.0, draggable=False, flipHoriz=np.False_, flipVert=np.False_, image='default.png', interpolate=True, mask=None, maskParams=None, name='ScreenshotLeft', opacity=1, ori=0.0, pos=array([-0.3,  0. ]), size=array([0.5, 0.5]), texRes=128.0, units='height', win=Window(...))
5.9506 	EXP 	Created ScreenshotRight = ImageStim(__class__=<class 'psychopy.visual.image.ImageStim'>, anchor=('center', 'center'), autoLog=True, color=array([1., 1., 1.]), colorSpace='rgb', contrast=1.0, depth=-1.0, draggable=False, flipHoriz=np.False_, flipVert=np.False_, image='default.png', interpolate=True, mask=None, maskParams=None, name='ScreenshotRight', opacity=1, ori=0.0, pos=array([0.3, 0. ]), size=array([0.5, 0.5]), texRes=128.0, units='height', win=Window(...))
5.9534 	EXP 	Created WordListInstructionsText = TextStim(__class__=<class 'psychopy.visual.text.TextStim'>, alignHoriz=method-wrapper(...), alignText='center', alignVert=method-wrapper(...), anchorHoriz='center', anchorVert='center', antialias=True, autoDraw=False, autoLog=True, bold=False, color=array([1., 1., 1.]), colorSpace='rgb', contrast=1.0, depth=0.0, draggable=False, flipHoriz=False, flipVert=False, font='Arial', fontFiles=[], height=np.float64(0.05), italic=False, languageStyle='LTR', name='WordListInstructionsText', opacity=1, ori=0.0, pos=array([0., 0.]), rgb=UNKNOWN, text=str(...), units='height', win=Window(...), wrapWidth=1)
5.9538 	EXP 	Created WordListStudyText = TextStim(__class__=<class 'psychopy.visual.text.TextStim'>, alignHoriz=method-wrapper(...), alignText='center', alignVert=method-wrapper(...), anchorHoriz='center', anchorVert='center', antialias=True, autoDraw=False, autoLog=True, bold=False, color=array([1., 1., 1.]), colorSpace='rgb', contrast=1.0, depth=0.0, draggable=False, flipHoriz=False, flipVert=False, font='Arial', fontFiles=[], height=0.05, italic=False, languageStyle='LTR', name='WordListStudyText', opacity=1, ori=0.0, pos=array([0., 0.]), rgb=UNKNOWN, text='', units='height', win=Window(...), wrapWidth=1)
5.9546 	EXP 	Created WordListDistractionText = TextStim(__class__=<class 'psychopy.visual.text.TextStim'>, alignHoriz=method-wrapper(...), alignText='center', alignVert=method-wrapper(...), anchorHoriz='center', anchorVert='center', antialias=True, autoDraw=False, autoLog=True, bold=False, color=array([1., 1., 1.]), colorSpace='rgb', contrast=1.0, depth=0.0, draggable=False, flipHoriz=False, flipVert=False, font='Arial', fontFiles=[], height=np.float64(0.05), italic=False, languageStyle='LTR', name='WordListDistractionText', opacity=1, ori=0.0, pos=array([0., 0.]), rgb=UNKNOWN, text='', units='height', win=Window(...), wrapWidth=1)
5.9571 	INFO 	Importing items...
5.9598 	DEBUG 	Read csv file with pandas: wordlistform.csv
5.9604 	DEBUG 	Clearing unnamed columns from wordlistform.csv
5.9607 	EXP 	Imported wordlistform.csv as conditions, 5 conditions, 3 params
5.9607 	INFO 	Using default values for the following headers: ['index', 'itemColor', 'itemWidth', 'ticks', 'tickLabels', 'font', 'responseWidth', 'responseColor', 'markerColor', 'layout', 'index', 'itemColor', 'itemWidth', 'ticks', 'tickLabels', 'font', 'responseWidth', 'responseColor', 'markerColor', 'layout', 'index', 'itemColor', 'itemWidth', 'ticks', 'tickLabels', 'font', 'responseWidth', 'responseColor', 'markerColor', 'layout', 'index', 'itemColor', 'itemWidth', 'ticks', 'tickLabels', 'font', 'responseWidth', 'responseColor', 'markerColor', 'layout', 'index', 'itemColor', 'itemWidth', 'ticks', 'tickLabels', 'font', 'responseWidth', 'responseColor', 'markerColor', 'layout']
5.9613 	INFO 	Setting layout of Form: WordListTestForm.
5.9613 	EXP 	Question text: 1
5.9726 	DEBUG 	TextBox2 loaded 1 chars with 0 blanks and 1 valid
5.9728 	DEBUG 	Uploading Texture Font fontname to graphics card
5.9735 	DEBUG 	Upload of Texture Font fontname complete
5.9855 	DEBUG 	TextBox2 loaded 1 chars with 0 blanks and 1 valid
5.9945 	DEBUG 	TextBox2 loaded 1 chars with 0 blanks and 1 valid
6.0035 	DEBUG 	TextBox2 loaded 1 chars with 0 blanks and 1 valid
6.0122 	DEBUG 	TextBox2 loaded 1 chars with 0 blanks and 1 valid
6.0212 	DEBUG 	TextBox2 loaded 1 chars with 0 blanks and 1 valid
6.0303 	DEBUG 	TextBox2 loaded 1 chars with 0 blanks and 1 valid
6.0396 	DEBUG 	TextBox2 loaded 1 chars with 0 blanks and 1 valid
6.0487 	DEBUG 	TextBox2 loaded 1 chars with 0 blanks and 1 valid
6.0576 	DEBUG 	TextBox2 loaded 1 chars with 0 blanks and 1 valid
6.0578 	DEBUG 	Uploading Texture Font fontname to graphics card
6.0584 	DEBUG 	Upload of Texture Font fontname complete
6.0593 	INFO 	Adding response to Form type: rating, layout: horiz, options: ['apple']
6.1074 	DEBUG 	Saving data for experiment ExperimentHandler
6.1080 	INFO 	saved data to C:\Users\Jackson\Documents\GitHub\ResearchExperiment\data\pilot_experiment_2026-03-07_16h02.46.305.psydat
6.1084 	INFO 	saved data to 'C:\\Users\\Jackson\\Documents\\GitHub\\ResearchExperiment\\data\\pilot_experiment_2026-03-07_16h02.46.305.csv'
6.1125 	WARNING 	Stopping key buffers but this could be dangerous ifother keyboards rely on the same.
