4.3448 	DEBUG 	Fullscreen settings ignored as running in pilot mode.
4.3454 	INFO 	Loaded monitor calibration from ['2026_03_03 13:24']
4.5244 	INFO 	Using renderer 'Intel(R) Iris(R) Xe Graphics' for graphics
4.5244 	INFO 	OpenGL version supported by driver is 4..
4.5535 	EXP 	Created window1 = Window(allowGUI=True, allowStencil=False, autoLog=True, backendConf=UNKNOWN, backgroundFit=<method-wrapper '__getattribute__' of attributeSetter object at 0x000001FF83D856C0>, backgroundImage=<method-wrapper '__getattribute__' of attributeSetter object at 0x000001FF83D85750>, bitsMode=UNKNOWN, blendMode='avg', bpc=(8, 8, 8), color=array([0, 0, 0]), colorSpace='rgb', depthBits=8, fullscr=False, gamma=None, gammaErrorPolicy='raise', infoMsg=UNKNOWN, lms=UNKNOWN, monitor=<psychopy.monitors.calibTools.Monitor object at 0x000001FFF9F657B0>, multiSample=False, name='window1', numSamples=2, pos=[np.float64(560.0), np.float64(240.0)], screen=0, size=array([800, 600]), stencilBits=0, stereo=False, title='PsychoPy', units='height', useFBO=True, useRetina=False, viewOri=0.0, viewPos=None, viewScale=None, waitBlanking=True, winType='pyglet')
4.5536 	EXP 	window1: backgroundImage = ''
4.5536 	EXP 	window1: backgroundFit = 'none'
4.5689 	DEBUG 	TextBox2 loaded 1 chars with 0 blanks and 1 valid
4.5788 	DEBUG 	TextBox2 loaded 1 chars with 0 blanks and 1 valid
4.5885 	DEBUG 	TextBox2 loaded 1 chars with 0 blanks and 1 valid
4.5981 	DEBUG 	TextBox2 loaded 1 chars with 0 blanks and 1 valid
4.6076 	DEBUG 	TextBox2 loaded 1 chars with 0 blanks and 1 valid
4.6169 	DEBUG 	TextBox2 loaded 1 chars with 0 blanks and 1 valid
4.6264 	DEBUG 	TextBox2 loaded 1 chars with 0 blanks and 1 valid
4.6359 	DEBUG 	TextBox2 loaded 1 chars with 0 blanks and 1 valid
4.6454 	DEBUG 	TextBox2 loaded 1 chars with 0 blanks and 1 valid
4.6547 	DEBUG 	TextBox2 loaded 1 chars with 0 blanks and 1 valid
4.6644 	DEBUG 	TextBox2 loaded 1 chars with 0 blanks and 1 valid
4.6740 	DEBUG 	TextBox2 loaded 1 chars with 0 blanks and 1 valid
4.6834 	DEBUG 	TextBox2 loaded 1 chars with 0 blanks and 1 valid
4.6933 	DEBUG 	TextBox2 loaded 1 chars with 0 blanks and 1 valid
4.7025 	DEBUG 	TextBox2 loaded 1 chars with 0 blanks and 1 valid
4.7118 	DEBUG 	TextBox2 loaded 1 chars with 0 blanks and 1 valid
4.7211 	DEBUG 	TextBox2 loaded 1 chars with 0 blanks and 1 valid
4.7301 	DEBUG 	TextBox2 loaded 1 chars with 0 blanks and 1 valid
4.7392 	DEBUG 	TextBox2 loaded 1 chars with 0 blanks and 1 valid
4.7486 	DEBUG 	TextBox2 loaded 1 chars with 0 blanks and 1 valid
4.7577 	DEBUG 	TextBox2 loaded 1 chars with 0 blanks and 1 valid
4.7580 	DEBUG 	Uploading Texture Font fontname to graphics card
4.7619 	DEBUG 	Upload of Texture Font fontname complete
4.7752 	DEBUG 	TextBox2 loaded 1 chars with 0 blanks and 1 valid
4.7847 	DEBUG 	TextBox2 loaded 1 chars with 0 blanks and 1 valid
4.7941 	DEBUG 	TextBox2 loaded 1 chars with 0 blanks and 1 valid
4.7944 	DEBUG 	Uploading Texture Font fontname to graphics card
4.7971 	DEBUG 	Upload of Texture Font fontname complete
4.7987 	EXP 	window1: Attempting to measure frame rate of screen (0) ...
4.7987 	EXP 	window1: recordFrameIntervals = False
4.8724 	EXP 	window1: recordFrameIntervals = True
5.5671 	EXP 	window1: recordFrameIntervals = False
5.5671 	EXP 	Screen (0) actual frame rate measured at 144.53Hz
5.5797 	DEBUG 	TextBox2 loaded 1 chars with 0 blanks and 1 valid
5.5890 	DEBUG 	TextBox2 loaded 1 chars with 0 blanks and 1 valid
5.5983 	DEBUG 	TextBox2 loaded 1 chars with 0 blanks and 1 valid
5.6080 	DEBUG 	TextBox2 loaded 1 chars with 0 blanks and 1 valid
5.6175 	DEBUG 	TextBox2 loaded 1 chars with 0 blanks and 1 valid
5.6269 	DEBUG 	TextBox2 loaded 1 chars with 0 blanks and 1 valid
5.6361 	DEBUG 	TextBox2 loaded 1 chars with 0 blanks and 1 valid
5.6455 	DEBUG 	TextBox2 loaded 1 chars with 0 blanks and 1 valid
5.6550 	DEBUG 	TextBox2 loaded 1 chars with 0 blanks and 1 valid
5.6644 	DEBUG 	TextBox2 loaded 1 chars with 0 blanks and 1 valid
5.6647 	DEBUG 	Uploading Texture Font fontname to graphics card
5.6651 	DEBUG 	Upload of Texture Font fontname complete
5.8428 	INFO 	keyboard.Keyboard is using ptb backend.
5.8428 	EXP 	experiment: status = STARTED
5.9058 	EXP 	Created WelcomeText = TextStim(__class__=<class 'psychopy.visual.text.TextStim'>, alignHoriz=method-wrapper(...), alignText='center', alignVert=method-wrapper(...), anchorHoriz='center', anchorVert='center', antialias=True, autoDraw=False, autoLog=True, bold=False, color=array([1., 1., 1.]), colorSpace='rgb', contrast=1.0, depth=0.0, draggable=False, flipHoriz=False, flipVert=False, font='Arial', fontFiles=[], height=np.float64(0.05), italic=False, languageStyle='LTR', name='WelcomeText', opacity=1, ori=0.0, pos=array([0., 0.]), rgb=UNKNOWN, text=str(...), units='height', win=Window(...), wrapWidth=1)
5.9129 	EXP 	Created ConditionSelectionText = TextStim(__class__=<class 'psychopy.visual.text.TextStim'>, alignHoriz=method-wrapper(...), alignText='center', alignVert=method-wrapper(...), anchorHoriz='center', anchorVert='center', antialias=True, autoDraw=False, autoLog=True, bold=False, color=array([1., 1., 1.]), colorSpace='rgb', contrast=1.0, depth=0.0, draggable=False, flipHoriz=False, flipVert=False, font='Arial', fontFiles=[], height=np.float64(0.05), italic=False, languageStyle='LTR', name='ConditionSelectionText', opacity=1, ori=0.0, pos=array([0., 0.]), rgb=UNKNOWN, text=str(...), units='height', win=Window(...), wrapWidth=1)
5.9136 	EXP 	Created VideoInstructionsText = TextStim(__class__=<class 'psychopy.visual.text.TextStim'>, alignHoriz=method-wrapper(...), alignText='center', alignVert=method-wrapper(...), anchorHoriz='center', anchorVert='center', antialias=True, autoDraw=False, autoLog=True, bold=False, color=array([1., 1., 1.]), colorSpace='rgb', contrast=1.0, depth=0.0, draggable=False, flipHoriz=False, flipVert=False, font='Arial', fontFiles=[], height=np.float64(0.05), italic=False, languageStyle='LTR', name='VideoInstructionsText', opacity=1, ori=0.0, pos=array([0., 0.]), rgb=UNKNOWN, text='', units='height', win=Window(...), wrapWidth=1)
5.9188 	EXP 	Created ScreenshotInstructionsText = TextStim(__class__=<class 'psychopy.visual.text.TextStim'>, alignHoriz=method-wrapper(...), alignText='center', alignVert=method-wrapper(...), anchorHoriz='center', anchorVert='center', antialias=True, autoDraw=False, autoLog=True, bold=False, color=array([1., 1., 1.]), colorSpace='rgb', contrast=1.0, depth=0.0, draggable=False, flipHoriz=False, flipVert=False, font='Arial', fontFiles=[], height=np.float64(0.05), italic=False, languageStyle='LTR', name='ScreenshotInstructionsText', opacity=1, ori=0.0, pos=array([0., 0.]), rgb=UNKNOWN, text=str(...), units='height', win=Window(...), wrapWidth=1)
5.9309 	EXP 	Created ScreenshotLeft = ImageStim(__class__=<class 'psychopy.visual.image.ImageStim'>, anchor=('center', 'center'), autoLog=True, color=array([1., 1., 1.]), colorSpace='rgb', contrast=1.0, depth=0.0, draggable=False, flipHoriz=np.False_, flipVert=np.False_, image='default.png', interpolate=True, mask=None, maskParams=None, name='ScreenshotLeft', opacity=1, ori=0.0, pos=array([-0.3,  0. ]), size=array([0.5, 0.5]), texRes=128.0, units='height', win=Window(...))
5.9332 	EXP 	Created ScreenshotRight = ImageStim(__class__=<class 'psychopy.visual.image.ImageStim'>, anchor=('center', 'center'), autoLog=True, color=array([1., 1., 1.]), colorSpace='rgb', contrast=1.0, depth=-1.0, draggable=False, flipHoriz=np.False_, flipVert=np.False_, image='default.png', interpolate=True, mask=None, maskParams=None, name='ScreenshotRight', opacity=1, ori=0.0, pos=array([0.3, 0. ]), size=array([0.5, 0.5]), texRes=128.0, units='height', win=Window(...))
5.9360 	EXP 	Created WordListInstructionsText = TextStim(__class__=<class 'psychopy.visual.text.TextStim'>, alignHoriz=method-wrapper(...), alignText='center', alignVert=method-wrapper(...), anchorHoriz='center', anchorVert='center', antialias=True, autoDraw=False, autoLog=True, bold=False, color=array([1., 1., 1.]), colorSpace='rgb', contrast=1.0, depth=0.0, draggable=False, flipHoriz=False, flipVert=False, font='Arial', fontFiles=[], height=np.float64(0.05), italic=False, languageStyle='LTR', name='WordListInstructionsText', opacity=1, ori=0.0, pos=array([0., 0.]), rgb=UNKNOWN, text=str(...), units='height', win=Window(...), wrapWidth=1)
5.9365 	EXP 	Created WordListStudyText = TextStim(__class__=<class 'psychopy.visual.text.TextStim'>, alignHoriz=method-wrapper(...), alignText='center', alignVert=method-wrapper(...), anchorHoriz='center', anchorVert='center', antialias=True, autoDraw=False, autoLog=True, bold=False, color=array([1., 1., 1.]), colorSpace='rgb', contrast=1.0, depth=0.0, draggable=False, flipHoriz=False, flipVert=False, font='Arial', fontFiles=[], height=0.05, italic=False, languageStyle='LTR', name='WordListStudyText', opacity=1, ori=0.0, pos=array([0., 0.]), rgb=UNKNOWN, text='', units='height', win=Window(...), wrapWidth=1)
5.9371 	EXP 	Created WordListDistractionText = TextStim(__class__=<class 'psychopy.visual.text.TextStim'>, alignHoriz=method-wrapper(...), alignText='center', alignVert=method-wrapper(...), anchorHoriz='center', anchorVert='center', antialias=True, autoDraw=False, autoLog=True, bold=False, color=array([1., 1., 1.]), colorSpace='rgb', contrast=1.0, depth=0.0, draggable=False, flipHoriz=False, flipVert=False, font='Arial', fontFiles=[], height=np.float64(0.05), italic=False, languageStyle='LTR', name='WordListDistractionText', opacity=1, ori=0.0, pos=array([0., 0.]), rgb=UNKNOWN, text='', units='height', win=Window(...), wrapWidth=1)
5.9430 	EXP 	Created BreakText = TextStim(__class__=<class 'psychopy.visual.text.TextStim'>, alignHoriz=method-wrapper(...), alignText='center', alignVert=method-wrapper(...), anchorHoriz='center', anchorVert='center', antialias=True, autoDraw=False, autoLog=True, bold=False, color=array([1., 1., 1.]), colorSpace='rgb', contrast=1.0, depth=0.0, draggable=False, flipHoriz=False, flipVert=False, font='Arial', fontFiles=[], height=np.float64(0.05), italic=False, languageStyle='LTR', name='BreakText', opacity=1, ori=0.0, pos=array([0., 0.]), rgb=UNKNOWN, text='You will now take a 5 minute break! Yay!!!!', units='height', win=Window(...), wrapWidth=1)
5.9450 	EXP 	Created EndScreenText = TextStim(__class__=<class 'psychopy.visual.text.TextStim'>, alignHoriz=method-wrapper(...), alignText='center', alignVert=method-wrapper(...), anchorHoriz='center', anchorVert='center', antialias=True, autoDraw=False, autoLog=True, bold=False, color=array([1., 1., 1.]), colorSpace='rgb', contrast=1.0, depth=0.0, draggable=False, flipHoriz=False, flipVert=False, font='Arial', fontFiles=[], height=np.float64(0.05), italic=False, languageStyle='LTR', name='EndScreenText', opacity=1, ori=0.0, pos=array([0., 0.]), rgb=UNKNOWN, text='Please wait while we save your results', units='height', win=Window(...), wrapWidth=1)
0.0033 	EXP 	WordListDistractionText: height = np.float64(0.05)
0.0033 	EXP 	WordListDistractionText: height = np.float64(0.05)
0.0033 	EXP 	WordListDistractionText: height = np.float64(0.05)
0.0033 	EXP 	WordListDistractionText: text = 'Count backwards by 3 from 748 out loud'
0.0109 	INFO 	Keyboard events cleared
0.0108 	EXP 	WelcomeText: autoDraw = True
1.1263 	EXP 	Device response: <KeyPress from None: t=1.1208891000133008, value=space, duration=None>
1.1279 	DATA 	Keypress: space
1.1362 	INFO 	Keyboard events cleared
1.1361 	EXP 	WelcomeText: autoDraw = False
1.1361 	EXP 	ConditionSelectionText: autoDraw = True
1.1728 	EXP 	Device response: <KeyPress from None: t=1.1208891000133008, value=space, duration=0.04837139998562634>
2.6935 	EXP 	Device response: <KeyPress from None: t=2.6869732999475673, value=a, duration=None>
2.6937 	EXP 	New trial (rep=0, index=0): <Trial 0 (0 in rep 0) data={'thisN': 0, 'thisTrialN': 0, 'thisRepN': 0}>
2.7020 	DATA 	Keypress: a
2.7049 	INFO 	Keyboard events cleared
2.7049 	EXP 	ConditionSelectionText: autoDraw = False
2.7049 	EXP 	VideoInstructionsText: height = np.float64(0.05)
2.7049 	EXP 	VideoInstructionsText: height = np.float64(0.05)
2.7049 	EXP 	VideoInstructionsText: height = np.float64(0.05)
2.7049 	EXP 	VideoInstructionsText: text = 'Please take out your phone and go the Instagram account @[Account Name]\n Please watch every video in order from top to bottom with the volume on.\n You must finish each video before scrolling to the next and only watch each video once.\n\n Press spacebar when you are finished!'
2.7049 	EXP 	VideoInstructionsText: autoDraw = True
2.7835 	EXP 	Device response: <KeyPress from None: t=2.6869732999475673, value=a, duration=0.08991650003008544>
3.9710 	EXP 	Device response: <KeyPress from None: t=3.964999399962835, value=space, duration=None>
3.9718 	DATA 	Keypress: space
3.9767 	INFO 	Keyboard events cleared
3.9766 	EXP 	VideoInstructionsText: autoDraw = False
3.9766 	EXP 	ScreenshotInstructionsText: autoDraw = True
4.0619 	EXP 	Device response: <KeyPress from None: t=3.964999399962835, value=space, duration=0.09015060006640851>
4.4582 	EXP 	Device response: <KeyPress from None: t=4.455477699986659, value=space, duration=None>
4.4611 	DEBUG 	Read csv file with pandas: screenshotspreadsheet.csv
4.4618 	DEBUG 	Clearing unnamed columns from screenshotspreadsheet.csv
4.4620 	EXP 	Imported screenshotspreadsheet.csv as conditions, 2 conditions, 2 params
4.4621 	EXP 	New trial (rep=0, index=0): <Trial 0 (0 in rep 0) data={'Condition1New': 'new1.jpg', 'Condition1Old': 'old1.jpg', 'thisN': 0, 'thisTrialN': 0, 'thisRepN': 0}>
4.4691 	DATA 	Keypress: space
4.4764 	INFO 	Keyboard events cleared
4.4764 	EXP 	ScreenshotInstructionsText: autoDraw = False
4.4764 	EXP 	ScreenshotLeft: image = 'Screenshots/new1.jpg'
4.4764 	EXP 	ScreenshotRight: image = 'Screenshots/old1.jpg'
4.4764 	EXP 	ScreenshotLeft: autoDraw = True
4.4764 	EXP 	ScreenshotRight: autoDraw = True
4.5339 	EXP 	Device response: <KeyPress from None: t=4.455477699986659, value=space, duration=0.07388499996159226>
4.9435 	EXP 	Device response: <KeyPress from None: t=4.938999800011516, value=a, duration=None>
4.9436 	EXP 	New trial (rep=0, index=1): <Trial 1 (1 in rep 0) data={'Condition1New': 'new2.jpg', 'Condition1Old': 'old2.jpg', 'thisN': 1, 'thisTrialN': 1, 'thisRepN': 0}>
4.9465 	DATA 	Keypress: a
4.9558 	INFO 	Keyboard events cleared
4.9557 	EXP 	ScreenshotLeft: autoDraw = False
4.9557 	EXP 	ScreenshotRight: autoDraw = False
4.9557 	EXP 	ScreenshotLeft: image = 'Screenshots/new2.jpg'
4.9557 	EXP 	ScreenshotRight: image = 'Screenshots/old2.jpg'
4.9557 	EXP 	ScreenshotLeft: autoDraw = True
4.9557 	EXP 	ScreenshotRight: autoDraw = True
5.0411 	EXP 	Device response: <KeyPress from None: t=4.938999800011516, value=a, duration=0.10061449999921024>
5.2149 	EXP 	Device response: <KeyPress from None: t=5.214448199956678, value=a, duration=None>
5.2164 	DATA 	Keypress: a
5.2201 	INFO 	Keyboard events cleared
5.2200 	EXP 	ScreenshotLeft: autoDraw = False
5.2200 	EXP 	ScreenshotRight: autoDraw = False
5.2200 	EXP 	WordListInstructionsText: autoDraw = True
5.3049 	EXP 	Device response: <KeyPress from None: t=5.214448199956678, value=a, duration=0.08373060007579625>
5.7142 	EXP 	Device response: <KeyPress from None: t=5.708527199923992, value=space, duration=None>
5.7162 	DEBUG 	Read csv file with pandas: wordlistspreadsheets.csv
5.7166 	DEBUG 	Clearing unnamed columns from wordlistspreadsheets.csv
5.7168 	EXP 	Imported wordlistspreadsheets.csv as conditions, 5 conditions, 2 params
5.7170 	EXP 	New trial (rep=0, index=0): <Trial 0 (0 in rep 0) data={'FirstList': 'apple', 'SecondList': 'banana', 'thisN': 0, 'thisTrialN': 0, 'thisRepN': 0}>
5.7191 	DATA 	Keypress: space
5.7265 	EXP 	WordListInstructionsText: autoDraw = False
5.7265 	EXP 	WordListStudyText: height = np.float64(0.05)
5.7265 	EXP 	WordListStudyText: height = np.float64(0.05)
5.7265 	EXP 	WordListStudyText: height = np.float64(0.05)
5.7265 	EXP 	WordListStudyText: text = 'apple'
5.7265 	EXP 	WordListStudyText: autoDraw = True
5.7916 	EXP 	Device response: <KeyPress from None: t=5.708527199923992, value=space, duration=0.0794908000389114>
6.7151 	EXP 	New trial (rep=0, index=1): <Trial 1 (1 in rep 0) data={'FirstList': 'muffin', 'SecondList': 'cupcake', 'thisN': 1, 'thisTrialN': 1, 'thisRepN': 0}>
6.7201 	EXP 	WordListStudyText: autoDraw = False
6.7201 	EXP 	WordListStudyText: height = np.float64(0.05)
6.7201 	EXP 	WordListStudyText: height = np.float64(0.05)
6.7201 	EXP 	WordListStudyText: height = np.float64(0.05)
6.7201 	EXP 	WordListStudyText: text = 'muffin'
6.7201 	EXP 	WordListStudyText: autoDraw = True
7.7083 	EXP 	New trial (rep=0, index=2): <Trial 2 (2 in rep 0) data={'FirstList': 'orange', 'SecondList': 'tangerine', 'thisN': 2, 'thisTrialN': 2, 'thisRepN': 0}>
7.7132 	EXP 	WordListStudyText: autoDraw = False
7.7132 	EXP 	WordListStudyText: autoDraw = False
7.7132 	EXP 	WordListStudyText: height = np.float64(0.05)
7.7132 	EXP 	WordListStudyText: height = np.float64(0.05)
7.7132 	EXP 	WordListStudyText: height = np.float64(0.05)
7.7132 	EXP 	WordListStudyText: text = 'orange'
7.7132 	EXP 	WordListStudyText: autoDraw = True
8.7009 	EXP 	New trial (rep=0, index=3): <Trial 3 (3 in rep 0) data={'FirstList': 'cat', 'SecondList': 'dog', 'thisN': 3, 'thisTrialN': 3, 'thisRepN': 0}>
8.7067 	EXP 	WordListStudyText: autoDraw = False
8.7067 	EXP 	WordListStudyText: autoDraw = False
8.7067 	EXP 	WordListStudyText: height = np.float64(0.05)
8.7067 	EXP 	WordListStudyText: height = np.float64(0.05)
8.7067 	EXP 	WordListStudyText: height = np.float64(0.05)
8.7067 	EXP 	WordListStudyText: text = 'cat'
8.7067 	EXP 	WordListStudyText: autoDraw = True
9.6936 	EXP 	New trial (rep=0, index=4): <Trial 4 (4 in rep 0) data={'FirstList': 'pizza', 'SecondList': 'beer', 'thisN': 4, 'thisTrialN': 4, 'thisRepN': 0}>
9.6992 	EXP 	WordListStudyText: autoDraw = False
9.6992 	EXP 	WordListStudyText: autoDraw = False
9.6992 	EXP 	WordListStudyText: height = np.float64(0.05)
9.6992 	EXP 	WordListStudyText: height = np.float64(0.05)
9.6992 	EXP 	WordListStudyText: height = np.float64(0.05)
9.6992 	EXP 	WordListStudyText: text = 'pizza'
9.7066 	EXP 	WordListStudyText: autoDraw = True
10.6994 	EXP 	WordListStudyText: autoDraw = False
10.6994 	EXP 	WordListStudyText: autoDraw = False
10.7068 	EXP 	WordListDistractionText: autoDraw = True
11.7703 	DEBUG 	Saving data for experiment ExperimentHandler
11.7713 	INFO 	saved data to C:\Users\Jackson\Documents\GitHub\ResearchExperiment\data\pilot_experiment_2026-03-07_15h31.31.664.psydat
11.7723 	INFO 	saved data to 'C:\\Users\\Jackson\\Documents\\GitHub\\ResearchExperiment\\data\\pilot_experiment_2026-03-07_15h31.31.664.csv'
11.7769 	WARNING 	Stopping key buffers but this could be dangerous ifother keyboards rely on the same.
