7.1292 	DEBUG 	Fullscreen settings ignored as running in pilot mode.
7.1299 	INFO 	Loaded monitor calibration from ['2026_03_03 13:24']
7.4080 	INFO 	Using renderer 'Intel(R) Iris(R) Xe Graphics' for graphics
7.4080 	INFO 	OpenGL version supported by driver is 4..
7.4503 	EXP 	Created window1 = Window(allowGUI=False, allowStencil=False, autoLog=True, backendConf=UNKNOWN, backgroundFit=<method-wrapper '__getattribute__' of attributeSetter object at 0x000001F3F540E5C0>, backgroundImage=<method-wrapper '__getattribute__' of attributeSetter object at 0x000001F3F540D810>, bitsMode=UNKNOWN, blendMode='avg', bpc=(8, 8, 8), color=array([0, 0, 0]), colorSpace='rgb', depthBits=8, fullscr=False, gamma=None, gammaErrorPolicy='raise', infoMsg=UNKNOWN, lms=UNKNOWN, monitor=<psychopy.monitors.calibTools.Monitor object at 0x000001F3F72656F0>, multiSample=False, name='window1', numSamples=2, pos=[np.float64(560.0), np.float64(240.0)], screen=0, size=array([800, 600]), stencilBits=0, stereo=False, title='PsychoPy', units='height', useFBO=True, useRetina=False, viewOri=0.0, viewPos=None, viewScale=None, waitBlanking=True, winType='pyglet')
7.4503 	EXP 	window1: backgroundImage = ''
7.4503 	EXP 	window1: backgroundFit = 'none'
7.4729 	DEBUG 	TextBox2 loaded 1 chars with 0 blanks and 1 valid
7.4890 	DEBUG 	TextBox2 loaded 1 chars with 0 blanks and 1 valid
7.5051 	DEBUG 	TextBox2 loaded 1 chars with 0 blanks and 1 valid
7.5217 	DEBUG 	TextBox2 loaded 1 chars with 0 blanks and 1 valid
7.5385 	DEBUG 	TextBox2 loaded 1 chars with 0 blanks and 1 valid
7.5547 	DEBUG 	TextBox2 loaded 1 chars with 0 blanks and 1 valid
7.5715 	DEBUG 	TextBox2 loaded 1 chars with 0 blanks and 1 valid
7.5884 	DEBUG 	TextBox2 loaded 1 chars with 0 blanks and 1 valid
7.6044 	DEBUG 	TextBox2 loaded 1 chars with 0 blanks and 1 valid
7.6202 	DEBUG 	TextBox2 loaded 1 chars with 0 blanks and 1 valid
7.6364 	DEBUG 	TextBox2 loaded 1 chars with 0 blanks and 1 valid
7.6527 	DEBUG 	TextBox2 loaded 1 chars with 0 blanks and 1 valid
7.6684 	DEBUG 	TextBox2 loaded 1 chars with 0 blanks and 1 valid
7.6849 	DEBUG 	TextBox2 loaded 1 chars with 0 blanks and 1 valid
7.7003 	DEBUG 	TextBox2 loaded 1 chars with 0 blanks and 1 valid
7.7151 	DEBUG 	TextBox2 loaded 1 chars with 0 blanks and 1 valid
7.7301 	DEBUG 	TextBox2 loaded 1 chars with 0 blanks and 1 valid
7.7454 	DEBUG 	TextBox2 loaded 1 chars with 0 blanks and 1 valid
7.7616 	DEBUG 	TextBox2 loaded 1 chars with 0 blanks and 1 valid
7.7783 	DEBUG 	TextBox2 loaded 1 chars with 0 blanks and 1 valid
7.7943 	DEBUG 	TextBox2 loaded 1 chars with 0 blanks and 1 valid
7.7948 	DEBUG 	Uploading Texture Font fontname to graphics card
7.8021 	DEBUG 	Upload of Texture Font fontname complete
7.8246 	DEBUG 	TextBox2 loaded 1 chars with 0 blanks and 1 valid
7.8395 	DEBUG 	TextBox2 loaded 1 chars with 0 blanks and 1 valid
7.8547 	DEBUG 	TextBox2 loaded 1 chars with 0 blanks and 1 valid
7.8551 	DEBUG 	Uploading Texture Font fontname to graphics card
7.8590 	DEBUG 	Upload of Texture Font fontname complete
7.8612 	EXP 	window1: Attempting to measure frame rate of screen (0) ...
7.8612 	EXP 	window1: recordFrameIntervals = False
7.9448 	EXP 	window1: recordFrameIntervals = True
8.6471 	EXP 	window1: recordFrameIntervals = False
8.6471 	EXP 	Screen (0) actual frame rate measured at 148.58Hz
8.6670 	DEBUG 	TextBox2 loaded 1 chars with 0 blanks and 1 valid
8.6833 	DEBUG 	TextBox2 loaded 1 chars with 0 blanks and 1 valid
8.7000 	DEBUG 	TextBox2 loaded 1 chars with 0 blanks and 1 valid
8.7168 	DEBUG 	TextBox2 loaded 1 chars with 0 blanks and 1 valid
8.7337 	DEBUG 	TextBox2 loaded 1 chars with 0 blanks and 1 valid
8.7506 	DEBUG 	TextBox2 loaded 1 chars with 0 blanks and 1 valid
8.7668 	DEBUG 	TextBox2 loaded 1 chars with 0 blanks and 1 valid
8.7830 	DEBUG 	TextBox2 loaded 1 chars with 0 blanks and 1 valid
8.7996 	DEBUG 	TextBox2 loaded 1 chars with 0 blanks and 1 valid
8.8160 	DEBUG 	TextBox2 loaded 1 chars with 0 blanks and 1 valid
8.8165 	DEBUG 	Uploading Texture Font fontname to graphics card
8.8170 	DEBUG 	Upload of Texture Font fontname complete
9.0355 	INFO 	keyboard.Keyboard is using ptb backend.
9.0356 	EXP 	experiment: status = STARTED
9.1308 	EXP 	Created WelcomeText = TextStim(__class__=<class 'psychopy.visual.text.TextStim'>, alignHoriz=method-wrapper(...), alignText='center', alignVert=method-wrapper(...), anchorHoriz='center', anchorVert='center', antialias=True, autoDraw=False, autoLog=True, bold=False, color=array([1., 1., 1.]), colorSpace='rgb', contrast=1.0, depth=0.0, draggable=False, flipHoriz=False, flipVert=False, font='Arial', fontFiles=[], height=np.float64(0.05), italic=False, languageStyle='LTR', name='WelcomeText', opacity=1, ori=0.0, pos=array([0., 0.]), rgb=UNKNOWN, text=str(...), units='height', win=Window(...), wrapWidth=1)
9.1365 	DEBUG 	TextBox2 loaded 1 chars with 0 blanks and 1 valid
9.1374 	DEBUG 	TextBox2 loaded 1 chars with 0 blanks and 1 valid
9.1382 	DEBUG 	TextBox2 loaded 1 chars with 0 blanks and 1 valid
9.1390 	DEBUG 	TextBox2 loaded 1 chars with 0 blanks and 1 valid
9.1401 	DEBUG 	TextBox2 loaded 1 chars with 0 blanks and 1 valid
9.1404 	DEBUG 	TextBox2 loaded 1 chars with 0 blanks and 1 valid
9.1408 	DEBUG 	TextBox2 loaded 1 chars with 0 blanks and 1 valid
9.1421 	DEBUG 	TextBox2 loaded 1 chars with 0 blanks and 1 valid
9.1432 	DEBUG 	TextBox2 loaded 1 chars with 0 blanks and 1 valid
9.1444 	DEBUG 	TextBox2 loaded 1 chars with 0 blanks and 1 valid
9.1453 	DEBUG 	TextBox2 loaded 1 chars with 0 blanks and 1 valid
9.1462 	DEBUG 	TextBox2 loaded 1 chars with 0 blanks and 1 valid
9.1471 	DEBUG 	TextBox2 loaded 1 chars with 0 blanks and 1 valid
9.1480 	DEBUG 	TextBox2 loaded 1 chars with 0 blanks and 1 valid
9.1489 	DEBUG 	TextBox2 loaded 1 chars with 0 blanks and 1 valid
9.1493 	DEBUG 	Uploading Texture Font fontname to graphics card
9.1507 	DEBUG 	Upload of Texture Font fontname complete
9.1579 	DEBUG 	TextBox2 loaded 1 chars with 0 blanks and 1 valid
9.1592 	DEBUG 	TextBox2 loaded 1 chars with 0 blanks and 1 valid
9.1604 	DEBUG 	TextBox2 loaded 1 chars with 0 blanks and 1 valid
9.1618 	DEBUG 	TextBox2 loaded 1 chars with 0 blanks and 1 valid
9.1626 	DEBUG 	TextBox2 loaded 1 chars with 0 blanks and 1 valid
9.1631 	DEBUG 	TextBox2 loaded 1 chars with 0 blanks and 1 valid
9.1635 	DEBUG 	Uploading Texture Font fontname to graphics card
9.1642 	DEBUG 	Upload of Texture Font fontname complete
0.0269 	EXP 	WelcomeText: autoDraw = True
12.2623 	DATA 	Mouse: Left button down, pos=(457,139)
12.2733 	EXP 	WelcomeText: autoDraw = False
12.2752 	EXP 	experiment: status = STOPPED
12.2775 	INFO 	saved data to 'C:\\Users\\Jackson\\Desktop\\Research Project Experiment\\data\\pilot_experiment_2026-03-06_13h10.15.572.csv'
12.2781 	INFO 	saved data to C:\Users\Jackson\Desktop\Research Project Experiment\data\pilot_experiment_2026-03-06_13h10.15.572.psydat
12.5873 	DEBUG 	Saving data for experiment ExperimentHandler
12.5931 	WARNING 	Stopping key buffers but this could be dangerous ifother keyboards rely on the same.
