7.2994 	DEBUG 	Fullscreen settings ignored as running in pilot mode.
7.3002 	INFO 	Loaded monitor calibration from ['2026_03_03 13:24']
7.5972 	INFO 	Using renderer 'Intel(R) Iris(R) Xe Graphics' for graphics
7.5972 	INFO 	OpenGL version supported by driver is 4..
7.6454 	EXP 	Created window1 = Window(allowGUI=False, allowStencil=False, autoLog=True, backendConf=UNKNOWN, backgroundFit=<method-wrapper '__getattribute__' of attributeSetter object at 0x0000020A81C13340>, backgroundImage=<method-wrapper '__getattribute__' of attributeSetter object at 0x0000020A81C11CC0>, bitsMode=UNKNOWN, blendMode='avg', bpc=(8, 8, 8), color=array([0, 0, 0]), colorSpace='rgb', depthBits=8, fullscr=False, gamma=None, gammaErrorPolicy='raise', infoMsg=UNKNOWN, lms=UNKNOWN, monitor=<psychopy.monitors.calibTools.Monitor object at 0x0000020AF7F4B5E0>, multiSample=False, name='window1', numSamples=2, pos=[np.float64(560.0), np.float64(240.0)], screen=0, size=array([800, 600]), stencilBits=0, stereo=False, title='PsychoPy', units='height', useFBO=True, useRetina=False, viewOri=0.0, viewPos=None, viewScale=None, waitBlanking=True, winType='pyglet')
7.6455 	EXP 	window1: backgroundImage = ''
7.6455 	EXP 	window1: backgroundFit = 'none'
7.6685 	DEBUG 	TextBox2 loaded 1 chars with 0 blanks and 1 valid
7.6847 	DEBUG 	TextBox2 loaded 1 chars with 0 blanks and 1 valid
7.7010 	DEBUG 	TextBox2 loaded 1 chars with 0 blanks and 1 valid
7.7185 	DEBUG 	TextBox2 loaded 1 chars with 0 blanks and 1 valid
7.7545 	DEBUG 	TextBox2 loaded 1 chars with 0 blanks and 1 valid
7.7693 	DEBUG 	TextBox2 loaded 1 chars with 0 blanks and 1 valid
7.7845 	DEBUG 	TextBox2 loaded 1 chars with 0 blanks and 1 valid
7.8008 	DEBUG 	TextBox2 loaded 1 chars with 0 blanks and 1 valid
7.8163 	DEBUG 	TextBox2 loaded 1 chars with 0 blanks and 1 valid
7.8316 	DEBUG 	TextBox2 loaded 1 chars with 0 blanks and 1 valid
7.8475 	DEBUG 	TextBox2 loaded 1 chars with 0 blanks and 1 valid
7.8638 	DEBUG 	TextBox2 loaded 1 chars with 0 blanks and 1 valid
7.8797 	DEBUG 	TextBox2 loaded 1 chars with 0 blanks and 1 valid
7.8959 	DEBUG 	TextBox2 loaded 1 chars with 0 blanks and 1 valid
7.9110 	DEBUG 	TextBox2 loaded 1 chars with 0 blanks and 1 valid
7.9265 	DEBUG 	TextBox2 loaded 1 chars with 0 blanks and 1 valid
7.9425 	DEBUG 	TextBox2 loaded 1 chars with 0 blanks and 1 valid
7.9582 	DEBUG 	TextBox2 loaded 1 chars with 0 blanks and 1 valid
7.9739 	DEBUG 	TextBox2 loaded 1 chars with 0 blanks and 1 valid
7.9901 	DEBUG 	TextBox2 loaded 1 chars with 0 blanks and 1 valid
8.0053 	DEBUG 	TextBox2 loaded 1 chars with 0 blanks and 1 valid
8.0058 	DEBUG 	Uploading Texture Font fontname to graphics card
8.0131 	DEBUG 	Upload of Texture Font fontname complete
8.0347 	DEBUG 	TextBox2 loaded 1 chars with 0 blanks and 1 valid
8.0503 	DEBUG 	TextBox2 loaded 1 chars with 0 blanks and 1 valid
8.0662 	DEBUG 	TextBox2 loaded 1 chars with 0 blanks and 1 valid
8.0666 	DEBUG 	Uploading Texture Font fontname to graphics card
8.0726 	DEBUG 	Upload of Texture Font fontname complete
8.0749 	EXP 	window1: Attempting to measure frame rate of screen (0) ...
8.0750 	EXP 	window1: recordFrameIntervals = False
8.1601 	EXP 	window1: recordFrameIntervals = True
8.8686 	EXP 	window1: recordFrameIntervals = False
8.8686 	EXP 	Screen (0) actual frame rate measured at 143.66Hz
8.8890 	DEBUG 	TextBox2 loaded 1 chars with 0 blanks and 1 valid
8.9054 	DEBUG 	TextBox2 loaded 1 chars with 0 blanks and 1 valid
8.9226 	DEBUG 	TextBox2 loaded 1 chars with 0 blanks and 1 valid
8.9408 	DEBUG 	TextBox2 loaded 1 chars with 0 blanks and 1 valid
8.9584 	DEBUG 	TextBox2 loaded 1 chars with 0 blanks and 1 valid
8.9758 	DEBUG 	TextBox2 loaded 1 chars with 0 blanks and 1 valid
8.9926 	DEBUG 	TextBox2 loaded 1 chars with 0 blanks and 1 valid
9.0099 	DEBUG 	TextBox2 loaded 1 chars with 0 blanks and 1 valid
9.0273 	DEBUG 	TextBox2 loaded 1 chars with 0 blanks and 1 valid
9.0446 	DEBUG 	TextBox2 loaded 1 chars with 0 blanks and 1 valid
9.0451 	DEBUG 	Uploading Texture Font fontname to graphics card
9.0458 	DEBUG 	Upload of Texture Font fontname complete
9.2685 	INFO 	keyboard.Keyboard is using ptb backend.
9.2685 	EXP 	experiment: status = STARTED
9.3635 	EXP 	Created WelcomeText = TextStim(__class__=<class 'psychopy.visual.text.TextStim'>, alignHoriz=method-wrapper(...), alignText='center', alignVert=method-wrapper(...), anchorHoriz='center', anchorVert='center', antialias=True, autoDraw=False, autoLog=True, bold=False, color=array([1., 1., 1.]), colorSpace='rgb', contrast=1.0, depth=0.0, draggable=False, flipHoriz=False, flipVert=False, font='Arial', fontFiles=[], height=np.float64(0.05), italic=False, languageStyle='LTR', name='WelcomeText', opacity=1, ori=0.0, pos=array([0., 0.]), rgb=UNKNOWN, text=str(...), units='height', win=Window(...), wrapWidth=1)
9.3698 	DEBUG 	TextBox2 loaded 1 chars with 0 blanks and 1 valid
9.3707 	DEBUG 	TextBox2 loaded 1 chars with 0 blanks and 1 valid
9.3715 	DEBUG 	TextBox2 loaded 1 chars with 0 blanks and 1 valid
9.3724 	DEBUG 	TextBox2 loaded 1 chars with 0 blanks and 1 valid
9.3735 	DEBUG 	TextBox2 loaded 1 chars with 0 blanks and 1 valid
9.3738 	DEBUG 	TextBox2 loaded 1 chars with 0 blanks and 1 valid
9.3742 	DEBUG 	TextBox2 loaded 1 chars with 0 blanks and 1 valid
9.3750 	DEBUG 	TextBox2 loaded 1 chars with 0 blanks and 1 valid
9.3758 	DEBUG 	TextBox2 loaded 1 chars with 0 blanks and 1 valid
9.3767 	DEBUG 	TextBox2 loaded 1 chars with 0 blanks and 1 valid
9.3776 	DEBUG 	TextBox2 loaded 1 chars with 0 blanks and 1 valid
9.3785 	DEBUG 	TextBox2 loaded 1 chars with 0 blanks and 1 valid
9.3788 	DEBUG 	Uploading Texture Font fontname to graphics card
9.3802 	DEBUG 	Upload of Texture Font fontname complete
9.3874 	DEBUG 	TextBox2 loaded 1 chars with 0 blanks and 1 valid
9.3887 	DEBUG 	TextBox2 loaded 1 chars with 0 blanks and 1 valid
9.3899 	DEBUG 	TextBox2 loaded 1 chars with 0 blanks and 1 valid
9.3912 	DEBUG 	TextBox2 loaded 1 chars with 0 blanks and 1 valid
9.3920 	DEBUG 	TextBox2 loaded 1 chars with 0 blanks and 1 valid
9.3925 	DEBUG 	TextBox2 loaded 1 chars with 0 blanks and 1 valid
9.3928 	DEBUG 	Uploading Texture Font fontname to graphics card
9.3936 	DEBUG 	Upload of Texture Font fontname complete
9.4073 	EXP 	Created ConditionSelectionText = TextStim(__class__=<class 'psychopy.visual.text.TextStim'>, alignHoriz=method-wrapper(...), alignText='center', alignVert=method-wrapper(...), anchorHoriz='center', anchorVert='center', antialias=True, autoDraw=False, autoLog=True, bold=False, color=array([1., 1., 1.]), colorSpace='rgb', contrast=1.0, depth=0.0, draggable=False, flipHoriz=False, flipVert=False, font='Arial', fontFiles=[], height=np.float64(0.05), italic=False, languageStyle='LTR', name='ConditionSelectionText', opacity=1, ori=0.0, pos=array([0., 0.]), rgb=UNKNOWN, text=str(...), units='height', win=Window(...), wrapWidth=1)
9.4128 	DEBUG 	TextBox2 loaded 1 chars with 0 blanks and 1 valid
9.4131 	DEBUG 	Uploading Texture Font fontname to graphics card
9.4136 	DEBUG 	Upload of Texture Font fontname complete
9.4201 	DEBUG 	TextBox2 loaded 1 chars with 0 blanks and 1 valid
9.4205 	DEBUG 	Uploading Texture Font fontname to graphics card
9.4212 	DEBUG 	Upload of Texture Font fontname complete
9.4279 	DEBUG 	TextBox2 loaded 1 chars with 0 blanks and 1 valid
9.4282 	DEBUG 	Uploading Texture Font fontname to graphics card
9.4306 	DEBUG 	Upload of Texture Font fontname complete
9.4390 	EXP 	Created InstructionText = TextStim(__class__=<class 'psychopy.visual.text.TextStim'>, alignHoriz=method-wrapper(...), alignText='center', alignVert=method-wrapper(...), anchorHoriz='center', anchorVert='center', antialias=True, autoDraw=False, autoLog=True, bold=False, color=array([1., 1., 1.]), colorSpace='rgb', contrast=1.0, depth=0.0, draggable=False, flipHoriz=False, flipVert=False, font='Arial', fontFiles=[], height=np.float64(0.05), italic=False, languageStyle='LTR', name='InstructionText', opacity=1, ori=0.0, pos=array([0., 0.]), rgb=UNKNOWN, text='', units='height', win=Window(...), wrapWidth=1)
0.0193 	EXP 	WelcomeText: autoDraw = True
2.8979 	DATA 	Mouse: Left button down, pos=(438,109)
2.9086 	EXP 	WelcomeText: autoDraw = False
2.9086 	EXP 	ConditionSelectionText: autoDraw = True
2.9670 	DATA 	Mouse:  Left button up, pos=(438,109)
4.5120 	DATA 	Mouse: Left button down, pos=(245,119)
4.5471 	EXP 	InstructionText: height = np.float64(0.05)
4.5471 	EXP 	InstructionText: height = np.float64(0.05)
4.5471 	EXP 	InstructionText: height = np.float64(0.05)
4.5471 	EXP 	InstructionText: text = 'Please take out your phone and go the Instagram account @[Account Name]\n Please watch every video in order from top to bottom with the volume on. You must finish each video before scrolling to the next and only watch each video once.\n Click continue when you are finished!'
4.5471 	EXP 	ConditionSelectionText: autoDraw = False
4.5471 	EXP 	InstructionText: height = np.float64(0.05)
4.5471 	EXP 	InstructionText: height = np.float64(0.05)
4.5471 	EXP 	InstructionText: height = np.float64(0.05)
4.5471 	EXP 	InstructionText: text = ''
4.5471 	EXP 	InstructionText: autoDraw = True
4.5714 	DATA 	Mouse:  Left button up, pos=(245,119)
6.5425 	DATA 	Mouse: Left button down, pos=(329,358)
6.6477 	DATA 	Mouse:  Left button up, pos=(329,358)
15.3023 	DATA 	Mouse: Left button down, pos=(625,461)
15.3713 	DATA 	Mouse:  Left button up, pos=(625,461)
16.9005 	DATA 	Mouse: Left button down, pos=(544,392)
16.9833 	DATA 	Mouse:  Left button up, pos=(541,392)
17.7195 	EXP 	Device response: <KeyPress from None: t=17.645697200030554, value=escape, duration=None>
17.7211 	DATA 	Keypress: escape
17.7526 	EXP 	Device response: <KeyPress from None: t=17.645697200030554, value=escape, duration=0.10023509996244684>
17.7527 	EXP 	experiment: status = STOPPED
17.7641 	EXP 	InstructionText: autoDraw = False
17.7664 	EXP 	experiment: status = STOPPED
17.7706 	INFO 	saved data to 'C:\\Users\\Jackson\\Desktop\\Research Project Experiment\\data\\pilot_experiment_2026-03-06_13h57.46.222.csv'
17.7713 	INFO 	saved data to C:\Users\Jackson\Desktop\Research Project Experiment\data\pilot_experiment_2026-03-06_13h57.46.222.psydat
18.0841 	DEBUG 	Saving data for experiment ExperimentHandler
18.0916 	WARNING 	Stopping key buffers but this could be dangerous ifother keyboards rely on the same.
