7.1350 	DEBUG 	Fullscreen settings ignored as running in pilot mode.
7.1359 	INFO 	Loaded monitor calibration from ['2026_03_03 13:24']
7.4194 	INFO 	Using renderer 'Intel(R) Iris(R) Xe Graphics' for graphics
7.4194 	INFO 	OpenGL version supported by driver is 4..
7.4652 	EXP 	Created window1 = Window(allowGUI=False, allowStencil=False, autoLog=True, backendConf=UNKNOWN, backgroundFit=<method-wrapper '__getattribute__' of attributeSetter object at 0x000001C61C769120>, backgroundImage=<method-wrapper '__getattribute__' of attributeSetter object at 0x000001C61C7680A0>, bitsMode=UNKNOWN, blendMode='avg', bpc=(8, 8, 8), color=array([0, 0, 0]), colorSpace='rgb', depthBits=8, fullscr=False, gamma=None, gammaErrorPolicy='raise', infoMsg=UNKNOWN, lms=UNKNOWN, monitor=<psychopy.monitors.calibTools.Monitor object at 0x000001C61E1C4190>, multiSample=False, name='window1', numSamples=2, pos=[np.float64(560.0), np.float64(240.0)], screen=0, size=array([800, 600]), stencilBits=0, stereo=False, title='PsychoPy', units='height', useFBO=True, useRetina=False, viewOri=0.0, viewPos=None, viewScale=None, waitBlanking=True, winType='pyglet')
7.4653 	EXP 	window1: backgroundImage = ''
7.4653 	EXP 	window1: backgroundFit = 'none'
7.4887 	DEBUG 	TextBox2 loaded 1 chars with 0 blanks and 1 valid
7.5052 	DEBUG 	TextBox2 loaded 1 chars with 0 blanks and 1 valid
7.5216 	DEBUG 	TextBox2 loaded 1 chars with 0 blanks and 1 valid
7.5383 	DEBUG 	TextBox2 loaded 1 chars with 0 blanks and 1 valid
7.5553 	DEBUG 	TextBox2 loaded 1 chars with 0 blanks and 1 valid
7.5717 	DEBUG 	TextBox2 loaded 1 chars with 0 blanks and 1 valid
7.5884 	DEBUG 	TextBox2 loaded 1 chars with 0 blanks and 1 valid
7.6043 	DEBUG 	TextBox2 loaded 1 chars with 0 blanks and 1 valid
7.6197 	DEBUG 	TextBox2 loaded 1 chars with 0 blanks and 1 valid
7.6346 	DEBUG 	TextBox2 loaded 1 chars with 0 blanks and 1 valid
7.6499 	DEBUG 	TextBox2 loaded 1 chars with 0 blanks and 1 valid
7.6656 	DEBUG 	TextBox2 loaded 1 chars with 0 blanks and 1 valid
7.6819 	DEBUG 	TextBox2 loaded 1 chars with 0 blanks and 1 valid
7.6994 	DEBUG 	TextBox2 loaded 1 chars with 0 blanks and 1 valid
7.7157 	DEBUG 	TextBox2 loaded 1 chars with 0 blanks and 1 valid
7.7320 	DEBUG 	TextBox2 loaded 1 chars with 0 blanks and 1 valid
7.7485 	DEBUG 	TextBox2 loaded 1 chars with 0 blanks and 1 valid
7.7646 	DEBUG 	TextBox2 loaded 1 chars with 0 blanks and 1 valid
7.7806 	DEBUG 	TextBox2 loaded 1 chars with 0 blanks and 1 valid
7.7969 	DEBUG 	TextBox2 loaded 1 chars with 0 blanks and 1 valid
7.8125 	DEBUG 	TextBox2 loaded 1 chars with 0 blanks and 1 valid
7.8130 	DEBUG 	Uploading Texture Font fontname to graphics card
7.8193 	DEBUG 	Upload of Texture Font fontname complete
7.8419 	DEBUG 	TextBox2 loaded 1 chars with 0 blanks and 1 valid
7.8579 	DEBUG 	TextBox2 loaded 1 chars with 0 blanks and 1 valid
7.8744 	DEBUG 	TextBox2 loaded 1 chars with 0 blanks and 1 valid
7.8748 	DEBUG 	Uploading Texture Font fontname to graphics card
7.8795 	DEBUG 	Upload of Texture Font fontname complete
7.8818 	EXP 	window1: Attempting to measure frame rate of screen (0) ...
7.8818 	EXP 	window1: recordFrameIntervals = False
7.9703 	EXP 	window1: recordFrameIntervals = True
8.6928 	EXP 	window1: recordFrameIntervals = False
8.6928 	EXP 	Screen (0) actual frame rate measured at 142.44Hz
8.7117 	DEBUG 	TextBox2 loaded 1 chars with 0 blanks and 1 valid
8.7281 	DEBUG 	TextBox2 loaded 1 chars with 0 blanks and 1 valid
8.7448 	DEBUG 	TextBox2 loaded 1 chars with 0 blanks and 1 valid
8.7621 	DEBUG 	TextBox2 loaded 1 chars with 0 blanks and 1 valid
8.7789 	DEBUG 	TextBox2 loaded 1 chars with 0 blanks and 1 valid
8.7955 	DEBUG 	TextBox2 loaded 1 chars with 0 blanks and 1 valid
8.8111 	DEBUG 	TextBox2 loaded 1 chars with 0 blanks and 1 valid
8.8275 	DEBUG 	TextBox2 loaded 1 chars with 0 blanks and 1 valid
8.8439 	DEBUG 	TextBox2 loaded 1 chars with 0 blanks and 1 valid
8.8603 	DEBUG 	TextBox2 loaded 1 chars with 0 blanks and 1 valid
8.8608 	DEBUG 	Uploading Texture Font fontname to graphics card
8.8614 	DEBUG 	Upload of Texture Font fontname complete
9.0801 	INFO 	keyboard.Keyboard is using ptb backend.
9.0802 	EXP 	experiment: status = STARTED
9.1738 	EXP 	Created WelcomeText = TextStim(__class__=<class 'psychopy.visual.text.TextStim'>, alignHoriz=method-wrapper(...), alignText='center', alignVert=method-wrapper(...), anchorHoriz='center', anchorVert='center', antialias=True, autoDraw=False, autoLog=True, bold=False, color=array([1., 1., 1.]), colorSpace='rgb', contrast=1.0, depth=0.0, draggable=False, flipHoriz=False, flipVert=False, font='Arial', fontFiles=[], height=np.float64(0.05), italic=False, languageStyle='LTR', name='WelcomeText', opacity=1, ori=0.0, pos=array([0., 0.]), rgb=UNKNOWN, text=str(...), units='height', win=Window(...), wrapWidth=1)
9.1796 	DEBUG 	TextBox2 loaded 1 chars with 0 blanks and 1 valid
9.1807 	DEBUG 	TextBox2 loaded 1 chars with 0 blanks and 1 valid
9.1816 	DEBUG 	TextBox2 loaded 1 chars with 0 blanks and 1 valid
9.1824 	DEBUG 	TextBox2 loaded 1 chars with 0 blanks and 1 valid
9.1834 	DEBUG 	TextBox2 loaded 1 chars with 0 blanks and 1 valid
9.1838 	DEBUG 	TextBox2 loaded 1 chars with 0 blanks and 1 valid
9.1841 	DEBUG 	TextBox2 loaded 1 chars with 0 blanks and 1 valid
9.1853 	DEBUG 	TextBox2 loaded 1 chars with 0 blanks and 1 valid
9.1863 	DEBUG 	TextBox2 loaded 1 chars with 0 blanks and 1 valid
9.1874 	DEBUG 	TextBox2 loaded 1 chars with 0 blanks and 1 valid
9.1882 	DEBUG 	TextBox2 loaded 1 chars with 0 blanks and 1 valid
9.1889 	DEBUG 	TextBox2 loaded 1 chars with 0 blanks and 1 valid
9.1898 	DEBUG 	TextBox2 loaded 1 chars with 0 blanks and 1 valid
9.1908 	DEBUG 	TextBox2 loaded 1 chars with 0 blanks and 1 valid
9.1916 	DEBUG 	TextBox2 loaded 1 chars with 0 blanks and 1 valid
9.1919 	DEBUG 	Uploading Texture Font fontname to graphics card
9.1931 	DEBUG 	Upload of Texture Font fontname complete
9.1998 	DEBUG 	TextBox2 loaded 1 chars with 0 blanks and 1 valid
9.2010 	DEBUG 	TextBox2 loaded 1 chars with 0 blanks and 1 valid
9.2021 	DEBUG 	TextBox2 loaded 1 chars with 0 blanks and 1 valid
9.2034 	DEBUG 	TextBox2 loaded 1 chars with 0 blanks and 1 valid
9.2043 	DEBUG 	TextBox2 loaded 1 chars with 0 blanks and 1 valid
9.2047 	DEBUG 	TextBox2 loaded 1 chars with 0 blanks and 1 valid
9.2051 	DEBUG 	Uploading Texture Font fontname to graphics card
9.2058 	DEBUG 	Upload of Texture Font fontname complete
0.0247 	EXP 	WelcomeText: autoDraw = True
2.0437 	DATA 	Mouse: Left button down, pos=(440,28)
2.1416 	DATA 	Mouse:  Left button up, pos=(440,26)
2.2380 	DATA 	Mouse: Left button down, pos=(428,18)
2.3215 	DATA 	Mouse:  Left button up, pos=(428,18)
2.3841 	DATA 	Mouse: Left button down, pos=(426,16)
2.4693 	DATA 	Mouse:  Left button up, pos=(426,16)
2.5368 	DATA 	Mouse: Left button down, pos=(424,12)
2.6221 	DATA 	Mouse:  Left button up, pos=(423,12)
2.6894 	DATA 	Mouse: Left button down, pos=(423,11)
2.7729 	DATA 	Mouse:  Left button up, pos=(423,10)
2.8424 	DATA 	Mouse: Left button down, pos=(423,8)
2.9253 	DATA 	Mouse:  Left button up, pos=(423,8)
2.9812 	DATA 	Mouse: Left button down, pos=(423,8)
3.0782 	DATA 	Mouse:  Left button up, pos=(423,8)
3.1478 	DATA 	Mouse: Left button down, pos=(423,8)
3.2314 	DATA 	Mouse:  Left button up, pos=(423,8)
3.3494 	DATA 	Keypress: escape
3.3542 	EXP 	Device response: <KeyPress from None: t=3.341640600003302, value=escape, duration=None>
3.5016 	EXP 	Device response: <KeyPress from None: t=3.341640600003302, value=escape, duration=0.15547900000819936>
3.5017 	EXP 	experiment: status = STOPPED
3.5075 	EXP 	WelcomeText: autoDraw = False
3.5094 	EXP 	experiment: status = STOPPED
3.5130 	INFO 	saved data to 'C:\\Users\\Jackson\\Desktop\\Research Project Experiment\\data\\pilot_experiment_2026-03-06_13h09.08.147.csv'
3.5136 	INFO 	saved data to C:\Users\Jackson\Desktop\Research Project Experiment\data\pilot_experiment_2026-03-06_13h09.08.147.psydat
3.8320 	DEBUG 	Saving data for experiment ExperimentHandler
3.8353 	WARNING 	Stopping key buffers but this could be dangerous ifother keyboards rely on the same.
