4.5599 	DEBUG 	Fullscreen settings ignored as running in pilot mode.
4.5605 	INFO 	Loaded monitor calibration from ['2026_03_03 13:24']
4.7308 	INFO 	Using renderer 'Intel(R) Iris(R) Xe Graphics' for graphics
4.7309 	INFO 	OpenGL version supported by driver is 4..
5.5275 	EXP 	Created window1 = Window(allowGUI=False, allowStencil=False, autoLog=True, backendConf=UNKNOWN, backgroundFit=<method-wrapper '__getattribute__' of attributeSetter object at 0x000002DC05D49330>, backgroundImage=<method-wrapper '__getattribute__' of attributeSetter object at 0x000002DC05D49390>, bitsMode=UNKNOWN, blendMode='avg', bpc=(8, 8, 8), color=array([0, 0, 0]), colorSpace='rgb', depthBits=8, fullscr=False, gamma=None, gammaErrorPolicy='raise', infoMsg=UNKNOWN, lms=UNKNOWN, monitor=<psychopy.monitors.calibTools.Monitor object at 0x000002DC7C8B7E50>, multiSample=False, name='window1', numSamples=2, pos=[np.float64(560.0), np.float64(240.0)], screen=0, size=array([800, 600]), stencilBits=0, stereo=False, title='PsychoPy', units='height', useFBO=True, useRetina=False, viewOri=0.0, viewPos=None, viewScale=None, waitBlanking=True, winType='pyglet')
5.5275 	EXP 	window1: backgroundImage = ''
5.5275 	EXP 	window1: backgroundFit = 'none'
5.5532 	DEBUG 	TextBox2 loaded 1 chars with 0 blanks and 1 valid
5.5626 	DEBUG 	TextBox2 loaded 1 chars with 0 blanks and 1 valid
5.5720 	DEBUG 	TextBox2 loaded 1 chars with 0 blanks and 1 valid
5.5813 	DEBUG 	TextBox2 loaded 1 chars with 0 blanks and 1 valid
5.5903 	DEBUG 	TextBox2 loaded 1 chars with 0 blanks and 1 valid
5.5992 	DEBUG 	TextBox2 loaded 1 chars with 0 blanks and 1 valid
5.6081 	DEBUG 	TextBox2 loaded 1 chars with 0 blanks and 1 valid
5.6176 	DEBUG 	TextBox2 loaded 1 chars with 0 blanks and 1 valid
5.6263 	DEBUG 	TextBox2 loaded 1 chars with 0 blanks and 1 valid
5.6353 	DEBUG 	TextBox2 loaded 1 chars with 0 blanks and 1 valid
5.6447 	DEBUG 	TextBox2 loaded 1 chars with 0 blanks and 1 valid
5.6538 	DEBUG 	TextBox2 loaded 1 chars with 0 blanks and 1 valid
5.6630 	DEBUG 	TextBox2 loaded 1 chars with 0 blanks and 1 valid
5.6727 	DEBUG 	TextBox2 loaded 1 chars with 0 blanks and 1 valid
5.6816 	DEBUG 	TextBox2 loaded 1 chars with 0 blanks and 1 valid
5.6911 	DEBUG 	TextBox2 loaded 1 chars with 0 blanks and 1 valid
5.7006 	DEBUG 	TextBox2 loaded 1 chars with 0 blanks and 1 valid
5.7100 	DEBUG 	TextBox2 loaded 1 chars with 0 blanks and 1 valid
5.7195 	DEBUG 	TextBox2 loaded 1 chars with 0 blanks and 1 valid
5.7289 	DEBUG 	TextBox2 loaded 1 chars with 0 blanks and 1 valid
5.7379 	DEBUG 	TextBox2 loaded 1 chars with 0 blanks and 1 valid
5.7382 	DEBUG 	Uploading Texture Font fontname to graphics card
5.7468 	DEBUG 	Upload of Texture Font fontname complete
5.7612 	DEBUG 	TextBox2 loaded 1 chars with 0 blanks and 1 valid
5.7706 	DEBUG 	TextBox2 loaded 1 chars with 0 blanks and 1 valid
5.7801 	DEBUG 	TextBox2 loaded 1 chars with 0 blanks and 1 valid
5.7803 	DEBUG 	Uploading Texture Font fontname to graphics card
5.7870 	DEBUG 	Upload of Texture Font fontname complete
5.7884 	EXP 	window1: Attempting to measure frame rate of screen (0) ...
5.7884 	EXP 	window1: recordFrameIntervals = False
5.8797 	EXP 	window1: recordFrameIntervals = True
6.5745 	EXP 	window1: recordFrameIntervals = False
6.5745 	EXP 	Screen (0) actual frame rate measured at 144.31Hz
6.5873 	DEBUG 	TextBox2 loaded 1 chars with 0 blanks and 1 valid
6.5964 	DEBUG 	TextBox2 loaded 1 chars with 0 blanks and 1 valid
6.6054 	DEBUG 	TextBox2 loaded 1 chars with 0 blanks and 1 valid
6.6147 	DEBUG 	TextBox2 loaded 1 chars with 0 blanks and 1 valid
6.6238 	DEBUG 	TextBox2 loaded 1 chars with 0 blanks and 1 valid
6.6338 	DEBUG 	TextBox2 loaded 1 chars with 0 blanks and 1 valid
6.6429 	DEBUG 	TextBox2 loaded 1 chars with 0 blanks and 1 valid
6.6520 	DEBUG 	TextBox2 loaded 1 chars with 0 blanks and 1 valid
6.6612 	DEBUG 	TextBox2 loaded 1 chars with 0 blanks and 1 valid
6.6703 	DEBUG 	TextBox2 loaded 1 chars with 0 blanks and 1 valid
6.6705 	DEBUG 	Uploading Texture Font fontname to graphics card
6.6710 	DEBUG 	Upload of Texture Font fontname complete
6.8625 	INFO 	keyboard.Keyboard is using ptb backend.
6.8625 	EXP 	experiment: status = STARTED
6.9192 	EXP 	Created WelcomeText = TextStim(__class__=<class 'psychopy.visual.text.TextStim'>, alignHoriz=method-wrapper(...), alignText='center', alignVert=method-wrapper(...), anchorHoriz='center', anchorVert='center', antialias=True, autoDraw=False, autoLog=True, bold=False, color=array([1., 1., 1.]), colorSpace='rgb', contrast=1.0, depth=0.0, draggable=False, flipHoriz=False, flipVert=False, font='Arial', fontFiles=[], height=np.float64(0.05), italic=False, languageStyle='LTR', name='WelcomeText', opacity=1, ori=0.0, pos=array([0., 0.]), rgb=UNKNOWN, text=str(...), units='height', win=Window(...), wrapWidth=1)
6.9229 	DEBUG 	TextBox2 loaded 1 chars with 0 blanks and 1 valid
6.9234 	DEBUG 	TextBox2 loaded 1 chars with 0 blanks and 1 valid
6.9239 	DEBUG 	TextBox2 loaded 1 chars with 0 blanks and 1 valid
6.9245 	DEBUG 	TextBox2 loaded 1 chars with 0 blanks and 1 valid
6.9251 	DEBUG 	TextBox2 loaded 1 chars with 0 blanks and 1 valid
6.9253 	DEBUG 	TextBox2 loaded 1 chars with 0 blanks and 1 valid
6.9257 	DEBUG 	TextBox2 loaded 1 chars with 0 blanks and 1 valid
6.9262 	DEBUG 	TextBox2 loaded 1 chars with 0 blanks and 1 valid
6.9267 	DEBUG 	TextBox2 loaded 1 chars with 0 blanks and 1 valid
6.9273 	DEBUG 	TextBox2 loaded 1 chars with 0 blanks and 1 valid
6.9278 	DEBUG 	TextBox2 loaded 1 chars with 0 blanks and 1 valid
6.9283 	DEBUG 	TextBox2 loaded 1 chars with 0 blanks and 1 valid
6.9285 	DEBUG 	Uploading Texture Font fontname to graphics card
6.9293 	DEBUG 	Upload of Texture Font fontname complete
6.9334 	DEBUG 	TextBox2 loaded 1 chars with 0 blanks and 1 valid
6.9340 	DEBUG 	TextBox2 loaded 1 chars with 0 blanks and 1 valid
6.9347 	DEBUG 	TextBox2 loaded 1 chars with 0 blanks and 1 valid
6.9355 	DEBUG 	TextBox2 loaded 1 chars with 0 blanks and 1 valid
6.9360 	DEBUG 	TextBox2 loaded 1 chars with 0 blanks and 1 valid
6.9362 	DEBUG 	TextBox2 loaded 1 chars with 0 blanks and 1 valid
6.9364 	DEBUG 	Uploading Texture Font fontname to graphics card
6.9369 	DEBUG 	Upload of Texture Font fontname complete
6.9444 	EXP 	Created ConditionSelectionText = TextStim(__class__=<class 'psychopy.visual.text.TextStim'>, alignHoriz=method-wrapper(...), alignText='center', alignVert=method-wrapper(...), anchorHoriz='center', anchorVert='center', antialias=True, autoDraw=False, autoLog=True, bold=False, color=array([1., 1., 1.]), colorSpace='rgb', contrast=1.0, depth=0.0, draggable=False, flipHoriz=False, flipVert=False, font='Arial', fontFiles=[], height=np.float64(0.05), italic=False, languageStyle='LTR', name='ConditionSelectionText', opacity=1, ori=0.0, pos=array([0., 0.]), rgb=UNKNOWN, text=str(...), units='height', win=Window(...), wrapWidth=1)
6.9476 	DEBUG 	TextBox2 loaded 1 chars with 0 blanks and 1 valid
6.9478 	DEBUG 	Uploading Texture Font fontname to graphics card
6.9481 	DEBUG 	Upload of Texture Font fontname complete
6.9517 	DEBUG 	TextBox2 loaded 1 chars with 0 blanks and 1 valid
6.9519 	DEBUG 	Uploading Texture Font fontname to graphics card
6.9524 	DEBUG 	Upload of Texture Font fontname complete
6.9561 	DEBUG 	TextBox2 loaded 1 chars with 0 blanks and 1 valid
6.9563 	DEBUG 	Uploading Texture Font fontname to graphics card
6.9571 	DEBUG 	Upload of Texture Font fontname complete
6.9617 	EXP 	Created VideoInstructionsText = TextStim(__class__=<class 'psychopy.visual.text.TextStim'>, alignHoriz=method-wrapper(...), alignText='center', alignVert=method-wrapper(...), anchorHoriz='center', anchorVert='center', antialias=True, autoDraw=False, autoLog=True, bold=False, color=array([1., 1., 1.]), colorSpace='rgb', contrast=1.0, depth=0.0, draggable=False, flipHoriz=False, flipVert=False, font='Arial', fontFiles=[], height=np.float64(0.05), italic=False, languageStyle='LTR', name='VideoInstructionsText', opacity=1, ori=0.0, pos=array([0. , 0.2]), rgb=UNKNOWN, text='', units='height', win=Window(...), wrapWidth=1)
7.0055 	EXP 	Created ScreenshotLeft = ImageStim(__class__=<class 'psychopy.visual.image.ImageStim'>, anchor=('center', 'center'), autoLog=True, color=array([1., 1., 1.]), colorSpace='rgb', contrast=1.0, depth=0.0, draggable=False, flipHoriz=np.False_, flipVert=np.False_, image='default.png', interpolate=True, mask=None, maskParams=None, name='ScreenshotLeft', opacity=1, ori=0.0, pos=array([-0.3,  0. ]), size=array([0.5, 0.5]), texRes=128.0, units='height', win=Window(...))
7.0079 	EXP 	Created ScreenshotRight = ImageStim(__class__=<class 'psychopy.visual.image.ImageStim'>, anchor=('center', 'center'), autoLog=True, color=array([1., 1., 1.]), colorSpace='rgb', contrast=1.0, depth=-1.0, draggable=False, flipHoriz=np.False_, flipVert=np.False_, image='default.png', interpolate=True, mask=None, maskParams=None, name='ScreenshotRight', opacity=1, ori=0.0, pos=array([0.3, 0. ]), size=array([0.5, 0.5]), texRes=128.0, units='height', win=Window(...))
7.0110 	EXP 	Created WordListInstructionsText = TextStim(__class__=<class 'psychopy.visual.text.TextStim'>, alignHoriz=method-wrapper(...), alignText='center', alignVert=method-wrapper(...), anchorHoriz='center', anchorVert='center', antialias=True, autoDraw=False, autoLog=True, bold=False, color=array([1., 1., 1.]), colorSpace='rgb', contrast=1.0, depth=0.0, draggable=False, flipHoriz=False, flipVert=False, font='Arial', fontFiles=[], height=np.float64(0.05), italic=False, languageStyle='LTR', name='WordListInstructionsText', opacity=1, ori=0.0, pos=array([0., 0.]), rgb=UNKNOWN, text=str(...), units='height', win=Window(...), wrapWidth=1)
7.0181 	EXP 	Created WordListStudyText = TextStim(__class__=<class 'psychopy.visual.text.TextStim'>, alignHoriz=method-wrapper(...), alignText='center', alignVert=method-wrapper(...), anchorHoriz='center', anchorVert='center', antialias=True, autoDraw=False, autoLog=True, bold=False, color=array([1., 1., 1.]), colorSpace='rgb', contrast=1.0, depth=0.0, draggable=False, flipHoriz=False, flipVert=False, font='Arial', fontFiles=[], height=0.05, italic=False, languageStyle='LTR', name='WordListStudyText', opacity=1, ori=0.0, pos=array([0., 0.]), rgb=UNKNOWN, text='', units='height', win=Window(...), wrapWidth=1)
7.0187 	EXP 	Created WordListDistractionText = TextStim(__class__=<class 'psychopy.visual.text.TextStim'>, alignHoriz=method-wrapper(...), alignText='center', alignVert=method-wrapper(...), anchorHoriz='center', anchorVert='center', antialias=True, autoDraw=False, autoLog=True, bold=False, color=array([1., 1., 1.]), colorSpace='rgb', contrast=1.0, depth=0.0, draggable=False, flipHoriz=False, flipVert=False, font='Arial', fontFiles=[], height=np.float64(0.05), italic=False, languageStyle='LTR', name='WordListDistractionText', opacity=1, ori=0.0, pos=array([0., 0.]), rgb=UNKNOWN, text='', units='height', win=Window(...), wrapWidth=1)
0.0042 	EXP 	WordListDistractionText: height = np.float64(0.05)
0.0042 	EXP 	WordListDistractionText: height = np.float64(0.05)
0.0042 	EXP 	WordListDistractionText: height = np.float64(0.05)
0.0042 	EXP 	WordListDistractionText: text = 'Count backwards by 3 from 226 out loud'
0.0119 	EXP 	WelcomeText: autoDraw = True
0.5344 	DATA 	Mouse: Left button down, pos=(381,144)
0.5462 	EXP 	WelcomeText: autoDraw = False
0.5462 	EXP 	ConditionSelectionText: autoDraw = True
0.6204 	DATA 	Mouse:  Left button up, pos=(381,140)
0.9438 	DATA 	Mouse: Left button down, pos=(271,154)
0.9518 	EXP 	New trial (rep=0, index=0): <Trial 0 (0 in rep 0) data={'thisN': 0, 'thisTrialN': 0, 'thisRepN': 0}>
0.9625 	EXP 	VideoInstructionsText: height = np.float64(0.05)
0.9625 	EXP 	VideoInstructionsText: height = np.float64(0.05)
0.9625 	EXP 	VideoInstructionsText: height = np.float64(0.05)
0.9625 	EXP 	VideoInstructionsText: text = 'Please take out your phone and go the Instagram account @[Account Name]\n Please watch every video in order from top to bottom with the volume on. You must finish each video before scrolling to the next and only watch each video once.\n Click continue when you are finished!'
0.9625 	EXP 	ConditionSelectionText: autoDraw = False
0.9625 	EXP 	VideoInstructionsText: autoDraw = True
1.0209 	DATA 	Mouse:  Left button up, pos=(271,154)
1.6937 	DATA 	Mouse: Left button down, pos=(331,143)
1.6970 	DEBUG 	Read csv file with pandas: screenshotspreadsheet.csv
1.6978 	DEBUG 	Clearing unnamed columns from screenshotspreadsheet.csv
1.6981 	EXP 	Imported screenshotspreadsheet.csv as conditions, 2 conditions, 2 params
1.6983 	EXP 	New trial (rep=0, index=0): <Trial 0 (0 in rep 0) data={'Condition1New': 'new1.png', 'Condition1Old': 'old1.png', 'thisN': 0, 'thisTrialN': 0, 'thisRepN': 0}>
1.6984 	WARNING 	Requested image 'Screenshots/new1.png' not found but similar filename 'Screenshots/new1.jpg' exists. This will be used instead but changing the filename is advised.
1.7024 	WARNING 	Requested image 'Screenshots/old1.png' not found but similar filename 'Screenshots/old1.jpg' exists. This will be used instead but changing the filename is advised.
1.7163 	EXP 	VideoInstructionsText: autoDraw = False
1.7163 	EXP 	ScreenshotLeft: image = 'Screenshots/new1.png'
1.7163 	EXP 	ScreenshotRight: image = 'Screenshots/old1.png'
1.7163 	EXP 	ScreenshotLeft: autoDraw = True
1.7163 	EXP 	ScreenshotRight: autoDraw = True
1.7773 	DATA 	Mouse:  Left button up, pos=(331,143)
2.6042 	DATA 	Mouse: Left button down, pos=(293,280)
2.6048 	EXP 	New trial (rep=0, index=1): <Trial 1 (1 in rep 0) data={'Condition1New': 'new2.png', 'Condition1Old': 'old2.png', 'thisN': 1, 'thisTrialN': 1, 'thisRepN': 0}>
2.6049 	WARNING 	Requested image 'Screenshots/new2.png' not found but similar filename 'Screenshots/new2.jpg' exists. This will be used instead but changing the filename is advised.
2.6063 	WARNING 	Requested image 'Screenshots/old2.png' not found but similar filename 'Screenshots/old2.jpg' exists. This will be used instead but changing the filename is advised.
2.6160 	EXP 	ScreenshotLeft: autoDraw = False
2.6160 	EXP 	ScreenshotRight: autoDraw = False
2.6160 	EXP 	ScreenshotLeft: image = 'Screenshots/new2.png'
2.6160 	EXP 	ScreenshotRight: image = 'Screenshots/old2.png'
2.6160 	EXP 	ScreenshotLeft: autoDraw = True
2.6160 	EXP 	ScreenshotRight: autoDraw = True
2.6748 	DATA 	Mouse:  Left button up, pos=(293,280)
3.2006 	DATA 	Mouse: Left button down, pos=(293,280)
3.2064 	EXP 	ScreenshotLeft: autoDraw = False
3.2064 	EXP 	ScreenshotRight: autoDraw = False
3.2064 	EXP 	WordListInstructionsText: autoDraw = True
3.2787 	DATA 	Mouse:  Left button up, pos=(293,280)
4.0827 	DATA 	Mouse: Left button down, pos=(361,130)
4.0851 	DEBUG 	Read csv file with pandas: wordlistspreadsheets.csv
4.0855 	DEBUG 	Clearing unnamed columns from wordlistspreadsheets.csv
4.0857 	EXP 	Imported wordlistspreadsheets.csv as conditions, 5 conditions, 2 params
4.0859 	EXP 	New trial (rep=0, index=0): <Trial 0 (0 in rep 0) data={'FirstList': 'apple', 'SecondList': 'banana', 'thisN': 0, 'thisTrialN': 0, 'thisRepN': 0}>
4.0949 	EXP 	WordListInstructionsText: autoDraw = False
4.0949 	EXP 	WordListStudyText: height = np.float64(0.05)
4.0949 	EXP 	WordListStudyText: height = np.float64(0.05)
4.0949 	EXP 	WordListStudyText: height = np.float64(0.05)
4.0949 	EXP 	WordListStudyText: text = 'apple'
4.0949 	EXP 	WordListStudyText: autoDraw = True
4.1734 	DATA 	Mouse:  Left button up, pos=(361,130)
5.0831 	EXP 	New trial (rep=0, index=1): <Trial 1 (1 in rep 0) data={'FirstList': 'muffin', 'SecondList': 'cupcake', 'thisN': 1, 'thisTrialN': 1, 'thisRepN': 0}>
5.0886 	EXP 	WordListStudyText: autoDraw = False
5.0886 	EXP 	WordListStudyText: autoDraw = False
5.0886 	EXP 	WordListStudyText: height = np.float64(0.05)
5.0886 	EXP 	WordListStudyText: height = np.float64(0.05)
5.0886 	EXP 	WordListStudyText: height = np.float64(0.05)
5.0886 	EXP 	WordListStudyText: text = 'muffin'
5.0886 	EXP 	WordListStudyText: autoDraw = True
6.0759 	EXP 	New trial (rep=0, index=2): <Trial 2 (2 in rep 0) data={'FirstList': 'orange', 'SecondList': 'tangerine', 'thisN': 2, 'thisTrialN': 2, 'thisRepN': 0}>
6.0814 	EXP 	WordListStudyText: autoDraw = False
6.0814 	EXP 	WordListStudyText: autoDraw = False
6.0814 	EXP 	WordListStudyText: height = np.float64(0.05)
6.0814 	EXP 	WordListStudyText: height = np.float64(0.05)
6.0814 	EXP 	WordListStudyText: height = np.float64(0.05)
6.0814 	EXP 	WordListStudyText: text = 'orange'
6.0814 	EXP 	WordListStudyText: autoDraw = True
7.0702 	EXP 	New trial (rep=0, index=3): <Trial 3 (3 in rep 0) data={'FirstList': 'cat', 'SecondList': 'dog', 'thisN': 3, 'thisTrialN': 3, 'thisRepN': 0}>
7.0748 	EXP 	WordListStudyText: autoDraw = False
7.0748 	EXP 	WordListStudyText: autoDraw = False
7.0748 	EXP 	WordListStudyText: height = np.float64(0.05)
7.0748 	EXP 	WordListStudyText: height = np.float64(0.05)
7.0748 	EXP 	WordListStudyText: height = np.float64(0.05)
7.0748 	EXP 	WordListStudyText: text = 'cat'
7.0748 	EXP 	WordListStudyText: autoDraw = True
8.0621 	EXP 	New trial (rep=0, index=4): <Trial 4 (4 in rep 0) data={'FirstList': 'pizza', 'SecondList': 'beer', 'thisN': 4, 'thisTrialN': 4, 'thisRepN': 0}>
8.0676 	EXP 	WordListStudyText: autoDraw = False
8.0676 	EXP 	WordListStudyText: autoDraw = False
8.0676 	EXP 	WordListStudyText: height = np.float64(0.05)
8.0676 	EXP 	WordListStudyText: height = np.float64(0.05)
8.0676 	EXP 	WordListStudyText: height = np.float64(0.05)
8.0676 	EXP 	WordListStudyText: text = 'pizza'
8.0749 	EXP 	WordListStudyText: autoDraw = True
9.0678 	EXP 	WordListStudyText: autoDraw = False
9.0678 	EXP 	WordListStudyText: autoDraw = False
9.0747 	EXP 	WordListDistractionText: autoDraw = True
10.0692 	EXP 	WordListDistractionText: autoDraw = False
10.0692 	EXP 	WordListDistractionText: autoDraw = False
10.0707 	EXP 	experiment: status = STOPPED
10.0752 	INFO 	saved data to 'C:\\Users\\Jackson\\Desktop\\Research Project Experiment\\data\\pilot_experiment_2026-03-07_12h51.30.368.csv'
10.0759 	INFO 	saved data to C:\Users\Jackson\Desktop\Research Project Experiment\data\pilot_experiment_2026-03-07_12h51.30.368.psydat
10.3010 	DEBUG 	Saving data for experiment ExperimentHandler
10.3052 	WARNING 	Stopping key buffers but this could be dangerous ifother keyboards rely on the same.
