4.3200 	DEBUG 	Fullscreen settings ignored as running in pilot mode.
4.3205 	INFO 	Loaded monitor calibration from ['2026_03_03 13:24']
4.5109 	INFO 	Using renderer 'Intel(R) Iris(R) Xe Graphics' for graphics
4.5109 	INFO 	OpenGL version supported by driver is 4..
4.5403 	EXP 	Created window1 = Window(allowGUI=True, allowStencil=False, autoLog=True, backendConf=UNKNOWN, backgroundFit=<method-wrapper '__getattribute__' of attributeSetter object at 0x00000287CA3DA7A0>, backgroundImage=<method-wrapper '__getattribute__' of attributeSetter object at 0x00000287CA297A90>, bitsMode=UNKNOWN, blendMode='avg', bpc=(8, 8, 8), color=array([0, 0, 0]), colorSpace='rgb', depthBits=8, fullscr=False, gamma=None, gammaErrorPolicy='raise', infoMsg=UNKNOWN, lms=UNKNOWN, monitor=<psychopy.monitors.calibTools.Monitor object at 0x00000287C6158EE0>, multiSample=False, name='window1', numSamples=2, pos=[np.float64(560.0), np.float64(240.0)], screen=0, size=array([800, 600]), stencilBits=0, stereo=False, title='PsychoPy', units='height', useFBO=True, useRetina=False, viewOri=0.0, viewPos=None, viewScale=None, waitBlanking=True, winType='pyglet')
4.5403 	EXP 	window1: backgroundImage = ''
4.5403 	EXP 	window1: backgroundFit = 'none'
4.5558 	DEBUG 	TextBox2 loaded 1 chars with 0 blanks and 1 valid
4.5653 	DEBUG 	TextBox2 loaded 1 chars with 0 blanks and 1 valid
4.5748 	DEBUG 	TextBox2 loaded 1 chars with 0 blanks and 1 valid
4.5848 	DEBUG 	TextBox2 loaded 1 chars with 0 blanks and 1 valid
4.5944 	DEBUG 	TextBox2 loaded 1 chars with 0 blanks and 1 valid
4.6037 	DEBUG 	TextBox2 loaded 1 chars with 0 blanks and 1 valid
4.6134 	DEBUG 	TextBox2 loaded 1 chars with 0 blanks and 1 valid
4.6233 	DEBUG 	TextBox2 loaded 1 chars with 0 blanks and 1 valid
4.6325 	DEBUG 	TextBox2 loaded 1 chars with 0 blanks and 1 valid
4.6417 	DEBUG 	TextBox2 loaded 1 chars with 0 blanks and 1 valid
4.6515 	DEBUG 	TextBox2 loaded 1 chars with 0 blanks and 1 valid
4.6611 	DEBUG 	TextBox2 loaded 1 chars with 0 blanks and 1 valid
4.6710 	DEBUG 	TextBox2 loaded 1 chars with 0 blanks and 1 valid
4.6803 	DEBUG 	TextBox2 loaded 1 chars with 0 blanks and 1 valid
4.6896 	DEBUG 	TextBox2 loaded 1 chars with 0 blanks and 1 valid
4.6993 	DEBUG 	TextBox2 loaded 1 chars with 0 blanks and 1 valid
4.7086 	DEBUG 	TextBox2 loaded 1 chars with 0 blanks and 1 valid
4.7183 	DEBUG 	TextBox2 loaded 1 chars with 0 blanks and 1 valid
4.7273 	DEBUG 	TextBox2 loaded 1 chars with 0 blanks and 1 valid
4.7364 	DEBUG 	TextBox2 loaded 1 chars with 0 blanks and 1 valid
4.7455 	DEBUG 	TextBox2 loaded 1 chars with 0 blanks and 1 valid
4.7458 	DEBUG 	Uploading Texture Font fontname to graphics card
4.7512 	DEBUG 	Upload of Texture Font fontname complete
4.7645 	DEBUG 	TextBox2 loaded 1 chars with 0 blanks and 1 valid
4.7740 	DEBUG 	TextBox2 loaded 1 chars with 0 blanks and 1 valid
4.7835 	DEBUG 	TextBox2 loaded 1 chars with 0 blanks and 1 valid
4.7837 	DEBUG 	Uploading Texture Font fontname to graphics card
4.7866 	DEBUG 	Upload of Texture Font fontname complete
4.7880 	EXP 	window1: Attempting to measure frame rate of screen (0) ...
4.7881 	EXP 	window1: recordFrameIntervals = False
4.8632 	EXP 	window1: recordFrameIntervals = True
5.5583 	EXP 	window1: recordFrameIntervals = False
5.5583 	EXP 	Screen (0) actual frame rate measured at 143.03Hz
5.5721 	DEBUG 	TextBox2 loaded 1 chars with 0 blanks and 1 valid
5.5811 	DEBUG 	TextBox2 loaded 1 chars with 0 blanks and 1 valid
5.5906 	DEBUG 	TextBox2 loaded 1 chars with 0 blanks and 1 valid
5.5998 	DEBUG 	TextBox2 loaded 1 chars with 0 blanks and 1 valid
5.6091 	DEBUG 	TextBox2 loaded 1 chars with 0 blanks and 1 valid
5.6186 	DEBUG 	TextBox2 loaded 1 chars with 0 blanks and 1 valid
5.6277 	DEBUG 	TextBox2 loaded 1 chars with 0 blanks and 1 valid
5.6373 	DEBUG 	TextBox2 loaded 1 chars with 0 blanks and 1 valid
5.6476 	DEBUG 	TextBox2 loaded 1 chars with 0 blanks and 1 valid
5.6570 	DEBUG 	TextBox2 loaded 1 chars with 0 blanks and 1 valid
5.6572 	DEBUG 	Uploading Texture Font fontname to graphics card
5.6577 	DEBUG 	Upload of Texture Font fontname complete
5.8459 	INFO 	keyboard.Keyboard is using ptb backend.
5.8459 	EXP 	experiment: status = STARTED
5.9035 	EXP 	Created WelcomeText = TextStim(__class__=<class 'psychopy.visual.text.TextStim'>, alignHoriz=method-wrapper(...), alignText='center', alignVert=method-wrapper(...), anchorHoriz='center', anchorVert='center', antialias=True, autoDraw=False, autoLog=True, bold=False, color=array([1., 1., 1.]), colorSpace='rgb', contrast=1.0, depth=0.0, draggable=False, flipHoriz=False, flipVert=False, font='Arial', fontFiles=[], height=np.float64(0.05), italic=False, languageStyle='LTR', name='WelcomeText', opacity=1, ori=0.0, pos=array([0., 0.]), rgb=UNKNOWN, text=str(...), units='height', win=Window(...), wrapWidth=1)
5.9096 	EXP 	Created ConditionSelectionText = TextStim(__class__=<class 'psychopy.visual.text.TextStim'>, alignHoriz=method-wrapper(...), alignText='center', alignVert=method-wrapper(...), anchorHoriz='center', anchorVert='center', antialias=True, autoDraw=False, autoLog=True, bold=False, color=array([1., 1., 1.]), colorSpace='rgb', contrast=1.0, depth=0.0, draggable=False, flipHoriz=False, flipVert=False, font='Arial', fontFiles=[], height=np.float64(0.05), italic=False, languageStyle='LTR', name='ConditionSelectionText', opacity=1, ori=0.0, pos=array([0., 0.]), rgb=UNKNOWN, text=str(...), units='height', win=Window(...), wrapWidth=1)
5.9104 	EXP 	Created VideoInstructionsText = TextStim(__class__=<class 'psychopy.visual.text.TextStim'>, alignHoriz=method-wrapper(...), alignText='center', alignVert=method-wrapper(...), anchorHoriz='center', anchorVert='center', antialias=True, autoDraw=False, autoLog=True, bold=False, color=array([1., 1., 1.]), colorSpace='rgb', contrast=1.0, depth=0.0, draggable=False, flipHoriz=False, flipVert=False, font='Arial', fontFiles=[], height=np.float64(0.05), italic=False, languageStyle='LTR', name='VideoInstructionsText', opacity=1, ori=0.0, pos=array([0., 0.]), rgb=UNKNOWN, text='', units='height', win=Window(...), wrapWidth=1)
5.9150 	EXP 	Created ScreenshotInstructionsText = TextStim(__class__=<class 'psychopy.visual.text.TextStim'>, alignHoriz=method-wrapper(...), alignText='center', alignVert=method-wrapper(...), anchorHoriz='center', anchorVert='center', antialias=True, autoDraw=False, autoLog=True, bold=False, color=array([1., 1., 1.]), colorSpace='rgb', contrast=1.0, depth=0.0, draggable=False, flipHoriz=False, flipVert=False, font='Arial', fontFiles=[], height=np.float64(0.05), italic=False, languageStyle='LTR', name='ScreenshotInstructionsText', opacity=1, ori=0.0, pos=array([0., 0.]), rgb=UNKNOWN, text=str(...), units='height', win=Window(...), wrapWidth=1)
5.9269 	EXP 	Created ScreenshotLeft = ImageStim(__class__=<class 'psychopy.visual.image.ImageStim'>, anchor=('center', 'center'), autoLog=True, color=array([1., 1., 1.]), colorSpace='rgb', contrast=1.0, depth=0.0, draggable=False, flipHoriz=np.False_, flipVert=np.False_, image='default.png', interpolate=True, mask=None, maskParams=None, name='ScreenshotLeft', opacity=1, ori=0.0, pos=array([-0.3,  0. ]), size=array([0.5, 0.5]), texRes=128.0, units='height', win=Window(...))
5.9292 	EXP 	Created ScreenshotRight = ImageStim(__class__=<class 'psychopy.visual.image.ImageStim'>, anchor=('center', 'center'), autoLog=True, color=array([1., 1., 1.]), colorSpace='rgb', contrast=1.0, depth=-1.0, draggable=False, flipHoriz=np.False_, flipVert=np.False_, image='default.png', interpolate=True, mask=None, maskParams=None, name='ScreenshotRight', opacity=1, ori=0.0, pos=array([0.3, 0. ]), size=array([0.5, 0.5]), texRes=128.0, units='height', win=Window(...))
5.9318 	EXP 	Created WordListInstructionsText = TextStim(__class__=<class 'psychopy.visual.text.TextStim'>, alignHoriz=method-wrapper(...), alignText='center', alignVert=method-wrapper(...), anchorHoriz='center', anchorVert='center', antialias=True, autoDraw=False, autoLog=True, bold=False, color=array([1., 1., 1.]), colorSpace='rgb', contrast=1.0, depth=0.0, draggable=False, flipHoriz=False, flipVert=False, font='Arial', fontFiles=[], height=np.float64(0.05), italic=False, languageStyle='LTR', name='WordListInstructionsText', opacity=1, ori=0.0, pos=array([0., 0.]), rgb=UNKNOWN, text=str(...), units='height', win=Window(...), wrapWidth=1)
5.9322 	EXP 	Created WordListStudyText = TextStim(__class__=<class 'psychopy.visual.text.TextStim'>, alignHoriz=method-wrapper(...), alignText='center', alignVert=method-wrapper(...), anchorHoriz='center', anchorVert='center', antialias=True, autoDraw=False, autoLog=True, bold=False, color=array([1., 1., 1.]), colorSpace='rgb', contrast=1.0, depth=0.0, draggable=False, flipHoriz=False, flipVert=False, font='Arial', fontFiles=[], height=0.05, italic=False, languageStyle='LTR', name='WordListStudyText', opacity=1, ori=0.0, pos=array([0., 0.]), rgb=UNKNOWN, text='', units='height', win=Window(...), wrapWidth=1)
5.9329 	EXP 	Created WordListDistractionText = TextStim(__class__=<class 'psychopy.visual.text.TextStim'>, alignHoriz=method-wrapper(...), alignText='center', alignVert=method-wrapper(...), anchorHoriz='center', anchorVert='center', antialias=True, autoDraw=False, autoLog=True, bold=False, color=array([1., 1., 1.]), colorSpace='rgb', contrast=1.0, depth=0.0, draggable=False, flipHoriz=False, flipVert=False, font='Arial', fontFiles=[], height=np.float64(0.05), italic=False, languageStyle='LTR', name='WordListDistractionText', opacity=1, ori=0.0, pos=array([0., 0.]), rgb=UNKNOWN, text='', units='height', win=Window(...), wrapWidth=1)
5.9359 	INFO 	Importing items...
5.9388 	DEBUG 	Read csv file with pandas: wordlistform.csv
5.9409 	DEBUG 	Clearing unnamed columns from wordlistform.csv
5.9411 	EXP 	Imported wordlistform.csv as conditions, 5 conditions, 1 params
5.9610 	DEBUG 	Saving data for experiment ExperimentHandler
5.9615 	INFO 	saved data to C:\Users\Jackson\Documents\GitHub\ResearchExperiment\data\pilot_experiment_2026-03-07_13h56.39.075.psydat
5.9619 	INFO 	saved data to 'C:\\Users\\Jackson\\Documents\\GitHub\\ResearchExperiment\\data\\pilot_experiment_2026-03-07_13h56.39.075.csv'
5.9651 	WARNING 	Stopping key buffers but this could be dangerous ifother keyboards rely on the same.
