4.2455 	DEBUG 	Fullscreen settings ignored as running in pilot mode.
4.2460 	INFO 	Loaded monitor calibration from ['2026_03_03 13:24']
4.4169 	INFO 	Using renderer 'Intel(R) Iris(R) Xe Graphics' for graphics
4.4170 	INFO 	OpenGL version supported by driver is 4..
4.4428 	EXP 	Created window1 = Window(allowGUI=True, allowStencil=False, autoLog=True, backendConf=UNKNOWN, backgroundFit=<method-wrapper '__getattribute__' of attributeSetter object at 0x000002E210A26140>, backgroundImage=<method-wrapper '__getattribute__' of attributeSetter object at 0x000002E210A260E0>, bitsMode=UNKNOWN, blendMode='avg', bpc=(8, 8, 8), color=array([0, 0, 0]), colorSpace='rgb', depthBits=8, fullscr=False, gamma=None, gammaErrorPolicy='raise', infoMsg=UNKNOWN, lms=UNKNOWN, monitor=<psychopy.monitors.calibTools.Monitor object at 0x000002E20F5C10F0>, multiSample=False, name='window1', numSamples=2, pos=[np.float64(560.0), np.float64(240.0)], screen=0, size=array([800, 600]), stencilBits=0, stereo=False, title='PsychoPy', units='height', useFBO=True, useRetina=False, viewOri=0.0, viewPos=None, viewScale=None, waitBlanking=True, winType='pyglet')
4.4428 	EXP 	window1: backgroundImage = ''
4.4429 	EXP 	window1: backgroundFit = 'none'
4.4570 	DEBUG 	TextBox2 loaded 1 chars with 0 blanks and 1 valid
4.4660 	DEBUG 	TextBox2 loaded 1 chars with 0 blanks and 1 valid
4.4751 	DEBUG 	TextBox2 loaded 1 chars with 0 blanks and 1 valid
4.4843 	DEBUG 	TextBox2 loaded 1 chars with 0 blanks and 1 valid
4.4936 	DEBUG 	TextBox2 loaded 1 chars with 0 blanks and 1 valid
4.5025 	DEBUG 	TextBox2 loaded 1 chars with 0 blanks and 1 valid
4.5117 	DEBUG 	TextBox2 loaded 1 chars with 0 blanks and 1 valid
4.5211 	DEBUG 	TextBox2 loaded 1 chars with 0 blanks and 1 valid
4.5302 	DEBUG 	TextBox2 loaded 1 chars with 0 blanks and 1 valid
4.5389 	DEBUG 	TextBox2 loaded 1 chars with 0 blanks and 1 valid
4.5484 	DEBUG 	TextBox2 loaded 1 chars with 0 blanks and 1 valid
4.5578 	DEBUG 	TextBox2 loaded 1 chars with 0 blanks and 1 valid
4.5667 	DEBUG 	TextBox2 loaded 1 chars with 0 blanks and 1 valid
4.5756 	DEBUG 	TextBox2 loaded 1 chars with 0 blanks and 1 valid
4.5844 	DEBUG 	TextBox2 loaded 1 chars with 0 blanks and 1 valid
4.5941 	DEBUG 	TextBox2 loaded 1 chars with 0 blanks and 1 valid
4.6030 	DEBUG 	TextBox2 loaded 1 chars with 0 blanks and 1 valid
4.6116 	DEBUG 	TextBox2 loaded 1 chars with 0 blanks and 1 valid
4.6204 	DEBUG 	TextBox2 loaded 1 chars with 0 blanks and 1 valid
4.6298 	DEBUG 	TextBox2 loaded 1 chars with 0 blanks and 1 valid
4.6386 	DEBUG 	TextBox2 loaded 1 chars with 0 blanks and 1 valid
4.6389 	DEBUG 	Uploading Texture Font fontname to graphics card
4.6434 	DEBUG 	Upload of Texture Font fontname complete
4.6566 	DEBUG 	TextBox2 loaded 1 chars with 0 blanks and 1 valid
4.6655 	DEBUG 	TextBox2 loaded 1 chars with 0 blanks and 1 valid
4.6745 	DEBUG 	TextBox2 loaded 1 chars with 0 blanks and 1 valid
4.6747 	DEBUG 	Uploading Texture Font fontname to graphics card
4.6787 	DEBUG 	Upload of Texture Font fontname complete
4.6811 	EXP 	window1: Attempting to measure frame rate of screen (0) ...
4.6811 	EXP 	window1: recordFrameIntervals = False
4.7579 	EXP 	window1: recordFrameIntervals = True
5.4529 	EXP 	window1: recordFrameIntervals = False
5.4529 	EXP 	Screen (0) actual frame rate measured at 143.76Hz
5.4650 	DEBUG 	TextBox2 loaded 1 chars with 0 blanks and 1 valid
5.4738 	DEBUG 	TextBox2 loaded 1 chars with 0 blanks and 1 valid
5.4825 	DEBUG 	TextBox2 loaded 1 chars with 0 blanks and 1 valid
5.4915 	DEBUG 	TextBox2 loaded 1 chars with 0 blanks and 1 valid
5.5005 	DEBUG 	TextBox2 loaded 1 chars with 0 blanks and 1 valid
5.5095 	DEBUG 	TextBox2 loaded 1 chars with 0 blanks and 1 valid
5.5181 	DEBUG 	TextBox2 loaded 1 chars with 0 blanks and 1 valid
5.5270 	DEBUG 	TextBox2 loaded 1 chars with 0 blanks and 1 valid
5.5359 	DEBUG 	TextBox2 loaded 1 chars with 0 blanks and 1 valid
5.5447 	DEBUG 	TextBox2 loaded 1 chars with 0 blanks and 1 valid
5.5449 	DEBUG 	Uploading Texture Font fontname to graphics card
5.5453 	DEBUG 	Upload of Texture Font fontname complete
5.7309 	INFO 	keyboard.Keyboard is using ptb backend.
5.7310 	EXP 	experiment: status = STARTED
5.7857 	EXP 	Created WelcomeText = TextStim(__class__=<class 'psychopy.visual.text.TextStim'>, alignHoriz=method-wrapper(...), alignText='center', alignVert=method-wrapper(...), anchorHoriz='center', anchorVert='center', antialias=True, autoDraw=False, autoLog=True, bold=False, color=array([1., 1., 1.]), colorSpace='rgb', contrast=1.0, depth=0.0, draggable=False, flipHoriz=False, flipVert=False, font='Arial', fontFiles=[], height=np.float64(0.05), italic=False, languageStyle='LTR', name='WelcomeText', opacity=1, ori=0.0, pos=array([0., 0.]), rgb=UNKNOWN, text=str(...), units='height', win=Window(...), wrapWidth=1)
5.7904 	EXP 	Created ConditionSelectionText = TextStim(__class__=<class 'psychopy.visual.text.TextStim'>, alignHoriz=method-wrapper(...), alignText='center', alignVert=method-wrapper(...), anchorHoriz='center', anchorVert='center', antialias=True, autoDraw=False, autoLog=True, bold=False, color=array([1., 1., 1.]), colorSpace='rgb', contrast=1.0, depth=0.0, draggable=False, flipHoriz=False, flipVert=False, font='Arial', fontFiles=[], height=np.float64(0.05), italic=False, languageStyle='LTR', name='ConditionSelectionText', opacity=1, ori=0.0, pos=array([0., 0.]), rgb=UNKNOWN, text=str(...), units='height', win=Window(...), wrapWidth=1)
5.7936 	DEBUG 	TextBox2 loaded 1 chars with 0 blanks and 1 valid
5.7938 	DEBUG 	Uploading Texture Font fontname to graphics card
5.7950 	DEBUG 	Upload of Texture Font fontname complete
5.7988 	DEBUG 	TextBox2 loaded 1 chars with 0 blanks and 1 valid
5.7995 	DEBUG 	TextBox2 loaded 1 chars with 0 blanks and 1 valid
5.8001 	DEBUG 	TextBox2 loaded 1 chars with 0 blanks and 1 valid
5.8006 	DEBUG 	TextBox2 loaded 1 chars with 0 blanks and 1 valid
5.8008 	DEBUG 	TextBox2 loaded 1 chars with 0 blanks and 1 valid
5.8010 	DEBUG 	TextBox2 loaded 1 chars with 0 blanks and 1 valid
5.8016 	DEBUG 	TextBox2 loaded 1 chars with 0 blanks and 1 valid
5.8019 	DEBUG 	TextBox2 loaded 1 chars with 0 blanks and 1 valid
5.8023 	DEBUG 	TextBox2 loaded 1 chars with 0 blanks and 1 valid
5.8025 	DEBUG 	TextBox2 loaded 1 chars with 0 blanks and 1 valid
5.8027 	DEBUG 	Uploading Texture Font fontname to graphics card
5.8047 	DEBUG 	Upload of Texture Font fontname complete
5.8085 	DEBUG 	TextBox2 loaded 1 chars with 0 blanks and 1 valid
5.8086 	DEBUG 	Uploading Texture Font fontname to graphics card
5.8130 	DEBUG 	Upload of Texture Font fontname complete
5.8174 	EXP 	Created VideoInstructionsText = TextStim(__class__=<class 'psychopy.visual.text.TextStim'>, alignHoriz=method-wrapper(...), alignText='center', alignVert=method-wrapper(...), anchorHoriz='center', anchorVert='center', antialias=True, autoDraw=False, autoLog=True, bold=False, color=array([1., 1., 1.]), colorSpace='rgb', contrast=1.0, depth=0.0, draggable=False, flipHoriz=False, flipVert=False, font='Arial', fontFiles=[], height=np.float64(0.05), italic=False, languageStyle='LTR', name='VideoInstructionsText', opacity=1, ori=0.0, pos=array([0. , 0.2]), rgb=UNKNOWN, text='', units='height', win=Window(...), wrapWidth=1)
5.8221 	EXP 	Created ScreenshotInstructionsText = TextStim(__class__=<class 'psychopy.visual.text.TextStim'>, alignHoriz=method-wrapper(...), alignText='center', alignVert=method-wrapper(...), anchorHoriz='center', anchorVert='center', antialias=True, autoDraw=False, autoLog=True, bold=False, color=array([1., 1., 1.]), colorSpace='rgb', contrast=1.0, depth=0.0, draggable=False, flipHoriz=False, flipVert=False, font='Arial', fontFiles=[], height=np.float64(0.05), italic=False, languageStyle='LTR', name='ScreenshotInstructionsText', opacity=1, ori=0.0, pos=array([0., 0.]), rgb=UNKNOWN, text=str(...), units='height', win=Window(...), wrapWidth=1)
5.8335 	EXP 	Created ScreenshotLeft = ImageStim(__class__=<class 'psychopy.visual.image.ImageStim'>, anchor=('center', 'center'), autoLog=True, color=array([1., 1., 1.]), colorSpace='rgb', contrast=1.0, depth=0.0, draggable=False, flipHoriz=np.False_, flipVert=np.False_, image='default.png', interpolate=True, mask=None, maskParams=None, name='ScreenshotLeft', opacity=1, ori=0.0, pos=array([-0.3,  0. ]), size=array([0.5, 0.5]), texRes=128.0, units='height', win=Window(...))
5.8357 	EXP 	Created ScreenshotRight = ImageStim(__class__=<class 'psychopy.visual.image.ImageStim'>, anchor=('center', 'center'), autoLog=True, color=array([1., 1., 1.]), colorSpace='rgb', contrast=1.0, depth=-1.0, draggable=False, flipHoriz=np.False_, flipVert=np.False_, image='default.png', interpolate=True, mask=None, maskParams=None, name='ScreenshotRight', opacity=1, ori=0.0, pos=array([0.3, 0. ]), size=array([0.5, 0.5]), texRes=128.0, units='height', win=Window(...))
5.8378 	EXP 	Created WordListInstructionsText = TextStim(__class__=<class 'psychopy.visual.text.TextStim'>, alignHoriz=method-wrapper(...), alignText='center', alignVert=method-wrapper(...), anchorHoriz='center', anchorVert='center', antialias=True, autoDraw=False, autoLog=True, bold=False, color=array([1., 1., 1.]), colorSpace='rgb', contrast=1.0, depth=0.0, draggable=False, flipHoriz=False, flipVert=False, font='Arial', fontFiles=[], height=np.float64(0.05), italic=False, languageStyle='LTR', name='WordListInstructionsText', opacity=1, ori=0.0, pos=array([0., 0.]), rgb=UNKNOWN, text=str(...), units='height', win=Window(...), wrapWidth=1)
5.8383 	EXP 	Created WordListStudyText = TextStim(__class__=<class 'psychopy.visual.text.TextStim'>, alignHoriz=method-wrapper(...), alignText='center', alignVert=method-wrapper(...), anchorHoriz='center', anchorVert='center', antialias=True, autoDraw=False, autoLog=True, bold=False, color=array([1., 1., 1.]), colorSpace='rgb', contrast=1.0, depth=0.0, draggable=False, flipHoriz=False, flipVert=False, font='Arial', fontFiles=[], height=0.05, italic=False, languageStyle='LTR', name='WordListStudyText', opacity=1, ori=0.0, pos=array([0., 0.]), rgb=UNKNOWN, text='', units='height', win=Window(...), wrapWidth=1)
5.8388 	EXP 	Created WordListDistractionText = TextStim(__class__=<class 'psychopy.visual.text.TextStim'>, alignHoriz=method-wrapper(...), alignText='center', alignVert=method-wrapper(...), anchorHoriz='center', anchorVert='center', antialias=True, autoDraw=False, autoLog=True, bold=False, color=array([1., 1., 1.]), colorSpace='rgb', contrast=1.0, depth=0.0, draggable=False, flipHoriz=False, flipVert=False, font='Arial', fontFiles=[], height=np.float64(0.05), italic=False, languageStyle='LTR', name='WordListDistractionText', opacity=1, ori=0.0, pos=array([0., 0.]), rgb=UNKNOWN, text='', units='height', win=Window(...), wrapWidth=1)
0.0064 	EXP 	WordListDistractionText: height = np.float64(0.05)
0.0064 	EXP 	WordListDistractionText: height = np.float64(0.05)
0.0064 	EXP 	WordListDistractionText: height = np.float64(0.05)
0.0064 	EXP 	WordListDistractionText: text = 'Count backwards by 3 from 885 out loud'
0.0141 	INFO 	Keyboard events cleared
0.0140 	EXP 	WelcomeText: autoDraw = True
0.9143 	EXP 	Device response: <KeyPress from None: t=0.9109267999883741, value=space, duration=None>
0.9151 	DATA 	Keypress: space
0.9435 	INFO 	Keyboard events cleared
0.9435 	EXP 	WelcomeText: autoDraw = False
0.9435 	EXP 	ConditionSelectionText: autoDraw = True
0.9879 	EXP 	Device response: <KeyPress from None: t=0.9109267999883741, value=space, duration=0.07029740000143647>
2.6685 	DATA 	Keypress: a
2.6687 	EXP 	Device response: <KeyPress from None: t=2.667945499997586, value=a, duration=None>
2.7009 	DEBUG 	Saving data for experiment ExperimentHandler
2.7016 	INFO 	saved data to C:\Users\Jackson\Documents\GitHub\ResearchExperiment\data\pilot_experiment_2026-03-07_13h37.30.654.psydat
2.7021 	INFO 	saved data to 'C:\\Users\\Jackson\\Documents\\GitHub\\ResearchExperiment\\data\\pilot_experiment_2026-03-07_13h37.30.654.csv'
2.7067 	WARNING 	Stopping key buffers but this could be dangerous ifother keyboards rely on the same.
