26.7762 	DEBUG 	Fullscreen settings ignored as running in pilot mode.
26.7767 	INFO 	Loaded monitor calibration from ['2026_03_03 13:24']
27.4918 	INFO 	Using renderer 'Intel(R) Iris(R) Xe Graphics' for graphics
27.4918 	INFO 	OpenGL version supported by driver is 4..
27.5200 	EXP 	Created window1 = Window(allowGUI=True, allowStencil=False, autoLog=True, backendConf=UNKNOWN, backgroundFit=<method-wrapper '__getattribute__' of attributeSetter object at 0x000002626E26D2A0>, backgroundImage=<method-wrapper '__getattribute__' of attributeSetter object at 0x000002626E26D300>, bitsMode=UNKNOWN, blendMode='avg', bpc=(8, 8, 8), color=array([0, 0, 0]), colorSpace='rgb', depthBits=8, fullscr=False, gamma=None, gammaErrorPolicy='raise', infoMsg=UNKNOWN, lms=UNKNOWN, monitor=<psychopy.monitors.calibTools.Monitor object at 0x000002626E1D0640>, multiSample=False, name='window1', numSamples=2, pos=[np.float64(560.0), np.float64(240.0)], screen=0, size=array([800, 600]), stencilBits=0, stereo=False, title='PsychoPy', units='height', useFBO=True, useRetina=False, viewOri=0.0, viewPos=None, viewScale=None, waitBlanking=True, winType='pyglet')
27.5201 	EXP 	window1: backgroundImage = ''
27.5201 	EXP 	window1: backgroundFit = 'none'
27.5410 	DEBUG 	TextBox2 loaded 1 chars with 0 blanks and 1 valid
27.5498 	DEBUG 	TextBox2 loaded 1 chars with 0 blanks and 1 valid
27.5586 	DEBUG 	TextBox2 loaded 1 chars with 0 blanks and 1 valid
27.5676 	DEBUG 	TextBox2 loaded 1 chars with 0 blanks and 1 valid
27.5770 	DEBUG 	TextBox2 loaded 1 chars with 0 blanks and 1 valid
27.5860 	DEBUG 	TextBox2 loaded 1 chars with 0 blanks and 1 valid
27.5952 	DEBUG 	TextBox2 loaded 1 chars with 0 blanks and 1 valid
27.6044 	DEBUG 	TextBox2 loaded 1 chars with 0 blanks and 1 valid
27.6134 	DEBUG 	TextBox2 loaded 1 chars with 0 blanks and 1 valid
27.6223 	DEBUG 	TextBox2 loaded 1 chars with 0 blanks and 1 valid
27.6316 	DEBUG 	TextBox2 loaded 1 chars with 0 blanks and 1 valid
27.6408 	DEBUG 	TextBox2 loaded 1 chars with 0 blanks and 1 valid
27.6499 	DEBUG 	TextBox2 loaded 1 chars with 0 blanks and 1 valid
27.6592 	DEBUG 	TextBox2 loaded 1 chars with 0 blanks and 1 valid
27.6684 	DEBUG 	TextBox2 loaded 1 chars with 0 blanks and 1 valid
27.6778 	DEBUG 	TextBox2 loaded 1 chars with 0 blanks and 1 valid
27.6871 	DEBUG 	TextBox2 loaded 1 chars with 0 blanks and 1 valid
27.6961 	DEBUG 	TextBox2 loaded 1 chars with 0 blanks and 1 valid
27.7048 	DEBUG 	TextBox2 loaded 1 chars with 0 blanks and 1 valid
27.7143 	DEBUG 	TextBox2 loaded 1 chars with 0 blanks and 1 valid
27.7230 	DEBUG 	TextBox2 loaded 1 chars with 0 blanks and 1 valid
27.7233 	DEBUG 	Uploading Texture Font fontname to graphics card
27.7273 	DEBUG 	Upload of Texture Font fontname complete
27.7397 	DEBUG 	TextBox2 loaded 1 chars with 0 blanks and 1 valid
27.7489 	DEBUG 	TextBox2 loaded 1 chars with 0 blanks and 1 valid
27.7584 	DEBUG 	TextBox2 loaded 1 chars with 0 blanks and 1 valid
27.7586 	DEBUG 	Uploading Texture Font fontname to graphics card
27.7611 	DEBUG 	Upload of Texture Font fontname complete
27.7624 	EXP 	window1: Attempting to measure frame rate of screen (0) ...
27.7624 	EXP 	window1: recordFrameIntervals = False
27.8335 	EXP 	window1: recordFrameIntervals = True
28.5287 	EXP 	window1: recordFrameIntervals = False
28.5287 	EXP 	Screen (0) actual frame rate measured at 143.53Hz
28.5426 	DEBUG 	TextBox2 loaded 1 chars with 0 blanks and 1 valid
28.5514 	DEBUG 	TextBox2 loaded 1 chars with 0 blanks and 1 valid
28.5602 	DEBUG 	TextBox2 loaded 1 chars with 0 blanks and 1 valid
28.5691 	DEBUG 	TextBox2 loaded 1 chars with 0 blanks and 1 valid
28.5780 	DEBUG 	TextBox2 loaded 1 chars with 0 blanks and 1 valid
28.5869 	DEBUG 	TextBox2 loaded 1 chars with 0 blanks and 1 valid
28.5955 	DEBUG 	TextBox2 loaded 1 chars with 0 blanks and 1 valid
28.6043 	DEBUG 	TextBox2 loaded 1 chars with 0 blanks and 1 valid
28.6132 	DEBUG 	TextBox2 loaded 1 chars with 0 blanks and 1 valid
28.6221 	DEBUG 	TextBox2 loaded 1 chars with 0 blanks and 1 valid
28.6223 	DEBUG 	Uploading Texture Font fontname to graphics card
28.6228 	DEBUG 	Upload of Texture Font fontname complete
28.8440 	INFO 	keyboard.Keyboard is using ptb backend.
28.8441 	EXP 	experiment: status = STARTED
29.0179 	EXP 	Created WelcomeText = TextStim(__class__=<class 'psychopy.visual.text.TextStim'>, alignHoriz=method-wrapper(...), alignText='center', alignVert=method-wrapper(...), anchorHoriz='center', anchorVert='center', antialias=True, autoDraw=False, autoLog=True, bold=False, color=array([1., 1., 1.]), colorSpace='rgb', contrast=1.0, depth=0.0, draggable=False, flipHoriz=False, flipVert=False, font='Arial', fontFiles=[], height=np.float64(0.05), italic=False, languageStyle='LTR', name='WelcomeText', opacity=1, ori=0.0, pos=array([0., 0.]), rgb=UNKNOWN, text=str(...), units='height', win=Window(...), wrapWidth=1)
29.0230 	EXP 	Created ConditionSelectionText = TextStim(__class__=<class 'psychopy.visual.text.TextStim'>, alignHoriz=method-wrapper(...), alignText='center', alignVert=method-wrapper(...), anchorHoriz='center', anchorVert='center', antialias=True, autoDraw=False, autoLog=True, bold=False, color=array([1., 1., 1.]), colorSpace='rgb', contrast=1.0, depth=0.0, draggable=False, flipHoriz=False, flipVert=False, font='Arial', fontFiles=[], height=np.float64(0.05), italic=False, languageStyle='LTR', name='ConditionSelectionText', opacity=1, ori=0.0, pos=array([0., 0.]), rgb=UNKNOWN, text=str(...), units='height', win=Window(...), wrapWidth=1)
29.0263 	DEBUG 	TextBox2 loaded 1 chars with 0 blanks and 1 valid
29.0264 	DEBUG 	Uploading Texture Font fontname to graphics card
29.0272 	DEBUG 	Upload of Texture Font fontname complete
29.0308 	DEBUG 	TextBox2 loaded 1 chars with 0 blanks and 1 valid
29.0314 	DEBUG 	TextBox2 loaded 1 chars with 0 blanks and 1 valid
29.0320 	DEBUG 	TextBox2 loaded 1 chars with 0 blanks and 1 valid
29.0325 	DEBUG 	TextBox2 loaded 1 chars with 0 blanks and 1 valid
29.0326 	DEBUG 	TextBox2 loaded 1 chars with 0 blanks and 1 valid
29.0329 	DEBUG 	TextBox2 loaded 1 chars with 0 blanks and 1 valid
29.0337 	DEBUG 	TextBox2 loaded 1 chars with 0 blanks and 1 valid
29.0340 	DEBUG 	TextBox2 loaded 1 chars with 0 blanks and 1 valid
29.0344 	DEBUG 	TextBox2 loaded 1 chars with 0 blanks and 1 valid
29.0347 	DEBUG 	TextBox2 loaded 1 chars with 0 blanks and 1 valid
29.0350 	DEBUG 	Uploading Texture Font fontname to graphics card
29.0355 	DEBUG 	Upload of Texture Font fontname complete
29.0390 	DEBUG 	TextBox2 loaded 1 chars with 0 blanks and 1 valid
29.0391 	DEBUG 	Uploading Texture Font fontname to graphics card
29.0405 	DEBUG 	Upload of Texture Font fontname complete
29.0450 	EXP 	Created VideoInstructionsText = TextStim(__class__=<class 'psychopy.visual.text.TextStim'>, alignHoriz=method-wrapper(...), alignText='center', alignVert=method-wrapper(...), anchorHoriz='center', anchorVert='center', antialias=True, autoDraw=False, autoLog=True, bold=False, color=array([1., 1., 1.]), colorSpace='rgb', contrast=1.0, depth=0.0, draggable=False, flipHoriz=False, flipVert=False, font='Arial', fontFiles=[], height=np.float64(0.05), italic=False, languageStyle='LTR', name='VideoInstructionsText', opacity=1, ori=0.0, pos=array([0. , 0.2]), rgb=UNKNOWN, text='', units='height', win=Window(...), wrapWidth=1)
29.0479 	DEBUG 	TextBox2 loaded 1 chars with 0 blanks and 1 valid
29.0484 	DEBUG 	TextBox2 loaded 1 chars with 0 blanks and 1 valid
29.0488 	DEBUG 	TextBox2 loaded 1 chars with 0 blanks and 1 valid
29.0493 	DEBUG 	TextBox2 loaded 1 chars with 0 blanks and 1 valid
29.0499 	DEBUG 	TextBox2 loaded 1 chars with 0 blanks and 1 valid
29.0504 	DEBUG 	TextBox2 loaded 1 chars with 0 blanks and 1 valid
29.0508 	DEBUG 	TextBox2 loaded 1 chars with 0 blanks and 1 valid
29.0513 	DEBUG 	TextBox2 loaded 1 chars with 0 blanks and 1 valid
29.0518 	DEBUG 	TextBox2 loaded 1 chars with 0 blanks and 1 valid
29.0520 	DEBUG 	Uploading Texture Font fontname to graphics card
29.0531 	DEBUG 	Upload of Texture Font fontname complete
29.0643 	EXP 	Created ScreenshotInstructionsText = TextStim(__class__=<class 'psychopy.visual.text.TextStim'>, alignHoriz=method-wrapper(...), alignText='center', alignVert=method-wrapper(...), anchorHoriz='center', anchorVert='center', antialias=True, autoDraw=False, autoLog=True, bold=False, color=array([1., 1., 1.]), colorSpace='rgb', contrast=1.0, depth=0.0, draggable=False, flipHoriz=False, flipVert=False, font='Arial', fontFiles=[], height=np.float64(0.05), italic=False, languageStyle='LTR', name='ScreenshotInstructionsText', opacity=1, ori=0.0, pos=array([0., 0.]), rgb=UNKNOWN, text=str(...), units='height', win=Window(...), wrapWidth=1)
29.0761 	EXP 	Created ScreenshotLeft = ImageStim(__class__=<class 'psychopy.visual.image.ImageStim'>, anchor=('center', 'center'), autoLog=True, color=array([1., 1., 1.]), colorSpace='rgb', contrast=1.0, depth=0.0, draggable=False, flipHoriz=np.False_, flipVert=np.False_, image='default.png', interpolate=True, mask=None, maskParams=None, name='ScreenshotLeft', opacity=1, ori=0.0, pos=array([-0.3,  0. ]), size=array([0.5, 0.5]), texRes=128.0, units='height', win=Window(...))
29.0783 	EXP 	Created ScreenshotRight = ImageStim(__class__=<class 'psychopy.visual.image.ImageStim'>, anchor=('center', 'center'), autoLog=True, color=array([1., 1., 1.]), colorSpace='rgb', contrast=1.0, depth=-1.0, draggable=False, flipHoriz=np.False_, flipVert=np.False_, image='default.png', interpolate=True, mask=None, maskParams=None, name='ScreenshotRight', opacity=1, ori=0.0, pos=array([0.3, 0. ]), size=array([0.5, 0.5]), texRes=128.0, units='height', win=Window(...))
29.0804 	EXP 	Created WordListInstructionsText = TextStim(__class__=<class 'psychopy.visual.text.TextStim'>, alignHoriz=method-wrapper(...), alignText='center', alignVert=method-wrapper(...), anchorHoriz='center', anchorVert='center', antialias=True, autoDraw=False, autoLog=True, bold=False, color=array([1., 1., 1.]), colorSpace='rgb', contrast=1.0, depth=0.0, draggable=False, flipHoriz=False, flipVert=False, font='Arial', fontFiles=[], height=np.float64(0.05), italic=False, languageStyle='LTR', name='WordListInstructionsText', opacity=1, ori=0.0, pos=array([0., 0.]), rgb=UNKNOWN, text=str(...), units='height', win=Window(...), wrapWidth=1)
29.0875 	EXP 	Created WordListStudyText = TextStim(__class__=<class 'psychopy.visual.text.TextStim'>, alignHoriz=method-wrapper(...), alignText='center', alignVert=method-wrapper(...), anchorHoriz='center', anchorVert='center', antialias=True, autoDraw=False, autoLog=True, bold=False, color=array([1., 1., 1.]), colorSpace='rgb', contrast=1.0, depth=0.0, draggable=False, flipHoriz=False, flipVert=False, font='Arial', fontFiles=[], height=0.05, italic=False, languageStyle='LTR', name='WordListStudyText', opacity=1, ori=0.0, pos=array([0., 0.]), rgb=UNKNOWN, text='', units='height', win=Window(...), wrapWidth=1)
29.0881 	EXP 	Created WordListDistractionText = TextStim(__class__=<class 'psychopy.visual.text.TextStim'>, alignHoriz=method-wrapper(...), alignText='center', alignVert=method-wrapper(...), anchorHoriz='center', anchorVert='center', antialias=True, autoDraw=False, autoLog=True, bold=False, color=array([1., 1., 1.]), colorSpace='rgb', contrast=1.0, depth=0.0, draggable=False, flipHoriz=False, flipVert=False, font='Arial', fontFiles=[], height=np.float64(0.05), italic=False, languageStyle='LTR', name='WordListDistractionText', opacity=1, ori=0.0, pos=array([0., 0.]), rgb=UNKNOWN, text='', units='height', win=Window(...), wrapWidth=1)
0.0061 	EXP 	WordListDistractionText: height = np.float64(0.05)
0.0061 	EXP 	WordListDistractionText: height = np.float64(0.05)
0.0061 	EXP 	WordListDistractionText: height = np.float64(0.05)
0.0061 	EXP 	WordListDistractionText: text = 'Count backwards by 3 from 224 out loud'
0.0136 	INFO 	Keyboard events cleared
0.0135 	EXP 	WelcomeText: autoDraw = True
1.4487 	EXP 	Device response: <KeyPress from None: t=1.3805046000052243, value=space, duration=None>
1.4488 	EXP 	Device response: <KeyPress from None: t=1.3805046000052243, value=space, duration=0.05497509997803718>
1.4496 	DATA 	Keypress: space
1.4581 	EXP 	WelcomeText: autoDraw = False
1.4581 	EXP 	ConditionSelectionText: autoDraw = True
2.9467 	DATA 	Mouse: Left button down, pos=(232,148)
2.9542 	EXP 	New trial (rep=0, index=0): <Trial 0 (0 in rep 0) data={'thisN': 0, 'thisTrialN': 0, 'thisRepN': 0}>
2.9647 	EXP 	VideoInstructionsText: height = np.float64(0.05)
2.9647 	EXP 	VideoInstructionsText: height = np.float64(0.05)
2.9647 	EXP 	VideoInstructionsText: height = np.float64(0.05)
2.9647 	EXP 	VideoInstructionsText: text = 'Please take out your phone and go the Instagram account @[Account Name]\n Please watch every video in order from top to bottom with the volume on. You must finish each video before scrolling to the next and only watch each video once.\n Click continue when you are finished!'
2.9647 	EXP 	ConditionSelectionText: autoDraw = False
2.9647 	EXP 	VideoInstructionsText: autoDraw = True
3.0184 	DATA 	Mouse:  Left button up, pos=(230,145)
3.9402 	DATA 	Mouse: Left button down, pos=(322,139)
3.9447 	INFO 	Keyboard events cleared
3.9446 	EXP 	VideoInstructionsText: autoDraw = False
3.9446 	EXP 	ScreenshotInstructionsText: autoDraw = True
4.0313 	DATA 	Mouse:  Left button up, pos=(322,139)
8.2244 	EXP 	Device response: <KeyPress from None: t=8.224212099914439, value=space, duration=None>
8.2275 	DEBUG 	Read csv file with pandas: screenshotspreadsheet.csv
8.2289 	DEBUG 	Clearing unnamed columns from screenshotspreadsheet.csv
8.2291 	EXP 	Imported screenshotspreadsheet.csv as conditions, 2 conditions, 2 params
8.2292 	EXP 	New trial (rep=0, index=0): <Trial 0 (0 in rep 0) data={'Condition1New': 'new1.jpg', 'Condition1Old': 'old1.jpg', 'thisN': 0, 'thisTrialN': 0, 'thisRepN': 0}>
8.2467 	DATA 	Keypress: space
8.2506 	INFO 	Keyboard events cleared
8.2505 	EXP 	ScreenshotInstructionsText: autoDraw = False
8.2505 	EXP 	ScreenshotLeft: image = 'Screenshots/new1.jpg'
8.2505 	EXP 	ScreenshotRight: image = 'Screenshots/old1.jpg'
8.2505 	EXP 	ScreenshotLeft: autoDraw = True
8.2505 	EXP 	ScreenshotRight: autoDraw = True
8.3222 	EXP 	Device response: <KeyPress from None: t=8.224212099914439, value=space, duration=0.09638620004989207>
8.9121 	EXP 	Device response: <KeyPress from None: t=8.90851879992988, value=a, duration=None>
8.9122 	EXP 	New trial (rep=0, index=1): <Trial 1 (1 in rep 0) data={'Condition1New': 'new2.jpg', 'Condition1Old': 'old2.jpg', 'thisN': 1, 'thisTrialN': 1, 'thisRepN': 0}>
8.9251 	DATA 	Keypress: a
8.9313 	INFO 	Keyboard events cleared
8.9312 	EXP 	ScreenshotLeft: autoDraw = False
8.9312 	EXP 	ScreenshotRight: autoDraw = False
8.9312 	EXP 	ScreenshotLeft: image = 'Screenshots/new2.jpg'
8.9312 	EXP 	ScreenshotRight: image = 'Screenshots/old2.jpg'
8.9312 	EXP 	ScreenshotLeft: autoDraw = True
8.9312 	EXP 	ScreenshotRight: autoDraw = True
9.0087 	EXP 	Device response: <KeyPress from None: t=8.90851879992988, value=a, duration=0.09448060009162873>
9.4471 	EXP 	Device response: <KeyPress from None: t=9.44360100000631, value=a, duration=None>
9.4481 	DATA 	Keypress: a
9.4585 	EXP 	ScreenshotLeft: autoDraw = False
9.4585 	EXP 	ScreenshotRight: autoDraw = False
9.4585 	EXP 	WordListInstructionsText: autoDraw = True
9.5785 	EXP 	Device response: <KeyPress from None: t=9.44360100000631, value=a, duration=0.13346879999153316>
11.2039 	DATA 	Mouse: Left button down, pos=(367,166)
11.2061 	DEBUG 	Read csv file with pandas: wordlistspreadsheets.csv
11.2064 	DEBUG 	Clearing unnamed columns from wordlistspreadsheets.csv
11.2066 	EXP 	Imported wordlistspreadsheets.csv as conditions, 5 conditions, 2 params
11.2068 	EXP 	New trial (rep=0, index=0): <Trial 0 (0 in rep 0) data={'FirstList': 'apple', 'SecondList': 'banana', 'thisN': 0, 'thisTrialN': 0, 'thisRepN': 0}>
11.2157 	EXP 	WordListInstructionsText: autoDraw = False
11.2157 	EXP 	WordListStudyText: height = np.float64(0.05)
11.2157 	EXP 	WordListStudyText: height = np.float64(0.05)
11.2157 	EXP 	WordListStudyText: height = np.float64(0.05)
11.2157 	EXP 	WordListStudyText: text = 'apple'
11.2157 	EXP 	WordListStudyText: autoDraw = True
11.2774 	DATA 	Mouse:  Left button up, pos=(367,164)
12.2043 	EXP 	New trial (rep=0, index=1): <Trial 1 (1 in rep 0) data={'FirstList': 'muffin', 'SecondList': 'cupcake', 'thisN': 1, 'thisTrialN': 1, 'thisRepN': 0}>
12.2093 	EXP 	WordListStudyText: autoDraw = False
12.2093 	EXP 	WordListStudyText: height = np.float64(0.05)
12.2093 	EXP 	WordListStudyText: height = np.float64(0.05)
12.2093 	EXP 	WordListStudyText: height = np.float64(0.05)
12.2093 	EXP 	WordListStudyText: text = 'muffin'
12.2093 	EXP 	WordListStudyText: autoDraw = True
13.1976 	EXP 	New trial (rep=0, index=2): <Trial 2 (2 in rep 0) data={'FirstList': 'orange', 'SecondList': 'tangerine', 'thisN': 2, 'thisTrialN': 2, 'thisRepN': 0}>
13.2027 	EXP 	WordListStudyText: autoDraw = False
13.2027 	EXP 	WordListStudyText: autoDraw = False
13.2027 	EXP 	WordListStudyText: height = np.float64(0.05)
13.2027 	EXP 	WordListStudyText: height = np.float64(0.05)
13.2027 	EXP 	WordListStudyText: height = np.float64(0.05)
13.2027 	EXP 	WordListStudyText: text = 'orange'
13.2027 	EXP 	WordListStudyText: autoDraw = True
14.1902 	EXP 	New trial (rep=0, index=3): <Trial 3 (3 in rep 0) data={'FirstList': 'cat', 'SecondList': 'dog', 'thisN': 3, 'thisTrialN': 3, 'thisRepN': 0}>
14.1956 	EXP 	WordListStudyText: autoDraw = False
14.1956 	EXP 	WordListStudyText: autoDraw = False
14.1956 	EXP 	WordListStudyText: height = np.float64(0.05)
14.1956 	EXP 	WordListStudyText: height = np.float64(0.05)
14.1956 	EXP 	WordListStudyText: height = np.float64(0.05)
14.1956 	EXP 	WordListStudyText: text = 'cat'
14.1956 	EXP 	WordListStudyText: autoDraw = True
15.1841 	EXP 	New trial (rep=0, index=4): <Trial 4 (4 in rep 0) data={'FirstList': 'pizza', 'SecondList': 'beer', 'thisN': 4, 'thisTrialN': 4, 'thisRepN': 0}>
15.1952 	EXP 	WordListStudyText: autoDraw = False
15.1952 	EXP 	WordListStudyText: autoDraw = False
15.1952 	EXP 	WordListStudyText: height = np.float64(0.05)
15.1952 	EXP 	WordListStudyText: height = np.float64(0.05)
15.1952 	EXP 	WordListStudyText: height = np.float64(0.05)
15.1952 	EXP 	WordListStudyText: text = 'pizza'
15.2027 	EXP 	WordListStudyText: autoDraw = True
16.1959 	EXP 	WordListStudyText: autoDraw = False
16.1959 	EXP 	WordListStudyText: autoDraw = False
16.1959 	EXP 	WordListDistractionText: autoDraw = True
17.1892 	EXP 	WordListDistractionText: autoDraw = False
17.1892 	EXP 	WordListDistractionText: autoDraw = False
17.1905 	EXP 	experiment: status = STOPPED
17.1947 	INFO 	saved data to 'C:\\Users\\Jackson\\Documents\\GitHub\\ResearchExperiment\\data\\pilot_experiment_2026-03-07_13h29.22.526.csv'
17.1953 	INFO 	saved data to C:\Users\Jackson\Documents\GitHub\ResearchExperiment\data\pilot_experiment_2026-03-07_13h29.22.526.psydat
19.2358 	DEBUG 	Saving data for experiment ExperimentHandler
19.2391 	WARNING 	Stopping key buffers but this could be dangerous ifother keyboards rely on the same.
