4.4136 	DEBUG 	Fullscreen settings ignored as running in pilot mode.
4.4145 	INFO 	Loaded monitor calibration from ['2026_03_03 13:24']
4.5941 	INFO 	Using renderer 'Intel(R) Iris(R) Xe Graphics' for graphics
4.5941 	INFO 	OpenGL version supported by driver is 4..
4.6198 	EXP 	Created window1 = Window(allowGUI=False, allowStencil=False, autoLog=True, backendConf=UNKNOWN, backgroundFit=<method-wrapper '__getattribute__' of attributeSetter object at 0x000001A9339857B0>, backgroundImage=<method-wrapper '__getattribute__' of attributeSetter object at 0x000001A933985750>, bitsMode=UNKNOWN, blendMode='avg', bpc=(8, 8, 8), color=array([0, 0, 0]), colorSpace='rgb', depthBits=8, fullscr=False, gamma=None, gammaErrorPolicy='raise', infoMsg=UNKNOWN, lms=UNKNOWN, monitor=<psychopy.monitors.calibTools.Monitor object at 0x000001A9272DD120>, multiSample=False, name='window1', numSamples=2, pos=[np.float64(560.0), np.float64(240.0)], screen=0, size=array([800, 600]), stencilBits=0, stereo=False, title='PsychoPy', units='height', useFBO=True, useRetina=False, viewOri=0.0, viewPos=None, viewScale=None, waitBlanking=True, winType='pyglet')
4.6198 	EXP 	window1: backgroundImage = ''
4.6199 	EXP 	window1: backgroundFit = 'none'
4.6342 	DEBUG 	TextBox2 loaded 1 chars with 0 blanks and 1 valid
4.6436 	DEBUG 	TextBox2 loaded 1 chars with 0 blanks and 1 valid
4.6530 	DEBUG 	TextBox2 loaded 1 chars with 0 blanks and 1 valid
4.6624 	DEBUG 	TextBox2 loaded 1 chars with 0 blanks and 1 valid
4.6719 	DEBUG 	TextBox2 loaded 1 chars with 0 blanks and 1 valid
4.6812 	DEBUG 	TextBox2 loaded 1 chars with 0 blanks and 1 valid
4.6904 	DEBUG 	TextBox2 loaded 1 chars with 0 blanks and 1 valid
4.6994 	DEBUG 	TextBox2 loaded 1 chars with 0 blanks and 1 valid
4.7083 	DEBUG 	TextBox2 loaded 1 chars with 0 blanks and 1 valid
4.7219 	DEBUG 	TextBox2 loaded 1 chars with 0 blanks and 1 valid
4.7310 	DEBUG 	TextBox2 loaded 1 chars with 0 blanks and 1 valid
4.7400 	DEBUG 	TextBox2 loaded 1 chars with 0 blanks and 1 valid
4.7488 	DEBUG 	TextBox2 loaded 1 chars with 0 blanks and 1 valid
4.7581 	DEBUG 	TextBox2 loaded 1 chars with 0 blanks and 1 valid
4.7672 	DEBUG 	TextBox2 loaded 1 chars with 0 blanks and 1 valid
4.7765 	DEBUG 	TextBox2 loaded 1 chars with 0 blanks and 1 valid
4.7856 	DEBUG 	TextBox2 loaded 1 chars with 0 blanks and 1 valid
4.7944 	DEBUG 	TextBox2 loaded 1 chars with 0 blanks and 1 valid
4.8031 	DEBUG 	TextBox2 loaded 1 chars with 0 blanks and 1 valid
4.8122 	DEBUG 	TextBox2 loaded 1 chars with 0 blanks and 1 valid
4.8209 	DEBUG 	TextBox2 loaded 1 chars with 0 blanks and 1 valid
4.8212 	DEBUG 	Uploading Texture Font fontname to graphics card
4.8247 	DEBUG 	Upload of Texture Font fontname complete
4.8383 	DEBUG 	TextBox2 loaded 1 chars with 0 blanks and 1 valid
4.8481 	DEBUG 	TextBox2 loaded 1 chars with 0 blanks and 1 valid
4.8572 	DEBUG 	TextBox2 loaded 1 chars with 0 blanks and 1 valid
4.8575 	DEBUG 	Uploading Texture Font fontname to graphics card
4.8602 	DEBUG 	Upload of Texture Font fontname complete
4.8616 	EXP 	window1: Attempting to measure frame rate of screen (0) ...
4.8616 	EXP 	window1: recordFrameIntervals = False
4.9321 	EXP 	window1: recordFrameIntervals = True
5.6268 	EXP 	window1: recordFrameIntervals = False
5.6268 	EXP 	Screen (0) actual frame rate measured at 145.24Hz
5.6404 	DEBUG 	TextBox2 loaded 1 chars with 0 blanks and 1 valid
5.6495 	DEBUG 	TextBox2 loaded 1 chars with 0 blanks and 1 valid
5.6586 	DEBUG 	TextBox2 loaded 1 chars with 0 blanks and 1 valid
5.6676 	DEBUG 	TextBox2 loaded 1 chars with 0 blanks and 1 valid
5.6767 	DEBUG 	TextBox2 loaded 1 chars with 0 blanks and 1 valid
5.6858 	DEBUG 	TextBox2 loaded 1 chars with 0 blanks and 1 valid
5.6945 	DEBUG 	TextBox2 loaded 1 chars with 0 blanks and 1 valid
5.7038 	DEBUG 	TextBox2 loaded 1 chars with 0 blanks and 1 valid
5.7134 	DEBUG 	TextBox2 loaded 1 chars with 0 blanks and 1 valid
5.7227 	DEBUG 	TextBox2 loaded 1 chars with 0 blanks and 1 valid
5.7229 	DEBUG 	Uploading Texture Font fontname to graphics card
5.7233 	DEBUG 	Upload of Texture Font fontname complete
5.9108 	INFO 	keyboard.Keyboard is using ptb backend.
5.9108 	EXP 	experiment: status = STARTED
5.9684 	EXP 	Created WelcomeText = TextStim(__class__=<class 'psychopy.visual.text.TextStim'>, alignHoriz=method-wrapper(...), alignText='center', alignVert=method-wrapper(...), anchorHoriz='center', anchorVert='center', antialias=True, autoDraw=False, autoLog=True, bold=False, color=array([1., 1., 1.]), colorSpace='rgb', contrast=1.0, depth=0.0, draggable=False, flipHoriz=False, flipVert=False, font='Arial', fontFiles=[], height=np.float64(0.05), italic=False, languageStyle='LTR', name='WelcomeText', opacity=1, ori=0.0, pos=array([0., 0.]), rgb=UNKNOWN, text=str(...), units='height', win=Window(...), wrapWidth=1)
5.9719 	DEBUG 	TextBox2 loaded 1 chars with 0 blanks and 1 valid
5.9725 	DEBUG 	TextBox2 loaded 1 chars with 0 blanks and 1 valid
5.9729 	DEBUG 	TextBox2 loaded 1 chars with 0 blanks and 1 valid
5.9734 	DEBUG 	TextBox2 loaded 1 chars with 0 blanks and 1 valid
5.9741 	DEBUG 	TextBox2 loaded 1 chars with 0 blanks and 1 valid
5.9743 	DEBUG 	TextBox2 loaded 1 chars with 0 blanks and 1 valid
5.9745 	DEBUG 	TextBox2 loaded 1 chars with 0 blanks and 1 valid
5.9749 	DEBUG 	TextBox2 loaded 1 chars with 0 blanks and 1 valid
5.9754 	DEBUG 	TextBox2 loaded 1 chars with 0 blanks and 1 valid
5.9760 	DEBUG 	TextBox2 loaded 1 chars with 0 blanks and 1 valid
5.9764 	DEBUG 	TextBox2 loaded 1 chars with 0 blanks and 1 valid
5.9769 	DEBUG 	TextBox2 loaded 1 chars with 0 blanks and 1 valid
5.9771 	DEBUG 	Uploading Texture Font fontname to graphics card
5.9779 	DEBUG 	Upload of Texture Font fontname complete
5.9817 	DEBUG 	TextBox2 loaded 1 chars with 0 blanks and 1 valid
5.9823 	DEBUG 	TextBox2 loaded 1 chars with 0 blanks and 1 valid
5.9829 	DEBUG 	TextBox2 loaded 1 chars with 0 blanks and 1 valid
5.9836 	DEBUG 	TextBox2 loaded 1 chars with 0 blanks and 1 valid
5.9841 	DEBUG 	TextBox2 loaded 1 chars with 0 blanks and 1 valid
5.9843 	DEBUG 	TextBox2 loaded 1 chars with 0 blanks and 1 valid
5.9844 	DEBUG 	Uploading Texture Font fontname to graphics card
5.9849 	DEBUG 	Upload of Texture Font fontname complete
5.9917 	EXP 	Created ConditionSelectionText = TextStim(__class__=<class 'psychopy.visual.text.TextStim'>, alignHoriz=method-wrapper(...), alignText='center', alignVert=method-wrapper(...), anchorHoriz='center', anchorVert='center', antialias=True, autoDraw=False, autoLog=True, bold=False, color=array([1., 1., 1.]), colorSpace='rgb', contrast=1.0, depth=0.0, draggable=False, flipHoriz=False, flipVert=False, font='Arial', fontFiles=[], height=np.float64(0.05), italic=False, languageStyle='LTR', name='ConditionSelectionText', opacity=1, ori=0.0, pos=array([0., 0.]), rgb=UNKNOWN, text=str(...), units='height', win=Window(...), wrapWidth=1)
5.9946 	DEBUG 	TextBox2 loaded 1 chars with 0 blanks and 1 valid
5.9948 	DEBUG 	Uploading Texture Font fontname to graphics card
5.9951 	DEBUG 	Upload of Texture Font fontname complete
5.9987 	DEBUG 	TextBox2 loaded 1 chars with 0 blanks and 1 valid
5.9989 	DEBUG 	Uploading Texture Font fontname to graphics card
5.9993 	DEBUG 	Upload of Texture Font fontname complete
6.0027 	DEBUG 	TextBox2 loaded 1 chars with 0 blanks and 1 valid
6.0028 	DEBUG 	Uploading Texture Font fontname to graphics card
6.0036 	DEBUG 	Upload of Texture Font fontname complete
6.0080 	EXP 	Created VideoInstructionsText = TextStim(__class__=<class 'psychopy.visual.text.TextStim'>, alignHoriz=method-wrapper(...), alignText='center', alignVert=method-wrapper(...), anchorHoriz='center', anchorVert='center', antialias=True, autoDraw=False, autoLog=True, bold=False, color=array([1., 1., 1.]), colorSpace='rgb', contrast=1.0, depth=0.0, draggable=False, flipHoriz=False, flipVert=False, font='Arial', fontFiles=[], height=np.float64(0.05), italic=False, languageStyle='LTR', name='VideoInstructionsText', opacity=1, ori=0.0, pos=array([0. , 0.2]), rgb=UNKNOWN, text='', units='height', win=Window(...), wrapWidth=1)
6.0242 	EXP 	Created ScreenshotLeft = ImageStim(__class__=<class 'psychopy.visual.image.ImageStim'>, anchor=('center', 'center'), autoLog=True, color=array([1., 1., 1.]), colorSpace='rgb', contrast=1.0, depth=0.0, draggable=False, flipHoriz=np.False_, flipVert=np.False_, image='Screenshots/new1.jpg', interpolate=True, mask=None, maskParams=None, name='ScreenshotLeft', opacity=1, ori=0.0, pos=array([0.2, 0. ]), size=array([0.5, 0.5]), texRes=128.0, units='height', win=Window(...))
6.0260 	EXP 	Created ScreenshotRight = ImageStim(__class__=<class 'psychopy.visual.image.ImageStim'>, anchor=('center', 'center'), autoLog=True, color=array([1., 1., 1.]), colorSpace='rgb', contrast=1.0, depth=-1.0, draggable=False, flipHoriz=np.False_, flipVert=np.False_, image='Screenshots/old1.jpg', interpolate=True, mask=None, maskParams=None, name='ScreenshotRight', opacity=1, ori=0.0, pos=array([0.3, 0. ]), size=array([0.5, 0.5]), texRes=128.0, units='height', win=Window(...))
6.0296 	EXP 	Created WordListInstructionsText = TextStim(__class__=<class 'psychopy.visual.text.TextStim'>, alignHoriz=method-wrapper(...), alignText='center', alignVert=method-wrapper(...), anchorHoriz='center', anchorVert='center', antialias=True, autoDraw=False, autoLog=True, bold=False, color=array([1., 1., 1.]), colorSpace='rgb', contrast=1.0, depth=0.0, draggable=False, flipHoriz=False, flipVert=False, font='Arial', fontFiles=[], height=np.float64(0.05), italic=False, languageStyle='LTR', name='WordListInstructionsText', opacity=1, ori=0.0, pos=array([0., 0.]), rgb=UNKNOWN, text=str(...), units='height', win=Window(...), wrapWidth=1)
6.0362 	EXP 	Created WordListStudyText = TextStim(__class__=<class 'psychopy.visual.text.TextStim'>, alignHoriz=method-wrapper(...), alignText='center', alignVert=method-wrapper(...), anchorHoriz='center', anchorVert='center', antialias=True, autoDraw=False, autoLog=True, bold=False, color=array([1., 1., 1.]), colorSpace='rgb', contrast=1.0, depth=0.0, draggable=False, flipHoriz=False, flipVert=False, font='Arial', fontFiles=[], height=0.05, italic=False, languageStyle='LTR', name='WordListStudyText', opacity=1, ori=0.0, pos=array([0., 0.]), rgb=UNKNOWN, text='', units='height', win=Window(...), wrapWidth=1)
0.0140 	EXP 	WelcomeText: autoDraw = True
0.5918 	DATA 	Mouse: Left button down, pos=(454,123)
0.5974 	EXP 	WelcomeText: autoDraw = False
0.5974 	EXP 	ConditionSelectionText: autoDraw = True
0.6616 	DATA 	Mouse:  Left button up, pos=(454,123)
1.0522 	DATA 	Mouse: Left button down, pos=(278,130)
1.0648 	EXP 	New trial (rep=0, index=0): <Trial 0 (0 in rep 0) data={'thisN': 0, 'thisTrialN': 0, 'thisRepN': 0}>
1.0692 	EXP 	VideoInstructionsText: height = np.float64(0.05)
1.0692 	EXP 	VideoInstructionsText: height = np.float64(0.05)
1.0692 	EXP 	VideoInstructionsText: height = np.float64(0.05)
1.0692 	EXP 	VideoInstructionsText: text = 'Please take out your phone and go the Instagram account @[Account Name]\n Please watch every video in order from top to bottom with the volume on. You must finish each video before scrolling to the next and only watch each video once.\n Click continue when you are finished!'
1.0692 	EXP 	ConditionSelectionText: autoDraw = False
1.0692 	EXP 	VideoInstructionsText: autoDraw = True
1.1407 	DATA 	Mouse:  Left button up, pos=(278,130)
1.5368 	DATA 	Mouse: Left button down, pos=(341,125)
1.5399 	DEBUG 	Read csv file with pandas: screenshotspreadsheet.csv
1.5406 	DEBUG 	Clearing unnamed columns from screenshotspreadsheet.csv
1.5408 	EXP 	Imported screenshotspreadsheet.csv as conditions, 2 conditions, 2 params
1.5409 	EXP 	New trial (rep=0, index=0): <Trial 0 (0 in rep 0) data={'Condition1New': 'new2.png', 'Condition1Old': 'old2.png', 'thisN': 0, 'thisTrialN': 0, 'thisRepN': 0}>
1.5489 	EXP 	VideoInstructionsText: autoDraw = False
1.5489 	EXP 	ScreenshotLeft: autoDraw = True
1.5489 	EXP 	ScreenshotRight: autoDraw = True
1.6218 	DATA 	Mouse:  Left button up, pos=(341,125)
1.9680 	DATA 	Mouse: Left button down, pos=(497,248)
1.9687 	EXP 	New trial (rep=0, index=1): <Trial 1 (1 in rep 0) data={'Condition1New': 'new1.png', 'Condition1Old': 'old1.png', 'thisN': 1, 'thisTrialN': 1, 'thisRepN': 0}>
1.9729 	EXP 	ScreenshotLeft: autoDraw = False
1.9729 	EXP 	ScreenshotRight: autoDraw = False
1.9729 	EXP 	ScreenshotLeft: autoDraw = True
1.9729 	EXP 	ScreenshotRight: autoDraw = True
2.0734 	DATA 	Mouse:  Left button up, pos=(497,248)
2.6347 	DATA 	Mouse: Left button down, pos=(667,287)
2.6352 	EXP 	New trial (rep=1, index=0): <Trial 2 (0 in rep 1) data={'Condition1New': 'new2.png', 'Condition1Old': 'old2.png', 'thisN': 2, 'thisTrialN': 0, 'thisRepN': 1}>
2.6395 	EXP 	ScreenshotLeft: autoDraw = False
2.6395 	EXP 	ScreenshotRight: autoDraw = False
2.6395 	EXP 	ScreenshotLeft: autoDraw = True
2.6395 	EXP 	ScreenshotRight: autoDraw = True
2.7593 	DATA 	Mouse:  Left button up, pos=(667,287)
3.2597 	DATA 	Mouse: Left button down, pos=(376,402)
3.2602 	EXP 	New trial (rep=1, index=1): <Trial 3 (1 in rep 1) data={'Condition1New': 'new1.png', 'Condition1Old': 'old1.png', 'thisN': 3, 'thisTrialN': 1, 'thisRepN': 1}>
3.2650 	EXP 	ScreenshotLeft: autoDraw = False
3.2650 	EXP 	ScreenshotRight: autoDraw = False
3.2650 	EXP 	ScreenshotLeft: autoDraw = True
3.2650 	EXP 	ScreenshotRight: autoDraw = True
3.3987 	DATA 	Mouse:  Left button up, pos=(376,402)
3.7801 	DATA 	Mouse: Left button down, pos=(472,391)
3.7919 	EXP 	ScreenshotLeft: autoDraw = False
3.7919 	EXP 	ScreenshotRight: autoDraw = False
3.7919 	EXP 	WordListInstructionsText: autoDraw = True
3.9261 	DATA 	Mouse:  Left button up, pos=(471,389)
6.9341 	DATA 	Mouse: Left button down, pos=(407,147)
6.9418 	DEBUG 	Read csv file with pandas: wordlistspreadsheets.csv
6.9422 	DEBUG 	Clearing unnamed columns from wordlistspreadsheets.csv
6.9424 	EXP 	Imported wordlistspreadsheets.csv as conditions, 5 conditions, 2 params
6.9425 	EXP 	New trial (rep=0, index=0): <Trial 0 (0 in rep 0) data={'FirstList': 'apple', 'SecondList': 'banana', 'thisN': 0, 'thisTrialN': 0, 'thisRepN': 0}>
6.9521 	EXP 	WordListInstructionsText: autoDraw = False
6.9521 	EXP 	WordListStudyText: height = np.float64(0.05)
6.9521 	EXP 	WordListStudyText: height = np.float64(0.05)
6.9521 	EXP 	WordListStudyText: height = np.float64(0.05)
6.9521 	EXP 	WordListStudyText: text = 'apple'
6.9521 	EXP 	WordListStudyText: autoDraw = True
7.0443 	DATA 	Mouse:  Left button up, pos=(407,147)
7.9400 	EXP 	New trial (rep=0, index=1): <Trial 1 (1 in rep 0) data={'FirstList': 'muffin', 'SecondList': 'cupcake', 'thisN': 1, 'thisTrialN': 1, 'thisRepN': 0}>
7.9458 	EXP 	WordListStudyText: autoDraw = False
7.9458 	EXP 	WordListStudyText: height = np.float64(0.05)
7.9458 	EXP 	WordListStudyText: height = np.float64(0.05)
7.9458 	EXP 	WordListStudyText: height = np.float64(0.05)
7.9458 	EXP 	WordListStudyText: text = 'muffin'
7.9458 	EXP 	WordListStudyText: autoDraw = True
8.9330 	EXP 	New trial (rep=0, index=2): <Trial 2 (2 in rep 0) data={'FirstList': 'orange', 'SecondList': 'tangerine', 'thisN': 2, 'thisTrialN': 2, 'thisRepN': 0}>
8.9388 	EXP 	WordListStudyText: autoDraw = False
8.9388 	EXP 	WordListStudyText: autoDraw = False
8.9388 	EXP 	WordListStudyText: height = np.float64(0.05)
8.9388 	EXP 	WordListStudyText: height = np.float64(0.05)
8.9388 	EXP 	WordListStudyText: height = np.float64(0.05)
8.9388 	EXP 	WordListStudyText: text = 'orange'
8.9388 	EXP 	WordListStudyText: autoDraw = True
9.9260 	EXP 	New trial (rep=0, index=3): <Trial 3 (3 in rep 0) data={'FirstList': 'cat', 'SecondList': 'dog', 'thisN': 3, 'thisTrialN': 3, 'thisRepN': 0}>
9.9317 	EXP 	WordListStudyText: autoDraw = False
9.9317 	EXP 	WordListStudyText: autoDraw = False
9.9317 	EXP 	WordListStudyText: height = np.float64(0.05)
9.9317 	EXP 	WordListStudyText: height = np.float64(0.05)
9.9317 	EXP 	WordListStudyText: height = np.float64(0.05)
9.9317 	EXP 	WordListStudyText: text = 'cat'
9.9317 	EXP 	WordListStudyText: autoDraw = True
10.9192 	EXP 	New trial (rep=0, index=4): <Trial 4 (4 in rep 0) data={'FirstList': 'pizza', 'SecondList': 'beer', 'thisN': 4, 'thisTrialN': 4, 'thisRepN': 0}>
10.9249 	EXP 	WordListStudyText: autoDraw = False
10.9249 	EXP 	WordListStudyText: autoDraw = False
10.9249 	EXP 	WordListStudyText: height = np.float64(0.05)
10.9249 	EXP 	WordListStudyText: height = np.float64(0.05)
10.9249 	EXP 	WordListStudyText: height = np.float64(0.05)
10.9249 	EXP 	WordListStudyText: text = 'pizza'
10.9319 	EXP 	WordListStudyText: autoDraw = True
11.9250 	EXP 	WordListStudyText: autoDraw = False
11.9250 	EXP 	WordListStudyText: autoDraw = False
11.9261 	EXP 	experiment: status = STOPPED
11.9795 	INFO 	saved data to 'C:\\Users\\Jackson\\Desktop\\Research Project Experiment\\data\\pilot_experiment_2026-03-07_12h27.33.101.csv'
11.9800 	INFO 	saved data to C:\Users\Jackson\Desktop\Research Project Experiment\data\pilot_experiment_2026-03-07_12h27.33.101.psydat
12.2016 	DEBUG 	Saving data for experiment ExperimentHandler
12.2045 	WARNING 	Stopping key buffers but this could be dangerous ifother keyboards rely on the same.
