8.9111 	DEBUG 	Fullscreen settings ignored as running in pilot mode.
8.9125 	INFO 	Loaded monitor calibration from ['2026_03_03 13:24']
9.2166 	INFO 	Using renderer 'Intel(R) Iris(R) Xe Graphics' for graphics
9.2166 	INFO 	OpenGL version supported by driver is 4..
9.2727 	EXP 	Created window1 = Window(allowGUI=False, allowStencil=False, autoLog=True, backendConf=UNKNOWN, backgroundFit=<method-wrapper '__getattribute__' of attributeSetter object at 0x000001EEBF948880>, backgroundImage=<method-wrapper '__getattribute__' of attributeSetter object at 0x000001EEBF948910>, bitsMode=UNKNOWN, blendMode='avg', bpc=(8, 8, 8), color=array([0, 0, 0]), colorSpace='rgb', depthBits=8, fullscr=False, gamma=None, gammaErrorPolicy='raise', infoMsg=UNKNOWN, lms=UNKNOWN, monitor=<psychopy.monitors.calibTools.Monitor object at 0x000001EEC1527E20>, multiSample=False, name='window1', numSamples=2, pos=[np.float64(560.0), np.float64(240.0)], screen=0, size=array([800, 600]), stencilBits=0, stereo=False, title='PsychoPy', units='height', useFBO=True, useRetina=False, viewOri=0.0, viewPos=None, viewScale=None, waitBlanking=True, winType='pyglet')
9.2728 	EXP 	window1: backgroundImage = ''
9.2728 	EXP 	window1: backgroundFit = 'none'
9.2970 	DEBUG 	TextBox2 loaded 1 chars with 0 blanks and 1 valid
9.3128 	DEBUG 	TextBox2 loaded 1 chars with 0 blanks and 1 valid
9.3293 	DEBUG 	TextBox2 loaded 1 chars with 0 blanks and 1 valid
9.3465 	DEBUG 	TextBox2 loaded 1 chars with 0 blanks and 1 valid
9.3637 	DEBUG 	TextBox2 loaded 1 chars with 0 blanks and 1 valid
9.3806 	DEBUG 	TextBox2 loaded 1 chars with 0 blanks and 1 valid
9.3969 	DEBUG 	TextBox2 loaded 1 chars with 0 blanks and 1 valid
9.4134 	DEBUG 	TextBox2 loaded 1 chars with 0 blanks and 1 valid
9.4295 	DEBUG 	TextBox2 loaded 1 chars with 0 blanks and 1 valid
9.4460 	DEBUG 	TextBox2 loaded 1 chars with 0 blanks and 1 valid
9.4630 	DEBUG 	TextBox2 loaded 1 chars with 0 blanks and 1 valid
9.4799 	DEBUG 	TextBox2 loaded 1 chars with 0 blanks and 1 valid
9.4968 	DEBUG 	TextBox2 loaded 1 chars with 0 blanks and 1 valid
9.5139 	DEBUG 	TextBox2 loaded 1 chars with 0 blanks and 1 valid
9.5311 	DEBUG 	TextBox2 loaded 1 chars with 0 blanks and 1 valid
9.5475 	DEBUG 	TextBox2 loaded 1 chars with 0 blanks and 1 valid
9.5636 	DEBUG 	TextBox2 loaded 1 chars with 0 blanks and 1 valid
9.5794 	DEBUG 	TextBox2 loaded 1 chars with 0 blanks and 1 valid
9.5953 	DEBUG 	TextBox2 loaded 1 chars with 0 blanks and 1 valid
9.6117 	DEBUG 	TextBox2 loaded 1 chars with 0 blanks and 1 valid
9.6276 	DEBUG 	TextBox2 loaded 1 chars with 0 blanks and 1 valid
9.6281 	DEBUG 	Uploading Texture Font fontname to graphics card
9.6483 	DEBUG 	Upload of Texture Font fontname complete
9.6688 	DEBUG 	TextBox2 loaded 1 chars with 0 blanks and 1 valid
9.6840 	DEBUG 	TextBox2 loaded 1 chars with 0 blanks and 1 valid
9.7001 	DEBUG 	TextBox2 loaded 1 chars with 0 blanks and 1 valid
9.7006 	DEBUG 	Uploading Texture Font fontname to graphics card
9.7187 	DEBUG 	Upload of Texture Font fontname complete
9.7208 	EXP 	window1: Attempting to measure frame rate of screen (0) ...
9.7208 	EXP 	window1: recordFrameIntervals = False
9.8194 	EXP 	window1: recordFrameIntervals = True
10.6803 	EXP 	window1: recordFrameIntervals = False
10.6803 	EXP 	Screen (0) actual frame rate measured at 141.90Hz
10.7014 	DEBUG 	TextBox2 loaded 1 chars with 0 blanks and 1 valid
10.7164 	DEBUG 	TextBox2 loaded 1 chars with 0 blanks and 1 valid
10.7322 	DEBUG 	TextBox2 loaded 1 chars with 0 blanks and 1 valid
10.7491 	DEBUG 	TextBox2 loaded 1 chars with 0 blanks and 1 valid
10.7661 	DEBUG 	TextBox2 loaded 1 chars with 0 blanks and 1 valid
10.7826 	DEBUG 	TextBox2 loaded 1 chars with 0 blanks and 1 valid
10.7987 	DEBUG 	TextBox2 loaded 1 chars with 0 blanks and 1 valid
10.8151 	DEBUG 	TextBox2 loaded 1 chars with 0 blanks and 1 valid
10.8317 	DEBUG 	TextBox2 loaded 1 chars with 0 blanks and 1 valid
10.8483 	DEBUG 	TextBox2 loaded 1 chars with 0 blanks and 1 valid
10.8488 	DEBUG 	Uploading Texture Font fontname to graphics card
10.8494 	DEBUG 	Upload of Texture Font fontname complete
11.0763 	INFO 	keyboard.Keyboard is using ptb backend.
11.0763 	EXP 	experiment: status = STARTED
11.2969 	EXP 	Created WelcomeText = TextStim(__class__=<class 'psychopy.visual.text.TextStim'>, alignHoriz=method-wrapper(...), alignText='center', alignVert=method-wrapper(...), anchorHoriz='center', anchorVert='center', antialias=True, autoDraw=False, autoLog=True, bold=False, color=array([1., 1., 1.]), colorSpace='rgb', contrast=1.0, depth=0.0, draggable=False, flipHoriz=False, flipVert=False, font='Arial', fontFiles=[], height=np.float64(0.05), italic=False, languageStyle='LTR', name='WelcomeText', opacity=1, ori=0.0, pos=array([0., 0.]), rgb=UNKNOWN, text=str(...), units='height', win=Window(...), wrapWidth=1)
11.3030 	DEBUG 	TextBox2 loaded 1 chars with 0 blanks and 1 valid
11.3040 	DEBUG 	TextBox2 loaded 1 chars with 0 blanks and 1 valid
11.3048 	DEBUG 	TextBox2 loaded 1 chars with 0 blanks and 1 valid
11.3057 	DEBUG 	TextBox2 loaded 1 chars with 0 blanks and 1 valid
11.3068 	DEBUG 	TextBox2 loaded 1 chars with 0 blanks and 1 valid
11.3071 	DEBUG 	TextBox2 loaded 1 chars with 0 blanks and 1 valid
11.3075 	DEBUG 	TextBox2 loaded 1 chars with 0 blanks and 1 valid
11.3083 	DEBUG 	TextBox2 loaded 1 chars with 0 blanks and 1 valid
11.3092 	DEBUG 	TextBox2 loaded 1 chars with 0 blanks and 1 valid
11.3101 	DEBUG 	TextBox2 loaded 1 chars with 0 blanks and 1 valid
11.3109 	DEBUG 	TextBox2 loaded 1 chars with 0 blanks and 1 valid
11.3118 	DEBUG 	TextBox2 loaded 1 chars with 0 blanks and 1 valid
11.3121 	DEBUG 	Uploading Texture Font fontname to graphics card
11.3139 	DEBUG 	Upload of Texture Font fontname complete
11.3207 	DEBUG 	TextBox2 loaded 1 chars with 0 blanks and 1 valid
11.3219 	DEBUG 	TextBox2 loaded 1 chars with 0 blanks and 1 valid
11.3230 	DEBUG 	TextBox2 loaded 1 chars with 0 blanks and 1 valid
11.3242 	DEBUG 	TextBox2 loaded 1 chars with 0 blanks and 1 valid
11.3250 	DEBUG 	TextBox2 loaded 1 chars with 0 blanks and 1 valid
11.3255 	DEBUG 	TextBox2 loaded 1 chars with 0 blanks and 1 valid
11.3258 	DEBUG 	Uploading Texture Font fontname to graphics card
11.3266 	DEBUG 	Upload of Texture Font fontname complete
11.3432 	EXP 	Created ConditionSelectionText = TextStim(__class__=<class 'psychopy.visual.text.TextStim'>, alignHoriz=method-wrapper(...), alignText='center', alignVert=method-wrapper(...), anchorHoriz='center', anchorVert='center', antialias=True, autoDraw=False, autoLog=True, bold=False, color=array([1., 1., 1.]), colorSpace='rgb', contrast=1.0, depth=0.0, draggable=False, flipHoriz=False, flipVert=False, font='Arial', fontFiles=[], height=np.float64(0.05), italic=False, languageStyle='LTR', name='ConditionSelectionText', opacity=1, ori=0.0, pos=array([0., 0.]), rgb=UNKNOWN, text=str(...), units='height', win=Window(...), wrapWidth=1)
11.3488 	DEBUG 	TextBox2 loaded 1 chars with 0 blanks and 1 valid
11.3490 	DEBUG 	Uploading Texture Font fontname to graphics card
11.3496 	DEBUG 	Upload of Texture Font fontname complete
11.3558 	DEBUG 	TextBox2 loaded 1 chars with 0 blanks and 1 valid
11.3562 	DEBUG 	Uploading Texture Font fontname to graphics card
11.3617 	DEBUG 	Upload of Texture Font fontname complete
11.3693 	DEBUG 	TextBox2 loaded 1 chars with 0 blanks and 1 valid
11.3695 	DEBUG 	Uploading Texture Font fontname to graphics card
11.3791 	DEBUG 	Upload of Texture Font fontname complete
11.3871 	EXP 	Created InstructionText = TextStim(__class__=<class 'psychopy.visual.text.TextStim'>, alignHoriz=method-wrapper(...), alignText='center', alignVert=method-wrapper(...), anchorHoriz='center', anchorVert='center', antialias=True, autoDraw=False, autoLog=True, bold=False, color=array([1., 1., 1.]), colorSpace='rgb', contrast=1.0, depth=0.0, draggable=False, flipHoriz=False, flipVert=False, font='Arial', fontFiles=[], height=np.float64(0.05), italic=False, languageStyle='LTR', name='InstructionText', opacity=1, ori=0.0, pos=array([0. , 0.2]), rgb=UNKNOWN, text='', units='height', win=Window(...), wrapWidth=1)
11.4199 	EXP 	Created ScreenshotLeft = ImageStim(__class__=<class 'psychopy.visual.image.ImageStim'>, anchor=('center', 'center'), autoLog=True, color=array([1., 1., 1.]), colorSpace='rgb', contrast=1.0, depth=0.0, draggable=False, flipHoriz=np.False_, flipVert=np.False_, image='Screenshots/new1.jpg', interpolate=True, mask=None, maskParams=None, name='ScreenshotLeft', opacity=1, ori=0.0, pos=array([0., 0.]), size=array([0.5, 0.5]), texRes=128.0, units='height', win=Window(...))
11.4240 	EXP 	Created ScreenshotRight = ImageStim(__class__=<class 'psychopy.visual.image.ImageStim'>, anchor=('center', 'center'), autoLog=True, color=array([1., 1., 1.]), colorSpace='rgb', contrast=1.0, depth=-1.0, draggable=False, flipHoriz=np.False_, flipVert=np.False_, image='Screenshots/old1.jpg', interpolate=True, mask=None, maskParams=None, name='ScreenshotRight', opacity=1, ori=0.0, pos=array([0., 0.]), size=array([0.5, 0.5]), texRes=128.0, units='height', win=Window(...))
0.0223 	EXP 	WelcomeText: autoDraw = True
1.2268 	DATA 	Mouse: Left button down, pos=(400,136)
1.2378 	EXP 	WelcomeText: autoDraw = False
1.2378 	EXP 	ConditionSelectionText: autoDraw = True
1.2959 	DATA 	Mouse:  Left button up, pos=(400,136)
2.4806 	DATA 	Mouse: Left button down, pos=(213,129)
2.5038 	EXP 	New trial (rep=0, index=0): <Trial 0 (0 in rep 0) data={'thisN': 0, 'thisTrialN': 0, 'thisRepN': 0}>
2.5151 	EXP 	InstructionText: height = np.float64(0.05)
2.5151 	EXP 	InstructionText: height = np.float64(0.05)
2.5151 	EXP 	InstructionText: height = np.float64(0.05)
2.5151 	EXP 	InstructionText: text = 'Please take out your phone and go the Instagram account @[Account Name]\n Please watch every video in order from top to bottom with the volume on. You must finish each video before scrolling to the next and only watch each video once.\n Click continue when you are finished!'
2.5151 	EXP 	ConditionSelectionText: autoDraw = False
2.5151 	EXP 	InstructionText: autoDraw = True
2.5606 	DATA 	Mouse:  Left button up, pos=(213,129)
8.1928 	DATA 	Mouse: Left button down, pos=(395,130)
8.1935 	EXP 	New trial (rep=0, index=0): <Trial 0 (0 in rep 0) data={'thisN': 0, 'thisTrialN': 0, 'thisRepN': 0}>
8.2039 	EXP 	InstructionText: autoDraw = False
8.2039 	EXP 	ScreenshotLeft: autoDraw = True
8.2039 	EXP 	ScreenshotRight: autoDraw = True
8.2621 	DATA 	Mouse:  Left button up, pos=(395,130)
10.2428 	DATA 	Mouse: Left button down, pos=(390,297)
10.2433 	EXP 	New trial (rep=1, index=0): <Trial 1 (0 in rep 1) data={'thisN': 1, 'thisTrialN': 0, 'thisRepN': 1}>
10.2527 	EXP 	ScreenshotLeft: autoDraw = False
10.2527 	EXP 	ScreenshotRight: autoDraw = False
10.2527 	EXP 	ScreenshotLeft: autoDraw = True
10.2527 	EXP 	ScreenshotRight: autoDraw = True
10.3548 	DATA 	Mouse:  Left button up, pos=(390,297)
10.7897 	DATA 	Mouse: Left button down, pos=(390,297)
10.7913 	EXP 	New trial (rep=0, index=0): <Trial 0 (0 in rep 0) data={'thisN': 0, 'thisTrialN': 0, 'thisRepN': 0}>
10.7914 	EXP 	New trial (rep=1, index=0): <Trial 1 (0 in rep 1) data={'thisN': 1, 'thisTrialN': 0, 'thisRepN': 1}>
10.7915 	EXP 	New trial (rep=2, index=0): <Trial 2 (0 in rep 2) data={'thisN': 2, 'thisTrialN': 0, 'thisRepN': 2}>
10.7916 	EXP 	New trial (rep=3, index=0): <Trial 3 (0 in rep 3) data={'thisN': 3, 'thisTrialN': 0, 'thisRepN': 3}>
10.7917 	EXP 	New trial (rep=4, index=0): <Trial 4 (0 in rep 4) data={'thisN': 4, 'thisTrialN': 0, 'thisRepN': 4}>
10.7917 	EXP 	New trial (rep=5, index=0): <Trial 5 (0 in rep 5) data={'thisN': 5, 'thisTrialN': 0, 'thisRepN': 5}>
10.7918 	EXP 	New trial (rep=6, index=0): <Trial 6 (0 in rep 6) data={'thisN': 6, 'thisTrialN': 0, 'thisRepN': 6}>
10.7919 	EXP 	New trial (rep=7, index=0): <Trial 7 (0 in rep 7) data={'thisN': 7, 'thisTrialN': 0, 'thisRepN': 7}>
10.7920 	EXP 	New trial (rep=8, index=0): <Trial 8 (0 in rep 8) data={'thisN': 8, 'thisTrialN': 0, 'thisRepN': 8}>
10.7921 	EXP 	New trial (rep=9, index=0): <Trial 9 (0 in rep 9) data={'thisN': 9, 'thisTrialN': 0, 'thisRepN': 9}>
10.8010 	EXP 	ScreenshotLeft: autoDraw = False
10.8010 	EXP 	ScreenshotRight: autoDraw = False
10.8031 	EXP 	experiment: status = STOPPED
10.8083 	INFO 	saved data to 'C:\\Users\\Jackson\\Desktop\\Research Project Experiment\\data\\pilot_experiment_2026-03-06_14h08.07.881.csv'
10.8093 	INFO 	saved data to C:\Users\Jackson\Desktop\Research Project Experiment\data\pilot_experiment_2026-03-06_14h08.07.881.psydat
11.2722 	DEBUG 	Saving data for experiment ExperimentHandler
11.2771 	WARNING 	Stopping key buffers but this could be dangerous ifother keyboards rely on the same.
