7.3409 	DEBUG 	Fullscreen settings ignored as running in pilot mode.
7.3418 	INFO 	Loaded monitor calibration from ['2026_03_03 13:24']
7.6279 	INFO 	Using renderer 'Intel(R) Iris(R) Xe Graphics' for graphics
7.6279 	INFO 	OpenGL version supported by driver is 4..
7.6749 	EXP 	Created window1 = Window(allowGUI=False, allowStencil=False, autoLog=True, backendConf=UNKNOWN, backgroundFit=<method-wrapper '__getattribute__' of attributeSetter object at 0x000001F3644249D0>, backgroundImage=<method-wrapper '__getattribute__' of attributeSetter object at 0x000001F364424970>, bitsMode=UNKNOWN, blendMode='avg', bpc=(8, 8, 8), color=array([0, 0, 0]), colorSpace='rgb', depthBits=8, fullscr=False, gamma=None, gammaErrorPolicy='raise', infoMsg=UNKNOWN, lms=UNKNOWN, monitor=<psychopy.monitors.calibTools.Monitor object at 0x000001F364475F90>, multiSample=False, name='window1', numSamples=2, pos=[np.float64(560.0), np.float64(240.0)], screen=0, size=array([800, 600]), stencilBits=0, stereo=False, title='PsychoPy', units='height', useFBO=True, useRetina=False, viewOri=0.0, viewPos=None, viewScale=None, waitBlanking=True, winType='pyglet')
7.6749 	EXP 	window1: backgroundImage = ''
7.6750 	EXP 	window1: backgroundFit = 'none'
7.6990 	DEBUG 	TextBox2 loaded 1 chars with 0 blanks and 1 valid
7.7153 	DEBUG 	TextBox2 loaded 1 chars with 0 blanks and 1 valid
7.7320 	DEBUG 	TextBox2 loaded 1 chars with 0 blanks and 1 valid
7.7490 	DEBUG 	TextBox2 loaded 1 chars with 0 blanks and 1 valid
7.7658 	DEBUG 	TextBox2 loaded 1 chars with 0 blanks and 1 valid
7.7821 	DEBUG 	TextBox2 loaded 1 chars with 0 blanks and 1 valid
7.7983 	DEBUG 	TextBox2 loaded 1 chars with 0 blanks and 1 valid
7.8151 	DEBUG 	TextBox2 loaded 1 chars with 0 blanks and 1 valid
7.8310 	DEBUG 	TextBox2 loaded 1 chars with 0 blanks and 1 valid
7.8467 	DEBUG 	TextBox2 loaded 1 chars with 0 blanks and 1 valid
7.8632 	DEBUG 	TextBox2 loaded 1 chars with 0 blanks and 1 valid
7.8782 	DEBUG 	TextBox2 loaded 1 chars with 0 blanks and 1 valid
7.8933 	DEBUG 	TextBox2 loaded 1 chars with 0 blanks and 1 valid
7.9086 	DEBUG 	TextBox2 loaded 1 chars with 0 blanks and 1 valid
7.9242 	DEBUG 	TextBox2 loaded 1 chars with 0 blanks and 1 valid
7.9405 	DEBUG 	TextBox2 loaded 1 chars with 0 blanks and 1 valid
7.9560 	DEBUG 	TextBox2 loaded 1 chars with 0 blanks and 1 valid
7.9720 	DEBUG 	TextBox2 loaded 1 chars with 0 blanks and 1 valid
7.9867 	DEBUG 	TextBox2 loaded 1 chars with 0 blanks and 1 valid
8.0022 	DEBUG 	TextBox2 loaded 1 chars with 0 blanks and 1 valid
8.0177 	DEBUG 	TextBox2 loaded 1 chars with 0 blanks and 1 valid
8.0182 	DEBUG 	Uploading Texture Font fontname to graphics card
8.0242 	DEBUG 	Upload of Texture Font fontname complete
8.0468 	DEBUG 	TextBox2 loaded 1 chars with 0 blanks and 1 valid
8.0630 	DEBUG 	TextBox2 loaded 1 chars with 0 blanks and 1 valid
8.0793 	DEBUG 	TextBox2 loaded 1 chars with 0 blanks and 1 valid
8.0797 	DEBUG 	Uploading Texture Font fontname to graphics card
8.0845 	DEBUG 	Upload of Texture Font fontname complete
8.0869 	EXP 	window1: Attempting to measure frame rate of screen (0) ...
8.0869 	EXP 	window1: recordFrameIntervals = False
8.1677 	EXP 	window1: recordFrameIntervals = True
8.8763 	EXP 	window1: recordFrameIntervals = False
8.8764 	EXP 	Screen (0) actual frame rate measured at 145.20Hz
8.8958 	DEBUG 	TextBox2 loaded 1 chars with 0 blanks and 1 valid
8.9122 	DEBUG 	TextBox2 loaded 1 chars with 0 blanks and 1 valid
8.9293 	DEBUG 	TextBox2 loaded 1 chars with 0 blanks and 1 valid
8.9469 	DEBUG 	TextBox2 loaded 1 chars with 0 blanks and 1 valid
8.9638 	DEBUG 	TextBox2 loaded 1 chars with 0 blanks and 1 valid
8.9806 	DEBUG 	TextBox2 loaded 1 chars with 0 blanks and 1 valid
8.9968 	DEBUG 	TextBox2 loaded 1 chars with 0 blanks and 1 valid
9.0134 	DEBUG 	TextBox2 loaded 1 chars with 0 blanks and 1 valid
9.0301 	DEBUG 	TextBox2 loaded 1 chars with 0 blanks and 1 valid
9.0466 	DEBUG 	TextBox2 loaded 1 chars with 0 blanks and 1 valid
9.0471 	DEBUG 	Uploading Texture Font fontname to graphics card
9.0477 	DEBUG 	Upload of Texture Font fontname complete
9.2683 	INFO 	keyboard.Keyboard is using ptb backend.
9.2684 	EXP 	experiment: status = STARTED
9.3654 	EXP 	Created WelcomeText = TextStim(__class__=<class 'psychopy.visual.text.TextStim'>, alignHoriz=method-wrapper(...), alignText='center', alignVert=method-wrapper(...), anchorHoriz='center', anchorVert='center', antialias=True, autoDraw=False, autoLog=True, bold=False, color=array([1., 1., 1.]), colorSpace='rgb', contrast=1.0, depth=0.0, draggable=False, flipHoriz=False, flipVert=False, font='Arial', fontFiles=[], height=np.float64(0.05), italic=False, languageStyle='LTR', name='WelcomeText', opacity=1, ori=0.0, pos=array([0., 0.]), rgb=UNKNOWN, text=str(...), units='height', win=Window(...), wrapWidth=1)
9.3715 	DEBUG 	TextBox2 loaded 1 chars with 0 blanks and 1 valid
9.3724 	DEBUG 	TextBox2 loaded 1 chars with 0 blanks and 1 valid
9.3733 	DEBUG 	TextBox2 loaded 1 chars with 0 blanks and 1 valid
9.3741 	DEBUG 	TextBox2 loaded 1 chars with 0 blanks and 1 valid
9.3752 	DEBUG 	TextBox2 loaded 1 chars with 0 blanks and 1 valid
9.3756 	DEBUG 	TextBox2 loaded 1 chars with 0 blanks and 1 valid
9.3760 	DEBUG 	TextBox2 loaded 1 chars with 0 blanks and 1 valid
9.3767 	DEBUG 	TextBox2 loaded 1 chars with 0 blanks and 1 valid
9.3776 	DEBUG 	TextBox2 loaded 1 chars with 0 blanks and 1 valid
9.3786 	DEBUG 	TextBox2 loaded 1 chars with 0 blanks and 1 valid
9.3795 	DEBUG 	TextBox2 loaded 1 chars with 0 blanks and 1 valid
9.3804 	DEBUG 	TextBox2 loaded 1 chars with 0 blanks and 1 valid
9.3807 	DEBUG 	Uploading Texture Font fontname to graphics card
9.3820 	DEBUG 	Upload of Texture Font fontname complete
9.3891 	DEBUG 	TextBox2 loaded 1 chars with 0 blanks and 1 valid
9.3903 	DEBUG 	TextBox2 loaded 1 chars with 0 blanks and 1 valid
9.3915 	DEBUG 	TextBox2 loaded 1 chars with 0 blanks and 1 valid
9.3927 	DEBUG 	TextBox2 loaded 1 chars with 0 blanks and 1 valid
9.3936 	DEBUG 	TextBox2 loaded 1 chars with 0 blanks and 1 valid
9.3940 	DEBUG 	TextBox2 loaded 1 chars with 0 blanks and 1 valid
9.3944 	DEBUG 	Uploading Texture Font fontname to graphics card
9.3952 	DEBUG 	Upload of Texture Font fontname complete
9.4081 	EXP 	Created ConditionSelectionText = TextStim(__class__=<class 'psychopy.visual.text.TextStim'>, alignHoriz=method-wrapper(...), alignText='center', alignVert=method-wrapper(...), anchorHoriz='center', anchorVert='center', antialias=True, autoDraw=False, autoLog=True, bold=False, color=array([1., 1., 1.]), colorSpace='rgb', contrast=1.0, depth=0.0, draggable=False, flipHoriz=False, flipVert=False, font='Arial', fontFiles=[], height=np.float64(0.05), italic=False, languageStyle='LTR', name='ConditionSelectionText', opacity=1, ori=0.0, pos=array([0., 0.]), rgb=UNKNOWN, text=str(...), units='height', win=Window(...), wrapWidth=1)
9.4134 	DEBUG 	TextBox2 loaded 1 chars with 0 blanks and 1 valid
9.4137 	DEBUG 	Uploading Texture Font fontname to graphics card
9.4143 	DEBUG 	Upload of Texture Font fontname complete
9.4207 	DEBUG 	TextBox2 loaded 1 chars with 0 blanks and 1 valid
9.4211 	DEBUG 	Uploading Texture Font fontname to graphics card
9.4227 	DEBUG 	Upload of Texture Font fontname complete
9.4295 	DEBUG 	TextBox2 loaded 1 chars with 0 blanks and 1 valid
9.4298 	DEBUG 	Uploading Texture Font fontname to graphics card
9.4321 	DEBUG 	Upload of Texture Font fontname complete
9.4403 	EXP 	Created InstructionText = TextStim(__class__=<class 'psychopy.visual.text.TextStim'>, alignHoriz=method-wrapper(...), alignText='center', alignVert=method-wrapper(...), anchorHoriz='center', anchorVert='center', antialias=True, autoDraw=False, autoLog=True, bold=False, color=array([1., 1., 1.]), colorSpace='rgb', contrast=1.0, depth=0.0, draggable=False, flipHoriz=False, flipVert=False, font='Arial', fontFiles=[], height=np.float64(0.05), italic=False, languageStyle='LTR', name='InstructionText', opacity=1, ori=0.0, pos=array([0., 0.]), rgb=UNKNOWN, text='', units='height', win=Window(...), wrapWidth=1)
0.0229 	EXP 	WelcomeText: autoDraw = True
0.7122 	DATA 	Mouse: Left button down, pos=(385,96)
0.7237 	EXP 	WelcomeText: autoDraw = False
0.7237 	EXP 	ConditionSelectionText: autoDraw = True
0.7838 	DATA 	Mouse:  Left button up, pos=(385,96)
1.2017 	DATA 	Mouse: Left button down, pos=(575,168)
1.2374 	EXP 	InstructionText: height = np.float64(0.05)
1.2374 	EXP 	InstructionText: height = np.float64(0.05)
1.2374 	EXP 	InstructionText: height = np.float64(0.05)
1.2374 	EXP 	InstructionText: text = 'Please take out your phone and go to the YouTube channel @[Channel Name]\n You should watch the video [Video Name] in fullscreen with the volume on until it is complete.\n Click continue when you are finished.'
1.2374 	EXP 	ConditionSelectionText: autoDraw = False
1.2374 	EXP 	InstructionText: autoDraw = True
1.2680 	DATA 	Mouse:  Left button up, pos=(574,165)
7.1365 	DATA 	Mouse: Left button down, pos=(476,122)
7.1485 	EXP 	InstructionText: autoDraw = False
7.1508 	EXP 	experiment: status = STOPPED
7.1548 	INFO 	saved data to 'C:\\Users\\Jackson\\Desktop\\Research Project Experiment\\data\\pilot_experiment_2026-03-06_13h59.19.163.csv'
7.1555 	INFO 	saved data to C:\Users\Jackson\Desktop\Research Project Experiment\data\pilot_experiment_2026-03-06_13h59.19.163.psydat
7.4631 	DEBUG 	Saving data for experiment ExperimentHandler
7.4714 	WARNING 	Stopping key buffers but this could be dangerous ifother keyboards rely on the same.
