4.6316 	DEBUG 	Fullscreen settings ignored as running in pilot mode.
4.6320 	INFO 	Loaded monitor calibration from ['2026_03_03 13:24']
4.7983 	INFO 	Using renderer 'Intel(R) Iris(R) Xe Graphics' for graphics
4.7983 	INFO 	OpenGL version supported by driver is 4..
4.8243 	EXP 	Created window1 = Window(allowGUI=False, allowStencil=False, autoLog=True, backendConf=UNKNOWN, backgroundFit=<method-wrapper '__getattribute__' of attributeSetter object at 0x000001F301B423B0>, backgroundImage=<method-wrapper '__getattribute__' of attributeSetter object at 0x000001F301B42440>, bitsMode=UNKNOWN, blendMode='avg', bpc=(8, 8, 8), color=array([0, 0, 0]), colorSpace='rgb', depthBits=8, fullscr=False, gamma=None, gammaErrorPolicy='raise', infoMsg=UNKNOWN, lms=UNKNOWN, monitor=<psychopy.monitors.calibTools.Monitor object at 0x000001F374983BB0>, multiSample=False, name='window1', numSamples=2, pos=[np.float64(560.0), np.float64(240.0)], screen=0, size=array([800, 600]), stencilBits=0, stereo=False, title='PsychoPy', units='height', useFBO=True, useRetina=False, viewOri=0.0, viewPos=None, viewScale=None, waitBlanking=True, winType='pyglet')
4.8243 	EXP 	window1: backgroundImage = ''
4.8243 	EXP 	window1: backgroundFit = 'none'
4.8382 	DEBUG 	TextBox2 loaded 1 chars with 0 blanks and 1 valid
4.8475 	DEBUG 	TextBox2 loaded 1 chars with 0 blanks and 1 valid
4.8568 	DEBUG 	TextBox2 loaded 1 chars with 0 blanks and 1 valid
4.8661 	DEBUG 	TextBox2 loaded 1 chars with 0 blanks and 1 valid
4.8755 	DEBUG 	TextBox2 loaded 1 chars with 0 blanks and 1 valid
4.8850 	DEBUG 	TextBox2 loaded 1 chars with 0 blanks and 1 valid
4.8948 	DEBUG 	TextBox2 loaded 1 chars with 0 blanks and 1 valid
4.9043 	DEBUG 	TextBox2 loaded 1 chars with 0 blanks and 1 valid
4.9133 	DEBUG 	TextBox2 loaded 1 chars with 0 blanks and 1 valid
4.9225 	DEBUG 	TextBox2 loaded 1 chars with 0 blanks and 1 valid
4.9315 	DEBUG 	TextBox2 loaded 1 chars with 0 blanks and 1 valid
4.9407 	DEBUG 	TextBox2 loaded 1 chars with 0 blanks and 1 valid
4.9500 	DEBUG 	TextBox2 loaded 1 chars with 0 blanks and 1 valid
4.9596 	DEBUG 	TextBox2 loaded 1 chars with 0 blanks and 1 valid
4.9695 	DEBUG 	TextBox2 loaded 1 chars with 0 blanks and 1 valid
4.9791 	DEBUG 	TextBox2 loaded 1 chars with 0 blanks and 1 valid
4.9889 	DEBUG 	TextBox2 loaded 1 chars with 0 blanks and 1 valid
4.9985 	DEBUG 	TextBox2 loaded 1 chars with 0 blanks and 1 valid
5.0079 	DEBUG 	TextBox2 loaded 1 chars with 0 blanks and 1 valid
5.0177 	DEBUG 	TextBox2 loaded 1 chars with 0 blanks and 1 valid
5.0270 	DEBUG 	TextBox2 loaded 1 chars with 0 blanks and 1 valid
5.0273 	DEBUG 	Uploading Texture Font fontname to graphics card
5.0317 	DEBUG 	Upload of Texture Font fontname complete
5.0450 	DEBUG 	TextBox2 loaded 1 chars with 0 blanks and 1 valid
5.0548 	DEBUG 	TextBox2 loaded 1 chars with 0 blanks and 1 valid
5.0649 	DEBUG 	TextBox2 loaded 1 chars with 0 blanks and 1 valid
5.0651 	DEBUG 	Uploading Texture Font fontname to graphics card
5.0677 	DEBUG 	Upload of Texture Font fontname complete
5.0691 	EXP 	window1: Attempting to measure frame rate of screen (0) ...
5.0691 	EXP 	window1: recordFrameIntervals = False
5.1413 	EXP 	window1: recordFrameIntervals = True
5.8365 	EXP 	window1: recordFrameIntervals = False
5.8365 	EXP 	Screen (0) actual frame rate measured at 143.77Hz
5.8507 	DEBUG 	TextBox2 loaded 1 chars with 0 blanks and 1 valid
5.8595 	DEBUG 	TextBox2 loaded 1 chars with 0 blanks and 1 valid
5.8685 	DEBUG 	TextBox2 loaded 1 chars with 0 blanks and 1 valid
5.8781 	DEBUG 	TextBox2 loaded 1 chars with 0 blanks and 1 valid
5.8872 	DEBUG 	TextBox2 loaded 1 chars with 0 blanks and 1 valid
5.8965 	DEBUG 	TextBox2 loaded 1 chars with 0 blanks and 1 valid
5.9055 	DEBUG 	TextBox2 loaded 1 chars with 0 blanks and 1 valid
5.9149 	DEBUG 	TextBox2 loaded 1 chars with 0 blanks and 1 valid
5.9245 	DEBUG 	TextBox2 loaded 1 chars with 0 blanks and 1 valid
5.9342 	DEBUG 	TextBox2 loaded 1 chars with 0 blanks and 1 valid
5.9344 	DEBUG 	Uploading Texture Font fontname to graphics card
5.9348 	DEBUG 	Upload of Texture Font fontname complete
6.1190 	INFO 	keyboard.Keyboard is using ptb backend.
6.1191 	EXP 	experiment: status = STARTED
6.1752 	EXP 	Created WelcomeText = TextStim(__class__=<class 'psychopy.visual.text.TextStim'>, alignHoriz=method-wrapper(...), alignText='center', alignVert=method-wrapper(...), anchorHoriz='center', anchorVert='center', antialias=True, autoDraw=False, autoLog=True, bold=False, color=array([1., 1., 1.]), colorSpace='rgb', contrast=1.0, depth=0.0, draggable=False, flipHoriz=False, flipVert=False, font='Arial', fontFiles=[], height=np.float64(0.05), italic=False, languageStyle='LTR', name='WelcomeText', opacity=1, ori=0.0, pos=array([0., 0.]), rgb=UNKNOWN, text=str(...), units='height', win=Window(...), wrapWidth=1)
6.1786 	DEBUG 	TextBox2 loaded 1 chars with 0 blanks and 1 valid
6.1791 	DEBUG 	TextBox2 loaded 1 chars with 0 blanks and 1 valid
6.1795 	DEBUG 	TextBox2 loaded 1 chars with 0 blanks and 1 valid
6.1800 	DEBUG 	TextBox2 loaded 1 chars with 0 blanks and 1 valid
6.1807 	DEBUG 	TextBox2 loaded 1 chars with 0 blanks and 1 valid
6.1808 	DEBUG 	TextBox2 loaded 1 chars with 0 blanks and 1 valid
6.1811 	DEBUG 	TextBox2 loaded 1 chars with 0 blanks and 1 valid
6.1815 	DEBUG 	TextBox2 loaded 1 chars with 0 blanks and 1 valid
6.1820 	DEBUG 	TextBox2 loaded 1 chars with 0 blanks and 1 valid
6.1825 	DEBUG 	TextBox2 loaded 1 chars with 0 blanks and 1 valid
6.1830 	DEBUG 	TextBox2 loaded 1 chars with 0 blanks and 1 valid
6.1835 	DEBUG 	TextBox2 loaded 1 chars with 0 blanks and 1 valid
6.1836 	DEBUG 	Uploading Texture Font fontname to graphics card
6.1844 	DEBUG 	Upload of Texture Font fontname complete
6.1879 	DEBUG 	TextBox2 loaded 1 chars with 0 blanks and 1 valid
6.1886 	DEBUG 	TextBox2 loaded 1 chars with 0 blanks and 1 valid
6.1892 	DEBUG 	TextBox2 loaded 1 chars with 0 blanks and 1 valid
6.1899 	DEBUG 	TextBox2 loaded 1 chars with 0 blanks and 1 valid
6.1904 	DEBUG 	TextBox2 loaded 1 chars with 0 blanks and 1 valid
6.1906 	DEBUG 	TextBox2 loaded 1 chars with 0 blanks and 1 valid
6.1908 	DEBUG 	Uploading Texture Font fontname to graphics card
6.1912 	DEBUG 	Upload of Texture Font fontname complete
6.1982 	EXP 	Created ConditionSelectionText = TextStim(__class__=<class 'psychopy.visual.text.TextStim'>, alignHoriz=method-wrapper(...), alignText='center', alignVert=method-wrapper(...), anchorHoriz='center', anchorVert='center', antialias=True, autoDraw=False, autoLog=True, bold=False, color=array([1., 1., 1.]), colorSpace='rgb', contrast=1.0, depth=0.0, draggable=False, flipHoriz=False, flipVert=False, font='Arial', fontFiles=[], height=np.float64(0.05), italic=False, languageStyle='LTR', name='ConditionSelectionText', opacity=1, ori=0.0, pos=array([0., 0.]), rgb=UNKNOWN, text=str(...), units='height', win=Window(...), wrapWidth=1)
6.2016 	DEBUG 	TextBox2 loaded 1 chars with 0 blanks and 1 valid
6.2017 	DEBUG 	Uploading Texture Font fontname to graphics card
6.2021 	DEBUG 	Upload of Texture Font fontname complete
6.2054 	DEBUG 	TextBox2 loaded 1 chars with 0 blanks and 1 valid
6.2056 	DEBUG 	Uploading Texture Font fontname to graphics card
6.2060 	DEBUG 	Upload of Texture Font fontname complete
6.2093 	DEBUG 	TextBox2 loaded 1 chars with 0 blanks and 1 valid
6.2095 	DEBUG 	Uploading Texture Font fontname to graphics card
6.2102 	DEBUG 	Upload of Texture Font fontname complete
6.2146 	EXP 	Created InstructionText = TextStim(__class__=<class 'psychopy.visual.text.TextStim'>, alignHoriz=method-wrapper(...), alignText='center', alignVert=method-wrapper(...), anchorHoriz='center', anchorVert='center', antialias=True, autoDraw=False, autoLog=True, bold=False, color=array([1., 1., 1.]), colorSpace='rgb', contrast=1.0, depth=0.0, draggable=False, flipHoriz=False, flipVert=False, font='Arial', fontFiles=[], height=np.float64(0.05), italic=False, languageStyle='LTR', name='InstructionText', opacity=1, ori=0.0, pos=array([0. , 0.2]), rgb=UNKNOWN, text='', units='height', win=Window(...), wrapWidth=1)
6.2309 	EXP 	Created ScreenshotLeft = ImageStim(__class__=<class 'psychopy.visual.image.ImageStim'>, anchor=('center', 'center'), autoLog=True, color=array([1., 1., 1.]), colorSpace='rgb', contrast=1.0, depth=0.0, draggable=False, flipHoriz=np.False_, flipVert=np.False_, image='Screenshots/new1.jpg', interpolate=True, mask=None, maskParams=None, name='ScreenshotLeft', opacity=1, ori=0.0, pos=array([0.2, 0. ]), size=array([0.5, 0.5]), texRes=128.0, units='height', win=Window(...))
6.2329 	EXP 	Created ScreenshotRight = ImageStim(__class__=<class 'psychopy.visual.image.ImageStim'>, anchor=('center', 'center'), autoLog=True, color=array([1., 1., 1.]), colorSpace='rgb', contrast=1.0, depth=-1.0, draggable=False, flipHoriz=np.False_, flipVert=np.False_, image='Screenshots/old1.jpg', interpolate=True, mask=None, maskParams=None, name='ScreenshotRight', opacity=1, ori=0.0, pos=array([0.3, 0. ]), size=array([0.5, 0.5]), texRes=128.0, units='height', win=Window(...))
0.0140 	EXP 	WelcomeText: autoDraw = True
0.8568 	DATA 	Mouse: Left button down, pos=(379,128)
0.8685 	EXP 	WelcomeText: autoDraw = False
0.8685 	EXP 	ConditionSelectionText: autoDraw = True
0.9400 	DATA 	Mouse:  Left button up, pos=(379,128)
1.4668 	DATA 	Mouse: Left button down, pos=(241,124)
1.4754 	EXP 	New trial (rep=0, index=0): <Trial 0 (0 in rep 0) data={'thisN': 0, 'thisTrialN': 0, 'thisRepN': 0}>
1.4858 	EXP 	InstructionText: height = np.float64(0.05)
1.4858 	EXP 	InstructionText: height = np.float64(0.05)
1.4858 	EXP 	InstructionText: height = np.float64(0.05)
1.4858 	EXP 	InstructionText: text = 'Please take out your phone and go the Instagram account @[Account Name]\n Please watch every video in order from top to bottom with the volume on. You must finish each video before scrolling to the next and only watch each video once.\n Click continue when you are finished!'
1.4858 	EXP 	ConditionSelectionText: autoDraw = False
1.4858 	EXP 	InstructionText: autoDraw = True
1.5451 	DATA 	Mouse:  Left button up, pos=(241,124)
1.9880 	DATA 	Mouse: Left button down, pos=(318,132)
1.9911 	DEBUG 	Read csv file with pandas: screenshotspreadsheet.csv
1.9922 	DEBUG 	Clearing unnamed columns from screenshotspreadsheet.csv
1.9924 	EXP 	Imported screenshotspreadsheet.csv as conditions, 2 conditions, 2 params
1.9926 	EXP 	New trial (rep=0, index=0): <Trial 0 (0 in rep 0) data={'Condition1New': 'new2.png', 'Condition1Old': 'old2.png', 'thisN': 0, 'thisTrialN': 0, 'thisRepN': 0}>
2.0004 	EXP 	InstructionText: autoDraw = False
2.0004 	EXP 	ScreenshotLeft: autoDraw = True
2.0004 	EXP 	ScreenshotRight: autoDraw = True
2.0521 	DATA 	Mouse:  Left button up, pos=(319,132)
3.8849 	DATA 	Mouse: Left button down, pos=(550,320)
3.8912 	EXP 	New trial (rep=0, index=1): <Trial 1 (1 in rep 0) data={'Condition1New': 'new1.png', 'Condition1Old': 'old1.png', 'thisN': 1, 'thisTrialN': 1, 'thisRepN': 0}>
3.8965 	EXP 	ScreenshotLeft: autoDraw = False
3.8965 	EXP 	ScreenshotRight: autoDraw = False
3.8965 	EXP 	ScreenshotLeft: autoDraw = True
3.8965 	EXP 	ScreenshotRight: autoDraw = True
4.1705 	DATA 	Mouse:  Left button up, pos=(545,319)
7.0579 	DATA 	Mouse: Left button down, pos=(440,306)
7.0582 	EXP 	New trial (rep=1, index=0): <Trial 2 (0 in rep 1) data={'Condition1New': 'new2.png', 'Condition1Old': 'old2.png', 'thisN': 2, 'thisTrialN': 0, 'thisRepN': 1}>
7.0638 	EXP 	ScreenshotLeft: autoDraw = False
7.0638 	EXP 	ScreenshotRight: autoDraw = False
7.0638 	EXP 	ScreenshotLeft: autoDraw = True
7.0638 	EXP 	ScreenshotRight: autoDraw = True
7.1775 	DATA 	Mouse:  Left button up, pos=(440,306)
7.5383 	DATA 	Mouse: Left button down, pos=(419,306)
7.5445 	EXP 	New trial (rep=1, index=1): <Trial 3 (1 in rep 1) data={'Condition1New': 'new1.png', 'Condition1Old': 'old1.png', 'thisN': 3, 'thisTrialN': 1, 'thisRepN': 1}>
7.5501 	EXP 	ScreenshotLeft: autoDraw = False
7.5501 	EXP 	ScreenshotRight: autoDraw = False
7.5501 	EXP 	ScreenshotLeft: autoDraw = True
7.5501 	EXP 	ScreenshotRight: autoDraw = True
7.6275 	DATA 	Mouse:  Left button up, pos=(419,306)
7.7732 	DATA 	Mouse: Left button down, pos=(394,303)
7.7743 	EXP 	New trial (rep=0, index=0): <Trial 0 (0 in rep 0) data={'thisN': 0, 'thisTrialN': 0, 'thisRepN': 0}>
7.7743 	EXP 	New trial (rep=1, index=0): <Trial 1 (0 in rep 1) data={'thisN': 1, 'thisTrialN': 0, 'thisRepN': 1}>
7.7744 	EXP 	New trial (rep=2, index=0): <Trial 2 (0 in rep 2) data={'thisN': 2, 'thisTrialN': 0, 'thisRepN': 2}>
7.7745 	EXP 	New trial (rep=3, index=0): <Trial 3 (0 in rep 3) data={'thisN': 3, 'thisTrialN': 0, 'thisRepN': 3}>
7.7746 	EXP 	New trial (rep=4, index=0): <Trial 4 (0 in rep 4) data={'thisN': 4, 'thisTrialN': 0, 'thisRepN': 4}>
7.7746 	EXP 	New trial (rep=5, index=0): <Trial 5 (0 in rep 5) data={'thisN': 5, 'thisTrialN': 0, 'thisRepN': 5}>
7.7747 	EXP 	New trial (rep=6, index=0): <Trial 6 (0 in rep 6) data={'thisN': 6, 'thisTrialN': 0, 'thisRepN': 6}>
7.7747 	EXP 	New trial (rep=7, index=0): <Trial 7 (0 in rep 7) data={'thisN': 7, 'thisTrialN': 0, 'thisRepN': 7}>
7.7748 	EXP 	New trial (rep=8, index=0): <Trial 8 (0 in rep 8) data={'thisN': 8, 'thisTrialN': 0, 'thisRepN': 8}>
7.7749 	EXP 	New trial (rep=9, index=0): <Trial 9 (0 in rep 9) data={'thisN': 9, 'thisTrialN': 0, 'thisRepN': 9}>
7.7788 	EXP 	ScreenshotLeft: autoDraw = False
7.7788 	EXP 	ScreenshotRight: autoDraw = False
7.7799 	EXP 	experiment: status = STOPPED
7.7833 	INFO 	saved data to 'C:\\Users\\Jackson\\Desktop\\Research Project Experiment\\data\\pilot_experiment_2026-03-07_12h06.59.035.csv'
7.7840 	INFO 	saved data to C:\Users\Jackson\Desktop\Research Project Experiment\data\pilot_experiment_2026-03-07_12h06.59.035.psydat
8.0057 	DEBUG 	Saving data for experiment ExperimentHandler
8.0089 	WARNING 	Stopping key buffers but this could be dangerous ifother keyboards rely on the same.
