4.1829 	DEBUG 	Fullscreen settings ignored as running in pilot mode.
4.1835 	INFO 	Loaded monitor calibration from ['2026_03_03 13:24']
4.3549 	INFO 	Using renderer 'Intel(R) Iris(R) Xe Graphics' for graphics
4.3550 	INFO 	OpenGL version supported by driver is 4..
4.3833 	EXP 	Created window1 = Window(allowGUI=True, allowStencil=False, autoLog=True, backendConf=UNKNOWN, backgroundFit=<method-wrapper '__getattribute__' of attributeSetter object at 0x00000297083FF1F0>, backgroundImage=<method-wrapper '__getattribute__' of attributeSetter object at 0x00000297083FF190>, bitsMode=UNKNOWN, blendMode='avg', bpc=(8, 8, 8), color=array([0, 0, 0]), colorSpace='rgb', depthBits=8, fullscr=False, gamma=None, gammaErrorPolicy='raise', infoMsg=UNKNOWN, lms=UNKNOWN, monitor=<psychopy.monitors.calibTools.Monitor object at 0x000002977F834D60>, multiSample=False, name='window1', numSamples=2, pos=[np.float64(560.0), np.float64(240.0)], screen=0, size=array([800, 600]), stencilBits=0, stereo=False, title='PsychoPy', units='height', useFBO=True, useRetina=False, viewOri=0.0, viewPos=None, viewScale=None, waitBlanking=True, winType='pyglet')
4.3834 	EXP 	window1: backgroundImage = ''
4.3834 	EXP 	window1: backgroundFit = 'none'
4.3983 	DEBUG 	TextBox2 loaded 1 chars with 0 blanks and 1 valid
4.4076 	DEBUG 	TextBox2 loaded 1 chars with 0 blanks and 1 valid
4.4170 	DEBUG 	TextBox2 loaded 1 chars with 0 blanks and 1 valid
4.4263 	DEBUG 	TextBox2 loaded 1 chars with 0 blanks and 1 valid
4.4361 	DEBUG 	TextBox2 loaded 1 chars with 0 blanks and 1 valid
4.4451 	DEBUG 	TextBox2 loaded 1 chars with 0 blanks and 1 valid
4.4546 	DEBUG 	TextBox2 loaded 1 chars with 0 blanks and 1 valid
4.4642 	DEBUG 	TextBox2 loaded 1 chars with 0 blanks and 1 valid
4.4731 	DEBUG 	TextBox2 loaded 1 chars with 0 blanks and 1 valid
4.4819 	DEBUG 	TextBox2 loaded 1 chars with 0 blanks and 1 valid
4.4908 	DEBUG 	TextBox2 loaded 1 chars with 0 blanks and 1 valid
4.5000 	DEBUG 	TextBox2 loaded 1 chars with 0 blanks and 1 valid
4.5091 	DEBUG 	TextBox2 loaded 1 chars with 0 blanks and 1 valid
4.5187 	DEBUG 	TextBox2 loaded 1 chars with 0 blanks and 1 valid
4.5278 	DEBUG 	TextBox2 loaded 1 chars with 0 blanks and 1 valid
4.5369 	DEBUG 	TextBox2 loaded 1 chars with 0 blanks and 1 valid
4.5462 	DEBUG 	TextBox2 loaded 1 chars with 0 blanks and 1 valid
4.5551 	DEBUG 	TextBox2 loaded 1 chars with 0 blanks and 1 valid
4.5639 	DEBUG 	TextBox2 loaded 1 chars with 0 blanks and 1 valid
4.5730 	DEBUG 	TextBox2 loaded 1 chars with 0 blanks and 1 valid
4.5826 	DEBUG 	TextBox2 loaded 1 chars with 0 blanks and 1 valid
4.5828 	DEBUG 	Uploading Texture Font fontname to graphics card
4.5870 	DEBUG 	Upload of Texture Font fontname complete
4.5999 	DEBUG 	TextBox2 loaded 1 chars with 0 blanks and 1 valid
4.6090 	DEBUG 	TextBox2 loaded 1 chars with 0 blanks and 1 valid
4.6180 	DEBUG 	TextBox2 loaded 1 chars with 0 blanks and 1 valid
4.6183 	DEBUG 	Uploading Texture Font fontname to graphics card
4.6211 	DEBUG 	Upload of Texture Font fontname complete
4.6225 	EXP 	window1: Attempting to measure frame rate of screen (0) ...
4.6226 	EXP 	window1: recordFrameIntervals = False
4.7024 	EXP 	window1: recordFrameIntervals = True
5.3973 	EXP 	window1: recordFrameIntervals = False
5.3973 	EXP 	Screen (0) actual frame rate measured at 143.93Hz
5.4102 	DEBUG 	TextBox2 loaded 1 chars with 0 blanks and 1 valid
5.4201 	DEBUG 	TextBox2 loaded 1 chars with 0 blanks and 1 valid
5.4300 	DEBUG 	TextBox2 loaded 1 chars with 0 blanks and 1 valid
5.4395 	DEBUG 	TextBox2 loaded 1 chars with 0 blanks and 1 valid
5.4493 	DEBUG 	TextBox2 loaded 1 chars with 0 blanks and 1 valid
5.4591 	DEBUG 	TextBox2 loaded 1 chars with 0 blanks and 1 valid
5.4687 	DEBUG 	TextBox2 loaded 1 chars with 0 blanks and 1 valid
5.4787 	DEBUG 	TextBox2 loaded 1 chars with 0 blanks and 1 valid
5.4884 	DEBUG 	TextBox2 loaded 1 chars with 0 blanks and 1 valid
5.4980 	DEBUG 	TextBox2 loaded 1 chars with 0 blanks and 1 valid
5.4983 	DEBUG 	Uploading Texture Font fontname to graphics card
5.4987 	DEBUG 	Upload of Texture Font fontname complete
5.6793 	INFO 	keyboard.Keyboard is using ptb backend.
5.6794 	EXP 	experiment: status = STARTED
5.7396 	EXP 	Created WelcomeText = TextStim(__class__=<class 'psychopy.visual.text.TextStim'>, alignHoriz=method-wrapper(...), alignText='center', alignVert=method-wrapper(...), anchorHoriz='center', anchorVert='center', antialias=True, autoDraw=False, autoLog=True, bold=False, color=array([1., 1., 1.]), colorSpace='rgb', contrast=1.0, depth=0.0, draggable=False, flipHoriz=False, flipVert=False, font='Arial', fontFiles=[], height=np.float64(0.05), italic=False, languageStyle='LTR', name='WelcomeText', opacity=1, ori=0.0, pos=array([0., 0.]), rgb=UNKNOWN, text=str(...), units='height', win=Window(...), wrapWidth=1)
5.7434 	DEBUG 	TextBox2 loaded 1 chars with 0 blanks and 1 valid
5.7440 	DEBUG 	TextBox2 loaded 1 chars with 0 blanks and 1 valid
5.7445 	DEBUG 	TextBox2 loaded 1 chars with 0 blanks and 1 valid
5.7450 	DEBUG 	TextBox2 loaded 1 chars with 0 blanks and 1 valid
5.7457 	DEBUG 	TextBox2 loaded 1 chars with 0 blanks and 1 valid
5.7459 	DEBUG 	TextBox2 loaded 1 chars with 0 blanks and 1 valid
5.7462 	DEBUG 	TextBox2 loaded 1 chars with 0 blanks and 1 valid
5.7467 	DEBUG 	TextBox2 loaded 1 chars with 0 blanks and 1 valid
5.7473 	DEBUG 	TextBox2 loaded 1 chars with 0 blanks and 1 valid
5.7478 	DEBUG 	TextBox2 loaded 1 chars with 0 blanks and 1 valid
5.7484 	DEBUG 	TextBox2 loaded 1 chars with 0 blanks and 1 valid
5.7489 	DEBUG 	TextBox2 loaded 1 chars with 0 blanks and 1 valid
5.7491 	DEBUG 	Uploading Texture Font fontname to graphics card
5.7500 	DEBUG 	Upload of Texture Font fontname complete
5.7541 	DEBUG 	TextBox2 loaded 1 chars with 0 blanks and 1 valid
5.7548 	DEBUG 	TextBox2 loaded 1 chars with 0 blanks and 1 valid
5.7556 	DEBUG 	TextBox2 loaded 1 chars with 0 blanks and 1 valid
5.7563 	DEBUG 	TextBox2 loaded 1 chars with 0 blanks and 1 valid
5.7568 	DEBUG 	TextBox2 loaded 1 chars with 0 blanks and 1 valid
5.7571 	DEBUG 	TextBox2 loaded 1 chars with 0 blanks and 1 valid
5.7573 	DEBUG 	Uploading Texture Font fontname to graphics card
5.7578 	DEBUG 	Upload of Texture Font fontname complete
5.7660 	EXP 	Created ConditionSelectionText = TextStim(__class__=<class 'psychopy.visual.text.TextStim'>, alignHoriz=method-wrapper(...), alignText='center', alignVert=method-wrapper(...), anchorHoriz='center', anchorVert='center', antialias=True, autoDraw=False, autoLog=True, bold=False, color=array([1., 1., 1.]), colorSpace='rgb', contrast=1.0, depth=0.0, draggable=False, flipHoriz=False, flipVert=False, font='Arial', fontFiles=[], height=np.float64(0.05), italic=False, languageStyle='LTR', name='ConditionSelectionText', opacity=1, ori=0.0, pos=array([0., 0.]), rgb=UNKNOWN, text=str(...), units='height', win=Window(...), wrapWidth=1)
5.7693 	DEBUG 	TextBox2 loaded 1 chars with 0 blanks and 1 valid
5.7695 	DEBUG 	Uploading Texture Font fontname to graphics card
5.7699 	DEBUG 	Upload of Texture Font fontname complete
5.7745 	DEBUG 	TextBox2 loaded 1 chars with 0 blanks and 1 valid
5.7747 	DEBUG 	Uploading Texture Font fontname to graphics card
5.7751 	DEBUG 	Upload of Texture Font fontname complete
5.7790 	DEBUG 	TextBox2 loaded 1 chars with 0 blanks and 1 valid
5.7792 	DEBUG 	Uploading Texture Font fontname to graphics card
5.7809 	DEBUG 	Upload of Texture Font fontname complete
5.7861 	EXP 	Created VideoInstructionsText = TextStim(__class__=<class 'psychopy.visual.text.TextStim'>, alignHoriz=method-wrapper(...), alignText='center', alignVert=method-wrapper(...), anchorHoriz='center', anchorVert='center', antialias=True, autoDraw=False, autoLog=True, bold=False, color=array([1., 1., 1.]), colorSpace='rgb', contrast=1.0, depth=0.0, draggable=False, flipHoriz=False, flipVert=False, font='Arial', fontFiles=[], height=np.float64(0.05), italic=False, languageStyle='LTR', name='VideoInstructionsText', opacity=1, ori=0.0, pos=array([0. , 0.2]), rgb=UNKNOWN, text='', units='height', win=Window(...), wrapWidth=1)
5.8051 	EXP 	Created ScreenshotLeft = ImageStim(__class__=<class 'psychopy.visual.image.ImageStim'>, anchor=('center', 'center'), autoLog=True, color=array([1., 1., 1.]), colorSpace='rgb', contrast=1.0, depth=0.0, draggable=False, flipHoriz=np.False_, flipVert=np.False_, image='default.png', interpolate=True, mask=None, maskParams=None, name='ScreenshotLeft', opacity=1, ori=0.0, pos=array([-0.3,  0. ]), size=array([0.5, 0.5]), texRes=128.0, units='height', win=Window(...))
5.8076 	EXP 	Created ScreenshotRight = ImageStim(__class__=<class 'psychopy.visual.image.ImageStim'>, anchor=('center', 'center'), autoLog=True, color=array([1., 1., 1.]), colorSpace='rgb', contrast=1.0, depth=-1.0, draggable=False, flipHoriz=np.False_, flipVert=np.False_, image='default.png', interpolate=True, mask=None, maskParams=None, name='ScreenshotRight', opacity=1, ori=0.0, pos=array([0.3, 0. ]), size=array([0.5, 0.5]), texRes=128.0, units='height', win=Window(...))
5.8109 	EXP 	Created WordListInstructionsText = TextStim(__class__=<class 'psychopy.visual.text.TextStim'>, alignHoriz=method-wrapper(...), alignText='center', alignVert=method-wrapper(...), anchorHoriz='center', anchorVert='center', antialias=True, autoDraw=False, autoLog=True, bold=False, color=array([1., 1., 1.]), colorSpace='rgb', contrast=1.0, depth=0.0, draggable=False, flipHoriz=False, flipVert=False, font='Arial', fontFiles=[], height=np.float64(0.05), italic=False, languageStyle='LTR', name='WordListInstructionsText', opacity=1, ori=0.0, pos=array([0., 0.]), rgb=UNKNOWN, text=str(...), units='height', win=Window(...), wrapWidth=1)
5.8182 	EXP 	Created WordListStudyText = TextStim(__class__=<class 'psychopy.visual.text.TextStim'>, alignHoriz=method-wrapper(...), alignText='center', alignVert=method-wrapper(...), anchorHoriz='center', anchorVert='center', antialias=True, autoDraw=False, autoLog=True, bold=False, color=array([1., 1., 1.]), colorSpace='rgb', contrast=1.0, depth=0.0, draggable=False, flipHoriz=False, flipVert=False, font='Arial', fontFiles=[], height=0.05, italic=False, languageStyle='LTR', name='WordListStudyText', opacity=1, ori=0.0, pos=array([0., 0.]), rgb=UNKNOWN, text='', units='height', win=Window(...), wrapWidth=1)
5.8189 	EXP 	Created WordListDistractionText = TextStim(__class__=<class 'psychopy.visual.text.TextStim'>, alignHoriz=method-wrapper(...), alignText='center', alignVert=method-wrapper(...), anchorHoriz='center', anchorVert='center', antialias=True, autoDraw=False, autoLog=True, bold=False, color=array([1., 1., 1.]), colorSpace='rgb', contrast=1.0, depth=0.0, draggable=False, flipHoriz=False, flipVert=False, font='Arial', fontFiles=[], height=np.float64(0.05), italic=False, languageStyle='LTR', name='WordListDistractionText', opacity=1, ori=0.0, pos=array([0., 0.]), rgb=UNKNOWN, text='', units='height', win=Window(...), wrapWidth=1)
0.0050 	EXP 	WordListDistractionText: height = np.float64(0.05)
0.0050 	EXP 	WordListDistractionText: height = np.float64(0.05)
0.0050 	EXP 	WordListDistractionText: height = np.float64(0.05)
0.0050 	EXP 	WordListDistractionText: text = 'Count backwards by 3 from 823 out loud'
0.0127 	EXP 	WelcomeText: autoDraw = True
0.5355 	DATA 	Mouse: Left button down, pos=(405,138)
0.5470 	EXP 	WelcomeText: autoDraw = False
0.5470 	EXP 	ConditionSelectionText: autoDraw = True
0.6050 	DATA 	Mouse:  Left button up, pos=(405,138)
0.9326 	DATA 	Mouse: Left button down, pos=(263,145)
0.9458 	EXP 	New trial (rep=0, index=0): <Trial 0 (0 in rep 0) data={'thisN': 0, 'thisTrialN': 0, 'thisRepN': 0}>
0.9496 	EXP 	VideoInstructionsText: height = np.float64(0.05)
0.9496 	EXP 	VideoInstructionsText: height = np.float64(0.05)
0.9496 	EXP 	VideoInstructionsText: height = np.float64(0.05)
0.9496 	EXP 	VideoInstructionsText: text = 'Please take out your phone and go the Instagram account @[Account Name]\n Please watch every video in order from top to bottom with the volume on. You must finish each video before scrolling to the next and only watch each video once.\n Click continue when you are finished!'
0.9496 	EXP 	ConditionSelectionText: autoDraw = False
0.9496 	EXP 	VideoInstructionsText: autoDraw = True
1.0222 	DATA 	Mouse:  Left button up, pos=(263,144)
1.3131 	DATA 	Mouse: Left button down, pos=(339,137)
1.3163 	DEBUG 	Read csv file with pandas: screenshotspreadsheet.csv
1.3171 	DEBUG 	Clearing unnamed columns from screenshotspreadsheet.csv
1.3173 	EXP 	Imported screenshotspreadsheet.csv as conditions, 2 conditions, 2 params
1.3174 	EXP 	New trial (rep=0, index=0): <Trial 0 (0 in rep 0) data={'Condition1New': 'new2.jpg', 'Condition1Old': 'old2.jpg', 'thisN': 0, 'thisTrialN': 0, 'thisRepN': 0}>
1.3319 	EXP 	VideoInstructionsText: autoDraw = False
1.3319 	EXP 	ScreenshotLeft: image = 'Screenshots/new2.jpg'
1.3319 	EXP 	ScreenshotRight: image = 'Screenshots/old2.jpg'
1.3319 	EXP 	ScreenshotLeft: autoDraw = True
1.3319 	EXP 	ScreenshotRight: autoDraw = True
1.4117 	DATA 	Mouse:  Left button up, pos=(339,137)
1.8897 	DATA 	Mouse: Left button down, pos=(290,204)
1.8903 	EXP 	New trial (rep=0, index=1): <Trial 1 (1 in rep 0) data={'Condition1New': 'new1.jpg', 'Condition1Old': 'old1.jpg', 'thisN': 1, 'thisTrialN': 1, 'thisRepN': 0}>
1.9015 	EXP 	ScreenshotLeft: autoDraw = False
1.9015 	EXP 	ScreenshotRight: autoDraw = False
1.9015 	EXP 	ScreenshotLeft: image = 'Screenshots/new1.jpg'
1.9015 	EXP 	ScreenshotRight: image = 'Screenshots/old1.jpg'
1.9015 	EXP 	ScreenshotLeft: autoDraw = True
1.9015 	EXP 	ScreenshotRight: autoDraw = True
1.9735 	DATA 	Mouse:  Left button up, pos=(290,204)
2.1758 	DATA 	Mouse: Left button down, pos=(290,204)
2.1862 	EXP 	ScreenshotLeft: autoDraw = False
2.1862 	EXP 	ScreenshotRight: autoDraw = False
2.1862 	EXP 	WordListInstructionsText: autoDraw = True
2.2642 	DATA 	Mouse:  Left button up, pos=(290,204)
2.6395 	DATA 	Mouse: Left button down, pos=(380,128)
2.6418 	DEBUG 	Read csv file with pandas: wordlistspreadsheets.csv
2.6421 	DEBUG 	Clearing unnamed columns from wordlistspreadsheets.csv
2.6423 	EXP 	Imported wordlistspreadsheets.csv as conditions, 5 conditions, 2 params
2.6425 	EXP 	New trial (rep=0, index=0): <Trial 0 (0 in rep 0) data={'FirstList': 'apple', 'SecondList': 'banana', 'thisN': 0, 'thisTrialN': 0, 'thisRepN': 0}>
2.6514 	EXP 	WordListInstructionsText: autoDraw = False
2.6514 	EXP 	WordListStudyText: height = np.float64(0.05)
2.6514 	EXP 	WordListStudyText: height = np.float64(0.05)
2.6514 	EXP 	WordListStudyText: height = np.float64(0.05)
2.6514 	EXP 	WordListStudyText: text = 'apple'
2.6514 	EXP 	WordListStudyText: autoDraw = True
2.7232 	DATA 	Mouse:  Left button up, pos=(380,128)
3.6400 	EXP 	New trial (rep=0, index=1): <Trial 1 (1 in rep 0) data={'FirstList': 'muffin', 'SecondList': 'cupcake', 'thisN': 1, 'thisTrialN': 1, 'thisRepN': 0}>
3.6452 	EXP 	WordListStudyText: autoDraw = False
3.6452 	EXP 	WordListStudyText: height = np.float64(0.05)
3.6452 	EXP 	WordListStudyText: height = np.float64(0.05)
3.6452 	EXP 	WordListStudyText: height = np.float64(0.05)
3.6452 	EXP 	WordListStudyText: text = 'muffin'
3.6452 	EXP 	WordListStudyText: autoDraw = True
4.6331 	EXP 	New trial (rep=0, index=2): <Trial 2 (2 in rep 0) data={'FirstList': 'orange', 'SecondList': 'tangerine', 'thisN': 2, 'thisTrialN': 2, 'thisRepN': 0}>
4.6383 	EXP 	WordListStudyText: autoDraw = False
4.6383 	EXP 	WordListStudyText: autoDraw = False
4.6383 	EXP 	WordListStudyText: height = np.float64(0.05)
4.6383 	EXP 	WordListStudyText: height = np.float64(0.05)
4.6383 	EXP 	WordListStudyText: height = np.float64(0.05)
4.6383 	EXP 	WordListStudyText: text = 'orange'
4.6383 	EXP 	WordListStudyText: autoDraw = True
5.6264 	EXP 	New trial (rep=0, index=3): <Trial 3 (3 in rep 0) data={'FirstList': 'cat', 'SecondList': 'dog', 'thisN': 3, 'thisTrialN': 3, 'thisRepN': 0}>
5.6316 	EXP 	WordListStudyText: autoDraw = False
5.6316 	EXP 	WordListStudyText: autoDraw = False
5.6316 	EXP 	WordListStudyText: height = np.float64(0.05)
5.6316 	EXP 	WordListStudyText: height = np.float64(0.05)
5.6316 	EXP 	WordListStudyText: height = np.float64(0.05)
5.6316 	EXP 	WordListStudyText: text = 'cat'
5.6316 	EXP 	WordListStudyText: autoDraw = True
6.6194 	EXP 	New trial (rep=0, index=4): <Trial 4 (4 in rep 0) data={'FirstList': 'pizza', 'SecondList': 'beer', 'thisN': 4, 'thisTrialN': 4, 'thisRepN': 0}>
6.6245 	EXP 	WordListStudyText: autoDraw = False
6.6245 	EXP 	WordListStudyText: autoDraw = False
6.6245 	EXP 	WordListStudyText: height = np.float64(0.05)
6.6245 	EXP 	WordListStudyText: height = np.float64(0.05)
6.6245 	EXP 	WordListStudyText: height = np.float64(0.05)
6.6245 	EXP 	WordListStudyText: text = 'pizza'
6.6317 	EXP 	WordListStudyText: autoDraw = True
7.6245 	EXP 	WordListStudyText: autoDraw = False
7.6245 	EXP 	WordListStudyText: autoDraw = False
7.6314 	EXP 	WordListDistractionText: autoDraw = True
8.6245 	EXP 	WordListDistractionText: autoDraw = False
8.6245 	EXP 	WordListDistractionText: autoDraw = False
8.6257 	EXP 	experiment: status = STOPPED
8.6297 	INFO 	saved data to 'C:\\Users\\Jackson\\Documents\\GitHub\\ResearchExperiment\\data\\pilot_experiment_2026-03-07_13h05.28.143.csv'
8.6306 	INFO 	saved data to C:\Users\Jackson\Documents\GitHub\ResearchExperiment\data\pilot_experiment_2026-03-07_13h05.28.143.psydat
8.8680 	DEBUG 	Saving data for experiment ExperimentHandler
8.8709 	WARNING 	Stopping key buffers but this could be dangerous ifother keyboards rely on the same.
