4.3051 	DEBUG 	Fullscreen settings ignored as running in pilot mode.
4.3056 	INFO 	Loaded monitor calibration from ['2026_03_03 13:24']
4.4945 	INFO 	Using renderer 'Intel(R) Iris(R) Xe Graphics' for graphics
4.4946 	INFO 	OpenGL version supported by driver is 4..
4.5215 	EXP 	Created window1 = Window(allowGUI=True, allowStencil=False, autoLog=True, backendConf=UNKNOWN, backgroundFit=<method-wrapper '__getattribute__' of attributeSetter object at 0x000001FE3D18A770>, backgroundImage=<method-wrapper '__getattribute__' of attributeSetter object at 0x000001FE3D18A650>, bitsMode=UNKNOWN, blendMode='avg', bpc=(8, 8, 8), color=array([0, 0, 0]), colorSpace='rgb', depthBits=8, fullscr=False, gamma=None, gammaErrorPolicy='raise', infoMsg=UNKNOWN, lms=UNKNOWN, monitor=<psychopy.monitors.calibTools.Monitor object at 0x000001FE4668E950>, multiSample=False, name='window1', numSamples=2, pos=[np.float64(560.0), np.float64(240.0)], screen=0, size=array([800, 600]), stencilBits=0, stereo=False, title='PsychoPy', units='height', useFBO=True, useRetina=False, viewOri=0.0, viewPos=None, viewScale=None, waitBlanking=True, winType='pyglet')
4.5216 	EXP 	window1: backgroundImage = ''
4.5216 	EXP 	window1: backgroundFit = 'none'
4.5359 	DEBUG 	TextBox2 loaded 1 chars with 0 blanks and 1 valid
4.5448 	DEBUG 	TextBox2 loaded 1 chars with 0 blanks and 1 valid
4.5540 	DEBUG 	TextBox2 loaded 1 chars with 0 blanks and 1 valid
4.5633 	DEBUG 	TextBox2 loaded 1 chars with 0 blanks and 1 valid
4.5728 	DEBUG 	TextBox2 loaded 1 chars with 0 blanks and 1 valid
4.5821 	DEBUG 	TextBox2 loaded 1 chars with 0 blanks and 1 valid
4.5916 	DEBUG 	TextBox2 loaded 1 chars with 0 blanks and 1 valid
4.6011 	DEBUG 	TextBox2 loaded 1 chars with 0 blanks and 1 valid
4.6100 	DEBUG 	TextBox2 loaded 1 chars with 0 blanks and 1 valid
4.6190 	DEBUG 	TextBox2 loaded 1 chars with 0 blanks and 1 valid
4.6280 	DEBUG 	TextBox2 loaded 1 chars with 0 blanks and 1 valid
4.6371 	DEBUG 	TextBox2 loaded 1 chars with 0 blanks and 1 valid
4.6461 	DEBUG 	TextBox2 loaded 1 chars with 0 blanks and 1 valid
4.6554 	DEBUG 	TextBox2 loaded 1 chars with 0 blanks and 1 valid
4.6642 	DEBUG 	TextBox2 loaded 1 chars with 0 blanks and 1 valid
4.6735 	DEBUG 	TextBox2 loaded 1 chars with 0 blanks and 1 valid
4.6824 	DEBUG 	TextBox2 loaded 1 chars with 0 blanks and 1 valid
4.6911 	DEBUG 	TextBox2 loaded 1 chars with 0 blanks and 1 valid
4.7000 	DEBUG 	TextBox2 loaded 1 chars with 0 blanks and 1 valid
4.7092 	DEBUG 	TextBox2 loaded 1 chars with 0 blanks and 1 valid
4.7178 	DEBUG 	TextBox2 loaded 1 chars with 0 blanks and 1 valid
4.7181 	DEBUG 	Uploading Texture Font fontname to graphics card
4.7226 	DEBUG 	Upload of Texture Font fontname complete
4.7355 	DEBUG 	TextBox2 loaded 1 chars with 0 blanks and 1 valid
4.7448 	DEBUG 	TextBox2 loaded 1 chars with 0 blanks and 1 valid
4.7543 	DEBUG 	TextBox2 loaded 1 chars with 0 blanks and 1 valid
4.7546 	DEBUG 	Uploading Texture Font fontname to graphics card
4.7575 	DEBUG 	Upload of Texture Font fontname complete
4.7589 	EXP 	window1: Attempting to measure frame rate of screen (0) ...
4.7589 	EXP 	window1: recordFrameIntervals = False
4.8329 	EXP 	window1: recordFrameIntervals = True
5.5279 	EXP 	window1: recordFrameIntervals = False
5.5279 	EXP 	Screen (0) actual frame rate measured at 145.05Hz
5.5405 	DEBUG 	TextBox2 loaded 1 chars with 0 blanks and 1 valid
5.5494 	DEBUG 	TextBox2 loaded 1 chars with 0 blanks and 1 valid
5.5583 	DEBUG 	TextBox2 loaded 1 chars with 0 blanks and 1 valid
5.5676 	DEBUG 	TextBox2 loaded 1 chars with 0 blanks and 1 valid
5.5767 	DEBUG 	TextBox2 loaded 1 chars with 0 blanks and 1 valid
5.5863 	DEBUG 	TextBox2 loaded 1 chars with 0 blanks and 1 valid
5.5955 	DEBUG 	TextBox2 loaded 1 chars with 0 blanks and 1 valid
5.6047 	DEBUG 	TextBox2 loaded 1 chars with 0 blanks and 1 valid
5.6141 	DEBUG 	TextBox2 loaded 1 chars with 0 blanks and 1 valid
5.6236 	DEBUG 	TextBox2 loaded 1 chars with 0 blanks and 1 valid
5.6238 	DEBUG 	Uploading Texture Font fontname to graphics card
5.6243 	DEBUG 	Upload of Texture Font fontname complete
5.8153 	INFO 	keyboard.Keyboard is using ptb backend.
5.8153 	EXP 	experiment: status = STARTED
5.8743 	EXP 	Created WelcomeText = TextStim(__class__=<class 'psychopy.visual.text.TextStim'>, alignHoriz=method-wrapper(...), alignText='center', alignVert=method-wrapper(...), anchorHoriz='center', anchorVert='center', antialias=True, autoDraw=False, autoLog=True, bold=False, color=array([1., 1., 1.]), colorSpace='rgb', contrast=1.0, depth=0.0, draggable=False, flipHoriz=False, flipVert=False, font='Arial', fontFiles=[], height=np.float64(0.05), italic=False, languageStyle='LTR', name='WelcomeText', opacity=1, ori=0.0, pos=array([0., 0.]), rgb=UNKNOWN, text=str(...), units='height', win=Window(...), wrapWidth=1)
5.8805 	EXP 	Created ConditionSelectionText = TextStim(__class__=<class 'psychopy.visual.text.TextStim'>, alignHoriz=method-wrapper(...), alignText='center', alignVert=method-wrapper(...), anchorHoriz='center', anchorVert='center', antialias=True, autoDraw=False, autoLog=True, bold=False, color=array([1., 1., 1.]), colorSpace='rgb', contrast=1.0, depth=0.0, draggable=False, flipHoriz=False, flipVert=False, font='Arial', fontFiles=[], height=np.float64(0.05), italic=False, languageStyle='LTR', name='ConditionSelectionText', opacity=1, ori=0.0, pos=array([0., 0.]), rgb=UNKNOWN, text=str(...), units='height', win=Window(...), wrapWidth=1)
5.8811 	EXP 	Created VideoInstructionsText = TextStim(__class__=<class 'psychopy.visual.text.TextStim'>, alignHoriz=method-wrapper(...), alignText='center', alignVert=method-wrapper(...), anchorHoriz='center', anchorVert='center', antialias=True, autoDraw=False, autoLog=True, bold=False, color=array([1., 1., 1.]), colorSpace='rgb', contrast=1.0, depth=0.0, draggable=False, flipHoriz=False, flipVert=False, font='Arial', fontFiles=[], height=np.float64(0.05), italic=False, languageStyle='LTR', name='VideoInstructionsText', opacity=1, ori=0.0, pos=array([0., 0.]), rgb=UNKNOWN, text='', units='height', win=Window(...), wrapWidth=1)
5.8857 	EXP 	Created ScreenshotInstructionsText = TextStim(__class__=<class 'psychopy.visual.text.TextStim'>, alignHoriz=method-wrapper(...), alignText='center', alignVert=method-wrapper(...), anchorHoriz='center', anchorVert='center', antialias=True, autoDraw=False, autoLog=True, bold=False, color=array([1., 1., 1.]), colorSpace='rgb', contrast=1.0, depth=0.0, draggable=False, flipHoriz=False, flipVert=False, font='Arial', fontFiles=[], height=np.float64(0.05), italic=False, languageStyle='LTR', name='ScreenshotInstructionsText', opacity=1, ori=0.0, pos=array([0., 0.]), rgb=UNKNOWN, text=str(...), units='height', win=Window(...), wrapWidth=1)
5.8972 	EXP 	Created ScreenshotLeft = ImageStim(__class__=<class 'psychopy.visual.image.ImageStim'>, anchor=('center', 'center'), autoLog=True, color=array([1., 1., 1.]), colorSpace='rgb', contrast=1.0, depth=0.0, draggable=False, flipHoriz=np.False_, flipVert=np.False_, image='default.png', interpolate=True, mask=None, maskParams=None, name='ScreenshotLeft', opacity=1, ori=0.0, pos=array([-0.3,  0. ]), size=array([0.5, 0.5]), texRes=128.0, units='height', win=Window(...))
5.8994 	EXP 	Created ScreenshotRight = ImageStim(__class__=<class 'psychopy.visual.image.ImageStim'>, anchor=('center', 'center'), autoLog=True, color=array([1., 1., 1.]), colorSpace='rgb', contrast=1.0, depth=-1.0, draggable=False, flipHoriz=np.False_, flipVert=np.False_, image='default.png', interpolate=True, mask=None, maskParams=None, name='ScreenshotRight', opacity=1, ori=0.0, pos=array([0.3, 0. ]), size=array([0.5, 0.5]), texRes=128.0, units='height', win=Window(...))
5.9020 	EXP 	Created WordListInstructionsText = TextStim(__class__=<class 'psychopy.visual.text.TextStim'>, alignHoriz=method-wrapper(...), alignText='center', alignVert=method-wrapper(...), anchorHoriz='center', anchorVert='center', antialias=True, autoDraw=False, autoLog=True, bold=False, color=array([1., 1., 1.]), colorSpace='rgb', contrast=1.0, depth=0.0, draggable=False, flipHoriz=False, flipVert=False, font='Arial', fontFiles=[], height=np.float64(0.05), italic=False, languageStyle='LTR', name='WordListInstructionsText', opacity=1, ori=0.0, pos=array([0., 0.]), rgb=UNKNOWN, text=str(...), units='height', win=Window(...), wrapWidth=1)
5.9024 	EXP 	Created WordListStudyText = TextStim(__class__=<class 'psychopy.visual.text.TextStim'>, alignHoriz=method-wrapper(...), alignText='center', alignVert=method-wrapper(...), anchorHoriz='center', anchorVert='center', antialias=True, autoDraw=False, autoLog=True, bold=False, color=array([1., 1., 1.]), colorSpace='rgb', contrast=1.0, depth=0.0, draggable=False, flipHoriz=False, flipVert=False, font='Arial', fontFiles=[], height=0.05, italic=False, languageStyle='LTR', name='WordListStudyText', opacity=1, ori=0.0, pos=array([0., 0.]), rgb=UNKNOWN, text='', units='height', win=Window(...), wrapWidth=1)
5.9030 	EXP 	Created WordListDistractionText = TextStim(__class__=<class 'psychopy.visual.text.TextStim'>, alignHoriz=method-wrapper(...), alignText='center', alignVert=method-wrapper(...), anchorHoriz='center', anchorVert='center', antialias=True, autoDraw=False, autoLog=True, bold=False, color=array([1., 1., 1.]), colorSpace='rgb', contrast=1.0, depth=0.0, draggable=False, flipHoriz=False, flipVert=False, font='Arial', fontFiles=[], height=np.float64(0.05), italic=False, languageStyle='LTR', name='WordListDistractionText', opacity=1, ori=0.0, pos=array([0., 0.]), rgb=UNKNOWN, text='', units='height', win=Window(...), wrapWidth=1)
5.9052 	INFO 	Importing items...
5.9389 	DEBUG 	Saving data for experiment ExperimentHandler
5.9394 	INFO 	saved data to C:\Users\Jackson\Documents\GitHub\ResearchExperiment\data\pilot_experiment_2026-03-07_13h54.42.921.psydat
5.9398 	INFO 	saved data to 'C:\\Users\\Jackson\\Documents\\GitHub\\ResearchExperiment\\data\\pilot_experiment_2026-03-07_13h54.42.921.csv'
5.9433 	WARNING 	Stopping key buffers but this could be dangerous ifother keyboards rely on the same.
