7.1610 	DEBUG 	Fullscreen settings ignored as running in pilot mode.
7.1617 	INFO 	Loaded monitor calibration from ['2026_03_03 13:24']
7.4361 	INFO 	Using renderer 'Intel(R) Iris(R) Xe Graphics' for graphics
7.4362 	INFO 	OpenGL version supported by driver is 4..
7.4794 	EXP 	Created window1 = Window(allowGUI=False, allowStencil=False, autoLog=True, backendConf=UNKNOWN, backgroundFit=<method-wrapper '__getattribute__' of attributeSetter object at 0x0000021C57908FD0>, backgroundImage=<method-wrapper '__getattribute__' of attributeSetter object at 0x0000021C5790A260>, bitsMode=UNKNOWN, blendMode='avg', bpc=(8, 8, 8), color=array([0, 0, 0]), colorSpace='rgb', depthBits=8, fullscr=False, gamma=None, gammaErrorPolicy='raise', infoMsg=UNKNOWN, lms=UNKNOWN, monitor=<psychopy.monitors.calibTools.Monitor object at 0x0000021C589E9330>, multiSample=False, name='window1', numSamples=2, pos=[np.float64(560.0), np.float64(240.0)], screen=0, size=array([800, 600]), stencilBits=0, stereo=False, title='PsychoPy', units='height', useFBO=True, useRetina=False, viewOri=0.0, viewPos=None, viewScale=None, waitBlanking=True, winType='pyglet')
7.4794 	EXP 	window1: backgroundImage = ''
7.4794 	EXP 	window1: backgroundFit = 'none'
7.5034 	DEBUG 	TextBox2 loaded 1 chars with 0 blanks and 1 valid
7.5199 	DEBUG 	TextBox2 loaded 1 chars with 0 blanks and 1 valid
7.5362 	DEBUG 	TextBox2 loaded 1 chars with 0 blanks and 1 valid
7.5527 	DEBUG 	TextBox2 loaded 1 chars with 0 blanks and 1 valid
7.5695 	DEBUG 	TextBox2 loaded 1 chars with 0 blanks and 1 valid
7.5855 	DEBUG 	TextBox2 loaded 1 chars with 0 blanks and 1 valid
7.6012 	DEBUG 	TextBox2 loaded 1 chars with 0 blanks and 1 valid
7.6179 	DEBUG 	TextBox2 loaded 1 chars with 0 blanks and 1 valid
7.6337 	DEBUG 	TextBox2 loaded 1 chars with 0 blanks and 1 valid
7.6492 	DEBUG 	TextBox2 loaded 1 chars with 0 blanks and 1 valid
7.6656 	DEBUG 	TextBox2 loaded 1 chars with 0 blanks and 1 valid
7.6815 	DEBUG 	TextBox2 loaded 1 chars with 0 blanks and 1 valid
7.6975 	DEBUG 	TextBox2 loaded 1 chars with 0 blanks and 1 valid
7.7137 	DEBUG 	TextBox2 loaded 1 chars with 0 blanks and 1 valid
7.7295 	DEBUG 	TextBox2 loaded 1 chars with 0 blanks and 1 valid
7.7454 	DEBUG 	TextBox2 loaded 1 chars with 0 blanks and 1 valid
7.7613 	DEBUG 	TextBox2 loaded 1 chars with 0 blanks and 1 valid
7.7770 	DEBUG 	TextBox2 loaded 1 chars with 0 blanks and 1 valid
7.7926 	DEBUG 	TextBox2 loaded 1 chars with 0 blanks and 1 valid
7.8082 	DEBUG 	TextBox2 loaded 1 chars with 0 blanks and 1 valid
7.8232 	DEBUG 	TextBox2 loaded 1 chars with 0 blanks and 1 valid
7.8236 	DEBUG 	Uploading Texture Font fontname to graphics card
7.8297 	DEBUG 	Upload of Texture Font fontname complete
7.8507 	DEBUG 	TextBox2 loaded 1 chars with 0 blanks and 1 valid
7.8662 	DEBUG 	TextBox2 loaded 1 chars with 0 blanks and 1 valid
7.8824 	DEBUG 	TextBox2 loaded 1 chars with 0 blanks and 1 valid
7.8828 	DEBUG 	Uploading Texture Font fontname to graphics card
7.8871 	DEBUG 	Upload of Texture Font fontname complete
7.8893 	EXP 	window1: Attempting to measure frame rate of screen (0) ...
7.8893 	EXP 	window1: recordFrameIntervals = False
7.9759 	EXP 	window1: recordFrameIntervals = True
8.6702 	EXP 	window1: recordFrameIntervals = False
8.6703 	EXP 	Screen (0) actual frame rate measured at 143.34Hz
8.6900 	DEBUG 	TextBox2 loaded 1 chars with 0 blanks and 1 valid
8.7065 	DEBUG 	TextBox2 loaded 1 chars with 0 blanks and 1 valid
8.7230 	DEBUG 	TextBox2 loaded 1 chars with 0 blanks and 1 valid
8.7405 	DEBUG 	TextBox2 loaded 1 chars with 0 blanks and 1 valid
8.7580 	DEBUG 	TextBox2 loaded 1 chars with 0 blanks and 1 valid
8.7751 	DEBUG 	TextBox2 loaded 1 chars with 0 blanks and 1 valid
8.7912 	DEBUG 	TextBox2 loaded 1 chars with 0 blanks and 1 valid
8.8074 	DEBUG 	TextBox2 loaded 1 chars with 0 blanks and 1 valid
8.8242 	DEBUG 	TextBox2 loaded 1 chars with 0 blanks and 1 valid
8.8407 	DEBUG 	TextBox2 loaded 1 chars with 0 blanks and 1 valid
8.8412 	DEBUG 	Uploading Texture Font fontname to graphics card
8.8419 	DEBUG 	Upload of Texture Font fontname complete
9.0666 	INFO 	keyboard.Keyboard is using ptb backend.
9.0667 	EXP 	experiment: status = STARTED
9.1610 	EXP 	Created WelcomeText = TextStim(__class__=<class 'psychopy.visual.text.TextStim'>, alignHoriz=method-wrapper(...), alignText='center', alignVert=method-wrapper(...), anchorHoriz='center', anchorVert='center', antialias=True, autoDraw=False, autoLog=True, bold=False, color=array([1., 1., 1.]), colorSpace='rgb', contrast=1.0, depth=0.0, draggable=False, flipHoriz=False, flipVert=False, font='Arial', fontFiles=[], height=np.float64(0.05), italic=False, languageStyle='LTR', name='WelcomeText', opacity=1, ori=0.0, pos=array([0., 0.]), rgb=UNKNOWN, text=str(...), units='height', win=Window(...), wrapWidth=1)
9.1668 	DEBUG 	TextBox2 loaded 1 chars with 0 blanks and 1 valid
9.1676 	DEBUG 	TextBox2 loaded 1 chars with 0 blanks and 1 valid
9.1684 	DEBUG 	TextBox2 loaded 1 chars with 0 blanks and 1 valid
9.1692 	DEBUG 	TextBox2 loaded 1 chars with 0 blanks and 1 valid
9.1703 	DEBUG 	TextBox2 loaded 1 chars with 0 blanks and 1 valid
9.1706 	DEBUG 	TextBox2 loaded 1 chars with 0 blanks and 1 valid
9.1709 	DEBUG 	TextBox2 loaded 1 chars with 0 blanks and 1 valid
9.1716 	DEBUG 	TextBox2 loaded 1 chars with 0 blanks and 1 valid
9.1724 	DEBUG 	TextBox2 loaded 1 chars with 0 blanks and 1 valid
9.1733 	DEBUG 	TextBox2 loaded 1 chars with 0 blanks and 1 valid
9.1741 	DEBUG 	TextBox2 loaded 1 chars with 0 blanks and 1 valid
9.1749 	DEBUG 	TextBox2 loaded 1 chars with 0 blanks and 1 valid
9.1753 	DEBUG 	Uploading Texture Font fontname to graphics card
9.1765 	DEBUG 	Upload of Texture Font fontname complete
9.1833 	DEBUG 	TextBox2 loaded 1 chars with 0 blanks and 1 valid
9.1846 	DEBUG 	TextBox2 loaded 1 chars with 0 blanks and 1 valid
9.1859 	DEBUG 	TextBox2 loaded 1 chars with 0 blanks and 1 valid
9.1873 	DEBUG 	TextBox2 loaded 1 chars with 0 blanks and 1 valid
9.1882 	DEBUG 	TextBox2 loaded 1 chars with 0 blanks and 1 valid
9.1887 	DEBUG 	TextBox2 loaded 1 chars with 0 blanks and 1 valid
9.1890 	DEBUG 	Uploading Texture Font fontname to graphics card
9.1901 	DEBUG 	Upload of Texture Font fontname complete
9.2038 	EXP 	Created ConditionSelectionText = TextStim(__class__=<class 'psychopy.visual.text.TextStim'>, alignHoriz=method-wrapper(...), alignText='center', alignVert=method-wrapper(...), anchorHoriz='center', anchorVert='center', antialias=True, autoDraw=False, autoLog=True, bold=False, color=array([1., 1., 1.]), colorSpace='rgb', contrast=1.0, depth=0.0, draggable=False, flipHoriz=False, flipVert=False, font='Arial', fontFiles=[], height=np.float64(0.05), italic=False, languageStyle='LTR', name='ConditionSelectionText', opacity=1, ori=0.0, pos=array([0., 0.]), rgb=UNKNOWN, text=str(...), units='height', win=Window(...), wrapWidth=1)
9.2090 	DEBUG 	TextBox2 loaded 1 chars with 0 blanks and 1 valid
9.2093 	DEBUG 	Uploading Texture Font fontname to graphics card
9.2098 	DEBUG 	Upload of Texture Font fontname complete
9.2160 	DEBUG 	TextBox2 loaded 1 chars with 0 blanks and 1 valid
9.2164 	DEBUG 	Uploading Texture Font fontname to graphics card
9.2174 	DEBUG 	Upload of Texture Font fontname complete
9.2245 	DEBUG 	TextBox2 loaded 1 chars with 0 blanks and 1 valid
9.2247 	DEBUG 	Uploading Texture Font fontname to graphics card
9.2269 	DEBUG 	Upload of Texture Font fontname complete
0.0197 	EXP 	WelcomeText: autoDraw = True
0.6956 	DATA 	Mouse: Left button down, pos=(415,78)
0.7068 	EXP 	WelcomeText: autoDraw = False
0.7068 	EXP 	ConditionSelectionText: autoDraw = True
0.7687 	DATA 	Mouse:  Left button up, pos=(415,78)
22.3787 	DATA 	Mouse: Left button down, pos=(212,140)
22.3950 	EXP 	ConditionSelectionText: autoDraw = False
22.3971 	EXP 	experiment: status = STOPPED
22.4485 	INFO 	saved data to 'C:\\Users\\Jackson\\Desktop\\Research Project Experiment\\data\\pilot_experiment_2026-03-06_13h39.36.428.csv'
22.4491 	INFO 	saved data to C:\Users\Jackson\Desktop\Research Project Experiment\data\pilot_experiment_2026-03-06_13h39.36.428.psydat
22.8155 	DEBUG 	Saving data for experiment ExperimentHandler
22.8190 	WARNING 	Stopping key buffers but this could be dangerous ifother keyboards rely on the same.
