4.3237 	DEBUG 	Fullscreen settings ignored as running in pilot mode.
4.3242 	INFO 	Loaded monitor calibration from ['2026_03_03 13:24']
4.4969 	INFO 	Using renderer 'Intel(R) Iris(R) Xe Graphics' for graphics
4.4969 	INFO 	OpenGL version supported by driver is 4..
4.5254 	EXP 	Created window1 = Window(allowGUI=True, allowStencil=False, autoLog=True, backendConf=UNKNOWN, backgroundFit=<method-wrapper '__getattribute__' of attributeSetter object at 0x000001F270BEDDB0>, backgroundImage=<method-wrapper '__getattribute__' of attributeSetter object at 0x000001F270BEDED0>, bitsMode=UNKNOWN, blendMode='avg', bpc=(8, 8, 8), color=array([0, 0, 0]), colorSpace='rgb', depthBits=8, fullscr=False, gamma=None, gammaErrorPolicy='raise', infoMsg=UNKNOWN, lms=UNKNOWN, monitor=<psychopy.monitors.calibTools.Monitor object at 0x000001F270CA7D30>, multiSample=False, name='window1', numSamples=2, pos=[np.float64(560.0), np.float64(240.0)], screen=0, size=array([800, 600]), stencilBits=0, stereo=False, title='PsychoPy', units='height', useFBO=True, useRetina=False, viewOri=0.0, viewPos=None, viewScale=None, waitBlanking=True, winType='pyglet')
4.5255 	EXP 	window1: backgroundImage = ''
4.5255 	EXP 	window1: backgroundFit = 'none'
4.5401 	DEBUG 	TextBox2 loaded 1 chars with 0 blanks and 1 valid
4.5495 	DEBUG 	TextBox2 loaded 1 chars with 0 blanks and 1 valid
4.5587 	DEBUG 	TextBox2 loaded 1 chars with 0 blanks and 1 valid
4.5680 	DEBUG 	TextBox2 loaded 1 chars with 0 blanks and 1 valid
4.5771 	DEBUG 	TextBox2 loaded 1 chars with 0 blanks and 1 valid
4.5862 	DEBUG 	TextBox2 loaded 1 chars with 0 blanks and 1 valid
4.5953 	DEBUG 	TextBox2 loaded 1 chars with 0 blanks and 1 valid
4.6046 	DEBUG 	TextBox2 loaded 1 chars with 0 blanks and 1 valid
4.6134 	DEBUG 	TextBox2 loaded 1 chars with 0 blanks and 1 valid
4.6225 	DEBUG 	TextBox2 loaded 1 chars with 0 blanks and 1 valid
4.6322 	DEBUG 	TextBox2 loaded 1 chars with 0 blanks and 1 valid
4.6411 	DEBUG 	TextBox2 loaded 1 chars with 0 blanks and 1 valid
4.6501 	DEBUG 	TextBox2 loaded 1 chars with 0 blanks and 1 valid
4.6589 	DEBUG 	TextBox2 loaded 1 chars with 0 blanks and 1 valid
4.6679 	DEBUG 	TextBox2 loaded 1 chars with 0 blanks and 1 valid
4.6774 	DEBUG 	TextBox2 loaded 1 chars with 0 blanks and 1 valid
4.6873 	DEBUG 	TextBox2 loaded 1 chars with 0 blanks and 1 valid
4.6960 	DEBUG 	TextBox2 loaded 1 chars with 0 blanks and 1 valid
4.7046 	DEBUG 	TextBox2 loaded 1 chars with 0 blanks and 1 valid
4.7137 	DEBUG 	TextBox2 loaded 1 chars with 0 blanks and 1 valid
4.7224 	DEBUG 	TextBox2 loaded 1 chars with 0 blanks and 1 valid
4.7227 	DEBUG 	Uploading Texture Font fontname to graphics card
4.7272 	DEBUG 	Upload of Texture Font fontname complete
4.7410 	DEBUG 	TextBox2 loaded 1 chars with 0 blanks and 1 valid
4.7505 	DEBUG 	TextBox2 loaded 1 chars with 0 blanks and 1 valid
4.7601 	DEBUG 	TextBox2 loaded 1 chars with 0 blanks and 1 valid
4.7604 	DEBUG 	Uploading Texture Font fontname to graphics card
4.7630 	DEBUG 	Upload of Texture Font fontname complete
4.7645 	EXP 	window1: Attempting to measure frame rate of screen (0) ...
4.7645 	EXP 	window1: recordFrameIntervals = False
4.8385 	EXP 	window1: recordFrameIntervals = True
5.5334 	EXP 	window1: recordFrameIntervals = False
5.5334 	EXP 	Screen (0) actual frame rate measured at 145.17Hz
5.5467 	DEBUG 	TextBox2 loaded 1 chars with 0 blanks and 1 valid
5.5556 	DEBUG 	TextBox2 loaded 1 chars with 0 blanks and 1 valid
5.5644 	DEBUG 	TextBox2 loaded 1 chars with 0 blanks and 1 valid
5.5737 	DEBUG 	TextBox2 loaded 1 chars with 0 blanks and 1 valid
5.5829 	DEBUG 	TextBox2 loaded 1 chars with 0 blanks and 1 valid
5.5921 	DEBUG 	TextBox2 loaded 1 chars with 0 blanks and 1 valid
5.6011 	DEBUG 	TextBox2 loaded 1 chars with 0 blanks and 1 valid
5.6102 	DEBUG 	TextBox2 loaded 1 chars with 0 blanks and 1 valid
5.6193 	DEBUG 	TextBox2 loaded 1 chars with 0 blanks and 1 valid
5.6290 	DEBUG 	TextBox2 loaded 1 chars with 0 blanks and 1 valid
5.6292 	DEBUG 	Uploading Texture Font fontname to graphics card
5.6297 	DEBUG 	Upload of Texture Font fontname complete
5.8186 	INFO 	keyboard.Keyboard is using ptb backend.
5.8187 	EXP 	experiment: status = STARTED
5.8767 	EXP 	Created WelcomeText = TextStim(__class__=<class 'psychopy.visual.text.TextStim'>, alignHoriz=method-wrapper(...), alignText='center', alignVert=method-wrapper(...), anchorHoriz='center', anchorVert='center', antialias=True, autoDraw=False, autoLog=True, bold=False, color=array([1., 1., 1.]), colorSpace='rgb', contrast=1.0, depth=0.0, draggable=False, flipHoriz=False, flipVert=False, font='Arial', fontFiles=[], height=np.float64(0.05), italic=False, languageStyle='LTR', name='WelcomeText', opacity=1, ori=0.0, pos=array([0., 0.]), rgb=UNKNOWN, text=str(...), units='height', win=Window(...), wrapWidth=1)
5.8828 	EXP 	Created ConditionSelectionText = TextStim(__class__=<class 'psychopy.visual.text.TextStim'>, alignHoriz=method-wrapper(...), alignText='center', alignVert=method-wrapper(...), anchorHoriz='center', anchorVert='center', antialias=True, autoDraw=False, autoLog=True, bold=False, color=array([1., 1., 1.]), colorSpace='rgb', contrast=1.0, depth=0.0, draggable=False, flipHoriz=False, flipVert=False, font='Arial', fontFiles=[], height=np.float64(0.05), italic=False, languageStyle='LTR', name='ConditionSelectionText', opacity=1, ori=0.0, pos=array([0., 0.]), rgb=UNKNOWN, text=str(...), units='height', win=Window(...), wrapWidth=1)
5.8835 	EXP 	Created VideoInstructionsText = TextStim(__class__=<class 'psychopy.visual.text.TextStim'>, alignHoriz=method-wrapper(...), alignText='center', alignVert=method-wrapper(...), anchorHoriz='center', anchorVert='center', antialias=True, autoDraw=False, autoLog=True, bold=False, color=array([1., 1., 1.]), colorSpace='rgb', contrast=1.0, depth=0.0, draggable=False, flipHoriz=False, flipVert=False, font='Arial', fontFiles=[], height=np.float64(0.05), italic=False, languageStyle='LTR', name='VideoInstructionsText', opacity=1, ori=0.0, pos=array([0., 0.]), rgb=UNKNOWN, text='', units='height', win=Window(...), wrapWidth=1)
5.8883 	EXP 	Created ScreenshotInstructionsText = TextStim(__class__=<class 'psychopy.visual.text.TextStim'>, alignHoriz=method-wrapper(...), alignText='center', alignVert=method-wrapper(...), anchorHoriz='center', anchorVert='center', antialias=True, autoDraw=False, autoLog=True, bold=False, color=array([1., 1., 1.]), colorSpace='rgb', contrast=1.0, depth=0.0, draggable=False, flipHoriz=False, flipVert=False, font='Arial', fontFiles=[], height=np.float64(0.05), italic=False, languageStyle='LTR', name='ScreenshotInstructionsText', opacity=1, ori=0.0, pos=array([0., 0.]), rgb=UNKNOWN, text=str(...), units='height', win=Window(...), wrapWidth=1)
5.8999 	EXP 	Created ScreenshotLeft = ImageStim(__class__=<class 'psychopy.visual.image.ImageStim'>, anchor=('center', 'center'), autoLog=True, color=array([1., 1., 1.]), colorSpace='rgb', contrast=1.0, depth=0.0, draggable=False, flipHoriz=np.False_, flipVert=np.False_, image='default.png', interpolate=True, mask=None, maskParams=None, name='ScreenshotLeft', opacity=1, ori=0.0, pos=array([-0.3,  0. ]), size=array([0.5, 0.5]), texRes=128.0, units='height', win=Window(...))
5.9021 	EXP 	Created ScreenshotRight = ImageStim(__class__=<class 'psychopy.visual.image.ImageStim'>, anchor=('center', 'center'), autoLog=True, color=array([1., 1., 1.]), colorSpace='rgb', contrast=1.0, depth=-1.0, draggable=False, flipHoriz=np.False_, flipVert=np.False_, image='default.png', interpolate=True, mask=None, maskParams=None, name='ScreenshotRight', opacity=1, ori=0.0, pos=array([0.3, 0. ]), size=array([0.5, 0.5]), texRes=128.0, units='height', win=Window(...))
5.9047 	EXP 	Created WordListInstructionsText = TextStim(__class__=<class 'psychopy.visual.text.TextStim'>, alignHoriz=method-wrapper(...), alignText='center', alignVert=method-wrapper(...), anchorHoriz='center', anchorVert='center', antialias=True, autoDraw=False, autoLog=True, bold=False, color=array([1., 1., 1.]), colorSpace='rgb', contrast=1.0, depth=0.0, draggable=False, flipHoriz=False, flipVert=False, font='Arial', fontFiles=[], height=np.float64(0.05), italic=False, languageStyle='LTR', name='WordListInstructionsText', opacity=1, ori=0.0, pos=array([0., 0.]), rgb=UNKNOWN, text=str(...), units='height', win=Window(...), wrapWidth=1)
5.9051 	EXP 	Created WordListStudyText = TextStim(__class__=<class 'psychopy.visual.text.TextStim'>, alignHoriz=method-wrapper(...), alignText='center', alignVert=method-wrapper(...), anchorHoriz='center', anchorVert='center', antialias=True, autoDraw=False, autoLog=True, bold=False, color=array([1., 1., 1.]), colorSpace='rgb', contrast=1.0, depth=0.0, draggable=False, flipHoriz=False, flipVert=False, font='Arial', fontFiles=[], height=0.05, italic=False, languageStyle='LTR', name='WordListStudyText', opacity=1, ori=0.0, pos=array([0., 0.]), rgb=UNKNOWN, text='', units='height', win=Window(...), wrapWidth=1)
5.9058 	EXP 	Created WordListDistractionText = TextStim(__class__=<class 'psychopy.visual.text.TextStim'>, alignHoriz=method-wrapper(...), alignText='center', alignVert=method-wrapper(...), anchorHoriz='center', anchorVert='center', antialias=True, autoDraw=False, autoLog=True, bold=False, color=array([1., 1., 1.]), colorSpace='rgb', contrast=1.0, depth=0.0, draggable=False, flipHoriz=False, flipVert=False, font='Arial', fontFiles=[], height=np.float64(0.05), italic=False, languageStyle='LTR', name='WordListDistractionText', opacity=1, ori=0.0, pos=array([0., 0.]), rgb=UNKNOWN, text='', units='height', win=Window(...), wrapWidth=1)
5.9084 	INFO 	Importing items...
5.9112 	DEBUG 	Read csv file with pandas: wordlistform.csv
5.9142 	DEBUG 	Clearing unnamed columns from wordlistform.csv
5.9145 	EXP 	Imported wordlistform.csv as conditions, 5 conditions, 4 params
5.9146 	INFO 	Using default values for the following headers: ['itemColor', 'itemWidth', 'ticks', 'tickLabels', 'font', 'responseWidth', 'responseColor', 'markerColor', 'layout', 'itemColor', 'itemWidth', 'ticks', 'tickLabels', 'font', 'responseWidth', 'responseColor', 'markerColor', 'layout', 'itemColor', 'itemWidth', 'ticks', 'tickLabels', 'font', 'responseWidth', 'responseColor', 'markerColor', 'layout', 'itemColor', 'itemWidth', 'ticks', 'tickLabels', 'font', 'responseWidth', 'responseColor', 'markerColor', 'layout', 'itemColor', 'itemWidth', 'ticks', 'tickLabels', 'font', 'responseWidth', 'responseColor', 'markerColor', 'layout']
5.9151 	INFO 	Setting layout of Form: WordListTestForm.
5.9152 	EXP 	Question text: 1
5.9265 	DEBUG 	TextBox2 loaded 1 chars with 0 blanks and 1 valid
5.9267 	DEBUG 	Uploading Texture Font fontname to graphics card
5.9276 	DEBUG 	Upload of Texture Font fontname complete
5.9397 	DEBUG 	TextBox2 loaded 1 chars with 0 blanks and 1 valid
5.9487 	DEBUG 	TextBox2 loaded 1 chars with 0 blanks and 1 valid
5.9576 	DEBUG 	TextBox2 loaded 1 chars with 0 blanks and 1 valid
5.9663 	DEBUG 	TextBox2 loaded 1 chars with 0 blanks and 1 valid
5.9749 	DEBUG 	TextBox2 loaded 1 chars with 0 blanks and 1 valid
5.9836 	DEBUG 	TextBox2 loaded 1 chars with 0 blanks and 1 valid
5.9924 	DEBUG 	TextBox2 loaded 1 chars with 0 blanks and 1 valid
6.0016 	DEBUG 	TextBox2 loaded 1 chars with 0 blanks and 1 valid
6.0106 	DEBUG 	TextBox2 loaded 1 chars with 0 blanks and 1 valid
6.0108 	DEBUG 	Uploading Texture Font fontname to graphics card
6.0113 	DEBUG 	Upload of Texture Font fontname complete
6.0121 	INFO 	Adding response to Form type: choice, layout: horiz, options: ['apple']
6.0724 	DEBUG 	Saving data for experiment ExperimentHandler
6.0730 	INFO 	saved data to C:\Users\Jackson\Documents\GitHub\ResearchExperiment\data\pilot_experiment_2026-03-07_15h54.52.432.psydat
6.0733 	INFO 	saved data to 'C:\\Users\\Jackson\\Documents\\GitHub\\ResearchExperiment\\data\\pilot_experiment_2026-03-07_15h54.52.432.csv'
6.0768 	WARNING 	Stopping key buffers but this could be dangerous ifother keyboards rely on the same.
