4.3936 	DEBUG 	Fullscreen settings ignored as running in pilot mode.
4.3943 	INFO 	Loaded monitor calibration from ['2026_03_03 13:24']
4.5841 	INFO 	Using renderer 'Intel(R) Iris(R) Xe Graphics' for graphics
4.5841 	INFO 	OpenGL version supported by driver is 4..
4.6118 	EXP 	Created window1 = Window(allowGUI=True, allowStencil=False, autoLog=True, backendConf=UNKNOWN, backgroundFit=<method-wrapper '__getattribute__' of attributeSetter object at 0x000001BD06780640>, backgroundImage=<method-wrapper '__getattribute__' of attributeSetter object at 0x000001BD06780100>, bitsMode=UNKNOWN, blendMode='avg', bpc=(8, 8, 8), color=array([0, 0, 0]), colorSpace='rgb', depthBits=8, fullscr=False, gamma=None, gammaErrorPolicy='raise', infoMsg=UNKNOWN, lms=UNKNOWN, monitor=<psychopy.monitors.calibTools.Monitor object at 0x000001BD06706770>, multiSample=False, name='window1', numSamples=2, pos=[np.float64(560.0), np.float64(240.0)], screen=0, size=array([800, 600]), stencilBits=0, stereo=False, title='PsychoPy', units='height', useFBO=True, useRetina=False, viewOri=0.0, viewPos=None, viewScale=None, waitBlanking=True, winType='pyglet')
4.6119 	EXP 	window1: backgroundImage = ''
4.6119 	EXP 	window1: backgroundFit = 'none'
4.6280 	DEBUG 	TextBox2 loaded 1 chars with 0 blanks and 1 valid
4.6374 	DEBUG 	TextBox2 loaded 1 chars with 0 blanks and 1 valid
4.6468 	DEBUG 	TextBox2 loaded 1 chars with 0 blanks and 1 valid
4.6562 	DEBUG 	TextBox2 loaded 1 chars with 0 blanks and 1 valid
4.6657 	DEBUG 	TextBox2 loaded 1 chars with 0 blanks and 1 valid
4.6749 	DEBUG 	TextBox2 loaded 1 chars with 0 blanks and 1 valid
4.6842 	DEBUG 	TextBox2 loaded 1 chars with 0 blanks and 1 valid
4.6937 	DEBUG 	TextBox2 loaded 1 chars with 0 blanks and 1 valid
4.7028 	DEBUG 	TextBox2 loaded 1 chars with 0 blanks and 1 valid
4.7120 	DEBUG 	TextBox2 loaded 1 chars with 0 blanks and 1 valid
4.7213 	DEBUG 	TextBox2 loaded 1 chars with 0 blanks and 1 valid
4.7306 	DEBUG 	TextBox2 loaded 1 chars with 0 blanks and 1 valid
4.7399 	DEBUG 	TextBox2 loaded 1 chars with 0 blanks and 1 valid
4.7490 	DEBUG 	TextBox2 loaded 1 chars with 0 blanks and 1 valid
4.7581 	DEBUG 	TextBox2 loaded 1 chars with 0 blanks and 1 valid
4.7675 	DEBUG 	TextBox2 loaded 1 chars with 0 blanks and 1 valid
4.7768 	DEBUG 	TextBox2 loaded 1 chars with 0 blanks and 1 valid
4.7863 	DEBUG 	TextBox2 loaded 1 chars with 0 blanks and 1 valid
4.7956 	DEBUG 	TextBox2 loaded 1 chars with 0 blanks and 1 valid
4.8052 	DEBUG 	TextBox2 loaded 1 chars with 0 blanks and 1 valid
4.8144 	DEBUG 	TextBox2 loaded 1 chars with 0 blanks and 1 valid
4.8148 	DEBUG 	Uploading Texture Font fontname to graphics card
4.8197 	DEBUG 	Upload of Texture Font fontname complete
4.8329 	DEBUG 	TextBox2 loaded 1 chars with 0 blanks and 1 valid
4.8423 	DEBUG 	TextBox2 loaded 1 chars with 0 blanks and 1 valid
4.8522 	DEBUG 	TextBox2 loaded 1 chars with 0 blanks and 1 valid
4.8524 	DEBUG 	Uploading Texture Font fontname to graphics card
4.8560 	DEBUG 	Upload of Texture Font fontname complete
4.8575 	EXP 	window1: Attempting to measure frame rate of screen (0) ...
4.8576 	EXP 	window1: recordFrameIntervals = False
4.9327 	EXP 	window1: recordFrameIntervals = True
5.6282 	EXP 	window1: recordFrameIntervals = False
5.6282 	EXP 	Screen (0) actual frame rate measured at 142.97Hz
5.6427 	DEBUG 	TextBox2 loaded 1 chars with 0 blanks and 1 valid
5.6519 	DEBUG 	TextBox2 loaded 1 chars with 0 blanks and 1 valid
5.6610 	DEBUG 	TextBox2 loaded 1 chars with 0 blanks and 1 valid
5.6701 	DEBUG 	TextBox2 loaded 1 chars with 0 blanks and 1 valid
5.6790 	DEBUG 	TextBox2 loaded 1 chars with 0 blanks and 1 valid
5.6880 	DEBUG 	TextBox2 loaded 1 chars with 0 blanks and 1 valid
5.6970 	DEBUG 	TextBox2 loaded 1 chars with 0 blanks and 1 valid
5.7061 	DEBUG 	TextBox2 loaded 1 chars with 0 blanks and 1 valid
5.7150 	DEBUG 	TextBox2 loaded 1 chars with 0 blanks and 1 valid
5.7241 	DEBUG 	TextBox2 loaded 1 chars with 0 blanks and 1 valid
5.7243 	DEBUG 	Uploading Texture Font fontname to graphics card
5.7248 	DEBUG 	Upload of Texture Font fontname complete
5.9093 	INFO 	keyboard.Keyboard is using ptb backend.
5.9094 	EXP 	experiment: status = STARTED
5.9677 	EXP 	Created WelcomeText = TextStim(__class__=<class 'psychopy.visual.text.TextStim'>, alignHoriz=method-wrapper(...), alignText='center', alignVert=method-wrapper(...), anchorHoriz='center', anchorVert='center', antialias=True, autoDraw=False, autoLog=True, bold=False, color=array([1., 1., 1.]), colorSpace='rgb', contrast=1.0, depth=0.0, draggable=False, flipHoriz=False, flipVert=False, font='Arial', fontFiles=[], height=np.float64(0.05), italic=False, languageStyle='LTR', name='WelcomeText', opacity=1, ori=0.0, pos=array([0., 0.]), rgb=UNKNOWN, text=str(...), units='height', win=Window(...), wrapWidth=1)
5.9741 	EXP 	Created ConditionSelectionText = TextStim(__class__=<class 'psychopy.visual.text.TextStim'>, alignHoriz=method-wrapper(...), alignText='center', alignVert=method-wrapper(...), anchorHoriz='center', anchorVert='center', antialias=True, autoDraw=False, autoLog=True, bold=False, color=array([1., 1., 1.]), colorSpace='rgb', contrast=1.0, depth=0.0, draggable=False, flipHoriz=False, flipVert=False, font='Arial', fontFiles=[], height=np.float64(0.05), italic=False, languageStyle='LTR', name='ConditionSelectionText', opacity=1, ori=0.0, pos=array([0., 0.]), rgb=UNKNOWN, text=str(...), units='height', win=Window(...), wrapWidth=1)
5.9749 	EXP 	Created VideoInstructionsText = TextStim(__class__=<class 'psychopy.visual.text.TextStim'>, alignHoriz=method-wrapper(...), alignText='center', alignVert=method-wrapper(...), anchorHoriz='center', anchorVert='center', antialias=True, autoDraw=False, autoLog=True, bold=False, color=array([1., 1., 1.]), colorSpace='rgb', contrast=1.0, depth=0.0, draggable=False, flipHoriz=False, flipVert=False, font='Arial', fontFiles=[], height=np.float64(0.05), italic=False, languageStyle='LTR', name='VideoInstructionsText', opacity=1, ori=0.0, pos=array([0., 0.]), rgb=UNKNOWN, text='', units='height', win=Window(...), wrapWidth=1)
5.9795 	EXP 	Created ScreenshotInstructionsText = TextStim(__class__=<class 'psychopy.visual.text.TextStim'>, alignHoriz=method-wrapper(...), alignText='center', alignVert=method-wrapper(...), anchorHoriz='center', anchorVert='center', antialias=True, autoDraw=False, autoLog=True, bold=False, color=array([1., 1., 1.]), colorSpace='rgb', contrast=1.0, depth=0.0, draggable=False, flipHoriz=False, flipVert=False, font='Arial', fontFiles=[], height=np.float64(0.05), italic=False, languageStyle='LTR', name='ScreenshotInstructionsText', opacity=1, ori=0.0, pos=array([0., 0.]), rgb=UNKNOWN, text=str(...), units='height', win=Window(...), wrapWidth=1)
5.9911 	EXP 	Created ScreenshotLeft = ImageStim(__class__=<class 'psychopy.visual.image.ImageStim'>, anchor=('center', 'center'), autoLog=True, color=array([1., 1., 1.]), colorSpace='rgb', contrast=1.0, depth=0.0, draggable=False, flipHoriz=np.False_, flipVert=np.False_, image='default.png', interpolate=True, mask=None, maskParams=None, name='ScreenshotLeft', opacity=1, ori=0.0, pos=array([-0.3,  0. ]), size=array([0.5, 0.5]), texRes=128.0, units='height', win=Window(...))
5.9936 	EXP 	Created ScreenshotRight = ImageStim(__class__=<class 'psychopy.visual.image.ImageStim'>, anchor=('center', 'center'), autoLog=True, color=array([1., 1., 1.]), colorSpace='rgb', contrast=1.0, depth=-1.0, draggable=False, flipHoriz=np.False_, flipVert=np.False_, image='default.png', interpolate=True, mask=None, maskParams=None, name='ScreenshotRight', opacity=1, ori=0.0, pos=array([0.3, 0. ]), size=array([0.5, 0.5]), texRes=128.0, units='height', win=Window(...))
5.9964 	EXP 	Created WordListInstructionsText = TextStim(__class__=<class 'psychopy.visual.text.TextStim'>, alignHoriz=method-wrapper(...), alignText='center', alignVert=method-wrapper(...), anchorHoriz='center', anchorVert='center', antialias=True, autoDraw=False, autoLog=True, bold=False, color=array([1., 1., 1.]), colorSpace='rgb', contrast=1.0, depth=0.0, draggable=False, flipHoriz=False, flipVert=False, font='Arial', fontFiles=[], height=np.float64(0.05), italic=False, languageStyle='LTR', name='WordListInstructionsText', opacity=1, ori=0.0, pos=array([0., 0.]), rgb=UNKNOWN, text=str(...), units='height', win=Window(...), wrapWidth=1)
5.9969 	EXP 	Created WordListStudyText = TextStim(__class__=<class 'psychopy.visual.text.TextStim'>, alignHoriz=method-wrapper(...), alignText='center', alignVert=method-wrapper(...), anchorHoriz='center', anchorVert='center', antialias=True, autoDraw=False, autoLog=True, bold=False, color=array([1., 1., 1.]), colorSpace='rgb', contrast=1.0, depth=0.0, draggable=False, flipHoriz=False, flipVert=False, font='Arial', fontFiles=[], height=0.05, italic=False, languageStyle='LTR', name='WordListStudyText', opacity=1, ori=0.0, pos=array([0., 0.]), rgb=UNKNOWN, text='', units='height', win=Window(...), wrapWidth=1)
5.9975 	EXP 	Created WordListDistractionText = TextStim(__class__=<class 'psychopy.visual.text.TextStim'>, alignHoriz=method-wrapper(...), alignText='center', alignVert=method-wrapper(...), anchorHoriz='center', anchorVert='center', antialias=True, autoDraw=False, autoLog=True, bold=False, color=array([1., 1., 1.]), colorSpace='rgb', contrast=1.0, depth=0.0, draggable=False, flipHoriz=False, flipVert=False, font='Arial', fontFiles=[], height=np.float64(0.05), italic=False, languageStyle='LTR', name='WordListDistractionText', opacity=1, ori=0.0, pos=array([0., 0.]), rgb=UNKNOWN, text='', units='height', win=Window(...), wrapWidth=1)
6.0006 	INFO 	Importing items...
6.0258 	DEBUG 	Saving data for experiment ExperimentHandler
6.0263 	INFO 	saved data to C:\Users\Jackson\Documents\GitHub\ResearchExperiment\data\pilot_experiment_2026-03-07_13h53.27.350.psydat
6.0267 	INFO 	saved data to 'C:\\Users\\Jackson\\Documents\\GitHub\\ResearchExperiment\\data\\pilot_experiment_2026-03-07_13h53.27.350.csv'
6.0338 	WARNING 	Stopping key buffers but this could be dangerous ifother keyboards rely on the same.
