5.1622 	DEBUG 	Fullscreen settings ignored as running in pilot mode.
5.1627 	INFO 	Loaded monitor calibration from ['2026_03_03 13:24']
5.3378 	INFO 	Using renderer 'Intel(R) Iris(R) Xe Graphics' for graphics
5.3378 	INFO 	OpenGL version supported by driver is 4..
5.3646 	EXP 	Created window1 = Window(allowGUI=True, allowStencil=False, autoLog=True, backendConf=UNKNOWN, backgroundFit=<method-wrapper '__getattribute__' of attributeSetter object at 0x000001F03E98B5E0>, backgroundImage=<method-wrapper '__getattribute__' of attributeSetter object at 0x000001F03E98B250>, bitsMode=UNKNOWN, blendMode='avg', bpc=(8, 8, 8), color=array([0, 0, 0]), colorSpace='rgb', depthBits=8, fullscr=False, gamma=None, gammaErrorPolicy='raise', infoMsg=UNKNOWN, lms=UNKNOWN, monitor=<psychopy.monitors.calibTools.Monitor object at 0x000001F047CA89A0>, multiSample=False, name='window1', numSamples=2, pos=[np.float64(560.0), np.float64(240.0)], screen=0, size=array([800, 600]), stencilBits=0, stereo=False, title='PsychoPy', units='height', useFBO=True, useRetina=False, viewOri=0.0, viewPos=None, viewScale=None, waitBlanking=True, winType='pyglet')
5.3646 	EXP 	window1: backgroundImage = ''
5.3647 	EXP 	window1: backgroundFit = 'none'
5.3788 	DEBUG 	TextBox2 loaded 1 chars with 0 blanks and 1 valid
5.3879 	DEBUG 	TextBox2 loaded 1 chars with 0 blanks and 1 valid
5.3970 	DEBUG 	TextBox2 loaded 1 chars with 0 blanks and 1 valid
5.4063 	DEBUG 	TextBox2 loaded 1 chars with 0 blanks and 1 valid
5.4155 	DEBUG 	TextBox2 loaded 1 chars with 0 blanks and 1 valid
5.4248 	DEBUG 	TextBox2 loaded 1 chars with 0 blanks and 1 valid
5.4341 	DEBUG 	TextBox2 loaded 1 chars with 0 blanks and 1 valid
5.4431 	DEBUG 	TextBox2 loaded 1 chars with 0 blanks and 1 valid
5.4521 	DEBUG 	TextBox2 loaded 1 chars with 0 blanks and 1 valid
5.4614 	DEBUG 	TextBox2 loaded 1 chars with 0 blanks and 1 valid
5.4707 	DEBUG 	TextBox2 loaded 1 chars with 0 blanks and 1 valid
5.4805 	DEBUG 	TextBox2 loaded 1 chars with 0 blanks and 1 valid
5.4901 	DEBUG 	TextBox2 loaded 1 chars with 0 blanks and 1 valid
5.4991 	DEBUG 	TextBox2 loaded 1 chars with 0 blanks and 1 valid
5.5080 	DEBUG 	TextBox2 loaded 1 chars with 0 blanks and 1 valid
5.5176 	DEBUG 	TextBox2 loaded 1 chars with 0 blanks and 1 valid
5.5271 	DEBUG 	TextBox2 loaded 1 chars with 0 blanks and 1 valid
5.5360 	DEBUG 	TextBox2 loaded 1 chars with 0 blanks and 1 valid
5.5451 	DEBUG 	TextBox2 loaded 1 chars with 0 blanks and 1 valid
5.5546 	DEBUG 	TextBox2 loaded 1 chars with 0 blanks and 1 valid
5.5632 	DEBUG 	TextBox2 loaded 1 chars with 0 blanks and 1 valid
5.5635 	DEBUG 	Uploading Texture Font fontname to graphics card
5.5674 	DEBUG 	Upload of Texture Font fontname complete
5.5807 	DEBUG 	TextBox2 loaded 1 chars with 0 blanks and 1 valid
5.5904 	DEBUG 	TextBox2 loaded 1 chars with 0 blanks and 1 valid
5.5999 	DEBUG 	TextBox2 loaded 1 chars with 0 blanks and 1 valid
5.6001 	DEBUG 	Uploading Texture Font fontname to graphics card
5.6025 	DEBUG 	Upload of Texture Font fontname complete
5.6042 	EXP 	window1: Attempting to measure frame rate of screen (0) ...
5.6042 	EXP 	window1: recordFrameIntervals = False
5.6764 	EXP 	window1: recordFrameIntervals = True
6.3712 	EXP 	window1: recordFrameIntervals = False
6.3712 	EXP 	Screen (0) actual frame rate measured at 144.58Hz
6.3837 	DEBUG 	TextBox2 loaded 1 chars with 0 blanks and 1 valid
6.3925 	DEBUG 	TextBox2 loaded 1 chars with 0 blanks and 1 valid
6.4018 	DEBUG 	TextBox2 loaded 1 chars with 0 blanks and 1 valid
6.4111 	DEBUG 	TextBox2 loaded 1 chars with 0 blanks and 1 valid
6.4203 	DEBUG 	TextBox2 loaded 1 chars with 0 blanks and 1 valid
6.4295 	DEBUG 	TextBox2 loaded 1 chars with 0 blanks and 1 valid
6.4387 	DEBUG 	TextBox2 loaded 1 chars with 0 blanks and 1 valid
6.4482 	DEBUG 	TextBox2 loaded 1 chars with 0 blanks and 1 valid
6.4579 	DEBUG 	TextBox2 loaded 1 chars with 0 blanks and 1 valid
6.4678 	DEBUG 	TextBox2 loaded 1 chars with 0 blanks and 1 valid
6.4681 	DEBUG 	Uploading Texture Font fontname to graphics card
6.4685 	DEBUG 	Upload of Texture Font fontname complete
6.6634 	INFO 	keyboard.Keyboard is using ptb backend.
6.6634 	EXP 	experiment: status = STARTED
6.7212 	EXP 	Created WelcomeText = TextStim(__class__=<class 'psychopy.visual.text.TextStim'>, alignHoriz=method-wrapper(...), alignText='center', alignVert=method-wrapper(...), anchorHoriz='center', anchorVert='center', antialias=True, autoDraw=False, autoLog=True, bold=False, color=array([1., 1., 1.]), colorSpace='rgb', contrast=1.0, depth=0.0, draggable=False, flipHoriz=False, flipVert=False, font='Arial', fontFiles=[], height=np.float64(0.05), italic=False, languageStyle='LTR', name='WelcomeText', opacity=1, ori=0.0, pos=array([0., 0.]), rgb=UNKNOWN, text=str(...), units='height', win=Window(...), wrapWidth=1)
6.7276 	EXP 	Created ConditionSelectionText = TextStim(__class__=<class 'psychopy.visual.text.TextStim'>, alignHoriz=method-wrapper(...), alignText='center', alignVert=method-wrapper(...), anchorHoriz='center', anchorVert='center', antialias=True, autoDraw=False, autoLog=True, bold=False, color=array([1., 1., 1.]), colorSpace='rgb', contrast=1.0, depth=0.0, draggable=False, flipHoriz=False, flipVert=False, font='Arial', fontFiles=[], height=np.float64(0.05), italic=False, languageStyle='LTR', name='ConditionSelectionText', opacity=1, ori=0.0, pos=array([0., 0.]), rgb=UNKNOWN, text=str(...), units='height', win=Window(...), wrapWidth=1)
6.7283 	EXP 	Created VideoInstructionsText = TextStim(__class__=<class 'psychopy.visual.text.TextStim'>, alignHoriz=method-wrapper(...), alignText='center', alignVert=method-wrapper(...), anchorHoriz='center', anchorVert='center', antialias=True, autoDraw=False, autoLog=True, bold=False, color=array([1., 1., 1.]), colorSpace='rgb', contrast=1.0, depth=0.0, draggable=False, flipHoriz=False, flipVert=False, font='Arial', fontFiles=[], height=np.float64(0.05), italic=False, languageStyle='LTR', name='VideoInstructionsText', opacity=1, ori=0.0, pos=array([0., 0.]), rgb=UNKNOWN, text='', units='height', win=Window(...), wrapWidth=1)
6.7326 	EXP 	Created ScreenshotInstructionsText = TextStim(__class__=<class 'psychopy.visual.text.TextStim'>, alignHoriz=method-wrapper(...), alignText='center', alignVert=method-wrapper(...), anchorHoriz='center', anchorVert='center', antialias=True, autoDraw=False, autoLog=True, bold=False, color=array([1., 1., 1.]), colorSpace='rgb', contrast=1.0, depth=0.0, draggable=False, flipHoriz=False, flipVert=False, font='Arial', fontFiles=[], height=np.float64(0.05), italic=False, languageStyle='LTR', name='ScreenshotInstructionsText', opacity=1, ori=0.0, pos=array([0., 0.]), rgb=UNKNOWN, text=str(...), units='height', win=Window(...), wrapWidth=1)
6.7446 	EXP 	Created ScreenshotLeft = ImageStim(__class__=<class 'psychopy.visual.image.ImageStim'>, anchor=('center', 'center'), autoLog=True, color=array([1., 1., 1.]), colorSpace='rgb', contrast=1.0, depth=0.0, draggable=False, flipHoriz=np.False_, flipVert=np.False_, image='default.png', interpolate=True, mask=None, maskParams=None, name='ScreenshotLeft', opacity=1, ori=0.0, pos=array([-0.3,  0. ]), size=array([0.5, 0.5]), texRes=128.0, units='height', win=Window(...))
6.7467 	EXP 	Created ScreenshotRight = ImageStim(__class__=<class 'psychopy.visual.image.ImageStim'>, anchor=('center', 'center'), autoLog=True, color=array([1., 1., 1.]), colorSpace='rgb', contrast=1.0, depth=-1.0, draggable=False, flipHoriz=np.False_, flipVert=np.False_, image='default.png', interpolate=True, mask=None, maskParams=None, name='ScreenshotRight', opacity=1, ori=0.0, pos=array([0.3, 0. ]), size=array([0.5, 0.5]), texRes=128.0, units='height', win=Window(...))
6.7493 	EXP 	Created WordListInstructionsText = TextStim(__class__=<class 'psychopy.visual.text.TextStim'>, alignHoriz=method-wrapper(...), alignText='center', alignVert=method-wrapper(...), anchorHoriz='center', anchorVert='center', antialias=True, autoDraw=False, autoLog=True, bold=False, color=array([1., 1., 1.]), colorSpace='rgb', contrast=1.0, depth=0.0, draggable=False, flipHoriz=False, flipVert=False, font='Arial', fontFiles=[], height=np.float64(0.05), italic=False, languageStyle='LTR', name='WordListInstructionsText', opacity=1, ori=0.0, pos=array([0., 0.]), rgb=UNKNOWN, text=str(...), units='height', win=Window(...), wrapWidth=1)
6.7497 	EXP 	Created WordListStudyText = TextStim(__class__=<class 'psychopy.visual.text.TextStim'>, alignHoriz=method-wrapper(...), alignText='center', alignVert=method-wrapper(...), anchorHoriz='center', anchorVert='center', antialias=True, autoDraw=False, autoLog=True, bold=False, color=array([1., 1., 1.]), colorSpace='rgb', contrast=1.0, depth=0.0, draggable=False, flipHoriz=False, flipVert=False, font='Arial', fontFiles=[], height=0.05, italic=False, languageStyle='LTR', name='WordListStudyText', opacity=1, ori=0.0, pos=array([0., 0.]), rgb=UNKNOWN, text='', units='height', win=Window(...), wrapWidth=1)
6.7503 	EXP 	Created WordListDistractionText = TextStim(__class__=<class 'psychopy.visual.text.TextStim'>, alignHoriz=method-wrapper(...), alignText='center', alignVert=method-wrapper(...), anchorHoriz='center', anchorVert='center', antialias=True, autoDraw=False, autoLog=True, bold=False, color=array([1., 1., 1.]), colorSpace='rgb', contrast=1.0, depth=0.0, draggable=False, flipHoriz=False, flipVert=False, font='Arial', fontFiles=[], height=np.float64(0.05), italic=False, languageStyle='LTR', name='WordListDistractionText', opacity=1, ori=0.0, pos=array([0., 0.]), rgb=UNKNOWN, text='', units='height', win=Window(...), wrapWidth=1)
6.7525 	INFO 	Importing items...
6.7555 	DEBUG 	Read csv file with pandas: wordlistform.csv
6.7561 	DEBUG 	Clearing unnamed columns from wordlistform.csv
6.7564 	EXP 	Imported wordlistform.csv as conditions, 5 conditions, 3 params
6.7564 	INFO 	Using default values for the following headers: ['index', 'itemColor', 'itemWidth', 'ticks', 'tickLabels', 'font', 'responseWidth', 'responseColor', 'markerColor', 'layout', 'index', 'itemColor', 'itemWidth', 'ticks', 'tickLabels', 'font', 'responseWidth', 'responseColor', 'markerColor', 'layout', 'index', 'itemColor', 'itemWidth', 'ticks', 'tickLabels', 'font', 'responseWidth', 'responseColor', 'markerColor', 'layout', 'index', 'itemColor', 'itemWidth', 'ticks', 'tickLabels', 'font', 'responseWidth', 'responseColor', 'markerColor', 'layout', 'index', 'itemColor', 'itemWidth', 'ticks', 'tickLabels', 'font', 'responseWidth', 'responseColor', 'markerColor', 'layout']
6.7570 	INFO 	Setting layout of Form: WordListTestForm.
6.7570 	EXP 	Question text: 1
6.7690 	DEBUG 	TextBox2 loaded 1 chars with 0 blanks and 1 valid
6.7691 	DEBUG 	Uploading Texture Font fontname to graphics card
6.7699 	DEBUG 	Upload of Texture Font fontname complete
6.7816 	DEBUG 	TextBox2 loaded 1 chars with 0 blanks and 1 valid
6.7906 	DEBUG 	TextBox2 loaded 1 chars with 0 blanks and 1 valid
6.7996 	DEBUG 	TextBox2 loaded 1 chars with 0 blanks and 1 valid
6.8089 	DEBUG 	TextBox2 loaded 1 chars with 0 blanks and 1 valid
6.8183 	DEBUG 	TextBox2 loaded 1 chars with 0 blanks and 1 valid
6.8272 	DEBUG 	TextBox2 loaded 1 chars with 0 blanks and 1 valid
6.8361 	DEBUG 	TextBox2 loaded 1 chars with 0 blanks and 1 valid
6.8453 	DEBUG 	TextBox2 loaded 1 chars with 0 blanks and 1 valid
6.8543 	DEBUG 	TextBox2 loaded 1 chars with 0 blanks and 1 valid
6.8545 	DEBUG 	Uploading Texture Font fontname to graphics card
6.8551 	DEBUG 	Upload of Texture Font fontname complete
6.8560 	INFO 	Adding response to Form type: choice, layout: horiz, options: ['apple']
6.8927 	DEBUG 	Saving data for experiment ExperimentHandler
6.8934 	INFO 	saved data to C:\Users\Jackson\Documents\GitHub\ResearchExperiment\data\pilot_experiment_2026-03-07_15h59.18.115.psydat
6.8939 	INFO 	saved data to 'C:\\Users\\Jackson\\Documents\\GitHub\\ResearchExperiment\\data\\pilot_experiment_2026-03-07_15h59.18.115.csv'
6.8999 	WARNING 	Stopping key buffers but this could be dangerous ifother keyboards rely on the same.
