4.2796 	DEBUG 	Fullscreen settings ignored as running in pilot mode.
4.2801 	INFO 	Loaded monitor calibration from ['2026_03_03 13:24']
4.4477 	INFO 	Using renderer 'Intel(R) Iris(R) Xe Graphics' for graphics
4.4477 	INFO 	OpenGL version supported by driver is 4..
4.4739 	EXP 	Created window1 = Window(allowGUI=True, allowStencil=False, autoLog=True, backendConf=UNKNOWN, backgroundFit=<method-wrapper '__getattribute__' of attributeSetter object at 0x00000174CAD86D10>, backgroundImage=<method-wrapper '__getattribute__' of attributeSetter object at 0x00000174CAD875B0>, bitsMode=UNKNOWN, blendMode='avg', bpc=(8, 8, 8), color=array([0, 0, 0]), colorSpace='rgb', depthBits=8, fullscr=False, gamma=None, gammaErrorPolicy='raise', infoMsg=UNKNOWN, lms=UNKNOWN, monitor=<psychopy.monitors.calibTools.Monitor object at 0x00000174CADE5AB0>, multiSample=False, name='window1', numSamples=2, pos=[np.float64(560.0), np.float64(240.0)], screen=0, size=array([800, 600]), stencilBits=0, stereo=False, title='PsychoPy', units='height', useFBO=True, useRetina=False, viewOri=0.0, viewPos=None, viewScale=None, waitBlanking=True, winType='pyglet')
4.4740 	EXP 	window1: backgroundImage = ''
4.4740 	EXP 	window1: backgroundFit = 'none'
4.4880 	DEBUG 	TextBox2 loaded 1 chars with 0 blanks and 1 valid
4.4973 	DEBUG 	TextBox2 loaded 1 chars with 0 blanks and 1 valid
4.5068 	DEBUG 	TextBox2 loaded 1 chars with 0 blanks and 1 valid
4.5163 	DEBUG 	TextBox2 loaded 1 chars with 0 blanks and 1 valid
4.5259 	DEBUG 	TextBox2 loaded 1 chars with 0 blanks and 1 valid
4.5349 	DEBUG 	TextBox2 loaded 1 chars with 0 blanks and 1 valid
4.5442 	DEBUG 	TextBox2 loaded 1 chars with 0 blanks and 1 valid
4.5536 	DEBUG 	TextBox2 loaded 1 chars with 0 blanks and 1 valid
4.5623 	DEBUG 	TextBox2 loaded 1 chars with 0 blanks and 1 valid
4.5712 	DEBUG 	TextBox2 loaded 1 chars with 0 blanks and 1 valid
4.5805 	DEBUG 	TextBox2 loaded 1 chars with 0 blanks and 1 valid
4.5902 	DEBUG 	TextBox2 loaded 1 chars with 0 blanks and 1 valid
4.5995 	DEBUG 	TextBox2 loaded 1 chars with 0 blanks and 1 valid
4.6087 	DEBUG 	TextBox2 loaded 1 chars with 0 blanks and 1 valid
4.6178 	DEBUG 	TextBox2 loaded 1 chars with 0 blanks and 1 valid
4.6272 	DEBUG 	TextBox2 loaded 1 chars with 0 blanks and 1 valid
4.6367 	DEBUG 	TextBox2 loaded 1 chars with 0 blanks and 1 valid
4.6458 	DEBUG 	TextBox2 loaded 1 chars with 0 blanks and 1 valid
4.6548 	DEBUG 	TextBox2 loaded 1 chars with 0 blanks and 1 valid
4.6646 	DEBUG 	TextBox2 loaded 1 chars with 0 blanks and 1 valid
4.6742 	DEBUG 	TextBox2 loaded 1 chars with 0 blanks and 1 valid
4.6745 	DEBUG 	Uploading Texture Font fontname to graphics card
4.6785 	DEBUG 	Upload of Texture Font fontname complete
4.6921 	DEBUG 	TextBox2 loaded 1 chars with 0 blanks and 1 valid
4.7018 	DEBUG 	TextBox2 loaded 1 chars with 0 blanks and 1 valid
4.7117 	DEBUG 	TextBox2 loaded 1 chars with 0 blanks and 1 valid
4.7119 	DEBUG 	Uploading Texture Font fontname to graphics card
4.7147 	DEBUG 	Upload of Texture Font fontname complete
4.7161 	EXP 	window1: Attempting to measure frame rate of screen (0) ...
4.7161 	EXP 	window1: recordFrameIntervals = False
4.7882 	EXP 	window1: recordFrameIntervals = True
5.4837 	EXP 	window1: recordFrameIntervals = False
5.4837 	EXP 	Screen (0) actual frame rate measured at 144.83Hz
5.4969 	DEBUG 	TextBox2 loaded 1 chars with 0 blanks and 1 valid
5.5062 	DEBUG 	TextBox2 loaded 1 chars with 0 blanks and 1 valid
5.5154 	DEBUG 	TextBox2 loaded 1 chars with 0 blanks and 1 valid
5.5247 	DEBUG 	TextBox2 loaded 1 chars with 0 blanks and 1 valid
5.5336 	DEBUG 	TextBox2 loaded 1 chars with 0 blanks and 1 valid
5.5426 	DEBUG 	TextBox2 loaded 1 chars with 0 blanks and 1 valid
5.5517 	DEBUG 	TextBox2 loaded 1 chars with 0 blanks and 1 valid
5.5610 	DEBUG 	TextBox2 loaded 1 chars with 0 blanks and 1 valid
5.5704 	DEBUG 	TextBox2 loaded 1 chars with 0 blanks and 1 valid
5.5798 	DEBUG 	TextBox2 loaded 1 chars with 0 blanks and 1 valid
5.5800 	DEBUG 	Uploading Texture Font fontname to graphics card
5.5805 	DEBUG 	Upload of Texture Font fontname complete
5.7629 	INFO 	keyboard.Keyboard is using ptb backend.
5.7630 	EXP 	experiment: status = STARTED
5.8187 	EXP 	Created WelcomeText = TextStim(__class__=<class 'psychopy.visual.text.TextStim'>, alignHoriz=method-wrapper(...), alignText='center', alignVert=method-wrapper(...), anchorHoriz='center', anchorVert='center', antialias=True, autoDraw=False, autoLog=True, bold=False, color=array([1., 1., 1.]), colorSpace='rgb', contrast=1.0, depth=0.0, draggable=False, flipHoriz=False, flipVert=False, font='Arial', fontFiles=[], height=np.float64(0.05), italic=False, languageStyle='LTR', name='WelcomeText', opacity=1, ori=0.0, pos=array([0., 0.]), rgb=UNKNOWN, text=str(...), units='height', win=Window(...), wrapWidth=1)
5.8260 	EXP 	Created ConditionSelectionText = TextStim(__class__=<class 'psychopy.visual.text.TextStim'>, alignHoriz=method-wrapper(...), alignText='center', alignVert=method-wrapper(...), anchorHoriz='center', anchorVert='center', antialias=True, autoDraw=False, autoLog=True, bold=False, color=array([1., 1., 1.]), colorSpace='rgb', contrast=1.0, depth=0.0, draggable=False, flipHoriz=False, flipVert=False, font='Arial', fontFiles=[], height=np.float64(0.05), italic=False, languageStyle='LTR', name='ConditionSelectionText', opacity=1, ori=0.0, pos=array([0., 0.]), rgb=UNKNOWN, text=str(...), units='height', win=Window(...), wrapWidth=1)
5.8266 	EXP 	Created VideoInstructionsText = TextStim(__class__=<class 'psychopy.visual.text.TextStim'>, alignHoriz=method-wrapper(...), alignText='center', alignVert=method-wrapper(...), anchorHoriz='center', anchorVert='center', antialias=True, autoDraw=False, autoLog=True, bold=False, color=array([1., 1., 1.]), colorSpace='rgb', contrast=1.0, depth=0.0, draggable=False, flipHoriz=False, flipVert=False, font='Arial', fontFiles=[], height=np.float64(0.05), italic=False, languageStyle='LTR', name='VideoInstructionsText', opacity=1, ori=0.0, pos=array([0., 0.]), rgb=UNKNOWN, text='', units='height', win=Window(...), wrapWidth=1)
5.8311 	EXP 	Created ScreenshotInstructionsText = TextStim(__class__=<class 'psychopy.visual.text.TextStim'>, alignHoriz=method-wrapper(...), alignText='center', alignVert=method-wrapper(...), anchorHoriz='center', anchorVert='center', antialias=True, autoDraw=False, autoLog=True, bold=False, color=array([1., 1., 1.]), colorSpace='rgb', contrast=1.0, depth=0.0, draggable=False, flipHoriz=False, flipVert=False, font='Arial', fontFiles=[], height=np.float64(0.05), italic=False, languageStyle='LTR', name='ScreenshotInstructionsText', opacity=1, ori=0.0, pos=array([0., 0.]), rgb=UNKNOWN, text=str(...), units='height', win=Window(...), wrapWidth=1)
5.8428 	EXP 	Created ScreenshotLeft = ImageStim(__class__=<class 'psychopy.visual.image.ImageStim'>, anchor=('center', 'center'), autoLog=True, color=array([1., 1., 1.]), colorSpace='rgb', contrast=1.0, depth=0.0, draggable=False, flipHoriz=np.False_, flipVert=np.False_, image='default.png', interpolate=True, mask=None, maskParams=None, name='ScreenshotLeft', opacity=1, ori=0.0, pos=array([-0.3,  0. ]), size=array([0.5, 0.5]), texRes=128.0, units='height', win=Window(...))
5.8450 	EXP 	Created ScreenshotRight = ImageStim(__class__=<class 'psychopy.visual.image.ImageStim'>, anchor=('center', 'center'), autoLog=True, color=array([1., 1., 1.]), colorSpace='rgb', contrast=1.0, depth=-1.0, draggable=False, flipHoriz=np.False_, flipVert=np.False_, image='default.png', interpolate=True, mask=None, maskParams=None, name='ScreenshotRight', opacity=1, ori=0.0, pos=array([0.3, 0. ]), size=array([0.5, 0.5]), texRes=128.0, units='height', win=Window(...))
5.8476 	EXP 	Created WordListInstructionsText = TextStim(__class__=<class 'psychopy.visual.text.TextStim'>, alignHoriz=method-wrapper(...), alignText='center', alignVert=method-wrapper(...), anchorHoriz='center', anchorVert='center', antialias=True, autoDraw=False, autoLog=True, bold=False, color=array([1., 1., 1.]), colorSpace='rgb', contrast=1.0, depth=0.0, draggable=False, flipHoriz=False, flipVert=False, font='Arial', fontFiles=[], height=np.float64(0.05), italic=False, languageStyle='LTR', name='WordListInstructionsText', opacity=1, ori=0.0, pos=array([0., 0.]), rgb=UNKNOWN, text=str(...), units='height', win=Window(...), wrapWidth=1)
5.8481 	EXP 	Created WordListStudyText = TextStim(__class__=<class 'psychopy.visual.text.TextStim'>, alignHoriz=method-wrapper(...), alignText='center', alignVert=method-wrapper(...), anchorHoriz='center', anchorVert='center', antialias=True, autoDraw=False, autoLog=True, bold=False, color=array([1., 1., 1.]), colorSpace='rgb', contrast=1.0, depth=0.0, draggable=False, flipHoriz=False, flipVert=False, font='Arial', fontFiles=[], height=0.05, italic=False, languageStyle='LTR', name='WordListStudyText', opacity=1, ori=0.0, pos=array([0., 0.]), rgb=UNKNOWN, text='', units='height', win=Window(...), wrapWidth=1)
5.8486 	EXP 	Created WordListDistractionText = TextStim(__class__=<class 'psychopy.visual.text.TextStim'>, alignHoriz=method-wrapper(...), alignText='center', alignVert=method-wrapper(...), anchorHoriz='center', anchorVert='center', antialias=True, autoDraw=False, autoLog=True, bold=False, color=array([1., 1., 1.]), colorSpace='rgb', contrast=1.0, depth=0.0, draggable=False, flipHoriz=False, flipVert=False, font='Arial', fontFiles=[], height=np.float64(0.05), italic=False, languageStyle='LTR', name='WordListDistractionText', opacity=1, ori=0.0, pos=array([0., 0.]), rgb=UNKNOWN, text='', units='height', win=Window(...), wrapWidth=1)
5.8507 	INFO 	Importing items...
5.8537 	DEBUG 	Read csv file with pandas: wordlistform.csv
5.8543 	DEBUG 	Clearing unnamed columns from wordlistform.csv
5.8546 	EXP 	Imported wordlistform.csv as conditions, 5 conditions, 3 params
5.8546 	INFO 	Using default values for the following headers: ['index', 'itemColor', 'itemWidth', 'ticks', 'tickLabels', 'font', 'responseWidth', 'responseColor', 'markerColor', 'layout', 'index', 'itemColor', 'itemWidth', 'ticks', 'tickLabels', 'font', 'responseWidth', 'responseColor', 'markerColor', 'layout', 'index', 'itemColor', 'itemWidth', 'ticks', 'tickLabels', 'font', 'responseWidth', 'responseColor', 'markerColor', 'layout', 'index', 'itemColor', 'itemWidth', 'ticks', 'tickLabels', 'font', 'responseWidth', 'responseColor', 'markerColor', 'layout', 'index', 'itemColor', 'itemWidth', 'ticks', 'tickLabels', 'font', 'responseWidth', 'responseColor', 'markerColor', 'layout']
5.8552 	INFO 	Setting layout of Form: WordListTestForm.
5.8552 	EXP 	Question text: 1
5.8673 	DEBUG 	TextBox2 loaded 1 chars with 0 blanks and 1 valid
5.8674 	DEBUG 	Uploading Texture Font fontname to graphics card
5.8682 	DEBUG 	Upload of Texture Font fontname complete
5.8806 	DEBUG 	TextBox2 loaded 1 chars with 0 blanks and 1 valid
5.8901 	DEBUG 	TextBox2 loaded 1 chars with 0 blanks and 1 valid
5.8995 	DEBUG 	TextBox2 loaded 1 chars with 0 blanks and 1 valid
5.9089 	DEBUG 	TextBox2 loaded 1 chars with 0 blanks and 1 valid
5.9180 	DEBUG 	TextBox2 loaded 1 chars with 0 blanks and 1 valid
5.9272 	DEBUG 	TextBox2 loaded 1 chars with 0 blanks and 1 valid
5.9367 	DEBUG 	TextBox2 loaded 1 chars with 0 blanks and 1 valid
5.9465 	DEBUG 	TextBox2 loaded 1 chars with 0 blanks and 1 valid
5.9563 	DEBUG 	TextBox2 loaded 1 chars with 0 blanks and 1 valid
5.9565 	DEBUG 	Uploading Texture Font fontname to graphics card
5.9571 	DEBUG 	Upload of Texture Font fontname complete
5.9580 	INFO 	Adding response to Form type: choice, layout: horiz, options: ['apple']
5.9942 	DEBUG 	Saving data for experiment ExperimentHandler
5.9949 	INFO 	saved data to C:\Users\Jackson\Documents\GitHub\ResearchExperiment\data\pilot_experiment_2026-03-07_15h57.46.290.psydat
5.9953 	INFO 	saved data to 'C:\\Users\\Jackson\\Documents\\GitHub\\ResearchExperiment\\data\\pilot_experiment_2026-03-07_15h57.46.290.csv'
5.9990 	WARNING 	Stopping key buffers but this could be dangerous ifother keyboards rely on the same.
