5.1603 	DEBUG 	Fullscreen settings ignored as running in pilot mode.
5.1608 	INFO 	Loaded monitor calibration from ['2026_03_03 13:24']
5.3424 	INFO 	Using renderer 'Intel(R) Iris(R) Xe Graphics' for graphics
5.3424 	INFO 	OpenGL version supported by driver is 4..
5.3804 	EXP 	Created window1 = Window(allowGUI=True, allowStencil=False, autoLog=True, backendConf=UNKNOWN, backgroundFit=<method-wrapper '__getattribute__' of attributeSetter object at 0x000001E535E4E020>, backgroundImage=<method-wrapper '__getattribute__' of attributeSetter object at 0x000001E535E4F430>, bitsMode=UNKNOWN, blendMode='avg', bpc=(8, 8, 8), color=array([0, 0, 0]), colorSpace='rgb', depthBits=8, fullscr=False, gamma=None, gammaErrorPolicy='raise', infoMsg=UNKNOWN, lms=UNKNOWN, monitor=<psychopy.monitors.calibTools.Monitor object at 0x000001E52A300DF0>, multiSample=False, name='window1', numSamples=2, pos=[np.float64(560.0), np.float64(240.0)], screen=0, size=array([800, 600]), stencilBits=0, stereo=False, title='PsychoPy', units='height', useFBO=True, useRetina=False, viewOri=0.0, viewPos=None, viewScale=None, waitBlanking=True, winType='pyglet')
5.3804 	EXP 	window1: backgroundImage = ''
5.3805 	EXP 	window1: backgroundFit = 'none'
5.3957 	DEBUG 	TextBox2 loaded 1 chars with 0 blanks and 1 valid
5.4050 	DEBUG 	TextBox2 loaded 1 chars with 0 blanks and 1 valid
5.4144 	DEBUG 	TextBox2 loaded 1 chars with 0 blanks and 1 valid
5.4239 	DEBUG 	TextBox2 loaded 1 chars with 0 blanks and 1 valid
5.4331 	DEBUG 	TextBox2 loaded 1 chars with 0 blanks and 1 valid
5.4425 	DEBUG 	TextBox2 loaded 1 chars with 0 blanks and 1 valid
5.4517 	DEBUG 	TextBox2 loaded 1 chars with 0 blanks and 1 valid
5.4609 	DEBUG 	TextBox2 loaded 1 chars with 0 blanks and 1 valid
5.4700 	DEBUG 	TextBox2 loaded 1 chars with 0 blanks and 1 valid
5.4789 	DEBUG 	TextBox2 loaded 1 chars with 0 blanks and 1 valid
5.4880 	DEBUG 	TextBox2 loaded 1 chars with 0 blanks and 1 valid
5.4971 	DEBUG 	TextBox2 loaded 1 chars with 0 blanks and 1 valid
5.5067 	DEBUG 	TextBox2 loaded 1 chars with 0 blanks and 1 valid
5.5156 	DEBUG 	TextBox2 loaded 1 chars with 0 blanks and 1 valid
5.5247 	DEBUG 	TextBox2 loaded 1 chars with 0 blanks and 1 valid
5.5340 	DEBUG 	TextBox2 loaded 1 chars with 0 blanks and 1 valid
5.5431 	DEBUG 	TextBox2 loaded 1 chars with 0 blanks and 1 valid
5.5523 	DEBUG 	TextBox2 loaded 1 chars with 0 blanks and 1 valid
5.5619 	DEBUG 	TextBox2 loaded 1 chars with 0 blanks and 1 valid
5.5712 	DEBUG 	TextBox2 loaded 1 chars with 0 blanks and 1 valid
5.5802 	DEBUG 	TextBox2 loaded 1 chars with 0 blanks and 1 valid
5.5806 	DEBUG 	Uploading Texture Font fontname to graphics card
5.5895 	DEBUG 	Upload of Texture Font fontname complete
5.6031 	DEBUG 	TextBox2 loaded 1 chars with 0 blanks and 1 valid
5.6123 	DEBUG 	TextBox2 loaded 1 chars with 0 blanks and 1 valid
5.6213 	DEBUG 	TextBox2 loaded 1 chars with 0 blanks and 1 valid
5.6216 	DEBUG 	Uploading Texture Font fontname to graphics card
5.6311 	DEBUG 	Upload of Texture Font fontname complete
5.6324 	EXP 	window1: Attempting to measure frame rate of screen (0) ...
5.6324 	EXP 	window1: recordFrameIntervals = False
5.7066 	EXP 	window1: recordFrameIntervals = True
6.4022 	EXP 	window1: recordFrameIntervals = False
6.4022 	EXP 	Screen (0) actual frame rate measured at 143.69Hz
6.4154 	DEBUG 	TextBox2 loaded 1 chars with 0 blanks and 1 valid
6.4245 	DEBUG 	TextBox2 loaded 1 chars with 0 blanks and 1 valid
6.4335 	DEBUG 	TextBox2 loaded 1 chars with 0 blanks and 1 valid
6.4427 	DEBUG 	TextBox2 loaded 1 chars with 0 blanks and 1 valid
6.4520 	DEBUG 	TextBox2 loaded 1 chars with 0 blanks and 1 valid
6.4612 	DEBUG 	TextBox2 loaded 1 chars with 0 blanks and 1 valid
6.4701 	DEBUG 	TextBox2 loaded 1 chars with 0 blanks and 1 valid
6.4792 	DEBUG 	TextBox2 loaded 1 chars with 0 blanks and 1 valid
6.4886 	DEBUG 	TextBox2 loaded 1 chars with 0 blanks and 1 valid
6.4981 	DEBUG 	TextBox2 loaded 1 chars with 0 blanks and 1 valid
6.4984 	DEBUG 	Uploading Texture Font fontname to graphics card
6.4988 	DEBUG 	Upload of Texture Font fontname complete
6.6804 	INFO 	keyboard.Keyboard is using ptb backend.
6.6805 	EXP 	experiment: status = STARTED
6.7442 	EXP 	Created WelcomeText = TextStim(__class__=<class 'psychopy.visual.text.TextStim'>, alignHoriz=method-wrapper(...), alignText='center', alignVert=method-wrapper(...), anchorHoriz='center', anchorVert='center', antialias=True, autoDraw=False, autoLog=True, bold=False, color=array([1., 1., 1.]), colorSpace='rgb', contrast=1.0, depth=0.0, draggable=False, flipHoriz=False, flipVert=False, font='Arial', fontFiles=[], height=np.float64(0.05), italic=False, languageStyle='LTR', name='WelcomeText', opacity=1, ori=0.0, pos=array([0., 0.]), rgb=UNKNOWN, text=str(...), units='height', win=Window(...), wrapWidth=1)
6.7513 	EXP 	Created ConditionSelectionText = TextStim(__class__=<class 'psychopy.visual.text.TextStim'>, alignHoriz=method-wrapper(...), alignText='center', alignVert=method-wrapper(...), anchorHoriz='center', anchorVert='center', antialias=True, autoDraw=False, autoLog=True, bold=False, color=array([1., 1., 1.]), colorSpace='rgb', contrast=1.0, depth=0.0, draggable=False, flipHoriz=False, flipVert=False, font='Arial', fontFiles=[], height=np.float64(0.05), italic=False, languageStyle='LTR', name='ConditionSelectionText', opacity=1, ori=0.0, pos=array([0., 0.]), rgb=UNKNOWN, text=str(...), units='height', win=Window(...), wrapWidth=1)
6.7520 	EXP 	Created VideoInstructionsText = TextStim(__class__=<class 'psychopy.visual.text.TextStim'>, alignHoriz=method-wrapper(...), alignText='center', alignVert=method-wrapper(...), anchorHoriz='center', anchorVert='center', antialias=True, autoDraw=False, autoLog=True, bold=False, color=array([1., 1., 1.]), colorSpace='rgb', contrast=1.0, depth=0.0, draggable=False, flipHoriz=False, flipVert=False, font='Arial', fontFiles=[], height=np.float64(0.05), italic=False, languageStyle='LTR', name='VideoInstructionsText', opacity=1, ori=0.0, pos=array([0., 0.]), rgb=UNKNOWN, text='', units='height', win=Window(...), wrapWidth=1)
6.7569 	EXP 	Created ScreenshotInstructionsText = TextStim(__class__=<class 'psychopy.visual.text.TextStim'>, alignHoriz=method-wrapper(...), alignText='center', alignVert=method-wrapper(...), anchorHoriz='center', anchorVert='center', antialias=True, autoDraw=False, autoLog=True, bold=False, color=array([1., 1., 1.]), colorSpace='rgb', contrast=1.0, depth=0.0, draggable=False, flipHoriz=False, flipVert=False, font='Arial', fontFiles=[], height=np.float64(0.05), italic=False, languageStyle='LTR', name='ScreenshotInstructionsText', opacity=1, ori=0.0, pos=array([0., 0.]), rgb=UNKNOWN, text=str(...), units='height', win=Window(...), wrapWidth=1)
6.7690 	EXP 	Created ScreenshotLeft = ImageStim(__class__=<class 'psychopy.visual.image.ImageStim'>, anchor=('center', 'center'), autoLog=True, color=array([1., 1., 1.]), colorSpace='rgb', contrast=1.0, depth=0.0, draggable=False, flipHoriz=np.False_, flipVert=np.False_, image='default.png', interpolate=True, mask=None, maskParams=None, name='ScreenshotLeft', opacity=1, ori=0.0, pos=array([-0.3,  0. ]), size=array([0.5, 0.5]), texRes=128.0, units='height', win=Window(...))
6.7723 	EXP 	Created ScreenshotRight = ImageStim(__class__=<class 'psychopy.visual.image.ImageStim'>, anchor=('center', 'center'), autoLog=True, color=array([1., 1., 1.]), colorSpace='rgb', contrast=1.0, depth=-1.0, draggable=False, flipHoriz=np.False_, flipVert=np.False_, image='default.png', interpolate=True, mask=None, maskParams=None, name='ScreenshotRight', opacity=1, ori=0.0, pos=array([0.3, 0. ]), size=array([0.5, 0.5]), texRes=128.0, units='height', win=Window(...))
6.7749 	EXP 	Created WordListInstructionsText = TextStim(__class__=<class 'psychopy.visual.text.TextStim'>, alignHoriz=method-wrapper(...), alignText='center', alignVert=method-wrapper(...), anchorHoriz='center', anchorVert='center', antialias=True, autoDraw=False, autoLog=True, bold=False, color=array([1., 1., 1.]), colorSpace='rgb', contrast=1.0, depth=0.0, draggable=False, flipHoriz=False, flipVert=False, font='Arial', fontFiles=[], height=np.float64(0.05), italic=False, languageStyle='LTR', name='WordListInstructionsText', opacity=1, ori=0.0, pos=array([0., 0.]), rgb=UNKNOWN, text=str(...), units='height', win=Window(...), wrapWidth=1)
6.7754 	EXP 	Created WordListStudyText = TextStim(__class__=<class 'psychopy.visual.text.TextStim'>, alignHoriz=method-wrapper(...), alignText='center', alignVert=method-wrapper(...), anchorHoriz='center', anchorVert='center', antialias=True, autoDraw=False, autoLog=True, bold=False, color=array([1., 1., 1.]), colorSpace='rgb', contrast=1.0, depth=0.0, draggable=False, flipHoriz=False, flipVert=False, font='Arial', fontFiles=[], height=0.05, italic=False, languageStyle='LTR', name='WordListStudyText', opacity=1, ori=0.0, pos=array([0., 0.]), rgb=UNKNOWN, text='', units='height', win=Window(...), wrapWidth=1)
6.7762 	EXP 	Created WordListDistractionText = TextStim(__class__=<class 'psychopy.visual.text.TextStim'>, alignHoriz=method-wrapper(...), alignText='center', alignVert=method-wrapper(...), anchorHoriz='center', anchorVert='center', antialias=True, autoDraw=False, autoLog=True, bold=False, color=array([1., 1., 1.]), colorSpace='rgb', contrast=1.0, depth=0.0, draggable=False, flipHoriz=False, flipVert=False, font='Arial', fontFiles=[], height=np.float64(0.05), italic=False, languageStyle='LTR', name='WordListDistractionText', opacity=1, ori=0.0, pos=array([0., 0.]), rgb=UNKNOWN, text='', units='height', win=Window(...), wrapWidth=1)
6.7793 	INFO 	Importing items...
6.8053 	DEBUG 	Saving data for experiment ExperimentHandler
6.8060 	INFO 	saved data to C:\Users\Jackson\Documents\GitHub\ResearchExperiment\data\pilot_experiment_2026-03-07_13h51.58.640.psydat
6.8064 	INFO 	saved data to 'C:\\Users\\Jackson\\Documents\\GitHub\\ResearchExperiment\\data\\pilot_experiment_2026-03-07_13h51.58.640.csv'
6.8100 	WARNING 	Stopping key buffers but this could be dangerous ifother keyboards rely on the same.
