9.9246 	DEBUG 	Fullscreen settings ignored as running in pilot mode.
9.9257 	INFO 	Loaded monitor calibration from ['2026_03_03 13:24']
10.2614 	INFO 	Using renderer 'Intel(R) Iris(R) Xe Graphics' for graphics
10.2614 	INFO 	OpenGL version supported by driver is 4..
10.3107 	EXP 	Created window1 = Window(allowGUI=False, allowStencil=False, autoLog=True, backendConf=UNKNOWN, backgroundFit=<method-wrapper '__getattribute__' of attributeSetter object at 0x0000029CAB2EF5E0>, backgroundImage=<method-wrapper '__getattribute__' of attributeSetter object at 0x0000029CAB2EF640>, bitsMode=UNKNOWN, blendMode='avg', bpc=(8, 8, 8), color=array([0, 0, 0]), colorSpace='rgb', depthBits=8, fullscr=False, gamma=None, gammaErrorPolicy='raise', infoMsg=UNKNOWN, lms=UNKNOWN, monitor=<psychopy.monitors.calibTools.Monitor object at 0x0000029CAD510DF0>, multiSample=False, name='window1', numSamples=2, pos=[np.float64(560.0), np.float64(240.0)], screen=0, size=array([800, 600]), stencilBits=0, stereo=False, title='PsychoPy', units='height', useFBO=True, useRetina=False, viewOri=0.0, viewPos=None, viewScale=None, waitBlanking=True, winType='pyglet')
10.3108 	EXP 	window1: backgroundImage = ''
10.3108 	EXP 	window1: backgroundFit = 'none'
10.3350 	DEBUG 	TextBox2 loaded 1 chars with 0 blanks and 1 valid
10.3515 	DEBUG 	TextBox2 loaded 1 chars with 0 blanks and 1 valid
10.3686 	DEBUG 	TextBox2 loaded 1 chars with 0 blanks and 1 valid
10.3848 	DEBUG 	TextBox2 loaded 1 chars with 0 blanks and 1 valid
10.4012 	DEBUG 	TextBox2 loaded 1 chars with 0 blanks and 1 valid
10.4168 	DEBUG 	TextBox2 loaded 1 chars with 0 blanks and 1 valid
10.4334 	DEBUG 	TextBox2 loaded 1 chars with 0 blanks and 1 valid
10.4507 	DEBUG 	TextBox2 loaded 1 chars with 0 blanks and 1 valid
10.4670 	DEBUG 	TextBox2 loaded 1 chars with 0 blanks and 1 valid
10.4833 	DEBUG 	TextBox2 loaded 1 chars with 0 blanks and 1 valid
10.5002 	DEBUG 	TextBox2 loaded 1 chars with 0 blanks and 1 valid
10.5176 	DEBUG 	TextBox2 loaded 1 chars with 0 blanks and 1 valid
10.5345 	DEBUG 	TextBox2 loaded 1 chars with 0 blanks and 1 valid
10.5498 	DEBUG 	TextBox2 loaded 1 chars with 0 blanks and 1 valid
10.5652 	DEBUG 	TextBox2 loaded 1 chars with 0 blanks and 1 valid
10.5810 	DEBUG 	TextBox2 loaded 1 chars with 0 blanks and 1 valid
10.5971 	DEBUG 	TextBox2 loaded 1 chars with 0 blanks and 1 valid
10.6125 	DEBUG 	TextBox2 loaded 1 chars with 0 blanks and 1 valid
10.6282 	DEBUG 	TextBox2 loaded 1 chars with 0 blanks and 1 valid
10.6445 	DEBUG 	TextBox2 loaded 1 chars with 0 blanks and 1 valid
10.6603 	DEBUG 	TextBox2 loaded 1 chars with 0 blanks and 1 valid
10.6608 	DEBUG 	Uploading Texture Font fontname to graphics card
10.6684 	DEBUG 	Upload of Texture Font fontname complete
10.6897 	DEBUG 	TextBox2 loaded 1 chars with 0 blanks and 1 valid
10.7061 	DEBUG 	TextBox2 loaded 1 chars with 0 blanks and 1 valid
10.7227 	DEBUG 	TextBox2 loaded 1 chars with 0 blanks and 1 valid
10.7231 	DEBUG 	Uploading Texture Font fontname to graphics card
10.7287 	DEBUG 	Upload of Texture Font fontname complete
10.7308 	EXP 	window1: Attempting to measure frame rate of screen (0) ...
10.7309 	EXP 	window1: recordFrameIntervals = False
10.8164 	EXP 	window1: recordFrameIntervals = True
11.5320 	EXP 	window1: recordFrameIntervals = False
11.5320 	EXP 	Screen (0) actual frame rate measured at 144.19Hz
11.5522 	DEBUG 	TextBox2 loaded 1 chars with 0 blanks and 1 valid
11.5683 	DEBUG 	TextBox2 loaded 1 chars with 0 blanks and 1 valid
11.5848 	DEBUG 	TextBox2 loaded 1 chars with 0 blanks and 1 valid
11.6015 	DEBUG 	TextBox2 loaded 1 chars with 0 blanks and 1 valid
11.6182 	DEBUG 	TextBox2 loaded 1 chars with 0 blanks and 1 valid
11.6347 	DEBUG 	TextBox2 loaded 1 chars with 0 blanks and 1 valid
11.6510 	DEBUG 	TextBox2 loaded 1 chars with 0 blanks and 1 valid
11.6672 	DEBUG 	TextBox2 loaded 1 chars with 0 blanks and 1 valid
11.6838 	DEBUG 	TextBox2 loaded 1 chars with 0 blanks and 1 valid
11.6993 	DEBUG 	TextBox2 loaded 1 chars with 0 blanks and 1 valid
11.6998 	DEBUG 	Uploading Texture Font fontname to graphics card
11.7004 	DEBUG 	Upload of Texture Font fontname complete
11.9224 	INFO 	keyboard.Keyboard is using ptb backend.
11.9224 	EXP 	experiment: status = STARTED
12.0191 	EXP 	Created WelcomeText = TextStim(__class__=<class 'psychopy.visual.text.TextStim'>, alignHoriz=method-wrapper(...), alignText='center', alignVert=method-wrapper(...), anchorHoriz='center', anchorVert='center', antialias=True, autoDraw=False, autoLog=True, bold=False, color=array([1., 1., 1.]), colorSpace='rgb', contrast=1.0, depth=0.0, draggable=False, flipHoriz=False, flipVert=False, font='Arial', fontFiles=[], height=np.float64(0.05), italic=False, languageStyle='LTR', name='WelcomeText', opacity=1, ori=0.0, pos=array([0., 0.]), rgb=UNKNOWN, text=str(...), units='height', win=Window(...), wrapWidth=1)
12.0251 	DEBUG 	TextBox2 loaded 1 chars with 0 blanks and 1 valid
12.0260 	DEBUG 	TextBox2 loaded 1 chars with 0 blanks and 1 valid
12.0269 	DEBUG 	TextBox2 loaded 1 chars with 0 blanks and 1 valid
12.0277 	DEBUG 	TextBox2 loaded 1 chars with 0 blanks and 1 valid
12.0289 	DEBUG 	TextBox2 loaded 1 chars with 0 blanks and 1 valid
12.0292 	DEBUG 	TextBox2 loaded 1 chars with 0 blanks and 1 valid
12.0296 	DEBUG 	TextBox2 loaded 1 chars with 0 blanks and 1 valid
12.0304 	DEBUG 	TextBox2 loaded 1 chars with 0 blanks and 1 valid
12.0312 	DEBUG 	TextBox2 loaded 1 chars with 0 blanks and 1 valid
12.0322 	DEBUG 	TextBox2 loaded 1 chars with 0 blanks and 1 valid
12.0330 	DEBUG 	TextBox2 loaded 1 chars with 0 blanks and 1 valid
12.0339 	DEBUG 	TextBox2 loaded 1 chars with 0 blanks and 1 valid
12.0342 	DEBUG 	Uploading Texture Font fontname to graphics card
12.0355 	DEBUG 	Upload of Texture Font fontname complete
12.0421 	DEBUG 	TextBox2 loaded 1 chars with 0 blanks and 1 valid
12.0433 	DEBUG 	TextBox2 loaded 1 chars with 0 blanks and 1 valid
12.0445 	DEBUG 	TextBox2 loaded 1 chars with 0 blanks and 1 valid
12.0457 	DEBUG 	TextBox2 loaded 1 chars with 0 blanks and 1 valid
12.0465 	DEBUG 	TextBox2 loaded 1 chars with 0 blanks and 1 valid
12.0469 	DEBUG 	TextBox2 loaded 1 chars with 0 blanks and 1 valid
12.0472 	DEBUG 	Uploading Texture Font fontname to graphics card
12.0480 	DEBUG 	Upload of Texture Font fontname complete
12.0613 	EXP 	Created ConditionSelectionText = TextStim(__class__=<class 'psychopy.visual.text.TextStim'>, alignHoriz=method-wrapper(...), alignText='center', alignVert=method-wrapper(...), anchorHoriz='center', anchorVert='center', antialias=True, autoDraw=False, autoLog=True, bold=False, color=array([1., 1., 1.]), colorSpace='rgb', contrast=1.0, depth=0.0, draggable=False, flipHoriz=False, flipVert=False, font='Arial', fontFiles=[], height=np.float64(0.05), italic=False, languageStyle='LTR', name='ConditionSelectionText', opacity=1, ori=0.0, pos=array([0., 0.]), rgb=UNKNOWN, text=str(...), units='height', win=Window(...), wrapWidth=1)
12.0665 	DEBUG 	TextBox2 loaded 1 chars with 0 blanks and 1 valid
12.0668 	DEBUG 	Uploading Texture Font fontname to graphics card
12.0674 	DEBUG 	Upload of Texture Font fontname complete
12.0737 	DEBUG 	TextBox2 loaded 1 chars with 0 blanks and 1 valid
12.0741 	DEBUG 	Uploading Texture Font fontname to graphics card
12.0754 	DEBUG 	Upload of Texture Font fontname complete
12.0823 	DEBUG 	TextBox2 loaded 1 chars with 0 blanks and 1 valid
12.0826 	DEBUG 	Uploading Texture Font fontname to graphics card
12.0845 	DEBUG 	Upload of Texture Font fontname complete
0.0237 	EXP 	WelcomeText: autoDraw = True
1.4083 	DATA 	Mouse: Left button down, pos=(429,60)
1.4198 	EXP 	WelcomeText: autoDraw = False
1.4198 	EXP 	ConditionSelectionText: autoDraw = True
1.4785 	DATA 	Mouse:  Left button up, pos=(429,60)
7.4161 	DATA 	Mouse: Left button down, pos=(219,137)
7.4281 	EXP 	ConditionSelectionText: autoDraw = False
7.4304 	EXP 	experiment: status = STOPPED
7.4347 	INFO 	saved data to 'C:\\Users\\Jackson\\Desktop\\Research Project Experiment\\data\\pilot_experiment_2026-03-06_13h41.54.799.csv'
7.4356 	INFO 	saved data to C:\Users\Jackson\Desktop\Research Project Experiment\data\pilot_experiment_2026-03-06_13h41.54.799.psydat
7.9901 	DEBUG 	Saving data for experiment ExperimentHandler
7.9961 	WARNING 	Stopping key buffers but this could be dangerous ifother keyboards rely on the same.
